[3.054s] Invoking command in '/home/pi/work/maze_bot/programming/mbot_ws/src/robocup': PYTHONPATH=/home/pi/work/maze_bot/programming/mbot_ws/build/robocup/prefix_override:/home/pi/work/maze_bot/programming/mbot_ws/install/robocup/lib/python3.10/site-packages:${PYTHONPATH} /usr/bin/python3 setup.py egg_info --egg-base ../../build/robocup build --build-base /home/pi/work/maze_bot/programming/mbot_ws/build/robocup/build install --record /home/pi/work/maze_bot/programming/mbot_ws/build/robocup/install.log --single-version-externally-managed
[4.304s] running egg_info
[4.307s] writing ../../build/robocup/robocup.egg-info/PKG-INFO
[4.308s] writing dependency_links to ../../build/robocup/robocup.egg-info/dependency_links.txt
[4.309s] writing entry points to ../../build/robocup/robocup.egg-info/entry_points.txt
[4.310s] writing requirements to ../../build/robocup/robocup.egg-info/requires.txt
[4.311s] writing top-level names to ../../build/robocup/robocup.egg-info/top_level.txt
[4.320s] reading manifest file '../../build/robocup/robocup.egg-info/SOURCES.txt'
[4.324s] writing manifest file '../../build/robocup/robocup.egg-info/SOURCES.txt'
[4.325s] running build
[4.325s] running build_py
[4.328s] running install
[4.329s] running install_lib
[4.336s] running install_data
[4.339s] running install_egg_info
[4.345s] removing '/home/pi/work/maze_bot/programming/mbot_ws/install/robocup/lib/python3.10/site-packages/robocup-0.0.0-py3.10.egg-info' (and everything under it)
[4.347s] Copying ../../build/robocup/robocup.egg-info to /home/pi/work/maze_bot/programming/mbot_ws/install/robocup/lib/python3.10/site-packages/robocup-0.0.0-py3.10.egg-info
[4.354s] running install_scripts
[4.431s] Installing remote script to /home/pi/work/maze_bot/programming/mbot_ws/install/robocup/lib/robocup
[4.432s] Installing serial script to /home/pi/work/maze_bot/programming/mbot_ws/install/robocup/lib/robocup
[4.433s] Installing wall_det script to /home/pi/work/maze_bot/programming/mbot_ws/install/robocup/lib/robocup
[4.435s] writing list of installed files to '/home/pi/work/maze_bot/programming/mbot_ws/build/robocup/install.log'
[4.570s] Invoked command in '/home/pi/work/maze_bot/programming/mbot_ws/src/robocup' returned '0': PYTHONPATH=/home/pi/work/maze_bot/programming/mbot_ws/build/robocup/prefix_override:/home/pi/work/maze_bot/programming/mbot_ws/install/robocup/lib/python3.10/site-packages:${PYTHONPATH} /usr/bin/python3 setup.py egg_info --egg-base ../../build/robocup build --build-base /home/pi/work/maze_bot/programming/mbot_ws/build/robocup/build install --record /home/pi/work/maze_bot/programming/mbot_ws/build/robocup/install.log --single-version-externally-managed
