running develop
Removing /home/kurzmann/mbot_ws/install/mazebot_v1/lib/python3.10/site-packages/mazebot-v1.egg-link (link to .)
running egg_info
writing ../../build/mazebot_v1/mazebot_v1.egg-info/PKG-INFO
writing dependency_links to ../../build/mazebot_v1/mazebot_v1.egg-info/dependency_links.txt
writing entry points to ../../build/mazebot_v1/mazebot_v1.egg-info/entry_points.txt
writing requirements to ../../build/mazebot_v1/mazebot_v1.egg-info/requires.txt
writing top-level names to ../../build/mazebot_v1/mazebot_v1.egg-info/top_level.txt
reading manifest file '../../build/mazebot_v1/mazebot_v1.egg-info/SOURCES.txt'
writing manifest file '../../build/mazebot_v1/mazebot_v1.egg-info/SOURCES.txt'
running build
running build_py
running install
running install_lib
creating /home/kurzmann/mbot_ws/install/mazebot_v1/lib/python3.10/site-packages/mazebot_v1
copying /home/kurzmann/mbot_ws/build/mazebot_v1/build/lib/mazebot_v1/__init__.py -> /home/kurzmann/mbot_ws/install/mazebot_v1/lib/python3.10/site-packages/mazebot_v1
copying /home/kurzmann/mbot_ws/build/mazebot_v1/build/lib/mazebot_v1/mazebot_master.py -> /home/kurzmann/mbot_ws/install/mazebot_v1/lib/python3.10/site-packages/mazebot_v1
copying /home/kurzmann/mbot_ws/build/mazebot_v1/build/lib/mazebot_v1/motor_controller.py -> /home/kurzmann/mbot_ws/install/mazebot_v1/lib/python3.10/site-packages/mazebot_v1
byte-compiling /home/kurzmann/mbot_ws/install/mazebot_v1/lib/python3.10/site-packages/mazebot_v1/__init__.py to __init__.cpython-310.pyc
byte-compiling /home/kurzmann/mbot_ws/install/mazebot_v1/lib/python3.10/site-packages/mazebot_v1/mazebot_master.py to mazebot_master.cpython-310.pyc
byte-compiling /home/kurzmann/mbot_ws/install/mazebot_v1/lib/python3.10/site-packages/mazebot_v1/motor_controller.py to motor_controller.cpython-310.pyc
running install_data
running install_egg_info
Copying ../../build/mazebot_v1/mazebot_v1.egg-info to /home/kurzmann/mbot_ws/install/mazebot_v1/lib/python3.10/site-packages/mazebot_v1-0.0.0-py3.10.egg-info
running install_scripts
Installing master script to /home/kurzmann/mbot_ws/install/mazebot_v1/lib/mazebot_v1
Installing motor_controller script to /home/kurzmann/mbot_ws/install/mazebot_v1/lib/mazebot_v1
writing list of installed files to '/home/kurzmann/mbot_ws/build/mazebot_v1/install.log'
