running develop
/usr/lib/python3/dist-packages/setuptools/command/easy_install.py:158: EasyInstallDeprecationWarning: easy_install command is deprecated. Use build and pip and other standards-based tools.
  warnings.warn(
/usr/lib/python3/dist-packages/setuptools/command/install.py:34: SetuptoolsDeprecationWarning: setup.py install is deprecated. Use build and pip and other standards-based tools.
  warnings.warn(
/usr/lib/python3/dist-packages/pkg_resources/__init__.py:116: PkgResourcesDeprecationWarning: 1.16.0-unknown is an invalid version and will not be supported in a future release
  warnings.warn(
/usr/lib/python3/dist-packages/pkg_resources/__init__.py:116: PkgResourcesDeprecationWarning: 1.1build1 is an invalid version and will not be supported in a future release
  warnings.warn(
/usr/lib/python3/dist-packages/pkg_resources/__init__.py:116: PkgResourcesDeprecationWarning: 0.1.43ubuntu1 is an invalid version and will not be supported in a future release
  warnings.warn(
running egg_info
writing publisher.egg-info/PKG-INFO
writing dependency_links to publisher.egg-info/dependency_links.txt
writing entry points to publisher.egg-info/entry_points.txt
writing requirements to publisher.egg-info/requires.txt
writing top-level names to publisher.egg-info/top_level.txt
reading manifest file 'publisher.egg-info/SOURCES.txt'
writing manifest file 'publisher.egg-info/SOURCES.txt'
running build_ext
Creating /home/kurzmann/mbot_ws/install/publisher/lib/python3.10/site-packages/publisher.egg-link (link to .)
Installing openMV script to /home/kurzmann/mbot_ws/install/publisher/lib/publisher
Installing rc_sensor script to /home/kurzmann/mbot_ws/install/publisher/lib/publisher

Installed /home/kurzmann/mbot_ws/build/publisher
running install_data
