[3.723s] DEBUG:colcon:Command line arguments: ['/usr/bin/colcon', 'build']
[3.723s] DEBUG:colcon:Parsed command line arguments: Namespace(log_base=None, log_level=None, verb_name='build', build_base='build', install_base='install', merge_install=False, symlink_install=False, test_result_base=None, continue_on_error=False, executor='parallel', parallel_workers=4, event_handlers=None, ignore_user_meta=False, metas=['./colcon.meta'], base_paths=['.'], packages_ignore=None, packages_ignore_regex=None, paths=None, packages_up_to=None, packages_up_to_regex=None, packages_above=None, packages_above_and_dependencies=None, packages_above_depth=None, packages_select_by_dep=None, packages_skip_by_dep=None, packages_skip_up_to=None, packages_select_build_failed=False, packages_skip_build_finished=False, packages_select_test_failures=False, packages_skip_test_passed=False, packages_select=None, packages_skip=None, packages_select_regex=None, packages_skip_regex=None, packages_start=None, packages_end=None, allow_overriding=[], cmake_args=None, cmake_target=None, cmake_target_skip_unavailable=False, cmake_clean_cache=False, cmake_clean_first=False, cmake_force_configure=False, ament_cmake_args=None, catkin_cmake_args=None, catkin_skip_building_tests=False, verb_parser=<colcon_defaults.argument_parser.defaults.DefaultArgumentsDecorator object at 0xffff855df790>, verb_extension=<colcon_core.verb.build.BuildVerb object at 0xffff85383b50>, main=<bound method BuildVerb.main of <colcon_core.verb.build.BuildVerb object at 0xffff85383b50>>)
[3.979s] Level 1:colcon.colcon_core.package_discovery:discover_packages(colcon_meta) check parameters
[3.979s] Level 1:colcon.colcon_core.package_discovery:discover_packages(recursive) check parameters
[3.980s] Level 1:colcon.colcon_core.package_discovery:discover_packages(ignore) check parameters
[3.980s] Level 1:colcon.colcon_core.package_discovery:discover_packages(path) check parameters
[3.980s] Level 1:colcon.colcon_core.package_discovery:discover_packages(colcon_meta) discover
[3.980s] Level 1:colcon.colcon_core.package_discovery:discover_packages(recursive) discover
[3.981s] INFO:colcon.colcon_core.package_discovery:Crawling recursively for packages in '/home/pi/work/maze_bot/programming/mbot_ws'
[3.981s] Level 1:colcon.colcon_core.package_identification:_identify(.) by extensions ['ignore', 'ignore_ament_install']
[3.982s] Level 1:colcon.colcon_core.package_identification:_identify(.) by extension 'ignore'
[3.982s] Level 1:colcon.colcon_core.package_identification:_identify(.) by extension 'ignore_ament_install'
[3.982s] Level 1:colcon.colcon_core.package_identification:_identify(.) by extensions ['colcon_pkg']
[3.983s] Level 1:colcon.colcon_core.package_identification:_identify(.) by extension 'colcon_pkg'
[3.983s] Level 1:colcon.colcon_core.package_identification:_identify(.) by extensions ['colcon_meta']
[3.983s] Level 1:colcon.colcon_core.package_identification:_identify(.) by extension 'colcon_meta'
[3.983s] Level 1:colcon.colcon_core.package_identification:_identify(.) by extensions ['ros']
[3.983s] Level 1:colcon.colcon_core.package_identification:_identify(.) by extension 'ros'
[4.066s] Level 1:colcon.colcon_core.package_identification:_identify(.) by extensions ['cmake', 'python']
[4.066s] Level 1:colcon.colcon_core.package_identification:_identify(.) by extension 'cmake'
[4.066s] Level 1:colcon.colcon_core.package_identification:_identify(.) by extension 'python'
[4.066s] Level 1:colcon.colcon_core.package_identification:_identify(.) by extensions ['python_setup_py']
[4.066s] Level 1:colcon.colcon_core.package_identification:_identify(.) by extension 'python_setup_py'
[4.067s] Level 1:colcon.colcon_core.package_identification:_identify(build) by extensions ['ignore', 'ignore_ament_install']
[4.067s] Level 1:colcon.colcon_core.package_identification:_identify(build) by extension 'ignore'
[4.067s] Level 1:colcon.colcon_core.package_identification:_identify(build) ignored
[4.068s] Level 1:colcon.colcon_core.package_identification:_identify(install) by extensions ['ignore', 'ignore_ament_install']
[4.068s] Level 1:colcon.colcon_core.package_identification:_identify(install) by extension 'ignore'
[4.069s] Level 1:colcon.colcon_core.package_identification:_identify(install) ignored
[4.069s] Level 1:colcon.colcon_core.package_identification:_identify(log) by extensions ['ignore', 'ignore_ament_install']
[4.070s] Level 1:colcon.colcon_core.package_identification:_identify(log) by extension 'ignore'
[4.070s] Level 1:colcon.colcon_core.package_identification:_identify(log) ignored
[4.074s] Level 1:colcon.colcon_core.package_identification:_identify(src) by extensions ['ignore', 'ignore_ament_install']
[4.074s] Level 1:colcon.colcon_core.package_identification:_identify(src) by extension 'ignore'
[4.075s] Level 1:colcon.colcon_core.package_identification:_identify(src) by extension 'ignore_ament_install'
[4.075s] Level 1:colcon.colcon_core.package_identification:_identify(src) by extensions ['colcon_pkg']
[4.075s] Level 1:colcon.colcon_core.package_identification:_identify(src) by extension 'colcon_pkg'
[4.075s] Level 1:colcon.colcon_core.package_identification:_identify(src) by extensions ['colcon_meta']
[4.075s] Level 1:colcon.colcon_core.package_identification:_identify(src) by extension 'colcon_meta'
[4.075s] Level 1:colcon.colcon_core.package_identification:_identify(src) by extensions ['ros']
[4.076s] Level 1:colcon.colcon_core.package_identification:_identify(src) by extension 'ros'
[4.076s] Level 1:colcon.colcon_core.package_identification:_identify(src) by extensions ['cmake', 'python']
[4.076s] Level 1:colcon.colcon_core.package_identification:_identify(src) by extension 'cmake'
[4.076s] Level 1:colcon.colcon_core.package_identification:_identify(src) by extension 'python'
[4.076s] Level 1:colcon.colcon_core.package_identification:_identify(src) by extensions ['python_setup_py']
[4.077s] Level 1:colcon.colcon_core.package_identification:_identify(src) by extension 'python_setup_py'
[4.078s] Level 1:colcon.colcon_core.package_identification:_identify(src/articubot_one) by extensions ['ignore', 'ignore_ament_install']
[4.078s] Level 1:colcon.colcon_core.package_identification:_identify(src/articubot_one) by extension 'ignore'
[4.078s] Level 1:colcon.colcon_core.package_identification:_identify(src/articubot_one) by extension 'ignore_ament_install'
[4.079s] Level 1:colcon.colcon_core.package_identification:_identify(src/articubot_one) by extensions ['colcon_pkg']
[4.079s] Level 1:colcon.colcon_core.package_identification:_identify(src/articubot_one) by extension 'colcon_pkg'
[4.079s] Level 1:colcon.colcon_core.package_identification:_identify(src/articubot_one) by extensions ['colcon_meta']
[4.079s] Level 1:colcon.colcon_core.package_identification:_identify(src/articubot_one) by extension 'colcon_meta'
[4.079s] Level 1:colcon.colcon_core.package_identification:_identify(src/articubot_one) by extensions ['ros']
[4.079s] Level 1:colcon.colcon_core.package_identification:_identify(src/articubot_one) by extension 'ros'
[4.080s] Level 1:colcon.colcon_core.package_identification:_identify(src/articubot_one) by extensions ['cmake', 'python']
[4.080s] Level 1:colcon.colcon_core.package_identification:_identify(src/articubot_one) by extension 'cmake'
[4.080s] Level 1:colcon.colcon_core.package_identification:_identify(src/articubot_one) by extension 'python'
[4.080s] Level 1:colcon.colcon_core.package_identification:_identify(src/articubot_one) by extensions ['python_setup_py']
[4.080s] Level 1:colcon.colcon_core.package_identification:_identify(src/articubot_one) by extension 'python_setup_py'
[4.081s] Level 1:colcon.colcon_core.package_identification:_identify(src/hls_lfcd_lds_driver) by extensions ['ignore', 'ignore_ament_install']
[4.082s] Level 1:colcon.colcon_core.package_identification:_identify(src/hls_lfcd_lds_driver) by extension 'ignore'
[4.082s] Level 1:colcon.colcon_core.package_identification:_identify(src/hls_lfcd_lds_driver) by extension 'ignore_ament_install'
[4.082s] Level 1:colcon.colcon_core.package_identification:_identify(src/hls_lfcd_lds_driver) by extensions ['colcon_pkg']
[4.083s] Level 1:colcon.colcon_core.package_identification:_identify(src/hls_lfcd_lds_driver) by extension 'colcon_pkg'
[4.083s] Level 1:colcon.colcon_core.package_identification:_identify(src/hls_lfcd_lds_driver) by extensions ['colcon_meta']
[4.083s] Level 1:colcon.colcon_core.package_identification:_identify(src/hls_lfcd_lds_driver) by extension 'colcon_meta'
[4.083s] Level 1:colcon.colcon_core.package_identification:_identify(src/hls_lfcd_lds_driver) by extensions ['ros']
[4.084s] Level 1:colcon.colcon_core.package_identification:_identify(src/hls_lfcd_lds_driver) by extension 'ros'
[4.099s] DEBUG:colcon.colcon_core.package_identification:Package 'src/hls_lfcd_lds_driver' with type 'ros.ament_cmake' and name 'hls_lfcd_lds_driver'
[4.101s] Level 1:colcon.colcon_core.package_identification:_identify(src/mazebot_msgs) by extensions ['ignore', 'ignore_ament_install']
[4.102s] Level 1:colcon.colcon_core.package_identification:_identify(src/mazebot_msgs) by extension 'ignore'
[4.102s] Level 1:colcon.colcon_core.package_identification:_identify(src/mazebot_msgs) by extension 'ignore_ament_install'
[4.102s] Level 1:colcon.colcon_core.package_identification:_identify(src/mazebot_msgs) by extensions ['colcon_pkg']
[4.103s] Level 1:colcon.colcon_core.package_identification:_identify(src/mazebot_msgs) by extension 'colcon_pkg'
[4.103s] Level 1:colcon.colcon_core.package_identification:_identify(src/mazebot_msgs) by extensions ['colcon_meta']
[4.103s] Level 1:colcon.colcon_core.package_identification:_identify(src/mazebot_msgs) by extension 'colcon_meta'
[4.103s] Level 1:colcon.colcon_core.package_identification:_identify(src/mazebot_msgs) by extensions ['ros']
[4.103s] Level 1:colcon.colcon_core.package_identification:_identify(src/mazebot_msgs) by extension 'ros'
[4.107s] DEBUG:colcon.colcon_core.package_identification:Package 'src/mazebot_msgs' with type 'ros.ament_cmake' and name 'mazebot_msgs'
[4.109s] Level 1:colcon.colcon_core.package_identification:_identify(src/robocup) by extensions ['ignore', 'ignore_ament_install']
[4.109s] Level 1:colcon.colcon_core.package_identification:_identify(src/robocup) by extension 'ignore'
[4.109s] Level 1:colcon.colcon_core.package_identification:_identify(src/robocup) by extension 'ignore_ament_install'
[4.110s] Level 1:colcon.colcon_core.package_identification:_identify(src/robocup) by extensions ['colcon_pkg']
[4.110s] Level 1:colcon.colcon_core.package_identification:_identify(src/robocup) by extension 'colcon_pkg'
[4.110s] Level 1:colcon.colcon_core.package_identification:_identify(src/robocup) by extensions ['colcon_meta']
[4.110s] Level 1:colcon.colcon_core.package_identification:_identify(src/robocup) by extension 'colcon_meta'
[4.110s] Level 1:colcon.colcon_core.package_identification:_identify(src/robocup) by extensions ['ros']
[4.110s] Level 1:colcon.colcon_core.package_identification:_identify(src/robocup) by extension 'ros'
[4.115s] DEBUG:colcon.colcon_core.package_identification:Package 'src/robocup' with type 'ros.ament_python' and name 'robocup'
[4.115s] Level 1:colcon.colcon_core.package_discovery:discover_packages(recursive) using defaults
[4.116s] Level 1:colcon.colcon_core.package_discovery:discover_packages(ignore) discover
[4.116s] Level 1:colcon.colcon_core.package_discovery:discover_packages(ignore) using defaults
[4.116s] Level 1:colcon.colcon_core.package_discovery:discover_packages(path) discover
[4.116s] Level 1:colcon.colcon_core.package_discovery:discover_packages(path) using defaults
[4.281s] Level 1:colcon.colcon_core.package_discovery:discover_packages(prefix_path) check parameters
[4.281s] Level 1:colcon.colcon_core.package_discovery:discover_packages(prefix_path) discover
[4.311s] DEBUG:colcon.colcon_installed_package_information.package_discovery:Found 308 installed packages in /opt/ros/humble
[4.318s] Level 1:colcon.colcon_core.package_discovery:discover_packages(prefix_path) using defaults
[4.602s] Level 5:colcon.colcon_core.verb:set package 'hls_lfcd_lds_driver' build argument 'cmake_args' from command line to 'None'
[4.603s] Level 5:colcon.colcon_core.verb:set package 'hls_lfcd_lds_driver' build argument 'cmake_target' from command line to 'None'
[4.603s] Level 5:colcon.colcon_core.verb:set package 'hls_lfcd_lds_driver' build argument 'cmake_target_skip_unavailable' from command line to 'False'
[4.603s] Level 5:colcon.colcon_core.verb:set package 'hls_lfcd_lds_driver' build argument 'cmake_clean_cache' from command line to 'False'
[4.603s] Level 5:colcon.colcon_core.verb:set package 'hls_lfcd_lds_driver' build argument 'cmake_clean_first' from command line to 'False'
[4.603s] Level 5:colcon.colcon_core.verb:set package 'hls_lfcd_lds_driver' build argument 'cmake_force_configure' from command line to 'False'
[4.603s] Level 5:colcon.colcon_core.verb:set package 'hls_lfcd_lds_driver' build argument 'ament_cmake_args' from command line to 'None'
[4.603s] Level 5:colcon.colcon_core.verb:set package 'hls_lfcd_lds_driver' build argument 'catkin_cmake_args' from command line to 'None'
[4.604s] Level 5:colcon.colcon_core.verb:set package 'hls_lfcd_lds_driver' build argument 'catkin_skip_building_tests' from command line to 'False'
[4.604s] DEBUG:colcon.colcon_core.verb:Building package 'hls_lfcd_lds_driver' with the following arguments: {'ament_cmake_args': None, 'build_base': '/home/pi/work/maze_bot/programming/mbot_ws/build/hls_lfcd_lds_driver', 'catkin_cmake_args': None, 'catkin_skip_building_tests': False, 'cmake_args': None, 'cmake_clean_cache': False, 'cmake_clean_first': False, 'cmake_force_configure': False, 'cmake_target': None, 'cmake_target_skip_unavailable': False, 'install_base': '/home/pi/work/maze_bot/programming/mbot_ws/install/hls_lfcd_lds_driver', 'merge_install': False, 'path': '/home/pi/work/maze_bot/programming/mbot_ws/src/hls_lfcd_lds_driver', 'symlink_install': False, 'test_result_base': None}
[4.608s] Level 5:colcon.colcon_core.verb:set package 'mazebot_msgs' build argument 'cmake_args' from command line to 'None'
[4.608s] Level 5:colcon.colcon_core.verb:set package 'mazebot_msgs' build argument 'cmake_target' from command line to 'None'
[4.608s] Level 5:colcon.colcon_core.verb:set package 'mazebot_msgs' build argument 'cmake_target_skip_unavailable' from command line to 'False'
[4.608s] Level 5:colcon.colcon_core.verb:set package 'mazebot_msgs' build argument 'cmake_clean_cache' from command line to 'False'
[4.608s] Level 5:colcon.colcon_core.verb:set package 'mazebot_msgs' build argument 'cmake_clean_first' from command line to 'False'
[4.608s] Level 5:colcon.colcon_core.verb:set package 'mazebot_msgs' build argument 'cmake_force_configure' from command line to 'False'
[4.609s] Level 5:colcon.colcon_core.verb:set package 'mazebot_msgs' build argument 'ament_cmake_args' from command line to 'None'
[4.609s] Level 5:colcon.colcon_core.verb:set package 'mazebot_msgs' build argument 'catkin_cmake_args' from command line to 'None'
[4.609s] Level 5:colcon.colcon_core.verb:set package 'mazebot_msgs' build argument 'catkin_skip_building_tests' from command line to 'False'
[4.609s] DEBUG:colcon.colcon_core.verb:Building package 'mazebot_msgs' with the following arguments: {'ament_cmake_args': None, 'build_base': '/home/pi/work/maze_bot/programming/mbot_ws/build/mazebot_msgs', 'catkin_cmake_args': None, 'catkin_skip_building_tests': False, 'cmake_args': None, 'cmake_clean_cache': False, 'cmake_clean_first': False, 'cmake_force_configure': False, 'cmake_target': None, 'cmake_target_skip_unavailable': False, 'install_base': '/home/pi/work/maze_bot/programming/mbot_ws/install/mazebot_msgs', 'merge_install': False, 'path': '/home/pi/work/maze_bot/programming/mbot_ws/src/mazebot_msgs', 'symlink_install': False, 'test_result_base': None}
[4.613s] Level 5:colcon.colcon_core.verb:set package 'robocup' build argument 'cmake_args' from command line to 'None'
[4.613s] Level 5:colcon.colcon_core.verb:set package 'robocup' build argument 'cmake_target' from command line to 'None'
[4.613s] Level 5:colcon.colcon_core.verb:set package 'robocup' build argument 'cmake_target_skip_unavailable' from command line to 'False'
[4.613s] Level 5:colcon.colcon_core.verb:set package 'robocup' build argument 'cmake_clean_cache' from command line to 'False'
[4.613s] Level 5:colcon.colcon_core.verb:set package 'robocup' build argument 'cmake_clean_first' from command line to 'False'
[4.614s] Level 5:colcon.colcon_core.verb:set package 'robocup' build argument 'cmake_force_configure' from command line to 'False'
[4.614s] Level 5:colcon.colcon_core.verb:set package 'robocup' build argument 'ament_cmake_args' from command line to 'None'
[4.614s] Level 5:colcon.colcon_core.verb:set package 'robocup' build argument 'catkin_cmake_args' from command line to 'None'
[4.614s] Level 5:colcon.colcon_core.verb:set package 'robocup' build argument 'catkin_skip_building_tests' from command line to 'False'
[4.614s] DEBUG:colcon.colcon_core.verb:Building package 'robocup' with the following arguments: {'ament_cmake_args': None, 'build_base': '/home/pi/work/maze_bot/programming/mbot_ws/build/robocup', 'catkin_cmake_args': None, 'catkin_skip_building_tests': False, 'cmake_args': None, 'cmake_clean_cache': False, 'cmake_clean_first': False, 'cmake_force_configure': False, 'cmake_target': None, 'cmake_target_skip_unavailable': False, 'install_base': '/home/pi/work/maze_bot/programming/mbot_ws/install/robocup', 'merge_install': False, 'path': '/home/pi/work/maze_bot/programming/mbot_ws/src/robocup', 'symlink_install': False, 'test_result_base': None}
[4.617s] INFO:colcon.colcon_core.executor:Executing jobs using 'parallel' executor
[4.629s] DEBUG:colcon.colcon_parallel_executor.executor.parallel:run_until_complete
[4.630s] INFO:colcon.colcon_ros.task.ament_cmake.build:Building ROS package in '/home/pi/work/maze_bot/programming/mbot_ws/src/hls_lfcd_lds_driver' with build type 'ament_cmake'
[4.630s] INFO:colcon.colcon_cmake.task.cmake.build:Building CMake package in '/home/pi/work/maze_bot/programming/mbot_ws/src/hls_lfcd_lds_driver'
[4.667s] INFO:colcon.colcon_core.plugin_system:Skipping extension 'colcon_core.shell.bat': Not used on non-Windows systems
[4.668s] INFO:colcon.colcon_core.shell:Skip shell extension 'powershell' for command environment: Not usable outside of PowerShell
[4.668s] DEBUG:colcon.colcon_core.shell:Skip shell extension 'dsv' for command environment
[4.693s] INFO:colcon.colcon_ros.task.ament_cmake.build:Building ROS package in '/home/pi/work/maze_bot/programming/mbot_ws/src/mazebot_msgs' with build type 'ament_cmake'
[4.694s] INFO:colcon.colcon_cmake.task.cmake.build:Building CMake package in '/home/pi/work/maze_bot/programming/mbot_ws/src/mazebot_msgs'
[4.703s] INFO:colcon.colcon_core.shell:Skip shell extension 'powershell' for command environment: Not usable outside of PowerShell
[4.703s] DEBUG:colcon.colcon_core.shell:Skip shell extension 'dsv' for command environment
[4.750s] DEBUG:colcon.colcon_core.event_handler.log_command:Invoking command in '/home/pi/work/maze_bot/programming/mbot_ws/build/hls_lfcd_lds_driver': CMAKE_PREFIX_PATH=/opt/ros/humble /usr/bin/cmake --build /home/pi/work/maze_bot/programming/mbot_ws/build/hls_lfcd_lds_driver -- -j4 -l4
[4.774s] DEBUG:colcon.colcon_core.event_handler.log_command:Invoking command in '/home/pi/work/maze_bot/programming/mbot_ws/build/mazebot_msgs': CMAKE_PREFIX_PATH=/opt/ros/humble /usr/bin/cmake --build /home/pi/work/maze_bot/programming/mbot_ws/build/mazebot_msgs -- -j4 -l4
[5.862s] DEBUG:colcon.colcon_core.event_handler.log_command:Invoked command in '/home/pi/work/maze_bot/programming/mbot_ws/build/hls_lfcd_lds_driver' returned '0': CMAKE_PREFIX_PATH=/opt/ros/humble /usr/bin/cmake --build /home/pi/work/maze_bot/programming/mbot_ws/build/hls_lfcd_lds_driver -- -j4 -l4
[6.003s] DEBUG:colcon.colcon_core.event_handler.log_command:Invoking command in '/home/pi/work/maze_bot/programming/mbot_ws/build/hls_lfcd_lds_driver': CMAKE_PREFIX_PATH=/opt/ros/humble /usr/bin/cmake --install /home/pi/work/maze_bot/programming/mbot_ws/build/hls_lfcd_lds_driver
[6.097s] Level 1:colcon.colcon_core.environment:create_environment_scripts_only(hls_lfcd_lds_driver)
[6.100s] DEBUG:colcon.colcon_core.event_handler.log_command:Invoked command in '/home/pi/work/maze_bot/programming/mbot_ws/build/hls_lfcd_lds_driver' returned '0': CMAKE_PREFIX_PATH=/opt/ros/humble /usr/bin/cmake --install /home/pi/work/maze_bot/programming/mbot_ws/build/hls_lfcd_lds_driver
[6.170s] Level 1:colcon.colcon_core.environment:checking '/home/pi/work/maze_bot/programming/mbot_ws/install/hls_lfcd_lds_driver' for CMake module files
[6.176s] Level 1:colcon.colcon_core.environment:checking '/home/pi/work/maze_bot/programming/mbot_ws/install/hls_lfcd_lds_driver' for CMake config files
[6.184s] Level 1:colcon.colcon_core.shell:create_environment_hook('hls_lfcd_lds_driver', 'cmake_prefix_path')
[6.192s] INFO:colcon.colcon_core.shell:Creating environment hook '/home/pi/work/maze_bot/programming/mbot_ws/install/hls_lfcd_lds_driver/share/hls_lfcd_lds_driver/hook/cmake_prefix_path.ps1'
[6.198s] INFO:colcon.colcon_core.shell:Creating environment descriptor '/home/pi/work/maze_bot/programming/mbot_ws/install/hls_lfcd_lds_driver/share/hls_lfcd_lds_driver/hook/cmake_prefix_path.dsv'
[6.204s] INFO:colcon.colcon_core.shell:Creating environment hook '/home/pi/work/maze_bot/programming/mbot_ws/install/hls_lfcd_lds_driver/share/hls_lfcd_lds_driver/hook/cmake_prefix_path.sh'
[6.210s] Level 1:colcon.colcon_core.environment:checking '/home/pi/work/maze_bot/programming/mbot_ws/install/hls_lfcd_lds_driver/lib'
[6.211s] Level 1:colcon.colcon_core.environment:checking '/home/pi/work/maze_bot/programming/mbot_ws/install/hls_lfcd_lds_driver/bin'
[6.211s] Level 1:colcon.colcon_core.environment:checking '/home/pi/work/maze_bot/programming/mbot_ws/install/hls_lfcd_lds_driver/lib/pkgconfig/hls_lfcd_lds_driver.pc'
[6.212s] Level 1:colcon.colcon_core.environment:checking '/home/pi/work/maze_bot/programming/mbot_ws/install/hls_lfcd_lds_driver/lib/python3.10/site-packages'
[6.213s] Level 1:colcon.colcon_core.environment:checking '/home/pi/work/maze_bot/programming/mbot_ws/install/hls_lfcd_lds_driver/bin'
[6.220s] INFO:colcon.colcon_core.shell:Creating package script '/home/pi/work/maze_bot/programming/mbot_ws/install/hls_lfcd_lds_driver/share/hls_lfcd_lds_driver/package.ps1'
[6.228s] INFO:colcon.colcon_core.shell:Creating package descriptor '/home/pi/work/maze_bot/programming/mbot_ws/install/hls_lfcd_lds_driver/share/hls_lfcd_lds_driver/package.dsv'
[6.234s] INFO:colcon.colcon_core.shell:Creating package script '/home/pi/work/maze_bot/programming/mbot_ws/install/hls_lfcd_lds_driver/share/hls_lfcd_lds_driver/package.sh'
[6.244s] INFO:colcon.colcon_core.shell:Creating package script '/home/pi/work/maze_bot/programming/mbot_ws/install/hls_lfcd_lds_driver/share/hls_lfcd_lds_driver/package.bash'
[6.257s] INFO:colcon.colcon_core.shell:Creating package script '/home/pi/work/maze_bot/programming/mbot_ws/install/hls_lfcd_lds_driver/share/hls_lfcd_lds_driver/package.zsh'
[6.263s] Level 1:colcon.colcon_core.environment:create_file_with_runtime_dependencies(/home/pi/work/maze_bot/programming/mbot_ws/install/hls_lfcd_lds_driver/share/colcon-core/packages/hls_lfcd_lds_driver)
[6.368s] Level 1:colcon.colcon_core.environment:create_environment_scripts_only(hls_lfcd_lds_driver)
[6.376s] Level 1:colcon.colcon_core.environment:checking '/home/pi/work/maze_bot/programming/mbot_ws/install/hls_lfcd_lds_driver' for CMake module files
[6.379s] Level 1:colcon.colcon_core.environment:checking '/home/pi/work/maze_bot/programming/mbot_ws/install/hls_lfcd_lds_driver' for CMake config files
[6.381s] Level 1:colcon.colcon_core.shell:create_environment_hook('hls_lfcd_lds_driver', 'cmake_prefix_path')
[6.387s] INFO:colcon.colcon_core.shell:Creating environment hook '/home/pi/work/maze_bot/programming/mbot_ws/install/hls_lfcd_lds_driver/share/hls_lfcd_lds_driver/hook/cmake_prefix_path.ps1'
[6.389s] INFO:colcon.colcon_core.shell:Creating environment descriptor '/home/pi/work/maze_bot/programming/mbot_ws/install/hls_lfcd_lds_driver/share/hls_lfcd_lds_driver/hook/cmake_prefix_path.dsv'
[6.391s] INFO:colcon.colcon_core.shell:Creating environment hook '/home/pi/work/maze_bot/programming/mbot_ws/install/hls_lfcd_lds_driver/share/hls_lfcd_lds_driver/hook/cmake_prefix_path.sh'
[6.394s] Level 1:colcon.colcon_core.environment:checking '/home/pi/work/maze_bot/programming/mbot_ws/install/hls_lfcd_lds_driver/lib'
[6.395s] Level 1:colcon.colcon_core.environment:checking '/home/pi/work/maze_bot/programming/mbot_ws/install/hls_lfcd_lds_driver/bin'
[6.395s] Level 1:colcon.colcon_core.environment:checking '/home/pi/work/maze_bot/programming/mbot_ws/install/hls_lfcd_lds_driver/lib/pkgconfig/hls_lfcd_lds_driver.pc'
[6.396s] Level 1:colcon.colcon_core.environment:checking '/home/pi/work/maze_bot/programming/mbot_ws/install/hls_lfcd_lds_driver/lib/python3.10/site-packages'
[6.397s] Level 1:colcon.colcon_core.environment:checking '/home/pi/work/maze_bot/programming/mbot_ws/install/hls_lfcd_lds_driver/bin'
[6.403s] INFO:colcon.colcon_core.shell:Creating package script '/home/pi/work/maze_bot/programming/mbot_ws/install/hls_lfcd_lds_driver/share/hls_lfcd_lds_driver/package.ps1'
[6.405s] INFO:colcon.colcon_core.shell:Creating package descriptor '/home/pi/work/maze_bot/programming/mbot_ws/install/hls_lfcd_lds_driver/share/hls_lfcd_lds_driver/package.dsv'
[6.407s] INFO:colcon.colcon_core.shell:Creating package script '/home/pi/work/maze_bot/programming/mbot_ws/install/hls_lfcd_lds_driver/share/hls_lfcd_lds_driver/package.sh'
[6.410s] INFO:colcon.colcon_core.shell:Creating package script '/home/pi/work/maze_bot/programming/mbot_ws/install/hls_lfcd_lds_driver/share/hls_lfcd_lds_driver/package.bash'
[6.412s] INFO:colcon.colcon_core.shell:Creating package script '/home/pi/work/maze_bot/programming/mbot_ws/install/hls_lfcd_lds_driver/share/hls_lfcd_lds_driver/package.zsh'
[6.414s] Level 1:colcon.colcon_core.environment:create_file_with_runtime_dependencies(/home/pi/work/maze_bot/programming/mbot_ws/install/hls_lfcd_lds_driver/share/colcon-core/packages/hls_lfcd_lds_driver)
[7.118s] DEBUG:colcon.colcon_core.event_handler.log_command:Invoked command in '/home/pi/work/maze_bot/programming/mbot_ws/build/mazebot_msgs' returned '0': CMAKE_PREFIX_PATH=/opt/ros/humble /usr/bin/cmake --build /home/pi/work/maze_bot/programming/mbot_ws/build/mazebot_msgs -- -j4 -l4
[7.515s] DEBUG:colcon.colcon_core.event_handler.log_command:Invoking command in '/home/pi/work/maze_bot/programming/mbot_ws/build/mazebot_msgs': CMAKE_PREFIX_PATH=/opt/ros/humble /usr/bin/cmake --install /home/pi/work/maze_bot/programming/mbot_ws/build/mazebot_msgs
[7.903s] Level 1:colcon.colcon_core.environment:create_environment_scripts_only(mazebot_msgs)
[7.911s] Level 1:colcon.colcon_core.environment:checking '/home/pi/work/maze_bot/programming/mbot_ws/install/mazebot_msgs' for CMake module files
[7.912s] DEBUG:colcon.colcon_core.event_handler.log_command:Invoked command in '/home/pi/work/maze_bot/programming/mbot_ws/build/mazebot_msgs' returned '0': CMAKE_PREFIX_PATH=/opt/ros/humble /usr/bin/cmake --install /home/pi/work/maze_bot/programming/mbot_ws/build/mazebot_msgs
[7.916s] Level 1:colcon.colcon_core.environment:checking '/home/pi/work/maze_bot/programming/mbot_ws/install/mazebot_msgs' for CMake config files
[7.923s] Level 1:colcon.colcon_core.shell:create_environment_hook('mazebot_msgs', 'cmake_prefix_path')
[7.930s] INFO:colcon.colcon_core.shell:Creating environment hook '/home/pi/work/maze_bot/programming/mbot_ws/install/mazebot_msgs/share/mazebot_msgs/hook/cmake_prefix_path.ps1'
[7.936s] INFO:colcon.colcon_core.shell:Creating environment descriptor '/home/pi/work/maze_bot/programming/mbot_ws/install/mazebot_msgs/share/mazebot_msgs/hook/cmake_prefix_path.dsv'
[7.938s] INFO:colcon.colcon_core.shell:Creating environment hook '/home/pi/work/maze_bot/programming/mbot_ws/install/mazebot_msgs/share/mazebot_msgs/hook/cmake_prefix_path.sh'
[7.941s] Level 1:colcon.colcon_core.environment:checking '/home/pi/work/maze_bot/programming/mbot_ws/install/mazebot_msgs/lib'
[7.942s] Level 1:colcon.colcon_core.shell:create_environment_hook('mazebot_msgs', 'ld_library_path_lib')
[7.947s] INFO:colcon.colcon_core.shell:Creating environment hook '/home/pi/work/maze_bot/programming/mbot_ws/install/mazebot_msgs/share/mazebot_msgs/hook/ld_library_path_lib.ps1'
[7.950s] INFO:colcon.colcon_core.shell:Creating environment descriptor '/home/pi/work/maze_bot/programming/mbot_ws/install/mazebot_msgs/share/mazebot_msgs/hook/ld_library_path_lib.dsv'
[7.951s] INFO:colcon.colcon_core.shell:Creating environment hook '/home/pi/work/maze_bot/programming/mbot_ws/install/mazebot_msgs/share/mazebot_msgs/hook/ld_library_path_lib.sh'
[7.953s] Level 1:colcon.colcon_core.environment:checking '/home/pi/work/maze_bot/programming/mbot_ws/install/mazebot_msgs/bin'
[7.954s] Level 1:colcon.colcon_core.environment:checking '/home/pi/work/maze_bot/programming/mbot_ws/install/mazebot_msgs/lib/pkgconfig/mazebot_msgs.pc'
[7.955s] Level 1:colcon.colcon_core.environment:checking '/home/pi/work/maze_bot/programming/mbot_ws/install/mazebot_msgs/lib/python3.10/site-packages'
[7.956s] Level 1:colcon.colcon_core.environment:checking '/home/pi/work/maze_bot/programming/mbot_ws/install/mazebot_msgs/bin'
[7.961s] INFO:colcon.colcon_core.shell:Creating package script '/home/pi/work/maze_bot/programming/mbot_ws/install/mazebot_msgs/share/mazebot_msgs/package.ps1'
[7.963s] INFO:colcon.colcon_core.shell:Creating package descriptor '/home/pi/work/maze_bot/programming/mbot_ws/install/mazebot_msgs/share/mazebot_msgs/package.dsv'
[7.966s] INFO:colcon.colcon_core.shell:Creating package script '/home/pi/work/maze_bot/programming/mbot_ws/install/mazebot_msgs/share/mazebot_msgs/package.sh'
[7.967s] INFO:colcon.colcon_core.shell:Creating package script '/home/pi/work/maze_bot/programming/mbot_ws/install/mazebot_msgs/share/mazebot_msgs/package.bash'
[7.969s] INFO:colcon.colcon_core.shell:Creating package script '/home/pi/work/maze_bot/programming/mbot_ws/install/mazebot_msgs/share/mazebot_msgs/package.zsh'
[7.971s] Level 1:colcon.colcon_core.environment:create_file_with_runtime_dependencies(/home/pi/work/maze_bot/programming/mbot_ws/install/mazebot_msgs/share/colcon-core/packages/mazebot_msgs)
[8.375s] Level 1:colcon.colcon_core.environment:create_environment_scripts_only(mazebot_msgs)
[8.384s] Level 1:colcon.colcon_core.environment:checking '/home/pi/work/maze_bot/programming/mbot_ws/install/mazebot_msgs' for CMake module files
[8.390s] Level 1:colcon.colcon_core.environment:checking '/home/pi/work/maze_bot/programming/mbot_ws/install/mazebot_msgs' for CMake config files
[8.393s] Level 1:colcon.colcon_core.shell:create_environment_hook('mazebot_msgs', 'cmake_prefix_path')
[8.398s] INFO:colcon.colcon_core.shell:Creating environment hook '/home/pi/work/maze_bot/programming/mbot_ws/install/mazebot_msgs/share/mazebot_msgs/hook/cmake_prefix_path.ps1'
[8.400s] INFO:colcon.colcon_core.shell:Creating environment descriptor '/home/pi/work/maze_bot/programming/mbot_ws/install/mazebot_msgs/share/mazebot_msgs/hook/cmake_prefix_path.dsv'
[8.402s] INFO:colcon.colcon_core.shell:Creating environment hook '/home/pi/work/maze_bot/programming/mbot_ws/install/mazebot_msgs/share/mazebot_msgs/hook/cmake_prefix_path.sh'
[8.404s] Level 1:colcon.colcon_core.environment:checking '/home/pi/work/maze_bot/programming/mbot_ws/install/mazebot_msgs/lib'
[8.405s] Level 1:colcon.colcon_core.shell:create_environment_hook('mazebot_msgs', 'ld_library_path_lib')
[8.410s] INFO:colcon.colcon_core.shell:Creating environment hook '/home/pi/work/maze_bot/programming/mbot_ws/install/mazebot_msgs/share/mazebot_msgs/hook/ld_library_path_lib.ps1'
[8.412s] INFO:colcon.colcon_core.shell:Creating environment descriptor '/home/pi/work/maze_bot/programming/mbot_ws/install/mazebot_msgs/share/mazebot_msgs/hook/ld_library_path_lib.dsv'
[8.413s] INFO:colcon.colcon_core.shell:Creating environment hook '/home/pi/work/maze_bot/programming/mbot_ws/install/mazebot_msgs/share/mazebot_msgs/hook/ld_library_path_lib.sh'
[8.415s] Level 1:colcon.colcon_core.environment:checking '/home/pi/work/maze_bot/programming/mbot_ws/install/mazebot_msgs/bin'
[8.416s] Level 1:colcon.colcon_core.environment:checking '/home/pi/work/maze_bot/programming/mbot_ws/install/mazebot_msgs/lib/pkgconfig/mazebot_msgs.pc'
[8.417s] Level 1:colcon.colcon_core.environment:checking '/home/pi/work/maze_bot/programming/mbot_ws/install/mazebot_msgs/lib/python3.10/site-packages'
[8.417s] Level 1:colcon.colcon_core.environment:checking '/home/pi/work/maze_bot/programming/mbot_ws/install/mazebot_msgs/bin'
[8.423s] INFO:colcon.colcon_core.shell:Creating package script '/home/pi/work/maze_bot/programming/mbot_ws/install/mazebot_msgs/share/mazebot_msgs/package.ps1'
[8.426s] INFO:colcon.colcon_core.shell:Creating package descriptor '/home/pi/work/maze_bot/programming/mbot_ws/install/mazebot_msgs/share/mazebot_msgs/package.dsv'
[8.428s] INFO:colcon.colcon_core.shell:Creating package script '/home/pi/work/maze_bot/programming/mbot_ws/install/mazebot_msgs/share/mazebot_msgs/package.sh'
[8.430s] INFO:colcon.colcon_core.shell:Creating package script '/home/pi/work/maze_bot/programming/mbot_ws/install/mazebot_msgs/share/mazebot_msgs/package.bash'
[8.432s] INFO:colcon.colcon_core.shell:Creating package script '/home/pi/work/maze_bot/programming/mbot_ws/install/mazebot_msgs/share/mazebot_msgs/package.zsh'
[8.434s] Level 1:colcon.colcon_core.environment:create_file_with_runtime_dependencies(/home/pi/work/maze_bot/programming/mbot_ws/install/mazebot_msgs/share/colcon-core/packages/mazebot_msgs)
[8.436s] INFO:colcon.colcon_ros.task.ament_python.build:Building ROS package in '/home/pi/work/maze_bot/programming/mbot_ws/src/robocup' with build type 'ament_python'
[8.436s] Level 1:colcon.colcon_core.shell:create_environment_hook('robocup', 'ament_prefix_path')
[8.442s] INFO:colcon.colcon_core.shell:Creating environment hook '/home/pi/work/maze_bot/programming/mbot_ws/install/robocup/share/robocup/hook/ament_prefix_path.ps1'
[8.448s] INFO:colcon.colcon_core.shell:Creating environment descriptor '/home/pi/work/maze_bot/programming/mbot_ws/install/robocup/share/robocup/hook/ament_prefix_path.dsv'
[8.450s] INFO:colcon.colcon_core.shell:Creating environment hook '/home/pi/work/maze_bot/programming/mbot_ws/install/robocup/share/robocup/hook/ament_prefix_path.sh'
[8.457s] INFO:colcon.colcon_core.shell:Skip shell extension 'powershell' for command environment: Not usable outside of PowerShell
[8.457s] DEBUG:colcon.colcon_core.shell:Skip shell extension 'dsv' for command environment
[9.777s] INFO:colcon.colcon_core.task.python.build:Building Python package in '/home/pi/work/maze_bot/programming/mbot_ws/src/robocup'
[9.782s] INFO:colcon.colcon_core.shell:Skip shell extension 'powershell' for command environment: Not usable outside of PowerShell
[9.782s] DEBUG:colcon.colcon_core.shell:Skip shell extension 'dsv' for command environment
[11.606s] DEBUG:colcon.colcon_core.event_handler.log_command:Invoking command in '/home/pi/work/maze_bot/programming/mbot_ws/src/robocup': AMENT_PREFIX_PATH=/home/pi/work/maze_bot/programming/mbot_ws/install/mazebot_msgs:/home/pi/work/maze_bot/programming/mbot_ws/install/hls_lfcd_lds_driver:${AMENT_PREFIX_PATH} CMAKE_PREFIX_PATH=/home/pi/work/maze_bot/programming/mbot_ws/install/mazebot_msgs:/home/pi/work/maze_bot/programming/mbot_ws/install/hls_lfcd_lds_driver LD_LIBRARY_PATH=/home/pi/work/maze_bot/programming/mbot_ws/install/mazebot_msgs/lib:${LD_LIBRARY_PATH} PYTHONPATH=/home/pi/work/maze_bot/programming/mbot_ws/build/robocup/prefix_override:/home/pi/work/maze_bot/programming/mbot_ws/install/robocup/lib/python3.10/site-packages:/home/pi/work/maze_bot/programming/mbot_ws/install/mazebot_msgs/local/lib/python3.10/dist-packages:${PYTHONPATH} /usr/bin/python3 setup.py egg_info --egg-base ../../build/robocup build --build-base /home/pi/work/maze_bot/programming/mbot_ws/build/robocup/build install --record /home/pi/work/maze_bot/programming/mbot_ws/build/robocup/install.log --single-version-externally-managed
[13.026s] Level 1:colcon.colcon_core.environment:checking '/home/pi/work/maze_bot/programming/mbot_ws/install/robocup' for CMake module files
[13.028s] DEBUG:colcon.colcon_core.event_handler.log_command:Invoked command in '/home/pi/work/maze_bot/programming/mbot_ws/src/robocup' returned '0': AMENT_PREFIX_PATH=/home/pi/work/maze_bot/programming/mbot_ws/install/mazebot_msgs:/home/pi/work/maze_bot/programming/mbot_ws/install/hls_lfcd_lds_driver:${AMENT_PREFIX_PATH} CMAKE_PREFIX_PATH=/home/pi/work/maze_bot/programming/mbot_ws/install/mazebot_msgs:/home/pi/work/maze_bot/programming/mbot_ws/install/hls_lfcd_lds_driver LD_LIBRARY_PATH=/home/pi/work/maze_bot/programming/mbot_ws/install/mazebot_msgs/lib:${LD_LIBRARY_PATH} PYTHONPATH=/home/pi/work/maze_bot/programming/mbot_ws/build/robocup/prefix_override:/home/pi/work/maze_bot/programming/mbot_ws/install/robocup/lib/python3.10/site-packages:/home/pi/work/maze_bot/programming/mbot_ws/install/mazebot_msgs/local/lib/python3.10/dist-packages:${PYTHONPATH} /usr/bin/python3 setup.py egg_info --egg-base ../../build/robocup build --build-base /home/pi/work/maze_bot/programming/mbot_ws/build/robocup/build install --record /home/pi/work/maze_bot/programming/mbot_ws/build/robocup/install.log --single-version-externally-managed
[13.030s] Level 1:colcon.colcon_core.environment:checking '/home/pi/work/maze_bot/programming/mbot_ws/install/robocup' for CMake config files
[13.038s] Level 1:colcon.colcon_core.environment:checking '/home/pi/work/maze_bot/programming/mbot_ws/install/robocup/lib'
[13.038s] Level 1:colcon.colcon_core.environment:checking '/home/pi/work/maze_bot/programming/mbot_ws/install/robocup/bin'
[13.039s] Level 1:colcon.colcon_core.environment:checking '/home/pi/work/maze_bot/programming/mbot_ws/install/robocup/lib/pkgconfig/robocup.pc'
[13.040s] Level 1:colcon.colcon_core.environment:checking '/home/pi/work/maze_bot/programming/mbot_ws/install/robocup/lib/python3.10/site-packages'
[13.040s] Level 1:colcon.colcon_core.shell:create_environment_hook('robocup', 'pythonpath')
[13.048s] INFO:colcon.colcon_core.shell:Creating environment hook '/home/pi/work/maze_bot/programming/mbot_ws/install/robocup/share/robocup/hook/pythonpath.ps1'
[13.051s] INFO:colcon.colcon_core.shell:Creating environment descriptor '/home/pi/work/maze_bot/programming/mbot_ws/install/robocup/share/robocup/hook/pythonpath.dsv'
[13.053s] INFO:colcon.colcon_core.shell:Creating environment hook '/home/pi/work/maze_bot/programming/mbot_ws/install/robocup/share/robocup/hook/pythonpath.sh'
[13.056s] Level 1:colcon.colcon_core.environment:checking '/home/pi/work/maze_bot/programming/mbot_ws/install/robocup/bin'
[13.056s] Level 1:colcon.colcon_core.environment:create_environment_scripts_only(robocup)
[13.062s] INFO:colcon.colcon_core.shell:Creating package script '/home/pi/work/maze_bot/programming/mbot_ws/install/robocup/share/robocup/package.ps1'
[13.064s] INFO:colcon.colcon_core.shell:Creating package descriptor '/home/pi/work/maze_bot/programming/mbot_ws/install/robocup/share/robocup/package.dsv'
[13.066s] INFO:colcon.colcon_core.shell:Creating package script '/home/pi/work/maze_bot/programming/mbot_ws/install/robocup/share/robocup/package.sh'
[13.068s] INFO:colcon.colcon_core.shell:Creating package script '/home/pi/work/maze_bot/programming/mbot_ws/install/robocup/share/robocup/package.bash'
[13.070s] INFO:colcon.colcon_core.shell:Creating package script '/home/pi/work/maze_bot/programming/mbot_ws/install/robocup/share/robocup/package.zsh'
[13.071s] Level 1:colcon.colcon_core.environment:create_file_with_runtime_dependencies(/home/pi/work/maze_bot/programming/mbot_ws/install/robocup/share/colcon-core/packages/robocup)
[13.072s] DEBUG:colcon.colcon_parallel_executor.executor.parallel:closing loop
[13.073s] DEBUG:colcon.colcon_parallel_executor.executor.parallel:loop closed
[13.074s] DEBUG:colcon.colcon_parallel_executor.executor.parallel:run_until_complete finished with '0'
[13.074s] DEBUG:colcon.colcon_core.event_reactor:joining thread
[13.101s] INFO:colcon.colcon_core.plugin_system:Skipping extension 'colcon_notification.desktop_notification.terminal_notifier': Not used on non-Darwin systems
[13.101s] INFO:colcon.colcon_core.plugin_system:Skipping extension 'colcon_notification.desktop_notification.win32': Not used on non-Windows systems
[13.101s] INFO:colcon.colcon_notification.desktop_notification:Sending desktop notification using 'notify2'
[13.102s] DEBUG:colcon.colcon_notification.desktop_notification.notify2:Failed to initialize notify2: org.freedesktop.DBus.Error.NotSupported: Unable to autolaunch a dbus-daemon without a $DISPLAY for X11
[13.102s] DEBUG:colcon.colcon_core.event_reactor:joined thread
[13.107s] INFO:colcon.colcon_core.shell:Creating prefix script '/home/pi/work/maze_bot/programming/mbot_ws/install/local_setup.ps1'
[13.114s] INFO:colcon.colcon_core.shell:Creating prefix util module '/home/pi/work/maze_bot/programming/mbot_ws/install/_local_setup_util_ps1.py'
[13.122s] INFO:colcon.colcon_core.shell:Creating prefix chain script '/home/pi/work/maze_bot/programming/mbot_ws/install/setup.ps1'
[13.130s] INFO:colcon.colcon_core.shell:Creating prefix script '/home/pi/work/maze_bot/programming/mbot_ws/install/local_setup.sh'
[13.133s] INFO:colcon.colcon_core.shell:Creating prefix util module '/home/pi/work/maze_bot/programming/mbot_ws/install/_local_setup_util_sh.py'
[13.136s] INFO:colcon.colcon_core.shell:Creating prefix chain script '/home/pi/work/maze_bot/programming/mbot_ws/install/setup.sh'
[13.142s] INFO:colcon.colcon_core.shell:Creating prefix script '/home/pi/work/maze_bot/programming/mbot_ws/install/local_setup.bash'
[13.146s] INFO:colcon.colcon_core.shell:Creating prefix chain script '/home/pi/work/maze_bot/programming/mbot_ws/install/setup.bash'
[13.152s] INFO:colcon.colcon_core.shell:Creating prefix script '/home/pi/work/maze_bot/programming/mbot_ws/install/local_setup.zsh'
[13.155s] INFO:colcon.colcon_core.shell:Creating prefix chain script '/home/pi/work/maze_bot/programming/mbot_ws/install/setup.zsh'
