[0.533s] Invoking command in '/home/kurzmann/mbot_ws/build/publisher': PYTHONPATH=/home/kurzmann/mbot_ws/build/publisher/prefix_override:/home/kurzmann/mbot_ws/install/publisher/lib/python3.10/site-packages:${PYTHONPATH} /usr/bin/python3 setup.py develop --editable --build-directory /home/kurzmann/mbot_ws/build/publisher/build --no-deps install_data
[0.688s] running develop
[0.688s] /usr/lib/python3/dist-packages/setuptools/command/easy_install.py:158: EasyInstallDeprecationWarning: easy_install command is deprecated. Use build and pip and other standards-based tools.
[0.688s]   warnings.warn(
[0.689s] /usr/lib/python3/dist-packages/setuptools/command/install.py:34: SetuptoolsDeprecationWarning: setup.py install is deprecated. Use build and pip and other standards-based tools.
[0.689s]   warnings.warn(
[0.723s] /usr/lib/python3/dist-packages/pkg_resources/__init__.py:116: PkgResourcesDeprecationWarning: 1.16.0-unknown is an invalid version and will not be supported in a future release
[0.723s]   warnings.warn(
[0.723s] /usr/lib/python3/dist-packages/pkg_resources/__init__.py:116: PkgResourcesDeprecationWarning: 1.1build1 is an invalid version and will not be supported in a future release
[0.723s]   warnings.warn(
[0.723s] /usr/lib/python3/dist-packages/pkg_resources/__init__.py:116: PkgResourcesDeprecationWarning: 0.1.43ubuntu1 is an invalid version and will not be supported in a future release
[0.723s]   warnings.warn(
[0.785s] running egg_info
[0.785s] writing publisher.egg-info/PKG-INFO
[0.785s] writing dependency_links to publisher.egg-info/dependency_links.txt
[0.785s] writing entry points to publisher.egg-info/entry_points.txt
[0.785s] writing requirements to publisher.egg-info/requires.txt
[0.785s] writing top-level names to publisher.egg-info/top_level.txt
[0.786s] reading manifest file 'publisher.egg-info/SOURCES.txt'
[0.787s] writing manifest file 'publisher.egg-info/SOURCES.txt'
[0.788s] running build_ext
[0.788s] Creating /home/kurzmann/mbot_ws/install/publisher/lib/python3.10/site-packages/publisher.egg-link (link to .)
[0.788s] Installing openMV script to /home/kurzmann/mbot_ws/install/publisher/lib/publisher
[0.788s] Installing rc_sensor script to /home/kurzmann/mbot_ws/install/publisher/lib/publisher
[0.788s] 
[0.788s] Installed /home/kurzmann/mbot_ws/build/publisher
[0.788s] running install_data
[0.819s] Invoked command in '/home/kurzmann/mbot_ws/build/publisher' returned '0': PYTHONPATH=/home/kurzmann/mbot_ws/build/publisher/prefix_override:/home/kurzmann/mbot_ws/install/publisher/lib/python3.10/site-packages:${PYTHONPATH} /usr/bin/python3 setup.py develop --editable --build-directory /home/kurzmann/mbot_ws/build/publisher/build --no-deps install_data
