[0.138s] Invoking command in '/home/pi/work/maze_bot/programming/mbot_ws/build/mazebot_msgs': CMAKE_PREFIX_PATH=${CMAKE_PREFIX_PATH}:/home/pi/work/maze_bot/programming/mbot_ws/install/robocup:/home/pi/work/maze_bot/programming/mbot_ws/install/publisher:/home/pi/work/maze_bot/programming/mbot_ws/install/my_package:/home/pi/work/maze_bot/programming/mbot_ws/install/mazebot_v1:/home/pi/work/ws_robu/install/turtlebot3_teleop:/home/pi/work/ws_robu/install/turtlebot3_example:/home/pi/work/ws_robu/install/robocup:/opt/ros/humble /usr/bin/cmake --build /home/pi/work/maze_bot/programming/mbot_ws/build/mazebot_msgs -- -j4 -l4
[0.619s] [  2%] Built target mazebot_msgs__cpp
[0.629s] [  8%] Built target ament_cmake_python_copy_mazebot_msgs
[0.631s] [ 12%] Built target mazebot_msgs__rosidl_generator_c
[0.873s] [ 23%] Built target mazebot_msgs__rosidl_typesupport_introspection_cpp
[0.885s] [ 34%] Built target mazebot_msgs__rosidl_typesupport_cpp
[0.925s] [ 44%] Built target mazebot_msgs__rosidl_typesupport_fastrtps_cpp
[1.114s] [ 55%] Built target mazebot_msgs__rosidl_typesupport_fastrtps_c
[1.122s] [ 65%] Built target mazebot_msgs__rosidl_typesupport_introspection_c
[1.176s] [ 76%] Built target mazebot_msgs__rosidl_typesupport_c
[1.306s] [ 76%] Built target mazebot_msgs
[1.450s] [ 78%] Built target mazebot_msgs__py
[1.596s] [ 87%] Built target mazebot_msgs__rosidl_generator_py
[1.772s] [ 91%] Built target mazebot_msgs__rosidl_typesupport_introspection_c__pyext
[1.806s] [ 95%] Built target mazebot_msgs__rosidl_typesupport_c__pyext
[1.842s] [100%] Built target mazebot_msgs__rosidl_typesupport_fastrtps_c__pyext
[2.696s] running egg_info
[2.699s] writing mazebot_msgs.egg-info/PKG-INFO
[2.701s] writing dependency_links to mazebot_msgs.egg-info/dependency_links.txt
[2.702s] writing top-level names to mazebot_msgs.egg-info/top_level.txt
[2.715s] reading manifest file 'mazebot_msgs.egg-info/SOURCES.txt'
[2.721s] writing manifest file 'mazebot_msgs.egg-info/SOURCES.txt'
[2.874s] [100%] Built target ament_cmake_python_build_mazebot_msgs_egg
[2.950s] Invoked command in '/home/pi/work/maze_bot/programming/mbot_ws/build/mazebot_msgs' returned '0': CMAKE_PREFIX_PATH=${CMAKE_PREFIX_PATH}:/home/pi/work/maze_bot/programming/mbot_ws/install/robocup:/home/pi/work/maze_bot/programming/mbot_ws/install/publisher:/home/pi/work/maze_bot/programming/mbot_ws/install/my_package:/home/pi/work/maze_bot/programming/mbot_ws/install/mazebot_v1:/home/pi/work/ws_robu/install/turtlebot3_teleop:/home/pi/work/ws_robu/install/turtlebot3_example:/home/pi/work/ws_robu/install/robocup:/opt/ros/humble /usr/bin/cmake --build /home/pi/work/maze_bot/programming/mbot_ws/build/mazebot_msgs -- -j4 -l4
[3.799s] Invoking command in '/home/pi/work/maze_bot/programming/mbot_ws/build/mazebot_msgs': CMAKE_PREFIX_PATH=${CMAKE_PREFIX_PATH}:/home/pi/work/maze_bot/programming/mbot_ws/install/robocup:/home/pi/work/maze_bot/programming/mbot_ws/install/publisher:/home/pi/work/maze_bot/programming/mbot_ws/install/my_package:/home/pi/work/maze_bot/programming/mbot_ws/install/mazebot_v1:/home/pi/work/ws_robu/install/turtlebot3_teleop:/home/pi/work/ws_robu/install/turtlebot3_example:/home/pi/work/ws_robu/install/robocup:/opt/ros/humble /usr/bin/cmake --install /home/pi/work/maze_bot/programming/mbot_ws/build/mazebot_msgs
[3.838s] -- Install configuration: ""
[3.851s] -- Up-to-date: /home/pi/work/maze_bot/programming/mbot_ws/install/mazebot_msgs/share/ament_index/resource_index/rosidl_interfaces/mazebot_msgs
[3.852s] -- Up-to-date: /home/pi/work/maze_bot/programming/mbot_ws/install/mazebot_msgs/include/mazebot_msgs/mazebot_msgs
[3.853s] -- Up-to-date: /home/pi/work/maze_bot/programming/mbot_ws/install/mazebot_msgs/include/mazebot_msgs/mazebot_msgs/msg
[3.854s] -- Up-to-date: /home/pi/work/maze_bot/programming/mbot_ws/install/mazebot_msgs/include/mazebot_msgs/mazebot_msgs/msg/mazebot_field_orientation.h
[3.855s] -- Up-to-date: /home/pi/work/maze_bot/programming/mbot_ws/install/mazebot_msgs/include/mazebot_msgs/mazebot_msgs/msg/rosidl_generator_c__visibility_control.h
[3.856s] -- Up-to-date: /home/pi/work/maze_bot/programming/mbot_ws/install/mazebot_msgs/include/mazebot_msgs/mazebot_msgs/msg/mazebot_neighboring_fields_wall_detection.h
[3.856s] -- Up-to-date: /home/pi/work/maze_bot/programming/mbot_ws/install/mazebot_msgs/include/mazebot_msgs/mazebot_msgs/msg/lidar_scan_processed.h
[3.857s] -- Up-to-date: /home/pi/work/maze_bot/programming/mbot_ws/install/mazebot_msgs/include/mazebot_msgs/mazebot_msgs/msg/detail
[3.857s] -- Up-to-date: /home/pi/work/maze_bot/programming/mbot_ws/install/mazebot_msgs/include/mazebot_msgs/mazebot_msgs/msg/detail/mazebot_neighboring_fields_wall_detection__struct.h
[3.858s] -- Up-to-date: /home/pi/work/maze_bot/programming/mbot_ws/install/mazebot_msgs/include/mazebot_msgs/mazebot_msgs/msg/detail/mazebot_field_orientation__functions.c
[3.858s] -- Up-to-date: /home/pi/work/maze_bot/programming/mbot_ws/install/mazebot_msgs/include/mazebot_msgs/mazebot_msgs/msg/detail/mazebot_field_orientation__type_support.h
[3.859s] -- Up-to-date: /home/pi/work/maze_bot/programming/mbot_ws/install/mazebot_msgs/include/mazebot_msgs/mazebot_msgs/msg/detail/mazebot_neighboring_fields_wall_detection__functions.c
[3.859s] -- Up-to-date: /home/pi/work/maze_bot/programming/mbot_ws/install/mazebot_msgs/include/mazebot_msgs/mazebot_msgs/msg/detail/lidar_scan_processed__functions.c
[3.860s] -- Up-to-date: /home/pi/work/maze_bot/programming/mbot_ws/install/mazebot_msgs/include/mazebot_msgs/mazebot_msgs/msg/detail/mazebot_neighboring_fields_wall_detection__functions.h
[3.860s] -- Up-to-date: /home/pi/work/maze_bot/programming/mbot_ws/install/mazebot_msgs/include/mazebot_msgs/mazebot_msgs/msg/detail/mazebot_field_orientation__functions.h
[3.861s] -- Up-to-date: /home/pi/work/maze_bot/programming/mbot_ws/install/mazebot_msgs/include/mazebot_msgs/mazebot_msgs/msg/detail/lidar_scan_processed__functions.h
[3.862s] -- Up-to-date: /home/pi/work/maze_bot/programming/mbot_ws/install/mazebot_msgs/include/mazebot_msgs/mazebot_msgs/msg/detail/mazebot_field_orientation__struct.h
[3.863s] -- Up-to-date: /home/pi/work/maze_bot/programming/mbot_ws/install/mazebot_msgs/include/mazebot_msgs/mazebot_msgs/msg/detail/mazebot_neighboring_fields_wall_detection__type_support.h
[3.863s] -- Up-to-date: /home/pi/work/maze_bot/programming/mbot_ws/install/mazebot_msgs/include/mazebot_msgs/mazebot_msgs/msg/detail/lidar_scan_processed__type_support.h
[3.864s] -- Up-to-date: /home/pi/work/maze_bot/programming/mbot_ws/install/mazebot_msgs/include/mazebot_msgs/mazebot_msgs/msg/detail/lidar_scan_processed__struct.h
[3.865s] -- Up-to-date: /home/pi/work/maze_bot/programming/mbot_ws/install/mazebot_msgs/share/mazebot_msgs/environment/library_path.sh
[3.865s] -- Up-to-date: /home/pi/work/maze_bot/programming/mbot_ws/install/mazebot_msgs/share/mazebot_msgs/environment/library_path.dsv
[3.866s] -- Up-to-date: /home/pi/work/maze_bot/programming/mbot_ws/install/mazebot_msgs/lib/libmazebot_msgs__rosidl_generator_c.so
[3.866s] -- Up-to-date: /home/pi/work/maze_bot/programming/mbot_ws/install/mazebot_msgs/include/mazebot_msgs/mazebot_msgs
[3.867s] -- Up-to-date: /home/pi/work/maze_bot/programming/mbot_ws/install/mazebot_msgs/include/mazebot_msgs/mazebot_msgs/msg
[3.870s] -- Up-to-date: /home/pi/work/maze_bot/programming/mbot_ws/install/mazebot_msgs/include/mazebot_msgs/mazebot_msgs/msg/rosidl_typesupport_fastrtps_c__visibility_control.h
[3.871s] -- Up-to-date: /home/pi/work/maze_bot/programming/mbot_ws/install/mazebot_msgs/include/mazebot_msgs/mazebot_msgs/msg/detail
[3.871s] -- Up-to-date: /home/pi/work/maze_bot/programming/mbot_ws/install/mazebot_msgs/include/mazebot_msgs/mazebot_msgs/msg/detail/mazebot_field_orientation__rosidl_typesupport_fastrtps_c.h
[3.871s] -- Up-to-date: /home/pi/work/maze_bot/programming/mbot_ws/install/mazebot_msgs/include/mazebot_msgs/mazebot_msgs/msg/detail/lidar_scan_processed__rosidl_typesupport_fastrtps_c.h
[3.872s] -- Up-to-date: /home/pi/work/maze_bot/programming/mbot_ws/install/mazebot_msgs/include/mazebot_msgs/mazebot_msgs/msg/detail/mazebot_neighboring_fields_wall_detection__rosidl_typesupport_fastrtps_c.h
[3.873s] -- Up-to-date: /home/pi/work/maze_bot/programming/mbot_ws/install/mazebot_msgs/lib/libmazebot_msgs__rosidl_typesupport_fastrtps_c.so
[3.873s] -- Up-to-date: /home/pi/work/maze_bot/programming/mbot_ws/install/mazebot_msgs/include/mazebot_msgs/mazebot_msgs
[3.874s] -- Up-to-date: /home/pi/work/maze_bot/programming/mbot_ws/install/mazebot_msgs/include/mazebot_msgs/mazebot_msgs/msg
[3.874s] -- Up-to-date: /home/pi/work/maze_bot/programming/mbot_ws/install/mazebot_msgs/include/mazebot_msgs/mazebot_msgs/msg/mazebot_field_orientation.hpp
[3.875s] -- Up-to-date: /home/pi/work/maze_bot/programming/mbot_ws/install/mazebot_msgs/include/mazebot_msgs/mazebot_msgs/msg/detail
[3.875s] -- Up-to-date: /home/pi/work/maze_bot/programming/mbot_ws/install/mazebot_msgs/include/mazebot_msgs/mazebot_msgs/msg/detail/lidar_scan_processed__builder.hpp
[3.876s] -- Up-to-date: /home/pi/work/maze_bot/programming/mbot_ws/install/mazebot_msgs/include/mazebot_msgs/mazebot_msgs/msg/detail/lidar_scan_processed__traits.hpp
[3.876s] -- Up-to-date: /home/pi/work/maze_bot/programming/mbot_ws/install/mazebot_msgs/include/mazebot_msgs/mazebot_msgs/msg/detail/mazebot_neighboring_fields_wall_detection__builder.hpp
[3.877s] -- Up-to-date: /home/pi/work/maze_bot/programming/mbot_ws/install/mazebot_msgs/include/mazebot_msgs/mazebot_msgs/msg/detail/mazebot_field_orientation__builder.hpp
[3.878s] -- Up-to-date: /home/pi/work/maze_bot/programming/mbot_ws/install/mazebot_msgs/include/mazebot_msgs/mazebot_msgs/msg/detail/lidar_scan_processed__struct.hpp
[3.878s] -- Up-to-date: /home/pi/work/maze_bot/programming/mbot_ws/install/mazebot_msgs/include/mazebot_msgs/mazebot_msgs/msg/detail/mazebot_field_orientation__traits.hpp
[3.879s] -- Up-to-date: /home/pi/work/maze_bot/programming/mbot_ws/install/mazebot_msgs/include/mazebot_msgs/mazebot_msgs/msg/detail/mazebot_neighboring_fields_wall_detection__traits.hpp
[3.880s] -- Up-to-date: /home/pi/work/maze_bot/programming/mbot_ws/install/mazebot_msgs/include/mazebot_msgs/mazebot_msgs/msg/detail/mazebot_neighboring_fields_wall_detection__struct.hpp
[3.880s] -- Up-to-date: /home/pi/work/maze_bot/programming/mbot_ws/install/mazebot_msgs/include/mazebot_msgs/mazebot_msgs/msg/detail/mazebot_field_orientation__struct.hpp
[3.881s] -- Up-to-date: /home/pi/work/maze_bot/programming/mbot_ws/install/mazebot_msgs/include/mazebot_msgs/mazebot_msgs/msg/lidar_scan_processed.hpp
[3.881s] -- Up-to-date: /home/pi/work/maze_bot/programming/mbot_ws/install/mazebot_msgs/include/mazebot_msgs/mazebot_msgs/msg/mazebot_neighboring_fields_wall_detection.hpp
[3.884s] -- Up-to-date: /home/pi/work/maze_bot/programming/mbot_ws/install/mazebot_msgs/include/mazebot_msgs/mazebot_msgs
[3.886s] -- Up-to-date: /home/pi/work/maze_bot/programming/mbot_ws/install/mazebot_msgs/include/mazebot_msgs/mazebot_msgs/msg
[3.886s] -- Up-to-date: /home/pi/work/maze_bot/programming/mbot_ws/install/mazebot_msgs/include/mazebot_msgs/mazebot_msgs/msg/rosidl_typesupport_fastrtps_cpp__visibility_control.h
[3.887s] -- Up-to-date: /home/pi/work/maze_bot/programming/mbot_ws/install/mazebot_msgs/include/mazebot_msgs/mazebot_msgs/msg/detail
[3.887s] -- Up-to-date: /home/pi/work/maze_bot/programming/mbot_ws/install/mazebot_msgs/include/mazebot_msgs/mazebot_msgs/msg/detail/mazebot_neighboring_fields_wall_detection__rosidl_typesupport_fastrtps_cpp.hpp
[3.888s] -- Up-to-date: /home/pi/work/maze_bot/programming/mbot_ws/install/mazebot_msgs/include/mazebot_msgs/mazebot_msgs/msg/detail/lidar_scan_processed__rosidl_typesupport_fastrtps_cpp.hpp
[3.888s] -- Up-to-date: /home/pi/work/maze_bot/programming/mbot_ws/install/mazebot_msgs/include/mazebot_msgs/mazebot_msgs/msg/detail/mazebot_field_orientation__rosidl_typesupport_fastrtps_cpp.hpp
[3.889s] -- Up-to-date: /home/pi/work/maze_bot/programming/mbot_ws/install/mazebot_msgs/include/mazebot_msgs/mazebot_msgs/msg/detail/dds_fastrtps
[3.889s] -- Up-to-date: /home/pi/work/maze_bot/programming/mbot_ws/install/mazebot_msgs/lib/libmazebot_msgs__rosidl_typesupport_fastrtps_cpp.so
[3.890s] -- Up-to-date: /home/pi/work/maze_bot/programming/mbot_ws/install/mazebot_msgs/include/mazebot_msgs/mazebot_msgs
[3.891s] -- Up-to-date: /home/pi/work/maze_bot/programming/mbot_ws/install/mazebot_msgs/include/mazebot_msgs/mazebot_msgs/msg
[3.891s] -- Up-to-date: /home/pi/work/maze_bot/programming/mbot_ws/install/mazebot_msgs/include/mazebot_msgs/mazebot_msgs/msg/rosidl_typesupport_introspection_c__visibility_control.h
[3.892s] -- Up-to-date: /home/pi/work/maze_bot/programming/mbot_ws/install/mazebot_msgs/include/mazebot_msgs/mazebot_msgs/msg/detail
[3.892s] -- Up-to-date: /home/pi/work/maze_bot/programming/mbot_ws/install/mazebot_msgs/include/mazebot_msgs/mazebot_msgs/msg/detail/mazebot_field_orientation__rosidl_typesupport_introspection_c.h
[3.893s] -- Up-to-date: /home/pi/work/maze_bot/programming/mbot_ws/install/mazebot_msgs/include/mazebot_msgs/mazebot_msgs/msg/detail/mazebot_field_orientation__type_support.c
[3.894s] -- Up-to-date: /home/pi/work/maze_bot/programming/mbot_ws/install/mazebot_msgs/include/mazebot_msgs/mazebot_msgs/msg/detail/mazebot_neighboring_fields_wall_detection__rosidl_typesupport_introspection_c.h
[3.894s] -- Up-to-date: /home/pi/work/maze_bot/programming/mbot_ws/install/mazebot_msgs/include/mazebot_msgs/mazebot_msgs/msg/detail/lidar_scan_processed__rosidl_typesupport_introspection_c.h
[3.895s] -- Up-to-date: /home/pi/work/maze_bot/programming/mbot_ws/install/mazebot_msgs/include/mazebot_msgs/mazebot_msgs/msg/detail/lidar_scan_processed__type_support.c
[3.895s] -- Up-to-date: /home/pi/work/maze_bot/programming/mbot_ws/install/mazebot_msgs/include/mazebot_msgs/mazebot_msgs/msg/detail/mazebot_neighboring_fields_wall_detection__type_support.c
[3.896s] -- Up-to-date: /home/pi/work/maze_bot/programming/mbot_ws/install/mazebot_msgs/lib/libmazebot_msgs__rosidl_typesupport_introspection_c.so
[3.896s] -- Up-to-date: /home/pi/work/maze_bot/programming/mbot_ws/install/mazebot_msgs/lib/libmazebot_msgs__rosidl_typesupport_c.so
[3.897s] -- Up-to-date: /home/pi/work/maze_bot/programming/mbot_ws/install/mazebot_msgs/include/mazebot_msgs/mazebot_msgs
[3.898s] -- Up-to-date: /home/pi/work/maze_bot/programming/mbot_ws/install/mazebot_msgs/include/mazebot_msgs/mazebot_msgs/msg
[3.898s] -- Up-to-date: /home/pi/work/maze_bot/programming/mbot_ws/install/mazebot_msgs/include/mazebot_msgs/mazebot_msgs/msg/detail
[3.899s] -- Up-to-date: /home/pi/work/maze_bot/programming/mbot_ws/install/mazebot_msgs/include/mazebot_msgs/mazebot_msgs/msg/detail/mazebot_neighboring_fields_wall_detection__rosidl_typesupport_introspection_cpp.hpp
[3.899s] -- Up-to-date: /home/pi/work/maze_bot/programming/mbot_ws/install/mazebot_msgs/include/mazebot_msgs/mazebot_msgs/msg/detail/mazebot_neighboring_fields_wall_detection__type_support.cpp
[3.900s] -- Up-to-date: /home/pi/work/maze_bot/programming/mbot_ws/install/mazebot_msgs/include/mazebot_msgs/mazebot_msgs/msg/detail/mazebot_field_orientation__type_support.cpp
[3.900s] -- Up-to-date: /home/pi/work/maze_bot/programming/mbot_ws/install/mazebot_msgs/include/mazebot_msgs/mazebot_msgs/msg/detail/lidar_scan_processed__type_support.cpp
[3.901s] -- Up-to-date: /home/pi/work/maze_bot/programming/mbot_ws/install/mazebot_msgs/include/mazebot_msgs/mazebot_msgs/msg/detail/mazebot_field_orientation__rosidl_typesupport_introspection_cpp.hpp
[3.902s] -- Up-to-date: /home/pi/work/maze_bot/programming/mbot_ws/install/mazebot_msgs/include/mazebot_msgs/mazebot_msgs/msg/detail/lidar_scan_processed__rosidl_typesupport_introspection_cpp.hpp
[3.903s] -- Up-to-date: /home/pi/work/maze_bot/programming/mbot_ws/install/mazebot_msgs/lib/libmazebot_msgs__rosidl_typesupport_introspection_cpp.so
[3.904s] -- Up-to-date: /home/pi/work/maze_bot/programming/mbot_ws/install/mazebot_msgs/lib/libmazebot_msgs__rosidl_typesupport_cpp.so
[3.905s] -- Up-to-date: /home/pi/work/maze_bot/programming/mbot_ws/install/mazebot_msgs/share/mazebot_msgs/environment/pythonpath.sh
[3.905s] -- Up-to-date: /home/pi/work/maze_bot/programming/mbot_ws/install/mazebot_msgs/share/mazebot_msgs/environment/pythonpath.dsv
[3.906s] -- Up-to-date: /home/pi/work/maze_bot/programming/mbot_ws/install/mazebot_msgs/local/lib/python3.10/dist-packages/mazebot_msgs-1.0.0-py3.10.egg-info
[3.906s] -- Installing: /home/pi/work/maze_bot/programming/mbot_ws/install/mazebot_msgs/local/lib/python3.10/dist-packages/mazebot_msgs-1.0.0-py3.10.egg-info/PKG-INFO
[3.907s] -- Installing: /home/pi/work/maze_bot/programming/mbot_ws/install/mazebot_msgs/local/lib/python3.10/dist-packages/mazebot_msgs-1.0.0-py3.10.egg-info/top_level.txt
[3.907s] -- Installing: /home/pi/work/maze_bot/programming/mbot_ws/install/mazebot_msgs/local/lib/python3.10/dist-packages/mazebot_msgs-1.0.0-py3.10.egg-info/SOURCES.txt
[3.907s] -- Installing: /home/pi/work/maze_bot/programming/mbot_ws/install/mazebot_msgs/local/lib/python3.10/dist-packages/mazebot_msgs-1.0.0-py3.10.egg-info/dependency_links.txt
[3.908s] -- Up-to-date: /home/pi/work/maze_bot/programming/mbot_ws/install/mazebot_msgs/local/lib/python3.10/dist-packages/mazebot_msgs
[3.909s] -- Up-to-date: /home/pi/work/maze_bot/programming/mbot_ws/install/mazebot_msgs/local/lib/python3.10/dist-packages/mazebot_msgs/_mazebot_msgs_s.ep.rosidl_typesupport_introspection_c.c
[3.909s] -- Up-to-date: /home/pi/work/maze_bot/programming/mbot_ws/install/mazebot_msgs/local/lib/python3.10/dist-packages/mazebot_msgs/mazebot_msgs_s__rosidl_typesupport_fastrtps_c.cpython-310-aarch64-linux-gnu.so
[3.909s] -- Up-to-date: /home/pi/work/maze_bot/programming/mbot_ws/install/mazebot_msgs/local/lib/python3.10/dist-packages/mazebot_msgs/msg
[3.910s] -- Up-to-date: /home/pi/work/maze_bot/programming/mbot_ws/install/mazebot_msgs/local/lib/python3.10/dist-packages/mazebot_msgs/msg/_mazebot_neighboring_fields_wall_detection.py
[3.911s] -- Up-to-date: /home/pi/work/maze_bot/programming/mbot_ws/install/mazebot_msgs/local/lib/python3.10/dist-packages/mazebot_msgs/msg/_mazebot_field_orientation_s.c
[3.911s] -- Up-to-date: /home/pi/work/maze_bot/programming/mbot_ws/install/mazebot_msgs/local/lib/python3.10/dist-packages/mazebot_msgs/msg/__init__.py
[3.911s] -- Up-to-date: /home/pi/work/maze_bot/programming/mbot_ws/install/mazebot_msgs/local/lib/python3.10/dist-packages/mazebot_msgs/msg/_lidar_scan_processed_s.c
[3.912s] -- Up-to-date: /home/pi/work/maze_bot/programming/mbot_ws/install/mazebot_msgs/local/lib/python3.10/dist-packages/mazebot_msgs/msg/_mazebot_neighboring_fields_wall_detection_s.c
[3.912s] -- Up-to-date: /home/pi/work/maze_bot/programming/mbot_ws/install/mazebot_msgs/local/lib/python3.10/dist-packages/mazebot_msgs/msg/_mazebot_field_orientation.py
[3.913s] -- Up-to-date: /home/pi/work/maze_bot/programming/mbot_ws/install/mazebot_msgs/local/lib/python3.10/dist-packages/mazebot_msgs/msg/_lidar_scan_processed.py
[3.913s] -- Up-to-date: /home/pi/work/maze_bot/programming/mbot_ws/install/mazebot_msgs/local/lib/python3.10/dist-packages/mazebot_msgs/_mazebot_msgs_s.ep.rosidl_typesupport_fastrtps_c.c
[3.914s] -- Up-to-date: /home/pi/work/maze_bot/programming/mbot_ws/install/mazebot_msgs/local/lib/python3.10/dist-packages/mazebot_msgs/__init__.py
[3.915s] -- Up-to-date: /home/pi/work/maze_bot/programming/mbot_ws/install/mazebot_msgs/local/lib/python3.10/dist-packages/mazebot_msgs/mazebot_msgs_s__rosidl_typesupport_c.cpython-310-aarch64-linux-gnu.so
[3.916s] -- Up-to-date: /home/pi/work/maze_bot/programming/mbot_ws/install/mazebot_msgs/local/lib/python3.10/dist-packages/mazebot_msgs/libmazebot_msgs__rosidl_generator_py.so
[3.916s] -- Up-to-date: /home/pi/work/maze_bot/programming/mbot_ws/install/mazebot_msgs/local/lib/python3.10/dist-packages/mazebot_msgs/_mazebot_msgs_s.ep.rosidl_typesupport_c.c
[3.917s] -- Up-to-date: /home/pi/work/maze_bot/programming/mbot_ws/install/mazebot_msgs/local/lib/python3.10/dist-packages/mazebot_msgs/mazebot_msgs_s__rosidl_typesupport_introspection_c.cpython-310-aarch64-linux-gnu.so
[4.123s] Listing '/home/pi/work/maze_bot/programming/mbot_ws/install/mazebot_msgs/local/lib/python3.10/dist-packages/mazebot_msgs'...
[4.125s] Listing '/home/pi/work/maze_bot/programming/mbot_ws/install/mazebot_msgs/local/lib/python3.10/dist-packages/mazebot_msgs/msg'...
[4.166s] -- Up-to-date: /home/pi/work/maze_bot/programming/mbot_ws/install/mazebot_msgs/local/lib/python3.10/dist-packages/mazebot_msgs/mazebot_msgs_s__rosidl_typesupport_fastrtps_c.cpython-310-aarch64-linux-gnu.so
[4.169s] -- Up-to-date: /home/pi/work/maze_bot/programming/mbot_ws/install/mazebot_msgs/local/lib/python3.10/dist-packages/mazebot_msgs/mazebot_msgs_s__rosidl_typesupport_introspection_c.cpython-310-aarch64-linux-gnu.so
[4.173s] -- Up-to-date: /home/pi/work/maze_bot/programming/mbot_ws/install/mazebot_msgs/local/lib/python3.10/dist-packages/mazebot_msgs/mazebot_msgs_s__rosidl_typesupport_c.cpython-310-aarch64-linux-gnu.so
[4.177s] -- Up-to-date: /home/pi/work/maze_bot/programming/mbot_ws/install/mazebot_msgs/lib/libmazebot_msgs__rosidl_generator_py.so
[4.178s] -- Up-to-date: /home/pi/work/maze_bot/programming/mbot_ws/install/mazebot_msgs/share/mazebot_msgs/msg/LidarScanProcessed.idl
[4.179s] -- Up-to-date: /home/pi/work/maze_bot/programming/mbot_ws/install/mazebot_msgs/share/mazebot_msgs/msg/MazebotFieldOrientation.idl
[4.183s] -- Up-to-date: /home/pi/work/maze_bot/programming/mbot_ws/install/mazebot_msgs/share/mazebot_msgs/msg/MazebotNeighboringFieldsWallDetection.idl
[4.184s] -- Up-to-date: /home/pi/work/maze_bot/programming/mbot_ws/install/mazebot_msgs/share/mazebot_msgs/msg/LidarScanProcessed.msg
[4.188s] -- Up-to-date: /home/pi/work/maze_bot/programming/mbot_ws/install/mazebot_msgs/share/mazebot_msgs/msg/MazebotFieldOrientation.msg
[4.192s] -- Up-to-date: /home/pi/work/maze_bot/programming/mbot_ws/install/mazebot_msgs/share/mazebot_msgs/msg/MazebotNeighboringFieldsWallDetection.msg
[4.203s] -- Up-to-date: /home/pi/work/maze_bot/programming/mbot_ws/install/mazebot_msgs/share/ament_index/resource_index/package_run_dependencies/mazebot_msgs
[4.205s] -- Up-to-date: /home/pi/work/maze_bot/programming/mbot_ws/install/mazebot_msgs/share/ament_index/resource_index/parent_prefix_path/mazebot_msgs
[4.214s] -- Up-to-date: /home/pi/work/maze_bot/programming/mbot_ws/install/mazebot_msgs/share/mazebot_msgs/environment/ament_prefix_path.sh
[4.220s] -- Up-to-date: /home/pi/work/maze_bot/programming/mbot_ws/install/mazebot_msgs/share/mazebot_msgs/environment/ament_prefix_path.dsv
[4.231s] -- Up-to-date: /home/pi/work/maze_bot/programming/mbot_ws/install/mazebot_msgs/share/mazebot_msgs/environment/path.sh
[4.233s] -- Up-to-date: /home/pi/work/maze_bot/programming/mbot_ws/install/mazebot_msgs/share/mazebot_msgs/environment/path.dsv
[4.240s] -- Up-to-date: /home/pi/work/maze_bot/programming/mbot_ws/install/mazebot_msgs/share/mazebot_msgs/local_setup.bash
[4.247s] -- Up-to-date: /home/pi/work/maze_bot/programming/mbot_ws/install/mazebot_msgs/share/mazebot_msgs/local_setup.sh
[4.253s] -- Up-to-date: /home/pi/work/maze_bot/programming/mbot_ws/install/mazebot_msgs/share/mazebot_msgs/local_setup.zsh
[4.257s] -- Up-to-date: /home/pi/work/maze_bot/programming/mbot_ws/install/mazebot_msgs/share/mazebot_msgs/local_setup.dsv
[4.258s] -- Installing: /home/pi/work/maze_bot/programming/mbot_ws/install/mazebot_msgs/share/mazebot_msgs/package.dsv
[4.259s] -- Up-to-date: /home/pi/work/maze_bot/programming/mbot_ws/install/mazebot_msgs/share/ament_index/resource_index/packages/mazebot_msgs
[4.260s] -- Up-to-date: /home/pi/work/maze_bot/programming/mbot_ws/install/mazebot_msgs/share/mazebot_msgs/cmake/export_mazebot_msgs__rosidl_generator_cExport.cmake
[4.262s] -- Up-to-date: /home/pi/work/maze_bot/programming/mbot_ws/install/mazebot_msgs/share/mazebot_msgs/cmake/export_mazebot_msgs__rosidl_generator_cExport-noconfig.cmake
[4.263s] -- Up-to-date: /home/pi/work/maze_bot/programming/mbot_ws/install/mazebot_msgs/share/mazebot_msgs/cmake/export_mazebot_msgs__rosidl_typesupport_fastrtps_cExport.cmake
[4.264s] -- Up-to-date: /home/pi/work/maze_bot/programming/mbot_ws/install/mazebot_msgs/share/mazebot_msgs/cmake/export_mazebot_msgs__rosidl_typesupport_fastrtps_cExport-noconfig.cmake
[4.265s] -- Up-to-date: /home/pi/work/maze_bot/programming/mbot_ws/install/mazebot_msgs/share/mazebot_msgs/cmake/export_mazebot_msgs__rosidl_generator_cppExport.cmake
[4.266s] -- Up-to-date: /home/pi/work/maze_bot/programming/mbot_ws/install/mazebot_msgs/share/mazebot_msgs/cmake/export_mazebot_msgs__rosidl_typesupport_fastrtps_cppExport.cmake
[4.268s] -- Up-to-date: /home/pi/work/maze_bot/programming/mbot_ws/install/mazebot_msgs/share/mazebot_msgs/cmake/export_mazebot_msgs__rosidl_typesupport_fastrtps_cppExport-noconfig.cmake
[4.268s] -- Up-to-date: /home/pi/work/maze_bot/programming/mbot_ws/install/mazebot_msgs/share/mazebot_msgs/cmake/mazebot_msgs__rosidl_typesupport_introspection_cExport.cmake
[4.269s] -- Up-to-date: /home/pi/work/maze_bot/programming/mbot_ws/install/mazebot_msgs/share/mazebot_msgs/cmake/mazebot_msgs__rosidl_typesupport_introspection_cExport-noconfig.cmake
[4.270s] -- Up-to-date: /home/pi/work/maze_bot/programming/mbot_ws/install/mazebot_msgs/share/mazebot_msgs/cmake/mazebot_msgs__rosidl_typesupport_cExport.cmake
[4.286s] -- Up-to-date: /home/pi/work/maze_bot/programming/mbot_ws/install/mazebot_msgs/share/mazebot_msgs/cmake/mazebot_msgs__rosidl_typesupport_cExport-noconfig.cmake
[4.287s] -- Up-to-date: /home/pi/work/maze_bot/programming/mbot_ws/install/mazebot_msgs/share/mazebot_msgs/cmake/mazebot_msgs__rosidl_typesupport_introspection_cppExport.cmake
[4.288s] -- Up-to-date: /home/pi/work/maze_bot/programming/mbot_ws/install/mazebot_msgs/share/mazebot_msgs/cmake/mazebot_msgs__rosidl_typesupport_introspection_cppExport-noconfig.cmake
[4.290s] -- Up-to-date: /home/pi/work/maze_bot/programming/mbot_ws/install/mazebot_msgs/share/mazebot_msgs/cmake/mazebot_msgs__rosidl_typesupport_cppExport.cmake
[4.291s] -- Up-to-date: /home/pi/work/maze_bot/programming/mbot_ws/install/mazebot_msgs/share/mazebot_msgs/cmake/mazebot_msgs__rosidl_typesupport_cppExport-noconfig.cmake
[4.292s] -- Up-to-date: /home/pi/work/maze_bot/programming/mbot_ws/install/mazebot_msgs/share/mazebot_msgs/cmake/export_mazebot_msgs__rosidl_generator_pyExport.cmake
[4.294s] -- Up-to-date: /home/pi/work/maze_bot/programming/mbot_ws/install/mazebot_msgs/share/mazebot_msgs/cmake/export_mazebot_msgs__rosidl_generator_pyExport-noconfig.cmake
[4.295s] -- Up-to-date: /home/pi/work/maze_bot/programming/mbot_ws/install/mazebot_msgs/share/mazebot_msgs/cmake/rosidl_cmake-extras.cmake
[4.296s] -- Up-to-date: /home/pi/work/maze_bot/programming/mbot_ws/install/mazebot_msgs/share/mazebot_msgs/cmake/ament_cmake_export_dependencies-extras.cmake
[4.297s] -- Up-to-date: /home/pi/work/maze_bot/programming/mbot_ws/install/mazebot_msgs/share/mazebot_msgs/cmake/ament_cmake_export_include_directories-extras.cmake
[4.299s] -- Up-to-date: /home/pi/work/maze_bot/programming/mbot_ws/install/mazebot_msgs/share/mazebot_msgs/cmake/ament_cmake_export_libraries-extras.cmake
[4.300s] -- Up-to-date: /home/pi/work/maze_bot/programming/mbot_ws/install/mazebot_msgs/share/mazebot_msgs/cmake/ament_cmake_export_targets-extras.cmake
[4.301s] -- Up-to-date: /home/pi/work/maze_bot/programming/mbot_ws/install/mazebot_msgs/share/mazebot_msgs/cmake/rosidl_cmake_export_typesupport_targets-extras.cmake
[4.302s] -- Up-to-date: /home/pi/work/maze_bot/programming/mbot_ws/install/mazebot_msgs/share/mazebot_msgs/cmake/rosidl_cmake_export_typesupport_libraries-extras.cmake
[4.303s] -- Up-to-date: /home/pi/work/maze_bot/programming/mbot_ws/install/mazebot_msgs/share/mazebot_msgs/cmake/mazebot_msgsConfig.cmake
[4.304s] -- Up-to-date: /home/pi/work/maze_bot/programming/mbot_ws/install/mazebot_msgs/share/mazebot_msgs/cmake/mazebot_msgsConfig-version.cmake
[4.304s] -- Up-to-date: /home/pi/work/maze_bot/programming/mbot_ws/install/mazebot_msgs/share/mazebot_msgs/package.xml
[4.306s] Invoked command in '/home/pi/work/maze_bot/programming/mbot_ws/build/mazebot_msgs' returned '0': CMAKE_PREFIX_PATH=${CMAKE_PREFIX_PATH}:/home/pi/work/maze_bot/programming/mbot_ws/install/robocup:/home/pi/work/maze_bot/programming/mbot_ws/install/publisher:/home/pi/work/maze_bot/programming/mbot_ws/install/my_package:/home/pi/work/maze_bot/programming/mbot_ws/install/mazebot_v1:/home/pi/work/ws_robu/install/turtlebot3_teleop:/home/pi/work/ws_robu/install/turtlebot3_example:/home/pi/work/ws_robu/install/robocup:/opt/ros/humble /usr/bin/cmake --install /home/pi/work/maze_bot/programming/mbot_ws/build/mazebot_msgs
