running egg_info
writing ../../build/robocup/robocup.egg-info/PKG-INFO
writing dependency_links to ../../build/robocup/robocup.egg-info/dependency_links.txt
writing entry points to ../../build/robocup/robocup.egg-info/entry_points.txt
writing requirements to ../../build/robocup/robocup.egg-info/requires.txt
writing top-level names to ../../build/robocup/robocup.egg-info/top_level.txt
reading manifest file '../../build/robocup/robocup.egg-info/SOURCES.txt'
writing manifest file '../../build/robocup/robocup.egg-info/SOURCES.txt'
running build
running build_py
running install
running install_lib
running install_data
running install_egg_info
removing '/home/pi/work/maze_bot/programming/mbot_ws/install/robocup/lib/python3.10/site-packages/robocup-0.0.0-py3.10.egg-info' (and everything under it)
Copying ../../build/robocup/robocup.egg-info to /home/pi/work/maze_bot/programming/mbot_ws/install/robocup/lib/python3.10/site-packages/robocup-0.0.0-py3.10.egg-info
running install_scripts
Installing remote script to /home/pi/work/maze_bot/programming/mbot_ws/install/robocup/lib/robocup
Installing serial script to /home/pi/work/maze_bot/programming/mbot_ws/install/robocup/lib/robocup
Installing wall_det script to /home/pi/work/maze_bot/programming/mbot_ws/install/robocup/lib/robocup
writing list of installed files to '/home/pi/work/maze_bot/programming/mbot_ws/build/robocup/install.log'
