[0.123s] Invoking command in '/home/pi/work/maze_bot/programming/mbot_ws/build/hls_lfcd_lds_driver': CMAKE_PREFIX_PATH=/opt/ros/humble /usr/bin/cmake --build /home/pi/work/maze_bot/programming/mbot_ws/build/hls_lfcd_lds_driver -- -j4 -l4
[1.176s] [100%] Built target hlds_laser_publisher
[1.218s] Invoked command in '/home/pi/work/maze_bot/programming/mbot_ws/build/hls_lfcd_lds_driver' returned '0': CMAKE_PREFIX_PATH=/opt/ros/humble /usr/bin/cmake --build /home/pi/work/maze_bot/programming/mbot_ws/build/hls_lfcd_lds_driver -- -j4 -l4
[1.372s] Invoking command in '/home/pi/work/maze_bot/programming/mbot_ws/build/hls_lfcd_lds_driver': CMAKE_PREFIX_PATH=/opt/ros/humble /usr/bin/cmake --install /home/pi/work/maze_bot/programming/mbot_ws/build/hls_lfcd_lds_driver
[1.408s] -- Install configuration: ""
[1.411s] -- Up-to-date: /home/pi/work/maze_bot/programming/mbot_ws/install/hls_lfcd_lds_driver/share/hls_lfcd_lds_driver/launch
[1.413s] -- Up-to-date: /home/pi/work/maze_bot/programming/mbot_ws/install/hls_lfcd_lds_driver/share/hls_lfcd_lds_driver/launch/view_hlds_laser.launch.py
[1.413s] -- Up-to-date: /home/pi/work/maze_bot/programming/mbot_ws/install/hls_lfcd_lds_driver/share/hls_lfcd_lds_driver/launch/hlds_laser.launch.py
[1.414s] -- Up-to-date: /home/pi/work/maze_bot/programming/mbot_ws/install/hls_lfcd_lds_driver/share/hls_lfcd_lds_driver/rviz
[1.416s] -- Up-to-date: /home/pi/work/maze_bot/programming/mbot_ws/install/hls_lfcd_lds_driver/share/hls_lfcd_lds_driver/rviz/hlds_laser.rviz
[1.423s] -- Up-to-date: /home/pi/work/maze_bot/programming/mbot_ws/install/hls_lfcd_lds_driver/lib/hls_lfcd_lds_driver/hlds_laser_publisher
[1.431s] -- Up-to-date: /home/pi/work/maze_bot/programming/mbot_ws/install/hls_lfcd_lds_driver/share/ament_index/resource_index/package_run_dependencies/hls_lfcd_lds_driver
[1.433s] -- Up-to-date: /home/pi/work/maze_bot/programming/mbot_ws/install/hls_lfcd_lds_driver/share/ament_index/resource_index/parent_prefix_path/hls_lfcd_lds_driver
[1.436s] -- Up-to-date: /home/pi/work/maze_bot/programming/mbot_ws/install/hls_lfcd_lds_driver/share/hls_lfcd_lds_driver/environment/ament_prefix_path.sh
[1.438s] -- Up-to-date: /home/pi/work/maze_bot/programming/mbot_ws/install/hls_lfcd_lds_driver/share/hls_lfcd_lds_driver/environment/ament_prefix_path.dsv
[1.440s] -- Up-to-date: /home/pi/work/maze_bot/programming/mbot_ws/install/hls_lfcd_lds_driver/share/hls_lfcd_lds_driver/environment/path.sh
[1.442s] -- Up-to-date: /home/pi/work/maze_bot/programming/mbot_ws/install/hls_lfcd_lds_driver/share/hls_lfcd_lds_driver/environment/path.dsv
[1.444s] -- Up-to-date: /home/pi/work/maze_bot/programming/mbot_ws/install/hls_lfcd_lds_driver/share/hls_lfcd_lds_driver/local_setup.bash
[1.446s] -- Up-to-date: /home/pi/work/maze_bot/programming/mbot_ws/install/hls_lfcd_lds_driver/share/hls_lfcd_lds_driver/local_setup.sh
[1.448s] -- Up-to-date: /home/pi/work/maze_bot/programming/mbot_ws/install/hls_lfcd_lds_driver/share/hls_lfcd_lds_driver/local_setup.zsh
[1.450s] -- Up-to-date: /home/pi/work/maze_bot/programming/mbot_ws/install/hls_lfcd_lds_driver/share/hls_lfcd_lds_driver/local_setup.dsv
[1.451s] -- Installing: /home/pi/work/maze_bot/programming/mbot_ws/install/hls_lfcd_lds_driver/share/hls_lfcd_lds_driver/package.dsv
[1.460s] -- Up-to-date: /home/pi/work/maze_bot/programming/mbot_ws/install/hls_lfcd_lds_driver/share/ament_index/resource_index/packages/hls_lfcd_lds_driver
[1.461s] -- Up-to-date: /home/pi/work/maze_bot/programming/mbot_ws/install/hls_lfcd_lds_driver/share/hls_lfcd_lds_driver/cmake/ament_cmake_export_dependencies-extras.cmake
[1.462s] -- Up-to-date: /home/pi/work/maze_bot/programming/mbot_ws/install/hls_lfcd_lds_driver/share/hls_lfcd_lds_driver/cmake/ament_cmake_export_include_directories-extras.cmake
[1.463s] -- Up-to-date: /home/pi/work/maze_bot/programming/mbot_ws/install/hls_lfcd_lds_driver/share/hls_lfcd_lds_driver/cmake/hls_lfcd_lds_driverConfig.cmake
[1.464s] -- Up-to-date: /home/pi/work/maze_bot/programming/mbot_ws/install/hls_lfcd_lds_driver/share/hls_lfcd_lds_driver/cmake/hls_lfcd_lds_driverConfig-version.cmake
[1.465s] -- Up-to-date: /home/pi/work/maze_bot/programming/mbot_ws/install/hls_lfcd_lds_driver/share/hls_lfcd_lds_driver/package.xml
[1.476s] Invoked command in '/home/pi/work/maze_bot/programming/mbot_ws/build/hls_lfcd_lds_driver' returned '0': CMAKE_PREFIX_PATH=/opt/ros/humble /usr/bin/cmake --install /home/pi/work/maze_bot/programming/mbot_ws/build/hls_lfcd_lds_driver
