[4.238s] Invoking command in '/home/pi/work/maze_bot/programming/mbot_ws/src/robocup': AMENT_PREFIX_PATH=/home/pi/work/maze_bot/programming/mbot_ws/install/hls_lfcd_lds_driver:${AMENT_PREFIX_PATH} CMAKE_PREFIX_PATH=${CMAKE_PREFIX_PATH}:/home/pi/work/maze_bot/programming/mbot_ws/install/hls_lfcd_lds_driver LD_LIBRARY_PATH=/home/pi/work/maze_bot/programming/mbot_ws/install/mazebot_msgs/lib:/opt/ros/humble/opt/rviz_ogre_vendor/lib:/opt/ros/humble/lib/aarch64-linux-gnu:/opt/ros/humble/lib:/usr/local/lib:/usr/local/lib PYTHONPATH=/home/pi/work/maze_bot/programming/mbot_ws/build/robocup/prefix_override:/home/pi/work/maze_bot/programming/mbot_ws/install/robocup/lib/python3.10/site-packages:${PYTHONPATH} /usr/bin/python3 setup.py egg_info --egg-base ../../build/robocup build --build-base /home/pi/work/maze_bot/programming/mbot_ws/build/robocup/build install --record /home/pi/work/maze_bot/programming/mbot_ws/build/robocup/install.log --single-version-externally-managed
[6.216s] running egg_info
[6.219s] writing ../../build/robocup/robocup.egg-info/PKG-INFO
[6.220s] writing dependency_links to ../../build/robocup/robocup.egg-info/dependency_links.txt
[6.221s] writing entry points to ../../build/robocup/robocup.egg-info/entry_points.txt
[6.221s] writing requirements to ../../build/robocup/robocup.egg-info/requires.txt
[6.222s] writing top-level names to ../../build/robocup/robocup.egg-info/top_level.txt
[6.231s] reading manifest file '../../build/robocup/robocup.egg-info/SOURCES.txt'
[6.235s] writing manifest file '../../build/robocup/robocup.egg-info/SOURCES.txt'
[6.236s] running build
[6.236s] running build_py
[6.239s] running install
[6.240s] running install_lib
[6.248s] running install_data
[6.251s] copying package.xml -> /home/pi/work/maze_bot/programming/mbot_ws/install/robocup/share/robocup
[6.252s] running install_egg_info
[6.259s] removing '/home/pi/work/maze_bot/programming/mbot_ws/install/robocup/lib/python3.10/site-packages/robocup-0.0.0-py3.10.egg-info' (and everything under it)
[6.261s] Copying ../../build/robocup/robocup.egg-info to /home/pi/work/maze_bot/programming/mbot_ws/install/robocup/lib/python3.10/site-packages/robocup-0.0.0-py3.10.egg-info
[6.272s] running install_scripts
[6.351s] Installing remote script to /home/pi/work/maze_bot/programming/mbot_ws/install/robocup/lib/robocup
[6.352s] Installing serial script to /home/pi/work/maze_bot/programming/mbot_ws/install/robocup/lib/robocup
[6.353s] Installing wall_det script to /home/pi/work/maze_bot/programming/mbot_ws/install/robocup/lib/robocup
[6.355s] writing list of installed files to '/home/pi/work/maze_bot/programming/mbot_ws/build/robocup/install.log'
[6.498s] Invoked command in '/home/pi/work/maze_bot/programming/mbot_ws/src/robocup' returned '0': AMENT_PREFIX_PATH=/home/pi/work/maze_bot/programming/mbot_ws/install/hls_lfcd_lds_driver:${AMENT_PREFIX_PATH} CMAKE_PREFIX_PATH=${CMAKE_PREFIX_PATH}:/home/pi/work/maze_bot/programming/mbot_ws/install/hls_lfcd_lds_driver LD_LIBRARY_PATH=/home/pi/work/maze_bot/programming/mbot_ws/install/mazebot_msgs/lib:/opt/ros/humble/opt/rviz_ogre_vendor/lib:/opt/ros/humble/lib/aarch64-linux-gnu:/opt/ros/humble/lib:/usr/local/lib:/usr/local/lib PYTHONPATH=/home/pi/work/maze_bot/programming/mbot_ws/build/robocup/prefix_override:/home/pi/work/maze_bot/programming/mbot_ws/install/robocup/lib/python3.10/site-packages:${PYTHONPATH} /usr/bin/python3 setup.py egg_info --egg-base ../../build/robocup build --build-base /home/pi/work/maze_bot/programming/mbot_ws/build/robocup/build install --record /home/pi/work/maze_bot/programming/mbot_ws/build/robocup/install.log --single-version-externally-managed
