[5.386s] Invoking command in '/home/pi/work/maze_bot/programming/mbot_ws/src/robocup': AMENT_PREFIX_PATH=/home/pi/work/maze_bot/programming/mbot_ws/install/mazebot_msgs:/home/pi/work/maze_bot/programming/mbot_ws/install/hls_lfcd_lds_driver:${AMENT_PREFIX_PATH} CMAKE_PREFIX_PATH=/home/pi/work/maze_bot/programming/mbot_ws/install/mazebot_msgs:/home/pi/work/maze_bot/programming/mbot_ws/install/hls_lfcd_lds_driver LD_LIBRARY_PATH=/home/pi/work/maze_bot/programming/mbot_ws/install/mazebot_msgs/lib:${LD_LIBRARY_PATH} PYTHONPATH=/home/pi/work/maze_bot/programming/mbot_ws/build/robocup/prefix_override:/home/pi/work/maze_bot/programming/mbot_ws/install/robocup/lib/python3.10/site-packages:/home/pi/work/maze_bot/programming/mbot_ws/install/mazebot_msgs/local/lib/python3.10/dist-packages:${PYTHONPATH} /usr/bin/python3 setup.py egg_info --egg-base ../../build/robocup build --build-base /home/pi/work/maze_bot/programming/mbot_ws/build/robocup/build install --record /home/pi/work/maze_bot/programming/mbot_ws/build/robocup/install.log --single-version-externally-managed
[7.497s] running egg_info
[7.501s] writing ../../build/robocup/robocup.egg-info/PKG-INFO
[7.504s] writing dependency_links to ../../build/robocup/robocup.egg-info/dependency_links.txt
[7.505s] writing entry points to ../../build/robocup/robocup.egg-info/entry_points.txt
[7.508s] writing requirements to ../../build/robocup/robocup.egg-info/requires.txt
[7.509s] writing top-level names to ../../build/robocup/robocup.egg-info/top_level.txt
[7.524s] reading manifest file '../../build/robocup/robocup.egg-info/SOURCES.txt'
[7.531s] writing manifest file '../../build/robocup/robocup.egg-info/SOURCES.txt'
[7.531s] running build
[7.532s] running build_py
[7.537s] running install
[7.539s] running install_lib
[7.548s] running install_data
[7.551s] running install_egg_info
[7.561s] removing '/home/pi/work/maze_bot/programming/mbot_ws/install/robocup/lib/python3.10/site-packages/robocup-0.0.0-py3.10.egg-info' (and everything under it)
[7.563s] Copying ../../build/robocup/robocup.egg-info to /home/pi/work/maze_bot/programming/mbot_ws/install/robocup/lib/python3.10/site-packages/robocup-0.0.0-py3.10.egg-info
[7.573s] running install_scripts
[7.683s] Installing remote script to /home/pi/work/maze_bot/programming/mbot_ws/install/robocup/lib/robocup
[7.685s] Installing serial script to /home/pi/work/maze_bot/programming/mbot_ws/install/robocup/lib/robocup
[7.686s] Installing wall_det script to /home/pi/work/maze_bot/programming/mbot_ws/install/robocup/lib/robocup
[7.689s] writing list of installed files to '/home/pi/work/maze_bot/programming/mbot_ws/build/robocup/install.log'
[7.903s] Invoked command in '/home/pi/work/maze_bot/programming/mbot_ws/src/robocup' returned '0': AMENT_PREFIX_PATH=/home/pi/work/maze_bot/programming/mbot_ws/install/mazebot_msgs:/home/pi/work/maze_bot/programming/mbot_ws/install/hls_lfcd_lds_driver:${AMENT_PREFIX_PATH} CMAKE_PREFIX_PATH=/home/pi/work/maze_bot/programming/mbot_ws/install/mazebot_msgs:/home/pi/work/maze_bot/programming/mbot_ws/install/hls_lfcd_lds_driver LD_LIBRARY_PATH=/home/pi/work/maze_bot/programming/mbot_ws/install/mazebot_msgs/lib:${LD_LIBRARY_PATH} PYTHONPATH=/home/pi/work/maze_bot/programming/mbot_ws/build/robocup/prefix_override:/home/pi/work/maze_bot/programming/mbot_ws/install/robocup/lib/python3.10/site-packages:/home/pi/work/maze_bot/programming/mbot_ws/install/mazebot_msgs/local/lib/python3.10/dist-packages:${PYTHONPATH} /usr/bin/python3 setup.py egg_info --egg-base ../../build/robocup build --build-base /home/pi/work/maze_bot/programming/mbot_ws/build/robocup/build install --record /home/pi/work/maze_bot/programming/mbot_ws/build/robocup/install.log --single-version-externally-managed
