[0.151s] Invoking command in '/home/pi/work/maze_bot/programming/mbot_ws/build/mazebot_msgs': CMAKE_PREFIX_PATH=${CMAKE_PREFIX_PATH}:/home/pi/work/maze_bot/programming/mbot_ws/install/robocup:/home/pi/work/maze_bot/programming/mbot_ws/install/publisher:/home/pi/work/maze_bot/programming/mbot_ws/install/my_package:/home/pi/work/maze_bot/programming/mbot_ws/install/mazebot_v1:/home/pi/work/ws_robu/install/turtlebot3_teleop:/home/pi/work/ws_robu/install/turtlebot3_example:/home/pi/work/ws_robu/install/robocup:/opt/ros/humble /usr/bin/cmake --build /home/pi/work/maze_bot/programming/mbot_ws/build/mazebot_msgs -- -j4 -l4
[0.470s] [  2%] Built target mazebot_msgs__cpp
[0.488s] [ 12%] Built target mazebot_msgs__rosidl_generator_c
[0.584s] [ 12%] Built target ament_cmake_python_copy_mazebot_msgs
[0.695s] [ 23%] Built target mazebot_msgs__rosidl_typesupport_cpp
[0.699s] [ 34%] Built target mazebot_msgs__rosidl_typesupport_fastrtps_cpp
[0.760s] [ 44%] Built target mazebot_msgs__rosidl_typesupport_introspection_cpp
[0.800s] [ 55%] Built target mazebot_msgs__rosidl_typesupport_fastrtps_c
[0.873s] [ 65%] Built target mazebot_msgs__rosidl_typesupport_c
[0.901s] [ 76%] Built target mazebot_msgs__rosidl_typesupport_introspection_c
[1.039s] [ 76%] Built target mazebot_msgs
[1.180s] [ 78%] Built target mazebot_msgs__py
[1.337s] [ 87%] Built target mazebot_msgs__rosidl_generator_py
[1.510s] [ 91%] Built target mazebot_msgs__rosidl_typesupport_fastrtps_c__pyext
[1.564s] [ 95%] Built target mazebot_msgs__rosidl_typesupport_introspection_c__pyext
[1.572s] [100%] Built target mazebot_msgs__rosidl_typesupport_c__pyext
[2.536s] running egg_info
[2.539s] writing mazebot_msgs.egg-info/PKG-INFO
[2.540s] writing dependency_links to mazebot_msgs.egg-info/dependency_links.txt
[2.542s] writing top-level names to mazebot_msgs.egg-info/top_level.txt
[2.554s] reading manifest file 'mazebot_msgs.egg-info/SOURCES.txt'
[2.558s] writing manifest file 'mazebot_msgs.egg-info/SOURCES.txt'
[2.734s] [100%] Built target ament_cmake_python_build_mazebot_msgs_egg
[2.798s] Invoked command in '/home/pi/work/maze_bot/programming/mbot_ws/build/mazebot_msgs' returned '0': CMAKE_PREFIX_PATH=${CMAKE_PREFIX_PATH}:/home/pi/work/maze_bot/programming/mbot_ws/install/robocup:/home/pi/work/maze_bot/programming/mbot_ws/install/publisher:/home/pi/work/maze_bot/programming/mbot_ws/install/my_package:/home/pi/work/maze_bot/programming/mbot_ws/install/mazebot_v1:/home/pi/work/ws_robu/install/turtlebot3_teleop:/home/pi/work/ws_robu/install/turtlebot3_example:/home/pi/work/ws_robu/install/robocup:/opt/ros/humble /usr/bin/cmake --build /home/pi/work/maze_bot/programming/mbot_ws/build/mazebot_msgs -- -j4 -l4
[3.658s] Invoking command in '/home/pi/work/maze_bot/programming/mbot_ws/build/mazebot_msgs': CMAKE_PREFIX_PATH=${CMAKE_PREFIX_PATH}:/home/pi/work/maze_bot/programming/mbot_ws/install/robocup:/home/pi/work/maze_bot/programming/mbot_ws/install/publisher:/home/pi/work/maze_bot/programming/mbot_ws/install/my_package:/home/pi/work/maze_bot/programming/mbot_ws/install/mazebot_v1:/home/pi/work/ws_robu/install/turtlebot3_teleop:/home/pi/work/ws_robu/install/turtlebot3_example:/home/pi/work/ws_robu/install/robocup:/opt/ros/humble /usr/bin/cmake --install /home/pi/work/maze_bot/programming/mbot_ws/build/mazebot_msgs
[3.699s] -- Install configuration: ""
[3.700s] -- Up-to-date: /home/pi/work/maze_bot/programming/mbot_ws/install/mazebot_msgs/share/ament_index/resource_index/rosidl_interfaces/mazebot_msgs
[3.704s] -- Up-to-date: /home/pi/work/maze_bot/programming/mbot_ws/install/mazebot_msgs/include/mazebot_msgs/mazebot_msgs
[3.716s] -- Up-to-date: /home/pi/work/maze_bot/programming/mbot_ws/install/mazebot_msgs/include/mazebot_msgs/mazebot_msgs/msg
[3.717s] -- Up-to-date: /home/pi/work/maze_bot/programming/mbot_ws/install/mazebot_msgs/include/mazebot_msgs/mazebot_msgs/msg/mazebot_field_orientation.h
[3.717s] -- Up-to-date: /home/pi/work/maze_bot/programming/mbot_ws/install/mazebot_msgs/include/mazebot_msgs/mazebot_msgs/msg/rosidl_generator_c__visibility_control.h
[3.718s] -- Up-to-date: /home/pi/work/maze_bot/programming/mbot_ws/install/mazebot_msgs/include/mazebot_msgs/mazebot_msgs/msg/mazebot_neighboring_fields_wall_detection.h
[3.718s] -- Up-to-date: /home/pi/work/maze_bot/programming/mbot_ws/install/mazebot_msgs/include/mazebot_msgs/mazebot_msgs/msg/lidar_scan_processed.h
[3.719s] -- Up-to-date: /home/pi/work/maze_bot/programming/mbot_ws/install/mazebot_msgs/include/mazebot_msgs/mazebot_msgs/msg/detail
[3.719s] -- Up-to-date: /home/pi/work/maze_bot/programming/mbot_ws/install/mazebot_msgs/include/mazebot_msgs/mazebot_msgs/msg/detail/mazebot_neighboring_fields_wall_detection__struct.h
[3.720s] -- Up-to-date: /home/pi/work/maze_bot/programming/mbot_ws/install/mazebot_msgs/include/mazebot_msgs/mazebot_msgs/msg/detail/mazebot_field_orientation__functions.c
[3.721s] -- Up-to-date: /home/pi/work/maze_bot/programming/mbot_ws/install/mazebot_msgs/include/mazebot_msgs/mazebot_msgs/msg/detail/mazebot_field_orientation__type_support.h
[3.721s] -- Up-to-date: /home/pi/work/maze_bot/programming/mbot_ws/install/mazebot_msgs/include/mazebot_msgs/mazebot_msgs/msg/detail/mazebot_neighboring_fields_wall_detection__functions.c
[3.721s] -- Up-to-date: /home/pi/work/maze_bot/programming/mbot_ws/install/mazebot_msgs/include/mazebot_msgs/mazebot_msgs/msg/detail/lidar_scan_processed__functions.c
[3.722s] -- Up-to-date: /home/pi/work/maze_bot/programming/mbot_ws/install/mazebot_msgs/include/mazebot_msgs/mazebot_msgs/msg/detail/mazebot_neighboring_fields_wall_detection__functions.h
[3.723s] -- Up-to-date: /home/pi/work/maze_bot/programming/mbot_ws/install/mazebot_msgs/include/mazebot_msgs/mazebot_msgs/msg/detail/mazebot_field_orientation__functions.h
[3.723s] -- Up-to-date: /home/pi/work/maze_bot/programming/mbot_ws/install/mazebot_msgs/include/mazebot_msgs/mazebot_msgs/msg/detail/lidar_scan_processed__functions.h
[3.724s] -- Up-to-date: /home/pi/work/maze_bot/programming/mbot_ws/install/mazebot_msgs/include/mazebot_msgs/mazebot_msgs/msg/detail/mazebot_field_orientation__struct.h
[3.724s] -- Up-to-date: /home/pi/work/maze_bot/programming/mbot_ws/install/mazebot_msgs/include/mazebot_msgs/mazebot_msgs/msg/detail/mazebot_neighboring_fields_wall_detection__type_support.h
[3.725s] -- Up-to-date: /home/pi/work/maze_bot/programming/mbot_ws/install/mazebot_msgs/include/mazebot_msgs/mazebot_msgs/msg/detail/lidar_scan_processed__type_support.h
[3.726s] -- Up-to-date: /home/pi/work/maze_bot/programming/mbot_ws/install/mazebot_msgs/include/mazebot_msgs/mazebot_msgs/msg/detail/lidar_scan_processed__struct.h
[3.727s] -- Up-to-date: /home/pi/work/maze_bot/programming/mbot_ws/install/mazebot_msgs/share/mazebot_msgs/environment/library_path.sh
[3.727s] -- Up-to-date: /home/pi/work/maze_bot/programming/mbot_ws/install/mazebot_msgs/share/mazebot_msgs/environment/library_path.dsv
[3.728s] -- Up-to-date: /home/pi/work/maze_bot/programming/mbot_ws/install/mazebot_msgs/lib/libmazebot_msgs__rosidl_generator_c.so
[3.728s] -- Up-to-date: /home/pi/work/maze_bot/programming/mbot_ws/install/mazebot_msgs/include/mazebot_msgs/mazebot_msgs
[3.729s] -- Up-to-date: /home/pi/work/maze_bot/programming/mbot_ws/install/mazebot_msgs/include/mazebot_msgs/mazebot_msgs/msg
[3.730s] -- Up-to-date: /home/pi/work/maze_bot/programming/mbot_ws/install/mazebot_msgs/include/mazebot_msgs/mazebot_msgs/msg/rosidl_typesupport_fastrtps_c__visibility_control.h
[3.731s] -- Up-to-date: /home/pi/work/maze_bot/programming/mbot_ws/install/mazebot_msgs/include/mazebot_msgs/mazebot_msgs/msg/detail
[3.731s] -- Up-to-date: /home/pi/work/maze_bot/programming/mbot_ws/install/mazebot_msgs/include/mazebot_msgs/mazebot_msgs/msg/detail/mazebot_field_orientation__rosidl_typesupport_fastrtps_c.h
[3.732s] -- Up-to-date: /home/pi/work/maze_bot/programming/mbot_ws/install/mazebot_msgs/include/mazebot_msgs/mazebot_msgs/msg/detail/lidar_scan_processed__rosidl_typesupport_fastrtps_c.h
[3.733s] -- Up-to-date: /home/pi/work/maze_bot/programming/mbot_ws/install/mazebot_msgs/include/mazebot_msgs/mazebot_msgs/msg/detail/mazebot_neighboring_fields_wall_detection__rosidl_typesupport_fastrtps_c.h
[3.733s] -- Up-to-date: /home/pi/work/maze_bot/programming/mbot_ws/install/mazebot_msgs/lib/libmazebot_msgs__rosidl_typesupport_fastrtps_c.so
[3.734s] -- Up-to-date: /home/pi/work/maze_bot/programming/mbot_ws/install/mazebot_msgs/include/mazebot_msgs/mazebot_msgs
[3.735s] -- Up-to-date: /home/pi/work/maze_bot/programming/mbot_ws/install/mazebot_msgs/include/mazebot_msgs/mazebot_msgs/msg
[3.735s] -- Up-to-date: /home/pi/work/maze_bot/programming/mbot_ws/install/mazebot_msgs/include/mazebot_msgs/mazebot_msgs/msg/mazebot_field_orientation.hpp
[3.736s] -- Up-to-date: /home/pi/work/maze_bot/programming/mbot_ws/install/mazebot_msgs/include/mazebot_msgs/mazebot_msgs/msg/detail
[3.736s] -- Up-to-date: /home/pi/work/maze_bot/programming/mbot_ws/install/mazebot_msgs/include/mazebot_msgs/mazebot_msgs/msg/detail/lidar_scan_processed__builder.hpp
[3.737s] -- Up-to-date: /home/pi/work/maze_bot/programming/mbot_ws/install/mazebot_msgs/include/mazebot_msgs/mazebot_msgs/msg/detail/lidar_scan_processed__traits.hpp
[3.738s] -- Up-to-date: /home/pi/work/maze_bot/programming/mbot_ws/install/mazebot_msgs/include/mazebot_msgs/mazebot_msgs/msg/detail/mazebot_neighboring_fields_wall_detection__builder.hpp
[3.738s] -- Up-to-date: /home/pi/work/maze_bot/programming/mbot_ws/install/mazebot_msgs/include/mazebot_msgs/mazebot_msgs/msg/detail/mazebot_field_orientation__builder.hpp
[3.739s] -- Up-to-date: /home/pi/work/maze_bot/programming/mbot_ws/install/mazebot_msgs/include/mazebot_msgs/mazebot_msgs/msg/detail/lidar_scan_processed__struct.hpp
[3.739s] -- Up-to-date: /home/pi/work/maze_bot/programming/mbot_ws/install/mazebot_msgs/include/mazebot_msgs/mazebot_msgs/msg/detail/mazebot_field_orientation__traits.hpp
[3.740s] -- Up-to-date: /home/pi/work/maze_bot/programming/mbot_ws/install/mazebot_msgs/include/mazebot_msgs/mazebot_msgs/msg/detail/mazebot_neighboring_fields_wall_detection__traits.hpp
[3.741s] -- Up-to-date: /home/pi/work/maze_bot/programming/mbot_ws/install/mazebot_msgs/include/mazebot_msgs/mazebot_msgs/msg/detail/mazebot_neighboring_fields_wall_detection__struct.hpp
[3.741s] -- Up-to-date: /home/pi/work/maze_bot/programming/mbot_ws/install/mazebot_msgs/include/mazebot_msgs/mazebot_msgs/msg/detail/mazebot_field_orientation__struct.hpp
[3.742s] -- Up-to-date: /home/pi/work/maze_bot/programming/mbot_ws/install/mazebot_msgs/include/mazebot_msgs/mazebot_msgs/msg/lidar_scan_processed.hpp
[3.744s] -- Up-to-date: /home/pi/work/maze_bot/programming/mbot_ws/install/mazebot_msgs/include/mazebot_msgs/mazebot_msgs/msg/mazebot_neighboring_fields_wall_detection.hpp
[3.747s] -- Up-to-date: /home/pi/work/maze_bot/programming/mbot_ws/install/mazebot_msgs/include/mazebot_msgs/mazebot_msgs
[3.748s] -- Up-to-date: /home/pi/work/maze_bot/programming/mbot_ws/install/mazebot_msgs/include/mazebot_msgs/mazebot_msgs/msg
[3.748s] -- Up-to-date: /home/pi/work/maze_bot/programming/mbot_ws/install/mazebot_msgs/include/mazebot_msgs/mazebot_msgs/msg/rosidl_typesupport_fastrtps_cpp__visibility_control.h
[3.749s] -- Up-to-date: /home/pi/work/maze_bot/programming/mbot_ws/install/mazebot_msgs/include/mazebot_msgs/mazebot_msgs/msg/detail
[3.750s] -- Up-to-date: /home/pi/work/maze_bot/programming/mbot_ws/install/mazebot_msgs/include/mazebot_msgs/mazebot_msgs/msg/detail/mazebot_neighboring_fields_wall_detection__rosidl_typesupport_fastrtps_cpp.hpp
[3.751s] -- Up-to-date: /home/pi/work/maze_bot/programming/mbot_ws/install/mazebot_msgs/include/mazebot_msgs/mazebot_msgs/msg/detail/lidar_scan_processed__rosidl_typesupport_fastrtps_cpp.hpp
[3.751s] -- Up-to-date: /home/pi/work/maze_bot/programming/mbot_ws/install/mazebot_msgs/include/mazebot_msgs/mazebot_msgs/msg/detail/mazebot_field_orientation__rosidl_typesupport_fastrtps_cpp.hpp
[3.752s] -- Up-to-date: /home/pi/work/maze_bot/programming/mbot_ws/install/mazebot_msgs/include/mazebot_msgs/mazebot_msgs/msg/detail/dds_fastrtps
[3.752s] -- Up-to-date: /home/pi/work/maze_bot/programming/mbot_ws/install/mazebot_msgs/lib/libmazebot_msgs__rosidl_typesupport_fastrtps_cpp.so
[3.753s] -- Up-to-date: /home/pi/work/maze_bot/programming/mbot_ws/install/mazebot_msgs/include/mazebot_msgs/mazebot_msgs
[3.754s] -- Up-to-date: /home/pi/work/maze_bot/programming/mbot_ws/install/mazebot_msgs/include/mazebot_msgs/mazebot_msgs/msg
[3.754s] -- Up-to-date: /home/pi/work/maze_bot/programming/mbot_ws/install/mazebot_msgs/include/mazebot_msgs/mazebot_msgs/msg/rosidl_typesupport_introspection_c__visibility_control.h
[3.754s] -- Up-to-date: /home/pi/work/maze_bot/programming/mbot_ws/install/mazebot_msgs/include/mazebot_msgs/mazebot_msgs/msg/detail
[3.755s] -- Up-to-date: /home/pi/work/maze_bot/programming/mbot_ws/install/mazebot_msgs/include/mazebot_msgs/mazebot_msgs/msg/detail/mazebot_field_orientation__rosidl_typesupport_introspection_c.h
[3.755s] -- Up-to-date: /home/pi/work/maze_bot/programming/mbot_ws/install/mazebot_msgs/include/mazebot_msgs/mazebot_msgs/msg/detail/mazebot_field_orientation__type_support.c
[3.756s] -- Up-to-date: /home/pi/work/maze_bot/programming/mbot_ws/install/mazebot_msgs/include/mazebot_msgs/mazebot_msgs/msg/detail/mazebot_neighboring_fields_wall_detection__rosidl_typesupport_introspection_c.h
[3.756s] -- Up-to-date: /home/pi/work/maze_bot/programming/mbot_ws/install/mazebot_msgs/include/mazebot_msgs/mazebot_msgs/msg/detail/lidar_scan_processed__rosidl_typesupport_introspection_c.h
[3.757s] -- Up-to-date: /home/pi/work/maze_bot/programming/mbot_ws/install/mazebot_msgs/include/mazebot_msgs/mazebot_msgs/msg/detail/lidar_scan_processed__type_support.c
[3.757s] -- Up-to-date: /home/pi/work/maze_bot/programming/mbot_ws/install/mazebot_msgs/include/mazebot_msgs/mazebot_msgs/msg/detail/mazebot_neighboring_fields_wall_detection__type_support.c
[3.758s] -- Up-to-date: /home/pi/work/maze_bot/programming/mbot_ws/install/mazebot_msgs/lib/libmazebot_msgs__rosidl_typesupport_introspection_c.so
[3.759s] -- Up-to-date: /home/pi/work/maze_bot/programming/mbot_ws/install/mazebot_msgs/lib/libmazebot_msgs__rosidl_typesupport_c.so
[3.759s] -- Up-to-date: /home/pi/work/maze_bot/programming/mbot_ws/install/mazebot_msgs/include/mazebot_msgs/mazebot_msgs
[3.760s] -- Up-to-date: /home/pi/work/maze_bot/programming/mbot_ws/install/mazebot_msgs/include/mazebot_msgs/mazebot_msgs/msg
[3.760s] -- Up-to-date: /home/pi/work/maze_bot/programming/mbot_ws/install/mazebot_msgs/include/mazebot_msgs/mazebot_msgs/msg/detail
[3.762s] -- Up-to-date: /home/pi/work/maze_bot/programming/mbot_ws/install/mazebot_msgs/include/mazebot_msgs/mazebot_msgs/msg/detail/mazebot_neighboring_fields_wall_detection__rosidl_typesupport_introspection_cpp.hpp
[3.762s] -- Up-to-date: /home/pi/work/maze_bot/programming/mbot_ws/install/mazebot_msgs/include/mazebot_msgs/mazebot_msgs/msg/detail/mazebot_neighboring_fields_wall_detection__type_support.cpp
[3.763s] -- Up-to-date: /home/pi/work/maze_bot/programming/mbot_ws/install/mazebot_msgs/include/mazebot_msgs/mazebot_msgs/msg/detail/mazebot_field_orientation__type_support.cpp
[3.764s] -- Up-to-date: /home/pi/work/maze_bot/programming/mbot_ws/install/mazebot_msgs/include/mazebot_msgs/mazebot_msgs/msg/detail/lidar_scan_processed__type_support.cpp
[3.764s] -- Up-to-date: /home/pi/work/maze_bot/programming/mbot_ws/install/mazebot_msgs/include/mazebot_msgs/mazebot_msgs/msg/detail/mazebot_field_orientation__rosidl_typesupport_introspection_cpp.hpp
[3.765s] -- Up-to-date: /home/pi/work/maze_bot/programming/mbot_ws/install/mazebot_msgs/include/mazebot_msgs/mazebot_msgs/msg/detail/lidar_scan_processed__rosidl_typesupport_introspection_cpp.hpp
[3.767s] -- Up-to-date: /home/pi/work/maze_bot/programming/mbot_ws/install/mazebot_msgs/lib/libmazebot_msgs__rosidl_typesupport_introspection_cpp.so
[3.769s] -- Up-to-date: /home/pi/work/maze_bot/programming/mbot_ws/install/mazebot_msgs/lib/libmazebot_msgs__rosidl_typesupport_cpp.so
[3.771s] -- Up-to-date: /home/pi/work/maze_bot/programming/mbot_ws/install/mazebot_msgs/share/mazebot_msgs/environment/pythonpath.sh
[3.772s] -- Up-to-date: /home/pi/work/maze_bot/programming/mbot_ws/install/mazebot_msgs/share/mazebot_msgs/environment/pythonpath.dsv
[3.773s] -- Up-to-date: /home/pi/work/maze_bot/programming/mbot_ws/install/mazebot_msgs/local/lib/python3.10/dist-packages/mazebot_msgs-1.0.0-py3.10.egg-info
[3.774s] -- Installing: /home/pi/work/maze_bot/programming/mbot_ws/install/mazebot_msgs/local/lib/python3.10/dist-packages/mazebot_msgs-1.0.0-py3.10.egg-info/PKG-INFO
[3.776s] -- Installing: /home/pi/work/maze_bot/programming/mbot_ws/install/mazebot_msgs/local/lib/python3.10/dist-packages/mazebot_msgs-1.0.0-py3.10.egg-info/top_level.txt
[3.777s] -- Installing: /home/pi/work/maze_bot/programming/mbot_ws/install/mazebot_msgs/local/lib/python3.10/dist-packages/mazebot_msgs-1.0.0-py3.10.egg-info/SOURCES.txt
[3.779s] -- Installing: /home/pi/work/maze_bot/programming/mbot_ws/install/mazebot_msgs/local/lib/python3.10/dist-packages/mazebot_msgs-1.0.0-py3.10.egg-info/dependency_links.txt
[3.781s] -- Up-to-date: /home/pi/work/maze_bot/programming/mbot_ws/install/mazebot_msgs/local/lib/python3.10/dist-packages/mazebot_msgs
[3.782s] -- Up-to-date: /home/pi/work/maze_bot/programming/mbot_ws/install/mazebot_msgs/local/lib/python3.10/dist-packages/mazebot_msgs/_mazebot_msgs_s.ep.rosidl_typesupport_introspection_c.c
[3.786s] -- Up-to-date: /home/pi/work/maze_bot/programming/mbot_ws/install/mazebot_msgs/local/lib/python3.10/dist-packages/mazebot_msgs/mazebot_msgs_s__rosidl_typesupport_fastrtps_c.cpython-310-aarch64-linux-gnu.so
[3.787s] -- Up-to-date: /home/pi/work/maze_bot/programming/mbot_ws/install/mazebot_msgs/local/lib/python3.10/dist-packages/mazebot_msgs/msg
[3.793s] -- Up-to-date: /home/pi/work/maze_bot/programming/mbot_ws/install/mazebot_msgs/local/lib/python3.10/dist-packages/mazebot_msgs/msg/_mazebot_neighboring_fields_wall_detection.py
[3.794s] -- Up-to-date: /home/pi/work/maze_bot/programming/mbot_ws/install/mazebot_msgs/local/lib/python3.10/dist-packages/mazebot_msgs/msg/_mazebot_field_orientation_s.c
[3.794s] -- Up-to-date: /home/pi/work/maze_bot/programming/mbot_ws/install/mazebot_msgs/local/lib/python3.10/dist-packages/mazebot_msgs/msg/__init__.py
[3.795s] -- Up-to-date: /home/pi/work/maze_bot/programming/mbot_ws/install/mazebot_msgs/local/lib/python3.10/dist-packages/mazebot_msgs/msg/_lidar_scan_processed_s.c
[3.795s] -- Up-to-date: /home/pi/work/maze_bot/programming/mbot_ws/install/mazebot_msgs/local/lib/python3.10/dist-packages/mazebot_msgs/msg/_mazebot_neighboring_fields_wall_detection_s.c
[3.796s] -- Up-to-date: /home/pi/work/maze_bot/programming/mbot_ws/install/mazebot_msgs/local/lib/python3.10/dist-packages/mazebot_msgs/msg/_mazebot_field_orientation.py
[3.797s] -- Up-to-date: /home/pi/work/maze_bot/programming/mbot_ws/install/mazebot_msgs/local/lib/python3.10/dist-packages/mazebot_msgs/msg/_lidar_scan_processed.py
[3.797s] -- Up-to-date: /home/pi/work/maze_bot/programming/mbot_ws/install/mazebot_msgs/local/lib/python3.10/dist-packages/mazebot_msgs/_mazebot_msgs_s.ep.rosidl_typesupport_fastrtps_c.c
[3.798s] -- Up-to-date: /home/pi/work/maze_bot/programming/mbot_ws/install/mazebot_msgs/local/lib/python3.10/dist-packages/mazebot_msgs/__init__.py
[3.800s] -- Up-to-date: /home/pi/work/maze_bot/programming/mbot_ws/install/mazebot_msgs/local/lib/python3.10/dist-packages/mazebot_msgs/mazebot_msgs_s__rosidl_typesupport_c.cpython-310-aarch64-linux-gnu.so
[3.801s] -- Up-to-date: /home/pi/work/maze_bot/programming/mbot_ws/install/mazebot_msgs/local/lib/python3.10/dist-packages/mazebot_msgs/libmazebot_msgs__rosidl_generator_py.so
[3.802s] -- Up-to-date: /home/pi/work/maze_bot/programming/mbot_ws/install/mazebot_msgs/local/lib/python3.10/dist-packages/mazebot_msgs/_mazebot_msgs_s.ep.rosidl_typesupport_c.c
[3.803s] -- Up-to-date: /home/pi/work/maze_bot/programming/mbot_ws/install/mazebot_msgs/local/lib/python3.10/dist-packages/mazebot_msgs/mazebot_msgs_s__rosidl_typesupport_introspection_c.cpython-310-aarch64-linux-gnu.so
[4.018s] Listing '/home/pi/work/maze_bot/programming/mbot_ws/install/mazebot_msgs/local/lib/python3.10/dist-packages/mazebot_msgs'...
[4.020s] Listing '/home/pi/work/maze_bot/programming/mbot_ws/install/mazebot_msgs/local/lib/python3.10/dist-packages/mazebot_msgs/msg'...
[4.047s] -- Up-to-date: /home/pi/work/maze_bot/programming/mbot_ws/install/mazebot_msgs/local/lib/python3.10/dist-packages/mazebot_msgs/mazebot_msgs_s__rosidl_typesupport_fastrtps_c.cpython-310-aarch64-linux-gnu.so
[4.051s] -- Up-to-date: /home/pi/work/maze_bot/programming/mbot_ws/install/mazebot_msgs/local/lib/python3.10/dist-packages/mazebot_msgs/mazebot_msgs_s__rosidl_typesupport_introspection_c.cpython-310-aarch64-linux-gnu.so
[4.058s] -- Up-to-date: /home/pi/work/maze_bot/programming/mbot_ws/install/mazebot_msgs/local/lib/python3.10/dist-packages/mazebot_msgs/mazebot_msgs_s__rosidl_typesupport_c.cpython-310-aarch64-linux-gnu.so
[4.066s] -- Up-to-date: /home/pi/work/maze_bot/programming/mbot_ws/install/mazebot_msgs/lib/libmazebot_msgs__rosidl_generator_py.so
[4.071s] -- Up-to-date: /home/pi/work/maze_bot/programming/mbot_ws/install/mazebot_msgs/share/mazebot_msgs/msg/LidarScanProcessed.idl
[4.075s] -- Up-to-date: /home/pi/work/maze_bot/programming/mbot_ws/install/mazebot_msgs/share/mazebot_msgs/msg/MazebotFieldOrientation.idl
[4.079s] -- Up-to-date: /home/pi/work/maze_bot/programming/mbot_ws/install/mazebot_msgs/share/mazebot_msgs/msg/MazebotNeighboringFieldsWallDetection.idl
[4.083s] -- Up-to-date: /home/pi/work/maze_bot/programming/mbot_ws/install/mazebot_msgs/share/mazebot_msgs/msg/LidarScanProcessed.msg
[4.086s] -- Up-to-date: /home/pi/work/maze_bot/programming/mbot_ws/install/mazebot_msgs/share/mazebot_msgs/msg/MazebotFieldOrientation.msg
[4.088s] -- Up-to-date: /home/pi/work/maze_bot/programming/mbot_ws/install/mazebot_msgs/share/mazebot_msgs/msg/MazebotNeighboringFieldsWallDetection.msg
[4.091s] -- Up-to-date: /home/pi/work/maze_bot/programming/mbot_ws/install/mazebot_msgs/share/ament_index/resource_index/package_run_dependencies/mazebot_msgs
[4.092s] -- Up-to-date: /home/pi/work/maze_bot/programming/mbot_ws/install/mazebot_msgs/share/ament_index/resource_index/parent_prefix_path/mazebot_msgs
[4.094s] -- Up-to-date: /home/pi/work/maze_bot/programming/mbot_ws/install/mazebot_msgs/share/mazebot_msgs/environment/ament_prefix_path.sh
[4.095s] -- Up-to-date: /home/pi/work/maze_bot/programming/mbot_ws/install/mazebot_msgs/share/mazebot_msgs/environment/ament_prefix_path.dsv
[4.097s] -- Up-to-date: /home/pi/work/maze_bot/programming/mbot_ws/install/mazebot_msgs/share/mazebot_msgs/environment/path.sh
[4.100s] -- Up-to-date: /home/pi/work/maze_bot/programming/mbot_ws/install/mazebot_msgs/share/mazebot_msgs/environment/path.dsv
[4.102s] -- Up-to-date: /home/pi/work/maze_bot/programming/mbot_ws/install/mazebot_msgs/share/mazebot_msgs/local_setup.bash
[4.104s] -- Up-to-date: /home/pi/work/maze_bot/programming/mbot_ws/install/mazebot_msgs/share/mazebot_msgs/local_setup.sh
[4.107s] -- Up-to-date: /home/pi/work/maze_bot/programming/mbot_ws/install/mazebot_msgs/share/mazebot_msgs/local_setup.zsh
[4.109s] -- Up-to-date: /home/pi/work/maze_bot/programming/mbot_ws/install/mazebot_msgs/share/mazebot_msgs/local_setup.dsv
[4.110s] -- Installing: /home/pi/work/maze_bot/programming/mbot_ws/install/mazebot_msgs/share/mazebot_msgs/package.dsv
[4.125s] -- Up-to-date: /home/pi/work/maze_bot/programming/mbot_ws/install/mazebot_msgs/share/ament_index/resource_index/packages/mazebot_msgs
[4.133s] -- Up-to-date: /home/pi/work/maze_bot/programming/mbot_ws/install/mazebot_msgs/share/mazebot_msgs/cmake/export_mazebot_msgs__rosidl_generator_cExport.cmake
[4.140s] -- Up-to-date: /home/pi/work/maze_bot/programming/mbot_ws/install/mazebot_msgs/share/mazebot_msgs/cmake/export_mazebot_msgs__rosidl_generator_cExport-noconfig.cmake
[4.142s] -- Up-to-date: /home/pi/work/maze_bot/programming/mbot_ws/install/mazebot_msgs/share/mazebot_msgs/cmake/export_mazebot_msgs__rosidl_typesupport_fastrtps_cExport.cmake
[4.143s] -- Up-to-date: /home/pi/work/maze_bot/programming/mbot_ws/install/mazebot_msgs/share/mazebot_msgs/cmake/export_mazebot_msgs__rosidl_typesupport_fastrtps_cExport-noconfig.cmake
[4.144s] -- Up-to-date: /home/pi/work/maze_bot/programming/mbot_ws/install/mazebot_msgs/share/mazebot_msgs/cmake/export_mazebot_msgs__rosidl_generator_cppExport.cmake
[4.145s] -- Up-to-date: /home/pi/work/maze_bot/programming/mbot_ws/install/mazebot_msgs/share/mazebot_msgs/cmake/export_mazebot_msgs__rosidl_typesupport_fastrtps_cppExport.cmake
[4.151s] -- Up-to-date: /home/pi/work/maze_bot/programming/mbot_ws/install/mazebot_msgs/share/mazebot_msgs/cmake/export_mazebot_msgs__rosidl_typesupport_fastrtps_cppExport-noconfig.cmake
[4.153s] -- Up-to-date: /home/pi/work/maze_bot/programming/mbot_ws/install/mazebot_msgs/share/mazebot_msgs/cmake/mazebot_msgs__rosidl_typesupport_introspection_cExport.cmake
[4.154s] -- Up-to-date: /home/pi/work/maze_bot/programming/mbot_ws/install/mazebot_msgs/share/mazebot_msgs/cmake/mazebot_msgs__rosidl_typesupport_introspection_cExport-noconfig.cmake
[4.158s] -- Up-to-date: /home/pi/work/maze_bot/programming/mbot_ws/install/mazebot_msgs/share/mazebot_msgs/cmake/mazebot_msgs__rosidl_typesupport_cExport.cmake
[4.161s] -- Up-to-date: /home/pi/work/maze_bot/programming/mbot_ws/install/mazebot_msgs/share/mazebot_msgs/cmake/mazebot_msgs__rosidl_typesupport_cExport-noconfig.cmake
[4.163s] -- Up-to-date: /home/pi/work/maze_bot/programming/mbot_ws/install/mazebot_msgs/share/mazebot_msgs/cmake/mazebot_msgs__rosidl_typesupport_introspection_cppExport.cmake
[4.165s] -- Up-to-date: /home/pi/work/maze_bot/programming/mbot_ws/install/mazebot_msgs/share/mazebot_msgs/cmake/mazebot_msgs__rosidl_typesupport_introspection_cppExport-noconfig.cmake
[4.167s] -- Up-to-date: /home/pi/work/maze_bot/programming/mbot_ws/install/mazebot_msgs/share/mazebot_msgs/cmake/mazebot_msgs__rosidl_typesupport_cppExport.cmake
[4.169s] -- Up-to-date: /home/pi/work/maze_bot/programming/mbot_ws/install/mazebot_msgs/share/mazebot_msgs/cmake/mazebot_msgs__rosidl_typesupport_cppExport-noconfig.cmake
[4.172s] -- Up-to-date: /home/pi/work/maze_bot/programming/mbot_ws/install/mazebot_msgs/share/mazebot_msgs/cmake/export_mazebot_msgs__rosidl_generator_pyExport.cmake
[4.176s] -- Up-to-date: /home/pi/work/maze_bot/programming/mbot_ws/install/mazebot_msgs/share/mazebot_msgs/cmake/export_mazebot_msgs__rosidl_generator_pyExport-noconfig.cmake
[4.181s] -- Up-to-date: /home/pi/work/maze_bot/programming/mbot_ws/install/mazebot_msgs/share/mazebot_msgs/cmake/rosidl_cmake-extras.cmake
[4.188s] -- Up-to-date: /home/pi/work/maze_bot/programming/mbot_ws/install/mazebot_msgs/share/mazebot_msgs/cmake/ament_cmake_export_dependencies-extras.cmake
[4.190s] -- Up-to-date: /home/pi/work/maze_bot/programming/mbot_ws/install/mazebot_msgs/share/mazebot_msgs/cmake/ament_cmake_export_include_directories-extras.cmake
[4.192s] -- Up-to-date: /home/pi/work/maze_bot/programming/mbot_ws/install/mazebot_msgs/share/mazebot_msgs/cmake/ament_cmake_export_libraries-extras.cmake
[4.194s] -- Up-to-date: /home/pi/work/maze_bot/programming/mbot_ws/install/mazebot_msgs/share/mazebot_msgs/cmake/ament_cmake_export_targets-extras.cmake
[4.197s] -- Up-to-date: /home/pi/work/maze_bot/programming/mbot_ws/install/mazebot_msgs/share/mazebot_msgs/cmake/rosidl_cmake_export_typesupport_targets-extras.cmake
[4.200s] -- Up-to-date: /home/pi/work/maze_bot/programming/mbot_ws/install/mazebot_msgs/share/mazebot_msgs/cmake/rosidl_cmake_export_typesupport_libraries-extras.cmake
[4.203s] -- Up-to-date: /home/pi/work/maze_bot/programming/mbot_ws/install/mazebot_msgs/share/mazebot_msgs/cmake/mazebot_msgsConfig.cmake
[4.205s] -- Up-to-date: /home/pi/work/maze_bot/programming/mbot_ws/install/mazebot_msgs/share/mazebot_msgs/cmake/mazebot_msgsConfig-version.cmake
[4.207s] -- Up-to-date: /home/pi/work/maze_bot/programming/mbot_ws/install/mazebot_msgs/share/mazebot_msgs/package.xml
[4.208s] Invoked command in '/home/pi/work/maze_bot/programming/mbot_ws/build/mazebot_msgs' returned '0': CMAKE_PREFIX_PATH=${CMAKE_PREFIX_PATH}:/home/pi/work/maze_bot/programming/mbot_ws/install/robocup:/home/pi/work/maze_bot/programming/mbot_ws/install/publisher:/home/pi/work/maze_bot/programming/mbot_ws/install/my_package:/home/pi/work/maze_bot/programming/mbot_ws/install/mazebot_v1:/home/pi/work/ws_robu/install/turtlebot3_teleop:/home/pi/work/ws_robu/install/turtlebot3_example:/home/pi/work/ws_robu/install/robocup:/opt/ros/humble /usr/bin/cmake --install /home/pi/work/maze_bot/programming/mbot_ws/build/mazebot_msgs
