[0.191s] DEBUG:colcon:Command line arguments: ['/usr/bin/colcon', 'build', '--symlink-install']
[0.191s] DEBUG:colcon:Parsed command line arguments: Namespace(log_base=None, log_level=None, verb_name='build', build_base='build', install_base='install', merge_install=False, symlink_install=True, test_result_base=None, continue_on_error=False, executor='parallel', parallel_workers=16, event_handlers=None, ignore_user_meta=False, metas=['./colcon.meta'], base_paths=['.'], packages_ignore=None, packages_ignore_regex=None, paths=None, packages_up_to=None, packages_up_to_regex=None, packages_above=None, packages_above_and_dependencies=None, packages_above_depth=None, packages_select_by_dep=None, packages_skip_by_dep=None, packages_skip_up_to=None, packages_select_build_failed=False, packages_skip_build_finished=False, packages_select_test_failures=False, packages_skip_test_passed=False, packages_select=None, packages_skip=None, packages_select_regex=None, packages_skip_regex=None, packages_start=None, packages_end=None, allow_overriding=[], cmake_args=None, cmake_target=None, cmake_target_skip_unavailable=False, cmake_clean_cache=False, cmake_clean_first=False, cmake_force_configure=False, ament_cmake_args=None, catkin_cmake_args=None, catkin_skip_building_tests=False, verb_parser=<colcon_defaults.argument_parser.defaults.DefaultArgumentsDecorator object at 0x7f67578a9ab0>, verb_extension=<colcon_core.verb.build.BuildVerb object at 0x7f6758273490>, main=<bound method BuildVerb.main of <colcon_core.verb.build.BuildVerb object at 0x7f6758273490>>)
[0.209s] Level 1:colcon.colcon_core.package_discovery:discover_packages(colcon_meta) check parameters
[0.209s] Level 1:colcon.colcon_core.package_discovery:discover_packages(recursive) check parameters
[0.209s] Level 1:colcon.colcon_core.package_discovery:discover_packages(ignore) check parameters
[0.209s] Level 1:colcon.colcon_core.package_discovery:discover_packages(path) check parameters
[0.209s] Level 1:colcon.colcon_core.package_discovery:discover_packages(colcon_meta) discover
[0.209s] Level 1:colcon.colcon_core.package_discovery:discover_packages(recursive) discover
[0.209s] INFO:colcon.colcon_core.package_discovery:Crawling recursively for packages in '/home/kurzmann/mbot_ws'
[0.209s] Level 1:colcon.colcon_core.package_identification:_identify(.) by extensions ['ignore', 'ignore_ament_install']
[0.210s] Level 1:colcon.colcon_core.package_identification:_identify(.) by extension 'ignore'
[0.210s] Level 1:colcon.colcon_core.package_identification:_identify(.) by extension 'ignore_ament_install'
[0.210s] Level 1:colcon.colcon_core.package_identification:_identify(.) by extensions ['colcon_pkg']
[0.210s] Level 1:colcon.colcon_core.package_identification:_identify(.) by extension 'colcon_pkg'
[0.210s] Level 1:colcon.colcon_core.package_identification:_identify(.) by extensions ['colcon_meta']
[0.210s] Level 1:colcon.colcon_core.package_identification:_identify(.) by extension 'colcon_meta'
[0.210s] Level 1:colcon.colcon_core.package_identification:_identify(.) by extensions ['ros']
[0.210s] Level 1:colcon.colcon_core.package_identification:_identify(.) by extension 'ros'
[0.216s] Level 1:colcon.colcon_core.package_identification:_identify(.) by extensions ['cmake', 'python']
[0.216s] Level 1:colcon.colcon_core.package_identification:_identify(.) by extension 'cmake'
[0.216s] Level 1:colcon.colcon_core.package_identification:_identify(.) by extension 'python'
[0.216s] Level 1:colcon.colcon_core.package_identification:_identify(.) by extensions ['python_setup_py']
[0.216s] Level 1:colcon.colcon_core.package_identification:_identify(.) by extension 'python_setup_py'
[0.216s] Level 1:colcon.colcon_core.package_identification:_identify(build) by extensions ['ignore', 'ignore_ament_install']
[0.216s] Level 1:colcon.colcon_core.package_identification:_identify(build) by extension 'ignore'
[0.216s] Level 1:colcon.colcon_core.package_identification:_identify(build) ignored
[0.217s] Level 1:colcon.colcon_core.package_identification:_identify(install) by extensions ['ignore', 'ignore_ament_install']
[0.217s] Level 1:colcon.colcon_core.package_identification:_identify(install) by extension 'ignore'
[0.217s] Level 1:colcon.colcon_core.package_identification:_identify(install) ignored
[0.217s] Level 1:colcon.colcon_core.package_identification:_identify(log) by extensions ['ignore', 'ignore_ament_install']
[0.217s] Level 1:colcon.colcon_core.package_identification:_identify(log) by extension 'ignore'
[0.217s] Level 1:colcon.colcon_core.package_identification:_identify(log) ignored
[0.217s] Level 1:colcon.colcon_core.package_identification:_identify(src) by extensions ['ignore', 'ignore_ament_install']
[0.217s] Level 1:colcon.colcon_core.package_identification:_identify(src) by extension 'ignore'
[0.217s] Level 1:colcon.colcon_core.package_identification:_identify(src) by extension 'ignore_ament_install'
[0.217s] Level 1:colcon.colcon_core.package_identification:_identify(src) by extensions ['colcon_pkg']
[0.217s] Level 1:colcon.colcon_core.package_identification:_identify(src) by extension 'colcon_pkg'
[0.217s] Level 1:colcon.colcon_core.package_identification:_identify(src) by extensions ['colcon_meta']
[0.217s] Level 1:colcon.colcon_core.package_identification:_identify(src) by extension 'colcon_meta'
[0.217s] Level 1:colcon.colcon_core.package_identification:_identify(src) by extensions ['ros']
[0.217s] Level 1:colcon.colcon_core.package_identification:_identify(src) by extension 'ros'
[0.217s] Level 1:colcon.colcon_core.package_identification:_identify(src) by extensions ['cmake', 'python']
[0.217s] Level 1:colcon.colcon_core.package_identification:_identify(src) by extension 'cmake'
[0.217s] Level 1:colcon.colcon_core.package_identification:_identify(src) by extension 'python'
[0.217s] Level 1:colcon.colcon_core.package_identification:_identify(src) by extensions ['python_setup_py']
[0.217s] Level 1:colcon.colcon_core.package_identification:_identify(src) by extension 'python_setup_py'
[0.217s] Level 1:colcon.colcon_core.package_identification:_identify(src/mazebot_v1) by extensions ['ignore', 'ignore_ament_install']
[0.217s] Level 1:colcon.colcon_core.package_identification:_identify(src/mazebot_v1) by extension 'ignore'
[0.217s] Level 1:colcon.colcon_core.package_identification:_identify(src/mazebot_v1) by extension 'ignore_ament_install'
[0.217s] Level 1:colcon.colcon_core.package_identification:_identify(src/mazebot_v1) by extensions ['colcon_pkg']
[0.217s] Level 1:colcon.colcon_core.package_identification:_identify(src/mazebot_v1) by extension 'colcon_pkg'
[0.217s] Level 1:colcon.colcon_core.package_identification:_identify(src/mazebot_v1) by extensions ['colcon_meta']
[0.217s] Level 1:colcon.colcon_core.package_identification:_identify(src/mazebot_v1) by extension 'colcon_meta'
[0.217s] Level 1:colcon.colcon_core.package_identification:_identify(src/mazebot_v1) by extensions ['ros']
[0.217s] Level 1:colcon.colcon_core.package_identification:_identify(src/mazebot_v1) by extension 'ros'
[0.219s] DEBUG:colcon.colcon_core.package_identification:Package 'src/mazebot_v1' with type 'ros.ament_python' and name 'mazebot_v1'
[0.219s] Level 1:colcon.colcon_core.package_identification:_identify(src/publisher) by extensions ['ignore', 'ignore_ament_install']
[0.219s] Level 1:colcon.colcon_core.package_identification:_identify(src/publisher) by extension 'ignore'
[0.219s] Level 1:colcon.colcon_core.package_identification:_identify(src/publisher) by extension 'ignore_ament_install'
[0.219s] Level 1:colcon.colcon_core.package_identification:_identify(src/publisher) by extensions ['colcon_pkg']
[0.219s] Level 1:colcon.colcon_core.package_identification:_identify(src/publisher) by extension 'colcon_pkg'
[0.219s] Level 1:colcon.colcon_core.package_identification:_identify(src/publisher) by extensions ['colcon_meta']
[0.219s] Level 1:colcon.colcon_core.package_identification:_identify(src/publisher) by extension 'colcon_meta'
[0.219s] Level 1:colcon.colcon_core.package_identification:_identify(src/publisher) by extensions ['ros']
[0.219s] Level 1:colcon.colcon_core.package_identification:_identify(src/publisher) by extension 'ros'
[0.219s] DEBUG:colcon.colcon_core.package_identification:Package 'src/publisher' with type 'ros.ament_python' and name 'publisher'
[0.219s] Level 1:colcon.colcon_core.package_discovery:discover_packages(recursive) using defaults
[0.219s] Level 1:colcon.colcon_core.package_discovery:discover_packages(ignore) discover
[0.219s] Level 1:colcon.colcon_core.package_discovery:discover_packages(ignore) using defaults
[0.220s] Level 1:colcon.colcon_core.package_discovery:discover_packages(path) discover
[0.220s] Level 1:colcon.colcon_core.package_discovery:discover_packages(path) using defaults
[0.234s] Level 1:colcon.colcon_core.package_discovery:discover_packages(prefix_path) check parameters
[0.234s] Level 1:colcon.colcon_core.package_discovery:discover_packages(prefix_path) discover
[0.236s] DEBUG:colcon.colcon_installed_package_information.package_discovery:Found 3 installed packages in /home/kurzmann/mbot_ws/install
[0.236s] DEBUG:colcon.colcon_installed_package_information.package_discovery:Found 1 installed packages in /home/kurzmann/articu_ws/install
[0.237s] DEBUG:colcon.colcon_installed_package_information.package_discovery:Found 2 installed packages in /home/kurzmann/dev_ws/install
[0.237s] DEBUG:colcon.colcon_installed_package_information.package_discovery:Found 11 installed packages in /home/kurzmann/colcon_ws/install
[0.238s] DEBUG:colcon.colcon_installed_package_information.package_discovery:Found 378 installed packages in /opt/ros/humble
[0.240s] Level 1:colcon.colcon_core.package_discovery:discover_packages(prefix_path) using defaults
[0.281s] Level 5:colcon.colcon_core.verb:set package 'mazebot_v1' build argument 'cmake_args' from command line to 'None'
[0.281s] Level 5:colcon.colcon_core.verb:set package 'mazebot_v1' build argument 'cmake_target' from command line to 'None'
[0.281s] Level 5:colcon.colcon_core.verb:set package 'mazebot_v1' build argument 'cmake_target_skip_unavailable' from command line to 'False'
[0.281s] Level 5:colcon.colcon_core.verb:set package 'mazebot_v1' build argument 'cmake_clean_cache' from command line to 'False'
[0.281s] Level 5:colcon.colcon_core.verb:set package 'mazebot_v1' build argument 'cmake_clean_first' from command line to 'False'
[0.281s] Level 5:colcon.colcon_core.verb:set package 'mazebot_v1' build argument 'cmake_force_configure' from command line to 'False'
[0.281s] Level 5:colcon.colcon_core.verb:set package 'mazebot_v1' build argument 'ament_cmake_args' from command line to 'None'
[0.281s] Level 5:colcon.colcon_core.verb:set package 'mazebot_v1' build argument 'catkin_cmake_args' from command line to 'None'
[0.281s] Level 5:colcon.colcon_core.verb:set package 'mazebot_v1' build argument 'catkin_skip_building_tests' from command line to 'False'
[0.281s] DEBUG:colcon.colcon_core.verb:Building package 'mazebot_v1' with the following arguments: {'ament_cmake_args': None, 'build_base': '/home/kurzmann/mbot_ws/build/mazebot_v1', 'catkin_cmake_args': None, 'catkin_skip_building_tests': False, 'cmake_args': None, 'cmake_clean_cache': False, 'cmake_clean_first': False, 'cmake_force_configure': False, 'cmake_target': None, 'cmake_target_skip_unavailable': False, 'install_base': '/home/kurzmann/mbot_ws/install/mazebot_v1', 'merge_install': False, 'path': '/home/kurzmann/mbot_ws/src/mazebot_v1', 'symlink_install': True, 'test_result_base': None}
[0.281s] Level 5:colcon.colcon_core.verb:set package 'publisher' build argument 'cmake_args' from command line to 'None'
[0.281s] Level 5:colcon.colcon_core.verb:set package 'publisher' build argument 'cmake_target' from command line to 'None'
[0.281s] Level 5:colcon.colcon_core.verb:set package 'publisher' build argument 'cmake_target_skip_unavailable' from command line to 'False'
[0.281s] Level 5:colcon.colcon_core.verb:set package 'publisher' build argument 'cmake_clean_cache' from command line to 'False'
[0.282s] Level 5:colcon.colcon_core.verb:set package 'publisher' build argument 'cmake_clean_first' from command line to 'False'
[0.282s] Level 5:colcon.colcon_core.verb:set package 'publisher' build argument 'cmake_force_configure' from command line to 'False'
[0.282s] Level 5:colcon.colcon_core.verb:set package 'publisher' build argument 'ament_cmake_args' from command line to 'None'
[0.282s] Level 5:colcon.colcon_core.verb:set package 'publisher' build argument 'catkin_cmake_args' from command line to 'None'
[0.282s] Level 5:colcon.colcon_core.verb:set package 'publisher' build argument 'catkin_skip_building_tests' from command line to 'False'
[0.282s] DEBUG:colcon.colcon_core.verb:Building package 'publisher' with the following arguments: {'ament_cmake_args': None, 'build_base': '/home/kurzmann/mbot_ws/build/publisher', 'catkin_cmake_args': None, 'catkin_skip_building_tests': False, 'cmake_args': None, 'cmake_clean_cache': False, 'cmake_clean_first': False, 'cmake_force_configure': False, 'cmake_target': None, 'cmake_target_skip_unavailable': False, 'install_base': '/home/kurzmann/mbot_ws/install/publisher', 'merge_install': False, 'path': '/home/kurzmann/mbot_ws/src/publisher', 'symlink_install': True, 'test_result_base': None}
[0.282s] INFO:colcon.colcon_core.executor:Executing jobs using 'parallel' executor
[0.284s] DEBUG:colcon.colcon_parallel_executor.executor.parallel:run_until_complete
[0.284s] INFO:colcon.colcon_ros.task.ament_python.build:Building ROS package in '/home/kurzmann/mbot_ws/src/mazebot_v1' with build type 'ament_python'
[0.284s] Level 1:colcon.colcon_core.shell:create_environment_hook('mazebot_v1', 'ament_prefix_path')
[0.287s] INFO:colcon.colcon_core.plugin_system:Skipping extension 'colcon_core.shell.bat': Not used on non-Windows systems
[0.287s] INFO:colcon.colcon_core.shell:Creating environment hook '/home/kurzmann/mbot_ws/install/mazebot_v1/share/mazebot_v1/hook/ament_prefix_path.ps1'
[0.287s] INFO:colcon.colcon_core.shell:Creating environment descriptor '/home/kurzmann/mbot_ws/install/mazebot_v1/share/mazebot_v1/hook/ament_prefix_path.dsv'
[0.287s] INFO:colcon.colcon_core.shell:Creating environment hook '/home/kurzmann/mbot_ws/install/mazebot_v1/share/mazebot_v1/hook/ament_prefix_path.sh'
[0.288s] INFO:colcon.colcon_core.shell:Skip shell extension 'powershell' for command environment: Not usable outside of PowerShell
[0.288s] DEBUG:colcon.colcon_core.shell:Skip shell extension 'dsv' for command environment
[0.293s] INFO:colcon.colcon_ros.task.ament_python.build:Building ROS package in '/home/kurzmann/mbot_ws/src/publisher' with build type 'ament_python'
[0.293s] Level 1:colcon.colcon_core.shell:create_environment_hook('publisher', 'ament_prefix_path')
[0.294s] INFO:colcon.colcon_core.shell:Creating environment hook '/home/kurzmann/mbot_ws/install/publisher/share/publisher/hook/ament_prefix_path.ps1'
[0.294s] INFO:colcon.colcon_core.shell:Creating environment descriptor '/home/kurzmann/mbot_ws/install/publisher/share/publisher/hook/ament_prefix_path.dsv'
[0.294s] INFO:colcon.colcon_core.shell:Creating environment hook '/home/kurzmann/mbot_ws/install/publisher/share/publisher/hook/ament_prefix_path.sh'
[0.295s] INFO:colcon.colcon_core.shell:Skip shell extension 'powershell' for command environment: Not usable outside of PowerShell
[0.295s] DEBUG:colcon.colcon_core.shell:Skip shell extension 'dsv' for command environment
[0.453s] INFO:colcon.colcon_core.task.python.build:Building Python package in '/home/kurzmann/mbot_ws/src/mazebot_v1'
[0.454s] INFO:colcon.colcon_core.shell:Skip shell extension 'powershell' for command environment: Not usable outside of PowerShell
[0.454s] DEBUG:colcon.colcon_core.shell:Skip shell extension 'dsv' for command environment
[0.609s] INFO:colcon.colcon_core.task.python.build:Building Python package in '/home/kurzmann/mbot_ws/src/publisher'
[0.610s] INFO:colcon.colcon_core.shell:Skip shell extension 'powershell' for command environment: Not usable outside of PowerShell
[0.610s] DEBUG:colcon.colcon_core.shell:Skip shell extension 'dsv' for command environment
[0.825s] DEBUG:colcon.colcon_core.task.python.build:While undoing a previous installation files outside the Python library path are being ignored: /home/kurzmann/mbot_ws/install/publisher/share/ament_index/resource_index/packages/publisher
[0.825s] DEBUG:colcon.colcon_core.task.python.build:While undoing a previous installation files outside the Python library path are being ignored: /home/kurzmann/mbot_ws/install/publisher/share/publisher/package.xml
[0.825s] DEBUG:colcon.colcon_core.task.python.build:While undoing a previous installation files outside the Python library path are being ignored: /home/kurzmann/mbot_ws/install/publisher/lib/publisher/openMV
[0.825s] DEBUG:colcon.colcon_core.task.python.build:While undoing a previous installation files outside the Python library path are being ignored: /home/kurzmann/mbot_ws/install/publisher/lib/publisher/rc_sensor
[0.826s] DEBUG:colcon.colcon_core.event_handler.log_command:Invoking command in '/home/kurzmann/mbot_ws/build/publisher': PYTHONPATH=/home/kurzmann/mbot_ws/build/publisher/prefix_override:/home/kurzmann/mbot_ws/install/publisher/lib/python3.10/site-packages:${PYTHONPATH} /usr/bin/python3 setup.py develop --editable --build-directory /home/kurzmann/mbot_ws/build/publisher/build --no-deps install_data
[0.827s] DEBUG:colcon.colcon_core.task.python.build:While undoing a previous installation files outside the Python library path are being ignored: /home/kurzmann/mbot_ws/install/mazebot_v1/share/ament_index/resource_index/packages/mazebot_v1
[0.827s] DEBUG:colcon.colcon_core.task.python.build:While undoing a previous installation files outside the Python library path are being ignored: /home/kurzmann/mbot_ws/install/mazebot_v1/share/mazebot_v1/package.xml
[0.827s] DEBUG:colcon.colcon_core.task.python.build:While undoing a previous installation files outside the Python library path are being ignored: /home/kurzmann/mbot_ws/install/mazebot_v1/lib/mazebot_v1/master
[0.827s] DEBUG:colcon.colcon_core.task.python.build:While undoing a previous installation files outside the Python library path are being ignored: /home/kurzmann/mbot_ws/install/mazebot_v1/lib/mazebot_v1/motor_controller
[0.830s] DEBUG:colcon.colcon_core.event_handler.log_command:Invoking command in '/home/kurzmann/mbot_ws/build/mazebot_v1': PYTHONPATH=/home/kurzmann/mbot_ws/build/mazebot_v1/prefix_override:/home/kurzmann/mbot_ws/install/mazebot_v1/lib/python3.10/site-packages:${PYTHONPATH} /usr/bin/python3 setup.py develop --editable --build-directory /home/kurzmann/mbot_ws/build/mazebot_v1/build --no-deps install_data
[1.100s] Level 1:colcon.colcon_core.shell:create_environment_hook('mazebot_v1', 'pythonpath_develop')
[1.101s] INFO:colcon.colcon_core.shell:Creating environment hook '/home/kurzmann/mbot_ws/build/mazebot_v1/share/mazebot_v1/hook/pythonpath_develop.ps1'
[1.102s] DEBUG:colcon.colcon_core.event_handler.log_command:Invoked command in '/home/kurzmann/mbot_ws/build/mazebot_v1' returned '0': PYTHONPATH=/home/kurzmann/mbot_ws/build/mazebot_v1/prefix_override:/home/kurzmann/mbot_ws/install/mazebot_v1/lib/python3.10/site-packages:${PYTHONPATH} /usr/bin/python3 setup.py develop --editable --build-directory /home/kurzmann/mbot_ws/build/mazebot_v1/build --no-deps install_data
[1.102s] INFO:colcon.colcon_core.shell:Creating environment descriptor '/home/kurzmann/mbot_ws/build/mazebot_v1/share/mazebot_v1/hook/pythonpath_develop.dsv'
[1.102s] INFO:colcon.colcon_core.shell:Creating environment hook '/home/kurzmann/mbot_ws/build/mazebot_v1/share/mazebot_v1/hook/pythonpath_develop.sh'
[1.105s] Level 1:colcon.colcon_core.environment:checking '/home/kurzmann/mbot_ws/install/mazebot_v1' for CMake module files
[1.105s] Level 1:colcon.colcon_core.environment:checking '/home/kurzmann/mbot_ws/install/mazebot_v1' for CMake config files
[1.105s] Level 1:colcon.colcon_core.environment:checking '/home/kurzmann/mbot_ws/install/mazebot_v1/lib'
[1.106s] Level 1:colcon.colcon_core.environment:checking '/home/kurzmann/mbot_ws/install/mazebot_v1/bin'
[1.106s] Level 1:colcon.colcon_core.environment:checking '/home/kurzmann/mbot_ws/install/mazebot_v1/lib/pkgconfig/mazebot_v1.pc'
[1.106s] Level 1:colcon.colcon_core.environment:checking '/home/kurzmann/mbot_ws/install/mazebot_v1/lib/python3.10/site-packages'
[1.106s] Level 1:colcon.colcon_core.shell:create_environment_hook('mazebot_v1', 'pythonpath')
[1.106s] INFO:colcon.colcon_core.shell:Creating environment hook '/home/kurzmann/mbot_ws/install/mazebot_v1/share/mazebot_v1/hook/pythonpath.ps1'
[1.107s] INFO:colcon.colcon_core.shell:Creating environment descriptor '/home/kurzmann/mbot_ws/install/mazebot_v1/share/mazebot_v1/hook/pythonpath.dsv'
[1.107s] INFO:colcon.colcon_core.shell:Creating environment hook '/home/kurzmann/mbot_ws/install/mazebot_v1/share/mazebot_v1/hook/pythonpath.sh'
[1.107s] Level 1:colcon.colcon_core.environment:checking '/home/kurzmann/mbot_ws/install/mazebot_v1/bin'
[1.107s] Level 1:colcon.colcon_core.environment:create_environment_scripts_only(mazebot_v1)
[1.108s] INFO:colcon.colcon_core.shell:Creating package script '/home/kurzmann/mbot_ws/install/mazebot_v1/share/mazebot_v1/package.ps1'
[1.109s] INFO:colcon.colcon_core.shell:Creating package descriptor '/home/kurzmann/mbot_ws/install/mazebot_v1/share/mazebot_v1/package.dsv'
[1.109s] INFO:colcon.colcon_core.shell:Creating package script '/home/kurzmann/mbot_ws/install/mazebot_v1/share/mazebot_v1/package.sh'
[1.109s] INFO:colcon.colcon_core.shell:Creating package script '/home/kurzmann/mbot_ws/install/mazebot_v1/share/mazebot_v1/package.bash'
[1.110s] INFO:colcon.colcon_core.shell:Creating package script '/home/kurzmann/mbot_ws/install/mazebot_v1/share/mazebot_v1/package.zsh'
[1.110s] Level 1:colcon.colcon_core.environment:create_file_with_runtime_dependencies(/home/kurzmann/mbot_ws/install/mazebot_v1/share/colcon-core/packages/mazebot_v1)
[1.110s] Level 1:colcon.colcon_core.shell:create_environment_hook('publisher', 'pythonpath_develop')
[1.111s] INFO:colcon.colcon_core.shell:Creating environment hook '/home/kurzmann/mbot_ws/build/publisher/share/publisher/hook/pythonpath_develop.ps1'
[1.111s] INFO:colcon.colcon_core.shell:Creating environment descriptor '/home/kurzmann/mbot_ws/build/publisher/share/publisher/hook/pythonpath_develop.dsv'
[1.112s] DEBUG:colcon.colcon_core.event_handler.log_command:Invoked command in '/home/kurzmann/mbot_ws/build/publisher' returned '0': PYTHONPATH=/home/kurzmann/mbot_ws/build/publisher/prefix_override:/home/kurzmann/mbot_ws/install/publisher/lib/python3.10/site-packages:${PYTHONPATH} /usr/bin/python3 setup.py develop --editable --build-directory /home/kurzmann/mbot_ws/build/publisher/build --no-deps install_data
[1.112s] INFO:colcon.colcon_core.shell:Creating environment hook '/home/kurzmann/mbot_ws/build/publisher/share/publisher/hook/pythonpath_develop.sh'
[1.113s] Level 1:colcon.colcon_core.environment:checking '/home/kurzmann/mbot_ws/install/publisher' for CMake module files
[1.114s] Level 1:colcon.colcon_core.environment:checking '/home/kurzmann/mbot_ws/install/publisher' for CMake config files
[1.114s] Level 1:colcon.colcon_core.environment:checking '/home/kurzmann/mbot_ws/install/publisher/lib'
[1.114s] Level 1:colcon.colcon_core.environment:checking '/home/kurzmann/mbot_ws/install/publisher/bin'
[1.114s] Level 1:colcon.colcon_core.environment:checking '/home/kurzmann/mbot_ws/install/publisher/lib/pkgconfig/publisher.pc'
[1.114s] Level 1:colcon.colcon_core.environment:checking '/home/kurzmann/mbot_ws/install/publisher/lib/python3.10/site-packages'
[1.114s] Level 1:colcon.colcon_core.shell:create_environment_hook('publisher', 'pythonpath')
[1.115s] INFO:colcon.colcon_core.shell:Creating environment hook '/home/kurzmann/mbot_ws/install/publisher/share/publisher/hook/pythonpath.ps1'
[1.115s] INFO:colcon.colcon_core.shell:Creating environment descriptor '/home/kurzmann/mbot_ws/install/publisher/share/publisher/hook/pythonpath.dsv'
[1.115s] INFO:colcon.colcon_core.shell:Creating environment hook '/home/kurzmann/mbot_ws/install/publisher/share/publisher/hook/pythonpath.sh'
[1.115s] Level 1:colcon.colcon_core.environment:checking '/home/kurzmann/mbot_ws/install/publisher/bin'
[1.116s] Level 1:colcon.colcon_core.environment:create_environment_scripts_only(publisher)
[1.116s] INFO:colcon.colcon_core.shell:Creating package script '/home/kurzmann/mbot_ws/install/publisher/share/publisher/package.ps1'
[1.117s] INFO:colcon.colcon_core.shell:Creating package descriptor '/home/kurzmann/mbot_ws/install/publisher/share/publisher/package.dsv'
[1.117s] INFO:colcon.colcon_core.shell:Creating package script '/home/kurzmann/mbot_ws/install/publisher/share/publisher/package.sh'
[1.117s] INFO:colcon.colcon_core.shell:Creating package script '/home/kurzmann/mbot_ws/install/publisher/share/publisher/package.bash'
[1.118s] INFO:colcon.colcon_core.shell:Creating package script '/home/kurzmann/mbot_ws/install/publisher/share/publisher/package.zsh'
[1.118s] Level 1:colcon.colcon_core.environment:create_file_with_runtime_dependencies(/home/kurzmann/mbot_ws/install/publisher/share/colcon-core/packages/publisher)
[1.118s] DEBUG:colcon.colcon_parallel_executor.executor.parallel:closing loop
[1.118s] DEBUG:colcon.colcon_parallel_executor.executor.parallel:loop closed
[1.118s] DEBUG:colcon.colcon_parallel_executor.executor.parallel:run_until_complete finished with '0'
[1.118s] DEBUG:colcon.colcon_core.event_reactor:joining thread
[1.121s] INFO:colcon.colcon_core.plugin_system:Skipping extension 'colcon_notification.desktop_notification.terminal_notifier': Not used on non-Darwin systems
[1.122s] INFO:colcon.colcon_core.plugin_system:Skipping extension 'colcon_notification.desktop_notification.win32': Not used on non-Windows systems
[1.122s] INFO:colcon.colcon_notification.desktop_notification:Sending desktop notification using 'notify2'
[1.127s] DEBUG:colcon.colcon_core.event_reactor:joined thread
[1.128s] INFO:colcon.colcon_core.shell:Creating prefix script '/home/kurzmann/mbot_ws/install/local_setup.ps1'
[1.128s] INFO:colcon.colcon_core.shell:Creating prefix util module '/home/kurzmann/mbot_ws/install/_local_setup_util_ps1.py'
[1.129s] INFO:colcon.colcon_core.shell:Creating prefix chain script '/home/kurzmann/mbot_ws/install/setup.ps1'
[1.130s] INFO:colcon.colcon_core.shell:Creating prefix script '/home/kurzmann/mbot_ws/install/local_setup.sh'
[1.131s] INFO:colcon.colcon_core.shell:Creating prefix util module '/home/kurzmann/mbot_ws/install/_local_setup_util_sh.py'
[1.131s] INFO:colcon.colcon_core.shell:Creating prefix chain script '/home/kurzmann/mbot_ws/install/setup.sh'
[1.132s] INFO:colcon.colcon_core.shell:Creating prefix script '/home/kurzmann/mbot_ws/install/local_setup.bash'
[1.132s] INFO:colcon.colcon_core.shell:Creating prefix chain script '/home/kurzmann/mbot_ws/install/setup.bash'
[1.133s] INFO:colcon.colcon_core.shell:Creating prefix script '/home/kurzmann/mbot_ws/install/local_setup.zsh'
[1.133s] INFO:colcon.colcon_core.shell:Creating prefix chain script '/home/kurzmann/mbot_ws/install/setup.zsh'
