[4.577s] Invoking command in '/home/pi/work/maze_bot/programming/mbot_ws/src/robocup': PYTHONPATH=/home/pi/work/maze_bot/programming/mbot_ws/build/robocup/prefix_override:/home/pi/work/maze_bot/programming/mbot_ws/install/robocup/lib/python3.10/site-packages:${PYTHONPATH} /usr/bin/python3 setup.py egg_info --egg-base ../../build/robocup build --build-base /home/pi/work/maze_bot/programming/mbot_ws/build/robocup/build install --record /home/pi/work/maze_bot/programming/mbot_ws/build/robocup/install.log --single-version-externally-managed
[5.985s] running egg_info
[5.988s] writing ../../build/robocup/robocup.egg-info/PKG-INFO
[5.989s] writing dependency_links to ../../build/robocup/robocup.egg-info/dependency_links.txt
[5.990s] writing entry points to ../../build/robocup/robocup.egg-info/entry_points.txt
[5.990s] writing requirements to ../../build/robocup/robocup.egg-info/requires.txt
[5.991s] writing top-level names to ../../build/robocup/robocup.egg-info/top_level.txt
[6.000s] reading manifest file '../../build/robocup/robocup.egg-info/SOURCES.txt'
[6.004s] writing manifest file '../../build/robocup/robocup.egg-info/SOURCES.txt'
[6.005s] running build
[6.006s] running build_py
[6.007s] copying robocup/mazebot_wall_detection.py -> /home/pi/work/maze_bot/programming/mbot_ws/build/robocup/build/lib/robocup
[6.008s] running install
[6.009s] running install_lib
[6.013s] copying /home/pi/work/maze_bot/programming/mbot_ws/build/robocup/build/lib/robocup/mazebot_wall_detection.py -> /home/pi/work/maze_bot/programming/mbot_ws/install/robocup/lib/python3.10/site-packages/robocup
[6.018s] byte-compiling /home/pi/work/maze_bot/programming/mbot_ws/install/robocup/lib/python3.10/site-packages/robocup/mazebot_wall_detection.py to mazebot_wall_detection.cpython-310.pyc
[6.028s] running install_data
[6.031s] running install_egg_info
[6.038s] removing '/home/pi/work/maze_bot/programming/mbot_ws/install/robocup/lib/python3.10/site-packages/robocup-0.0.0-py3.10.egg-info' (and everything under it)
[6.040s] Copying ../../build/robocup/robocup.egg-info to /home/pi/work/maze_bot/programming/mbot_ws/install/robocup/lib/python3.10/site-packages/robocup-0.0.0-py3.10.egg-info
[6.049s] running install_scripts
[6.133s] Installing remote script to /home/pi/work/maze_bot/programming/mbot_ws/install/robocup/lib/robocup
[6.133s] Installing serial script to /home/pi/work/maze_bot/programming/mbot_ws/install/robocup/lib/robocup
[6.135s] Installing wall_det script to /home/pi/work/maze_bot/programming/mbot_ws/install/robocup/lib/robocup
[6.136s] writing list of installed files to '/home/pi/work/maze_bot/programming/mbot_ws/build/robocup/install.log'
[6.277s] Invoked command in '/home/pi/work/maze_bot/programming/mbot_ws/src/robocup' returned '0': PYTHONPATH=/home/pi/work/maze_bot/programming/mbot_ws/build/robocup/prefix_override:/home/pi/work/maze_bot/programming/mbot_ws/install/robocup/lib/python3.10/site-packages:${PYTHONPATH} /usr/bin/python3 setup.py egg_info --egg-base ../../build/robocup build --build-base /home/pi/work/maze_bot/programming/mbot_ws/build/robocup/build install --record /home/pi/work/maze_bot/programming/mbot_ws/build/robocup/install.log --single-version-externally-managed
