[0.526s] Invoking command in '/home/kurzmann/mbot_ws/src/publisher': PYTHONPATH=/home/kurzmann/mbot_ws/build/publisher/prefix_override:/home/kurzmann/mbot_ws/install/publisher/lib/python3.10/site-packages:${PYTHONPATH} /usr/bin/python3 setup.py egg_info --egg-base ../../build/publisher build --build-base /home/kurzmann/mbot_ws/build/publisher/build install --record /home/kurzmann/mbot_ws/build/publisher/install.log --single-version-externally-managed
[0.668s] running egg_info
[0.668s] writing ../../build/publisher/publisher.egg-info/PKG-INFO
[0.668s] writing dependency_links to ../../build/publisher/publisher.egg-info/dependency_links.txt
[0.668s] writing entry points to ../../build/publisher/publisher.egg-info/entry_points.txt
[0.669s] writing requirements to ../../build/publisher/publisher.egg-info/requires.txt
[0.669s] writing top-level names to ../../build/publisher/publisher.egg-info/top_level.txt
[0.670s] reading manifest file '../../build/publisher/publisher.egg-info/SOURCES.txt'
[0.670s] writing manifest file '../../build/publisher/publisher.egg-info/SOURCES.txt'
[0.670s] running build
[0.670s] running build_py
[0.670s] running install
[0.671s] /usr/lib/python3/dist-packages/setuptools/command/install.py:34: SetuptoolsDeprecationWarning: setup.py install is deprecated. Use build and pip and other standards-based tools.
[0.671s]   warnings.warn(
[0.671s] running install_lib
[0.671s] running install_data
[0.671s] running install_egg_info
[0.673s] removing '/home/kurzmann/mbot_ws/install/publisher/lib/python3.10/site-packages/publisher-0.0.0-py3.10.egg-info' (and everything under it)
[0.673s] Copying ../../build/publisher/publisher.egg-info to /home/kurzmann/mbot_ws/install/publisher/lib/python3.10/site-packages/publisher-0.0.0-py3.10.egg-info
[0.674s] running install_scripts
[0.686s] Installing openMV script to /home/kurzmann/mbot_ws/install/publisher/lib/publisher
[0.686s] Installing rc_sensor script to /home/kurzmann/mbot_ws/install/publisher/lib/publisher
[0.686s] writing list of installed files to '/home/kurzmann/mbot_ws/build/publisher/install.log'
[0.702s] Invoked command in '/home/kurzmann/mbot_ws/src/publisher' returned '0': PYTHONPATH=/home/kurzmann/mbot_ws/build/publisher/prefix_override:/home/kurzmann/mbot_ws/install/publisher/lib/python3.10/site-packages:${PYTHONPATH} /usr/bin/python3 setup.py egg_info --egg-base ../../build/publisher build --build-base /home/kurzmann/mbot_ws/build/publisher/build install --record /home/kurzmann/mbot_ws/build/publisher/install.log --single-version-externally-managed
