[0.551s] Invoking command in '/home/kurzmann/mbot_ws/src/mazebot_v1': PYTHONPATH=/home/kurzmann/mbot_ws/build/mazebot_v1/prefix_override:/home/kurzmann/mbot_ws/install/mazebot_v1/lib/python3.10/site-packages:${PYTHONPATH} /usr/bin/python3 setup.py egg_info --egg-base ../../build/mazebot_v1 build --build-base /home/kurzmann/mbot_ws/build/mazebot_v1/build install --record /home/kurzmann/mbot_ws/build/mazebot_v1/install.log --single-version-externally-managed
[0.688s] running egg_info
[0.689s] writing ../../build/mazebot_v1/mazebot_v1.egg-info/PKG-INFO
[0.689s] writing dependency_links to ../../build/mazebot_v1/mazebot_v1.egg-info/dependency_links.txt
[0.689s] writing entry points to ../../build/mazebot_v1/mazebot_v1.egg-info/entry_points.txt
[0.689s] writing requirements to ../../build/mazebot_v1/mazebot_v1.egg-info/requires.txt
[0.689s] writing top-level names to ../../build/mazebot_v1/mazebot_v1.egg-info/top_level.txt
[0.690s] reading manifest file '../../build/mazebot_v1/mazebot_v1.egg-info/SOURCES.txt'
[0.696s] writing manifest file '../../build/mazebot_v1/mazebot_v1.egg-info/SOURCES.txt'
[0.697s] running build
[0.697s] running build_py
[0.698s] copying mazebot_v1/mazebot_master.py -> /home/kurzmann/mbot_ws/build/mazebot_v1/build/lib/mazebot_v1
[0.698s] copying mazebot_v1/motor_controller.py -> /home/kurzmann/mbot_ws/build/mazebot_v1/build/lib/mazebot_v1
[0.698s] /usr/lib/python3/dist-packages/setuptools/command/install.py:34: SetuptoolsDeprecationWarning: setup.py install is deprecated. Use build and pip and other standards-based tools.
[0.698s]   warnings.warn(
[0.698s] running install
[0.699s] running install_lib
[0.699s] copying /home/kurzmann/mbot_ws/build/mazebot_v1/build/lib/mazebot_v1/mazebot_master.py -> /home/kurzmann/mbot_ws/install/mazebot_v1/lib/python3.10/site-packages/mazebot_v1
[0.699s] copying /home/kurzmann/mbot_ws/build/mazebot_v1/build/lib/mazebot_v1/motor_controller.py -> /home/kurzmann/mbot_ws/install/mazebot_v1/lib/python3.10/site-packages/mazebot_v1
[0.699s] byte-compiling /home/kurzmann/mbot_ws/install/mazebot_v1/lib/python3.10/site-packages/mazebot_v1/mazebot_master.py to mazebot_master.cpython-310.pyc
[0.699s] byte-compiling /home/kurzmann/mbot_ws/install/mazebot_v1/lib/python3.10/site-packages/mazebot_v1/motor_controller.py to motor_controller.cpython-310.pyc
[0.699s] running install_data
[0.699s] copying package.xml -> /home/kurzmann/mbot_ws/install/mazebot_v1/share/mazebot_v1
[0.699s] running install_egg_info
[0.700s] removing '/home/kurzmann/mbot_ws/install/mazebot_v1/lib/python3.10/site-packages/mazebot_v1-0.0.0-py3.10.egg-info' (and everything under it)
[0.700s] Copying ../../build/mazebot_v1/mazebot_v1.egg-info to /home/kurzmann/mbot_ws/install/mazebot_v1/lib/python3.10/site-packages/mazebot_v1-0.0.0-py3.10.egg-info
[0.701s] running install_scripts
[0.713s] Installing master script to /home/kurzmann/mbot_ws/install/mazebot_v1/lib/mazebot_v1
[0.713s] Installing motor_controller script to /home/kurzmann/mbot_ws/install/mazebot_v1/lib/mazebot_v1
[0.713s] writing list of installed files to '/home/kurzmann/mbot_ws/build/mazebot_v1/install.log'
[0.730s] Invoked command in '/home/kurzmann/mbot_ws/src/mazebot_v1' returned '0': PYTHONPATH=/home/kurzmann/mbot_ws/build/mazebot_v1/prefix_override:/home/kurzmann/mbot_ws/install/mazebot_v1/lib/python3.10/site-packages:${PYTHONPATH} /usr/bin/python3 setup.py egg_info --egg-base ../../build/mazebot_v1 build --build-base /home/kurzmann/mbot_ws/build/mazebot_v1/build install --record /home/kurzmann/mbot_ws/build/mazebot_v1/install.log --single-version-externally-managed
