[1.659s] DEBUG:colcon:Command line arguments: ['/usr/bin/colcon', 'build']
[1.659s] DEBUG:colcon:Parsed command line arguments: Namespace(log_base=None, log_level=None, verb_name='build', build_base='build', install_base='install', merge_install=False, symlink_install=False, test_result_base=None, continue_on_error=False, executor='parallel', parallel_workers=4, event_handlers=None, ignore_user_meta=False, metas=['./colcon.meta'], base_paths=['.'], packages_ignore=None, packages_ignore_regex=None, paths=None, packages_up_to=None, packages_up_to_regex=None, packages_above=None, packages_above_and_dependencies=None, packages_above_depth=None, packages_select_by_dep=None, packages_skip_by_dep=None, packages_skip_up_to=None, packages_select_build_failed=False, packages_skip_build_finished=False, packages_select_test_failures=False, packages_skip_test_passed=False, packages_select=None, packages_skip=None, packages_select_regex=None, packages_skip_regex=None, packages_start=None, packages_end=None, allow_overriding=[], cmake_args=None, cmake_target=None, cmake_target_skip_unavailable=False, cmake_clean_cache=False, cmake_clean_first=False, cmake_force_configure=False, ament_cmake_args=None, catkin_cmake_args=None, catkin_skip_building_tests=False, verb_parser=<colcon_defaults.argument_parser.defaults.DefaultArgumentsDecorator object at 0xffff84177850>, verb_extension=<colcon_core.verb.build.BuildVerb object at 0xffff83f23fd0>, main=<bound method BuildVerb.main of <colcon_core.verb.build.BuildVerb object at 0xffff83f23fd0>>)
[1.769s] Level 1:colcon.colcon_core.package_discovery:discover_packages(colcon_meta) check parameters
[1.770s] Level 1:colcon.colcon_core.package_discovery:discover_packages(recursive) check parameters
[1.770s] Level 1:colcon.colcon_core.package_discovery:discover_packages(ignore) check parameters
[1.770s] Level 1:colcon.colcon_core.package_discovery:discover_packages(path) check parameters
[1.770s] Level 1:colcon.colcon_core.package_discovery:discover_packages(colcon_meta) discover
[1.770s] Level 1:colcon.colcon_core.package_discovery:discover_packages(recursive) discover
[1.771s] INFO:colcon.colcon_core.package_discovery:Crawling recursively for packages in '/home/pi/work/maze_bot/programming/mbot_ws'
[1.771s] Level 1:colcon.colcon_core.package_identification:_identify(.) by extensions ['ignore', 'ignore_ament_install']
[1.772s] Level 1:colcon.colcon_core.package_identification:_identify(.) by extension 'ignore'
[1.772s] Level 1:colcon.colcon_core.package_identification:_identify(.) by extension 'ignore_ament_install'
[1.773s] Level 1:colcon.colcon_core.package_identification:_identify(.) by extensions ['colcon_pkg']
[1.773s] Level 1:colcon.colcon_core.package_identification:_identify(.) by extension 'colcon_pkg'
[1.773s] Level 1:colcon.colcon_core.package_identification:_identify(.) by extensions ['colcon_meta']
[1.774s] Level 1:colcon.colcon_core.package_identification:_identify(.) by extension 'colcon_meta'
[1.774s] Level 1:colcon.colcon_core.package_identification:_identify(.) by extensions ['ros']
[1.774s] Level 1:colcon.colcon_core.package_identification:_identify(.) by extension 'ros'
[1.825s] Level 1:colcon.colcon_core.package_identification:_identify(.) by extensions ['cmake', 'python']
[1.825s] Level 1:colcon.colcon_core.package_identification:_identify(.) by extension 'cmake'
[1.825s] Level 1:colcon.colcon_core.package_identification:_identify(.) by extension 'python'
[1.826s] Level 1:colcon.colcon_core.package_identification:_identify(.) by extensions ['python_setup_py']
[1.826s] Level 1:colcon.colcon_core.package_identification:_identify(.) by extension 'python_setup_py'
[1.826s] Level 1:colcon.colcon_core.package_identification:_identify(build) by extensions ['ignore', 'ignore_ament_install']
[1.827s] Level 1:colcon.colcon_core.package_identification:_identify(build) by extension 'ignore'
[1.827s] Level 1:colcon.colcon_core.package_identification:_identify(build) ignored
[1.828s] Level 1:colcon.colcon_core.package_identification:_identify(install) by extensions ['ignore', 'ignore_ament_install']
[1.828s] Level 1:colcon.colcon_core.package_identification:_identify(install) by extension 'ignore'
[1.828s] Level 1:colcon.colcon_core.package_identification:_identify(install) ignored
[1.829s] Level 1:colcon.colcon_core.package_identification:_identify(log) by extensions ['ignore', 'ignore_ament_install']
[1.830s] Level 1:colcon.colcon_core.package_identification:_identify(log) by extension 'ignore'
[1.830s] Level 1:colcon.colcon_core.package_identification:_identify(log) ignored
[1.830s] Level 1:colcon.colcon_core.package_identification:_identify(src) by extensions ['ignore', 'ignore_ament_install']
[1.831s] Level 1:colcon.colcon_core.package_identification:_identify(src) by extension 'ignore'
[1.831s] Level 1:colcon.colcon_core.package_identification:_identify(src) by extension 'ignore_ament_install'
[1.831s] Level 1:colcon.colcon_core.package_identification:_identify(src) by extensions ['colcon_pkg']
[1.831s] Level 1:colcon.colcon_core.package_identification:_identify(src) by extension 'colcon_pkg'
[1.831s] Level 1:colcon.colcon_core.package_identification:_identify(src) by extensions ['colcon_meta']
[1.831s] Level 1:colcon.colcon_core.package_identification:_identify(src) by extension 'colcon_meta'
[1.832s] Level 1:colcon.colcon_core.package_identification:_identify(src) by extensions ['ros']
[1.832s] Level 1:colcon.colcon_core.package_identification:_identify(src) by extension 'ros'
[1.832s] Level 1:colcon.colcon_core.package_identification:_identify(src) by extensions ['cmake', 'python']
[1.832s] Level 1:colcon.colcon_core.package_identification:_identify(src) by extension 'cmake'
[1.833s] Level 1:colcon.colcon_core.package_identification:_identify(src) by extension 'python'
[1.833s] Level 1:colcon.colcon_core.package_identification:_identify(src) by extensions ['python_setup_py']
[1.833s] Level 1:colcon.colcon_core.package_identification:_identify(src) by extension 'python_setup_py'
[1.833s] Level 1:colcon.colcon_core.package_identification:_identify(src/articubot_one) by extensions ['ignore', 'ignore_ament_install']
[1.834s] Level 1:colcon.colcon_core.package_identification:_identify(src/articubot_one) by extension 'ignore'
[1.834s] Level 1:colcon.colcon_core.package_identification:_identify(src/articubot_one) by extension 'ignore_ament_install'
[1.834s] Level 1:colcon.colcon_core.package_identification:_identify(src/articubot_one) by extensions ['colcon_pkg']
[1.834s] Level 1:colcon.colcon_core.package_identification:_identify(src/articubot_one) by extension 'colcon_pkg'
[1.834s] Level 1:colcon.colcon_core.package_identification:_identify(src/articubot_one) by extensions ['colcon_meta']
[1.834s] Level 1:colcon.colcon_core.package_identification:_identify(src/articubot_one) by extension 'colcon_meta'
[1.835s] Level 1:colcon.colcon_core.package_identification:_identify(src/articubot_one) by extensions ['ros']
[1.835s] Level 1:colcon.colcon_core.package_identification:_identify(src/articubot_one) by extension 'ros'
[1.835s] Level 1:colcon.colcon_core.package_identification:_identify(src/articubot_one) by extensions ['cmake', 'python']
[1.835s] Level 1:colcon.colcon_core.package_identification:_identify(src/articubot_one) by extension 'cmake'
[1.835s] Level 1:colcon.colcon_core.package_identification:_identify(src/articubot_one) by extension 'python'
[1.836s] Level 1:colcon.colcon_core.package_identification:_identify(src/articubot_one) by extensions ['python_setup_py']
[1.836s] Level 1:colcon.colcon_core.package_identification:_identify(src/articubot_one) by extension 'python_setup_py'
[1.836s] Level 1:colcon.colcon_core.package_identification:_identify(src/mazebot_msgs) by extensions ['ignore', 'ignore_ament_install']
[1.837s] Level 1:colcon.colcon_core.package_identification:_identify(src/mazebot_msgs) by extension 'ignore'
[1.837s] Level 1:colcon.colcon_core.package_identification:_identify(src/mazebot_msgs) by extension 'ignore_ament_install'
[1.837s] Level 1:colcon.colcon_core.package_identification:_identify(src/mazebot_msgs) by extensions ['colcon_pkg']
[1.837s] Level 1:colcon.colcon_core.package_identification:_identify(src/mazebot_msgs) by extension 'colcon_pkg'
[1.837s] Level 1:colcon.colcon_core.package_identification:_identify(src/mazebot_msgs) by extensions ['colcon_meta']
[1.838s] Level 1:colcon.colcon_core.package_identification:_identify(src/mazebot_msgs) by extension 'colcon_meta'
[1.838s] Level 1:colcon.colcon_core.package_identification:_identify(src/mazebot_msgs) by extensions ['ros']
[1.838s] Level 1:colcon.colcon_core.package_identification:_identify(src/mazebot_msgs) by extension 'ros'
[1.848s] DEBUG:colcon.colcon_core.package_identification:Package 'src/mazebot_msgs' with type 'ros.ament_cmake' and name 'mazebot_msgs'
[1.848s] Level 1:colcon.colcon_core.package_identification:_identify(src/robocup) by extensions ['ignore', 'ignore_ament_install']
[1.849s] Level 1:colcon.colcon_core.package_identification:_identify(src/robocup) by extension 'ignore'
[1.849s] Level 1:colcon.colcon_core.package_identification:_identify(src/robocup) by extension 'ignore_ament_install'
[1.849s] Level 1:colcon.colcon_core.package_identification:_identify(src/robocup) by extensions ['colcon_pkg']
[1.849s] Level 1:colcon.colcon_core.package_identification:_identify(src/robocup) by extension 'colcon_pkg'
[1.850s] Level 1:colcon.colcon_core.package_identification:_identify(src/robocup) by extensions ['colcon_meta']
[1.850s] Level 1:colcon.colcon_core.package_identification:_identify(src/robocup) by extension 'colcon_meta'
[1.850s] Level 1:colcon.colcon_core.package_identification:_identify(src/robocup) by extensions ['ros']
[1.850s] Level 1:colcon.colcon_core.package_identification:_identify(src/robocup) by extension 'ros'
[1.853s] DEBUG:colcon.colcon_core.package_identification:Package 'src/robocup' with type 'ros.ament_python' and name 'robocup'
[1.854s] Level 1:colcon.colcon_core.package_discovery:discover_packages(recursive) using defaults
[1.854s] Level 1:colcon.colcon_core.package_discovery:discover_packages(ignore) discover
[1.854s] Level 1:colcon.colcon_core.package_discovery:discover_packages(ignore) using defaults
[1.854s] Level 1:colcon.colcon_core.package_discovery:discover_packages(path) discover
[1.854s] Level 1:colcon.colcon_core.package_discovery:discover_packages(path) using defaults
[1.953s] Level 1:colcon.colcon_core.package_discovery:discover_packages(prefix_path) check parameters
[1.953s] Level 1:colcon.colcon_core.package_discovery:discover_packages(prefix_path) discover
[1.975s] DEBUG:colcon.colcon_installed_package_information.package_discovery:Found 5 installed packages in /home/pi/work/maze_bot/programming/mbot_ws/install
[1.982s] DEBUG:colcon.colcon_installed_package_information.package_discovery:Found 18 installed packages in /home/pi/work/ws_robu/install
[1.995s] DEBUG:colcon.colcon_installed_package_information.package_discovery:Found 308 installed packages in /opt/ros/humble
[2.003s] Level 1:colcon.colcon_core.package_discovery:discover_packages(prefix_path) using defaults
[2.285s] Level 5:colcon.colcon_core.verb:set package 'mazebot_msgs' build argument 'cmake_args' from command line to 'None'
[2.286s] Level 5:colcon.colcon_core.verb:set package 'mazebot_msgs' build argument 'cmake_target' from command line to 'None'
[2.286s] Level 5:colcon.colcon_core.verb:set package 'mazebot_msgs' build argument 'cmake_target_skip_unavailable' from command line to 'False'
[2.286s] Level 5:colcon.colcon_core.verb:set package 'mazebot_msgs' build argument 'cmake_clean_cache' from command line to 'False'
[2.286s] Level 5:colcon.colcon_core.verb:set package 'mazebot_msgs' build argument 'cmake_clean_first' from command line to 'False'
[2.286s] Level 5:colcon.colcon_core.verb:set package 'mazebot_msgs' build argument 'cmake_force_configure' from command line to 'False'
[2.286s] Level 5:colcon.colcon_core.verb:set package 'mazebot_msgs' build argument 'ament_cmake_args' from command line to 'None'
[2.286s] Level 5:colcon.colcon_core.verb:set package 'mazebot_msgs' build argument 'catkin_cmake_args' from command line to 'None'
[2.286s] Level 5:colcon.colcon_core.verb:set package 'mazebot_msgs' build argument 'catkin_skip_building_tests' from command line to 'False'
[2.287s] DEBUG:colcon.colcon_core.verb:Building package 'mazebot_msgs' with the following arguments: {'ament_cmake_args': None, 'build_base': '/home/pi/work/maze_bot/programming/mbot_ws/build/mazebot_msgs', 'catkin_cmake_args': None, 'catkin_skip_building_tests': False, 'cmake_args': None, 'cmake_clean_cache': False, 'cmake_clean_first': False, 'cmake_force_configure': False, 'cmake_target': None, 'cmake_target_skip_unavailable': False, 'install_base': '/home/pi/work/maze_bot/programming/mbot_ws/install/mazebot_msgs', 'merge_install': False, 'path': '/home/pi/work/maze_bot/programming/mbot_ws/src/mazebot_msgs', 'symlink_install': False, 'test_result_base': None}
[2.291s] Level 5:colcon.colcon_core.verb:set package 'robocup' build argument 'cmake_args' from command line to 'None'
[2.291s] Level 5:colcon.colcon_core.verb:set package 'robocup' build argument 'cmake_target' from command line to 'None'
[2.291s] Level 5:colcon.colcon_core.verb:set package 'robocup' build argument 'cmake_target_skip_unavailable' from command line to 'False'
[2.291s] Level 5:colcon.colcon_core.verb:set package 'robocup' build argument 'cmake_clean_cache' from command line to 'False'
[2.292s] Level 5:colcon.colcon_core.verb:set package 'robocup' build argument 'cmake_clean_first' from command line to 'False'
[2.292s] Level 5:colcon.colcon_core.verb:set package 'robocup' build argument 'cmake_force_configure' from command line to 'False'
[2.292s] Level 5:colcon.colcon_core.verb:set package 'robocup' build argument 'ament_cmake_args' from command line to 'None'
[2.292s] Level 5:colcon.colcon_core.verb:set package 'robocup' build argument 'catkin_cmake_args' from command line to 'None'
[2.292s] Level 5:colcon.colcon_core.verb:set package 'robocup' build argument 'catkin_skip_building_tests' from command line to 'False'
[2.292s] DEBUG:colcon.colcon_core.verb:Building package 'robocup' with the following arguments: {'ament_cmake_args': None, 'build_base': '/home/pi/work/maze_bot/programming/mbot_ws/build/robocup', 'catkin_cmake_args': None, 'catkin_skip_building_tests': False, 'cmake_args': None, 'cmake_clean_cache': False, 'cmake_clean_first': False, 'cmake_force_configure': False, 'cmake_target': None, 'cmake_target_skip_unavailable': False, 'install_base': '/home/pi/work/maze_bot/programming/mbot_ws/install/robocup', 'merge_install': False, 'path': '/home/pi/work/maze_bot/programming/mbot_ws/src/robocup', 'symlink_install': False, 'test_result_base': None}
[2.295s] INFO:colcon.colcon_core.executor:Executing jobs using 'parallel' executor
[2.308s] DEBUG:colcon.colcon_parallel_executor.executor.parallel:run_until_complete
[2.309s] INFO:colcon.colcon_ros.task.ament_cmake.build:Building ROS package in '/home/pi/work/maze_bot/programming/mbot_ws/src/mazebot_msgs' with build type 'ament_cmake'
[2.310s] INFO:colcon.colcon_cmake.task.cmake.build:Building CMake package in '/home/pi/work/maze_bot/programming/mbot_ws/src/mazebot_msgs'
[2.332s] INFO:colcon.colcon_core.plugin_system:Skipping extension 'colcon_core.shell.bat': Not used on non-Windows systems
[2.333s] INFO:colcon.colcon_core.shell:Skip shell extension 'powershell' for command environment: Not usable outside of PowerShell
[2.333s] DEBUG:colcon.colcon_core.shell:Skip shell extension 'dsv' for command environment
[2.372s] INFO:colcon.colcon_ros.task.ament_python.build:Building ROS package in '/home/pi/work/maze_bot/programming/mbot_ws/src/robocup' with build type 'ament_python'
[2.373s] Level 1:colcon.colcon_core.shell:create_environment_hook('robocup', 'ament_prefix_path')
[2.379s] INFO:colcon.colcon_core.shell:Creating environment hook '/home/pi/work/maze_bot/programming/mbot_ws/install/robocup/share/robocup/hook/ament_prefix_path.ps1'
[2.383s] INFO:colcon.colcon_core.shell:Creating environment descriptor '/home/pi/work/maze_bot/programming/mbot_ws/install/robocup/share/robocup/hook/ament_prefix_path.dsv'
[2.386s] INFO:colcon.colcon_core.shell:Creating environment hook '/home/pi/work/maze_bot/programming/mbot_ws/install/robocup/share/robocup/hook/ament_prefix_path.sh'
[2.395s] INFO:colcon.colcon_core.shell:Skip shell extension 'powershell' for command environment: Not usable outside of PowerShell
[2.395s] DEBUG:colcon.colcon_core.shell:Skip shell extension 'dsv' for command environment
[2.464s] DEBUG:colcon.colcon_core.event_handler.log_command:Invoking command in '/home/pi/work/maze_bot/programming/mbot_ws/build/mazebot_msgs': CMAKE_PREFIX_PATH=${CMAKE_PREFIX_PATH}:/home/pi/work/maze_bot/programming/mbot_ws/install/robocup:/home/pi/work/maze_bot/programming/mbot_ws/install/publisher:/home/pi/work/maze_bot/programming/mbot_ws/install/my_package:/home/pi/work/maze_bot/programming/mbot_ws/install/mazebot_v1:/home/pi/work/ws_robu/install/turtlebot3_teleop:/home/pi/work/ws_robu/install/turtlebot3_example:/home/pi/work/ws_robu/install/robocup:/opt/ros/humble /usr/bin/cmake --build /home/pi/work/maze_bot/programming/mbot_ws/build/mazebot_msgs -- -j4 -l4
[4.430s] INFO:colcon.colcon_core.task.python.build:Building Python package in '/home/pi/work/maze_bot/programming/mbot_ws/src/robocup'
[4.437s] INFO:colcon.colcon_core.shell:Skip shell extension 'powershell' for command environment: Not usable outside of PowerShell
[4.438s] DEBUG:colcon.colcon_core.shell:Skip shell extension 'dsv' for command environment
[5.131s] DEBUG:colcon.colcon_core.event_handler.log_command:Invoked command in '/home/pi/work/maze_bot/programming/mbot_ws/build/mazebot_msgs' returned '0': CMAKE_PREFIX_PATH=${CMAKE_PREFIX_PATH}:/home/pi/work/maze_bot/programming/mbot_ws/install/robocup:/home/pi/work/maze_bot/programming/mbot_ws/install/publisher:/home/pi/work/maze_bot/programming/mbot_ws/install/my_package:/home/pi/work/maze_bot/programming/mbot_ws/install/mazebot_v1:/home/pi/work/ws_robu/install/turtlebot3_teleop:/home/pi/work/ws_robu/install/turtlebot3_example:/home/pi/work/ws_robu/install/robocup:/opt/ros/humble /usr/bin/cmake --build /home/pi/work/maze_bot/programming/mbot_ws/build/mazebot_msgs -- -j4 -l4
[6.001s] DEBUG:colcon.colcon_core.event_handler.log_command:Invoking command in '/home/pi/work/maze_bot/programming/mbot_ws/build/mazebot_msgs': CMAKE_PREFIX_PATH=${CMAKE_PREFIX_PATH}:/home/pi/work/maze_bot/programming/mbot_ws/install/robocup:/home/pi/work/maze_bot/programming/mbot_ws/install/publisher:/home/pi/work/maze_bot/programming/mbot_ws/install/my_package:/home/pi/work/maze_bot/programming/mbot_ws/install/mazebot_v1:/home/pi/work/ws_robu/install/turtlebot3_teleop:/home/pi/work/ws_robu/install/turtlebot3_example:/home/pi/work/ws_robu/install/robocup:/opt/ros/humble /usr/bin/cmake --install /home/pi/work/maze_bot/programming/mbot_ws/build/mazebot_msgs
[6.464s] Level 1:colcon.colcon_core.environment:create_environment_scripts_only(mazebot_msgs)
[6.472s] DEBUG:colcon.colcon_core.event_handler.log_command:Invoked command in '/home/pi/work/maze_bot/programming/mbot_ws/build/mazebot_msgs' returned '0': CMAKE_PREFIX_PATH=${CMAKE_PREFIX_PATH}:/home/pi/work/maze_bot/programming/mbot_ws/install/robocup:/home/pi/work/maze_bot/programming/mbot_ws/install/publisher:/home/pi/work/maze_bot/programming/mbot_ws/install/my_package:/home/pi/work/maze_bot/programming/mbot_ws/install/mazebot_v1:/home/pi/work/ws_robu/install/turtlebot3_teleop:/home/pi/work/ws_robu/install/turtlebot3_example:/home/pi/work/ws_robu/install/robocup:/opt/ros/humble /usr/bin/cmake --install /home/pi/work/maze_bot/programming/mbot_ws/build/mazebot_msgs
[6.500s] Level 1:colcon.colcon_core.environment:checking '/home/pi/work/maze_bot/programming/mbot_ws/install/mazebot_msgs' for CMake module files
[6.504s] Level 1:colcon.colcon_core.environment:checking '/home/pi/work/maze_bot/programming/mbot_ws/install/mazebot_msgs' for CMake config files
[6.507s] Level 1:colcon.colcon_core.shell:create_environment_hook('mazebot_msgs', 'cmake_prefix_path')
[6.513s] INFO:colcon.colcon_core.shell:Creating environment hook '/home/pi/work/maze_bot/programming/mbot_ws/install/mazebot_msgs/share/mazebot_msgs/hook/cmake_prefix_path.ps1'
[6.515s] INFO:colcon.colcon_core.shell:Creating environment descriptor '/home/pi/work/maze_bot/programming/mbot_ws/install/mazebot_msgs/share/mazebot_msgs/hook/cmake_prefix_path.dsv'
[6.517s] INFO:colcon.colcon_core.shell:Creating environment hook '/home/pi/work/maze_bot/programming/mbot_ws/install/mazebot_msgs/share/mazebot_msgs/hook/cmake_prefix_path.sh'
[6.520s] Level 1:colcon.colcon_core.environment:checking '/home/pi/work/maze_bot/programming/mbot_ws/install/mazebot_msgs/lib'
[6.521s] Level 1:colcon.colcon_core.shell:create_environment_hook('mazebot_msgs', 'ld_library_path_lib')
[6.527s] INFO:colcon.colcon_core.shell:Creating environment hook '/home/pi/work/maze_bot/programming/mbot_ws/install/mazebot_msgs/share/mazebot_msgs/hook/ld_library_path_lib.ps1'
[6.529s] INFO:colcon.colcon_core.shell:Creating environment descriptor '/home/pi/work/maze_bot/programming/mbot_ws/install/mazebot_msgs/share/mazebot_msgs/hook/ld_library_path_lib.dsv'
[6.530s] INFO:colcon.colcon_core.shell:Creating environment hook '/home/pi/work/maze_bot/programming/mbot_ws/install/mazebot_msgs/share/mazebot_msgs/hook/ld_library_path_lib.sh'
[6.533s] Level 1:colcon.colcon_core.environment:checking '/home/pi/work/maze_bot/programming/mbot_ws/install/mazebot_msgs/bin'
[6.533s] Level 1:colcon.colcon_core.environment:checking '/home/pi/work/maze_bot/programming/mbot_ws/install/mazebot_msgs/lib/pkgconfig/mazebot_msgs.pc'
[6.534s] Level 1:colcon.colcon_core.environment:checking '/home/pi/work/maze_bot/programming/mbot_ws/install/mazebot_msgs/lib/python3.10/site-packages'
[6.535s] Level 1:colcon.colcon_core.environment:checking '/home/pi/work/maze_bot/programming/mbot_ws/install/mazebot_msgs/bin'
[6.542s] INFO:colcon.colcon_core.shell:Creating package script '/home/pi/work/maze_bot/programming/mbot_ws/install/mazebot_msgs/share/mazebot_msgs/package.ps1'
[6.546s] INFO:colcon.colcon_core.shell:Creating package descriptor '/home/pi/work/maze_bot/programming/mbot_ws/install/mazebot_msgs/share/mazebot_msgs/package.dsv'
[6.550s] INFO:colcon.colcon_core.shell:Creating package script '/home/pi/work/maze_bot/programming/mbot_ws/install/mazebot_msgs/share/mazebot_msgs/package.sh'
[6.554s] INFO:colcon.colcon_core.shell:Creating package script '/home/pi/work/maze_bot/programming/mbot_ws/install/mazebot_msgs/share/mazebot_msgs/package.bash'
[6.559s] INFO:colcon.colcon_core.shell:Creating package script '/home/pi/work/maze_bot/programming/mbot_ws/install/mazebot_msgs/share/mazebot_msgs/package.zsh'
[6.563s] Level 1:colcon.colcon_core.environment:create_file_with_runtime_dependencies(/home/pi/work/maze_bot/programming/mbot_ws/install/mazebot_msgs/share/colcon-core/packages/mazebot_msgs)
[6.597s] DEBUG:colcon.colcon_core.event_handler.log_command:Invoking command in '/home/pi/work/maze_bot/programming/mbot_ws/src/robocup': PYTHONPATH=/home/pi/work/maze_bot/programming/mbot_ws/build/robocup/prefix_override:/home/pi/work/maze_bot/programming/mbot_ws/install/robocup/lib/python3.10/site-packages:${PYTHONPATH} /usr/bin/python3 setup.py egg_info --egg-base ../../build/robocup build --build-base /home/pi/work/maze_bot/programming/mbot_ws/build/robocup/build install --record /home/pi/work/maze_bot/programming/mbot_ws/build/robocup/install.log --single-version-externally-managed
[7.393s] Level 1:colcon.colcon_core.environment:create_environment_scripts_only(mazebot_msgs)
[7.402s] Level 1:colcon.colcon_core.environment:checking '/home/pi/work/maze_bot/programming/mbot_ws/install/mazebot_msgs' for CMake module files
[7.407s] Level 1:colcon.colcon_core.environment:checking '/home/pi/work/maze_bot/programming/mbot_ws/install/mazebot_msgs' for CMake config files
[7.410s] Level 1:colcon.colcon_core.shell:create_environment_hook('mazebot_msgs', 'cmake_prefix_path')
[7.416s] INFO:colcon.colcon_core.shell:Creating environment hook '/home/pi/work/maze_bot/programming/mbot_ws/install/mazebot_msgs/share/mazebot_msgs/hook/cmake_prefix_path.ps1'
[7.418s] INFO:colcon.colcon_core.shell:Creating environment descriptor '/home/pi/work/maze_bot/programming/mbot_ws/install/mazebot_msgs/share/mazebot_msgs/hook/cmake_prefix_path.dsv'
[7.420s] INFO:colcon.colcon_core.shell:Creating environment hook '/home/pi/work/maze_bot/programming/mbot_ws/install/mazebot_msgs/share/mazebot_msgs/hook/cmake_prefix_path.sh'
[7.423s] Level 1:colcon.colcon_core.environment:checking '/home/pi/work/maze_bot/programming/mbot_ws/install/mazebot_msgs/lib'
[7.424s] Level 1:colcon.colcon_core.shell:create_environment_hook('mazebot_msgs', 'ld_library_path_lib')
[7.429s] INFO:colcon.colcon_core.shell:Creating environment hook '/home/pi/work/maze_bot/programming/mbot_ws/install/mazebot_msgs/share/mazebot_msgs/hook/ld_library_path_lib.ps1'
[7.432s] INFO:colcon.colcon_core.shell:Creating environment descriptor '/home/pi/work/maze_bot/programming/mbot_ws/install/mazebot_msgs/share/mazebot_msgs/hook/ld_library_path_lib.dsv'
[7.434s] INFO:colcon.colcon_core.shell:Creating environment hook '/home/pi/work/maze_bot/programming/mbot_ws/install/mazebot_msgs/share/mazebot_msgs/hook/ld_library_path_lib.sh'
[7.436s] Level 1:colcon.colcon_core.environment:checking '/home/pi/work/maze_bot/programming/mbot_ws/install/mazebot_msgs/bin'
[7.436s] Level 1:colcon.colcon_core.environment:checking '/home/pi/work/maze_bot/programming/mbot_ws/install/mazebot_msgs/lib/pkgconfig/mazebot_msgs.pc'
[7.437s] Level 1:colcon.colcon_core.environment:checking '/home/pi/work/maze_bot/programming/mbot_ws/install/mazebot_msgs/lib/python3.10/site-packages'
[7.438s] Level 1:colcon.colcon_core.environment:checking '/home/pi/work/maze_bot/programming/mbot_ws/install/mazebot_msgs/bin'
[7.444s] INFO:colcon.colcon_core.shell:Creating package script '/home/pi/work/maze_bot/programming/mbot_ws/install/mazebot_msgs/share/mazebot_msgs/package.ps1'
[7.447s] INFO:colcon.colcon_core.shell:Creating package descriptor '/home/pi/work/maze_bot/programming/mbot_ws/install/mazebot_msgs/share/mazebot_msgs/package.dsv'
[7.450s] INFO:colcon.colcon_core.shell:Creating package script '/home/pi/work/maze_bot/programming/mbot_ws/install/mazebot_msgs/share/mazebot_msgs/package.sh'
[7.452s] INFO:colcon.colcon_core.shell:Creating package script '/home/pi/work/maze_bot/programming/mbot_ws/install/mazebot_msgs/share/mazebot_msgs/package.bash'
[7.455s] INFO:colcon.colcon_core.shell:Creating package script '/home/pi/work/maze_bot/programming/mbot_ws/install/mazebot_msgs/share/mazebot_msgs/package.zsh'
[7.457s] Level 1:colcon.colcon_core.environment:create_file_with_runtime_dependencies(/home/pi/work/maze_bot/programming/mbot_ws/install/mazebot_msgs/share/colcon-core/packages/mazebot_msgs)
[8.310s] Level 1:colcon.colcon_core.environment:checking '/home/pi/work/maze_bot/programming/mbot_ws/install/robocup' for CMake module files
[8.312s] DEBUG:colcon.colcon_core.event_handler.log_command:Invoked command in '/home/pi/work/maze_bot/programming/mbot_ws/src/robocup' returned '0': PYTHONPATH=/home/pi/work/maze_bot/programming/mbot_ws/build/robocup/prefix_override:/home/pi/work/maze_bot/programming/mbot_ws/install/robocup/lib/python3.10/site-packages:${PYTHONPATH} /usr/bin/python3 setup.py egg_info --egg-base ../../build/robocup build --build-base /home/pi/work/maze_bot/programming/mbot_ws/build/robocup/build install --record /home/pi/work/maze_bot/programming/mbot_ws/build/robocup/install.log --single-version-externally-managed
[8.315s] Level 1:colcon.colcon_core.environment:checking '/home/pi/work/maze_bot/programming/mbot_ws/install/robocup' for CMake config files
[8.320s] Level 1:colcon.colcon_core.environment:checking '/home/pi/work/maze_bot/programming/mbot_ws/install/robocup/lib'
[8.321s] Level 1:colcon.colcon_core.environment:checking '/home/pi/work/maze_bot/programming/mbot_ws/install/robocup/bin'
[8.322s] Level 1:colcon.colcon_core.environment:checking '/home/pi/work/maze_bot/programming/mbot_ws/install/robocup/lib/pkgconfig/robocup.pc'
[8.323s] Level 1:colcon.colcon_core.environment:checking '/home/pi/work/maze_bot/programming/mbot_ws/install/robocup/lib/python3.10/site-packages'
[8.324s] Level 1:colcon.colcon_core.shell:create_environment_hook('robocup', 'pythonpath')
[8.330s] INFO:colcon.colcon_core.shell:Creating environment hook '/home/pi/work/maze_bot/programming/mbot_ws/install/robocup/share/robocup/hook/pythonpath.ps1'
[8.332s] INFO:colcon.colcon_core.shell:Creating environment descriptor '/home/pi/work/maze_bot/programming/mbot_ws/install/robocup/share/robocup/hook/pythonpath.dsv'
[8.334s] INFO:colcon.colcon_core.shell:Creating environment hook '/home/pi/work/maze_bot/programming/mbot_ws/install/robocup/share/robocup/hook/pythonpath.sh'
[8.336s] Level 1:colcon.colcon_core.environment:checking '/home/pi/work/maze_bot/programming/mbot_ws/install/robocup/bin'
[8.337s] Level 1:colcon.colcon_core.environment:create_environment_scripts_only(robocup)
[8.342s] INFO:colcon.colcon_core.shell:Creating package script '/home/pi/work/maze_bot/programming/mbot_ws/install/robocup/share/robocup/package.ps1'
[8.345s] INFO:colcon.colcon_core.shell:Creating package descriptor '/home/pi/work/maze_bot/programming/mbot_ws/install/robocup/share/robocup/package.dsv'
[8.347s] INFO:colcon.colcon_core.shell:Creating package script '/home/pi/work/maze_bot/programming/mbot_ws/install/robocup/share/robocup/package.sh'
[8.349s] INFO:colcon.colcon_core.shell:Creating package script '/home/pi/work/maze_bot/programming/mbot_ws/install/robocup/share/robocup/package.bash'
[8.351s] INFO:colcon.colcon_core.shell:Creating package script '/home/pi/work/maze_bot/programming/mbot_ws/install/robocup/share/robocup/package.zsh'
[8.353s] Level 1:colcon.colcon_core.environment:create_file_with_runtime_dependencies(/home/pi/work/maze_bot/programming/mbot_ws/install/robocup/share/colcon-core/packages/robocup)
[8.354s] DEBUG:colcon.colcon_parallel_executor.executor.parallel:closing loop
[8.355s] DEBUG:colcon.colcon_parallel_executor.executor.parallel:loop closed
[8.356s] DEBUG:colcon.colcon_parallel_executor.executor.parallel:run_until_complete finished with '0'
[8.357s] DEBUG:colcon.colcon_core.event_reactor:joining thread
[8.383s] INFO:colcon.colcon_core.plugin_system:Skipping extension 'colcon_notification.desktop_notification.terminal_notifier': Not used on non-Darwin systems
[8.383s] INFO:colcon.colcon_core.plugin_system:Skipping extension 'colcon_notification.desktop_notification.win32': Not used on non-Windows systems
[8.383s] INFO:colcon.colcon_notification.desktop_notification:Sending desktop notification using 'notify2'
[8.388s] DEBUG:colcon.colcon_notification.desktop_notification.notify2:Failed to initialize notify2: org.freedesktop.DBus.Error.ServiceUnknown: The name org.freedesktop.Notifications was not provided by any .service files
[8.389s] DEBUG:colcon.colcon_core.event_reactor:joined thread
[8.394s] INFO:colcon.colcon_core.shell:Creating prefix script '/home/pi/work/maze_bot/programming/mbot_ws/install/local_setup.ps1'
[8.399s] INFO:colcon.colcon_core.shell:Creating prefix util module '/home/pi/work/maze_bot/programming/mbot_ws/install/_local_setup_util_ps1.py'
[8.405s] INFO:colcon.colcon_core.shell:Creating prefix chain script '/home/pi/work/maze_bot/programming/mbot_ws/install/setup.ps1'
[8.417s] INFO:colcon.colcon_core.shell:Creating prefix script '/home/pi/work/maze_bot/programming/mbot_ws/install/local_setup.sh'
[8.420s] INFO:colcon.colcon_core.shell:Creating prefix util module '/home/pi/work/maze_bot/programming/mbot_ws/install/_local_setup_util_sh.py'
[8.422s] INFO:colcon.colcon_core.shell:Creating prefix chain script '/home/pi/work/maze_bot/programming/mbot_ws/install/setup.sh'
[8.434s] INFO:colcon.colcon_core.shell:Creating prefix script '/home/pi/work/maze_bot/programming/mbot_ws/install/local_setup.bash'
[8.436s] INFO:colcon.colcon_core.shell:Creating prefix chain script '/home/pi/work/maze_bot/programming/mbot_ws/install/setup.bash'
[8.449s] INFO:colcon.colcon_core.shell:Creating prefix script '/home/pi/work/maze_bot/programming/mbot_ws/install/local_setup.zsh'
[8.451s] INFO:colcon.colcon_core.shell:Creating prefix chain script '/home/pi/work/maze_bot/programming/mbot_ws/install/setup.zsh'
