[0.183s] DEBUG:colcon:Command line arguments: ['/usr/bin/colcon', 'build']
[0.183s] DEBUG:colcon:Parsed command line arguments: Namespace(log_base=None, log_level=None, verb_name='build', build_base='build', install_base='install', merge_install=False, symlink_install=False, test_result_base=None, continue_on_error=False, executor='parallel', parallel_workers=16, event_handlers=None, ignore_user_meta=False, metas=['./colcon.meta'], base_paths=['.'], packages_ignore=None, packages_ignore_regex=None, paths=None, packages_up_to=None, packages_up_to_regex=None, packages_above=None, packages_above_and_dependencies=None, packages_above_depth=None, packages_select_by_dep=None, packages_skip_by_dep=None, packages_skip_up_to=None, packages_select_build_failed=False, packages_skip_build_finished=False, packages_select_test_failures=False, packages_skip_test_passed=False, packages_select=None, packages_skip=None, packages_select_regex=None, packages_skip_regex=None, packages_start=None, packages_end=None, allow_overriding=[], cmake_args=None, cmake_target=None, cmake_target_skip_unavailable=False, cmake_clean_cache=False, cmake_clean_first=False, cmake_force_configure=False, ament_cmake_args=None, catkin_cmake_args=None, catkin_skip_building_tests=False, verb_parser=<colcon_defaults.argument_parser.defaults.DefaultArgumentsDecorator object at 0x7fce39da5a80>, verb_extension=<colcon_core.verb.build.BuildVerb object at 0x7fce3a76df90>, main=<bound method BuildVerb.main of <colcon_core.verb.build.BuildVerb object at 0x7fce3a76df90>>)
[0.201s] Level 1:colcon.colcon_core.package_discovery:discover_packages(colcon_meta) check parameters
[0.201s] Level 1:colcon.colcon_core.package_discovery:discover_packages(recursive) check parameters
[0.201s] Level 1:colcon.colcon_core.package_discovery:discover_packages(ignore) check parameters
[0.201s] Level 1:colcon.colcon_core.package_discovery:discover_packages(path) check parameters
[0.201s] Level 1:colcon.colcon_core.package_discovery:discover_packages(colcon_meta) discover
[0.201s] Level 1:colcon.colcon_core.package_discovery:discover_packages(recursive) discover
[0.201s] INFO:colcon.colcon_core.package_discovery:Crawling recursively for packages in '/home/kurzmann/mbot_ws'
[0.201s] Level 1:colcon.colcon_core.package_identification:_identify(.) by extensions ['ignore', 'ignore_ament_install']
[0.201s] Level 1:colcon.colcon_core.package_identification:_identify(.) by extension 'ignore'
[0.201s] Level 1:colcon.colcon_core.package_identification:_identify(.) by extension 'ignore_ament_install'
[0.201s] Level 1:colcon.colcon_core.package_identification:_identify(.) by extensions ['colcon_pkg']
[0.201s] Level 1:colcon.colcon_core.package_identification:_identify(.) by extension 'colcon_pkg'
[0.201s] Level 1:colcon.colcon_core.package_identification:_identify(.) by extensions ['colcon_meta']
[0.201s] Level 1:colcon.colcon_core.package_identification:_identify(.) by extension 'colcon_meta'
[0.201s] Level 1:colcon.colcon_core.package_identification:_identify(.) by extensions ['ros']
[0.201s] Level 1:colcon.colcon_core.package_identification:_identify(.) by extension 'ros'
[0.208s] Level 1:colcon.colcon_core.package_identification:_identify(.) by extensions ['cmake', 'python']
[0.208s] Level 1:colcon.colcon_core.package_identification:_identify(.) by extension 'cmake'
[0.208s] Level 1:colcon.colcon_core.package_identification:_identify(.) by extension 'python'
[0.208s] Level 1:colcon.colcon_core.package_identification:_identify(.) by extensions ['python_setup_py']
[0.208s] Level 1:colcon.colcon_core.package_identification:_identify(.) by extension 'python_setup_py'
[0.208s] Level 1:colcon.colcon_core.package_identification:_identify(build) by extensions ['ignore', 'ignore_ament_install']
[0.208s] Level 1:colcon.colcon_core.package_identification:_identify(build) by extension 'ignore'
[0.208s] Level 1:colcon.colcon_core.package_identification:_identify(build) ignored
[0.208s] Level 1:colcon.colcon_core.package_identification:_identify(install) by extensions ['ignore', 'ignore_ament_install']
[0.208s] Level 1:colcon.colcon_core.package_identification:_identify(install) by extension 'ignore'
[0.208s] Level 1:colcon.colcon_core.package_identification:_identify(install) ignored
[0.208s] Level 1:colcon.colcon_core.package_identification:_identify(log) by extensions ['ignore', 'ignore_ament_install']
[0.208s] Level 1:colcon.colcon_core.package_identification:_identify(log) by extension 'ignore'
[0.208s] Level 1:colcon.colcon_core.package_identification:_identify(log) ignored
[0.208s] Level 1:colcon.colcon_core.package_identification:_identify(mazebot_v1) by extensions ['ignore', 'ignore_ament_install']
[0.208s] Level 1:colcon.colcon_core.package_identification:_identify(mazebot_v1) by extension 'ignore'
[0.208s] Level 1:colcon.colcon_core.package_identification:_identify(mazebot_v1) by extension 'ignore_ament_install'
[0.208s] Level 1:colcon.colcon_core.package_identification:_identify(mazebot_v1) by extensions ['colcon_pkg']
[0.208s] Level 1:colcon.colcon_core.package_identification:_identify(mazebot_v1) by extension 'colcon_pkg'
[0.208s] Level 1:colcon.colcon_core.package_identification:_identify(mazebot_v1) by extensions ['colcon_meta']
[0.208s] Level 1:colcon.colcon_core.package_identification:_identify(mazebot_v1) by extension 'colcon_meta'
[0.208s] Level 1:colcon.colcon_core.package_identification:_identify(mazebot_v1) by extensions ['ros']
[0.208s] Level 1:colcon.colcon_core.package_identification:_identify(mazebot_v1) by extension 'ros'
[0.210s] DEBUG:colcon.colcon_core.package_identification:Package 'mazebot_v1' with type 'ros.ament_python' and name 'mazebot_v1'
[0.210s] Level 1:colcon.colcon_core.package_identification:_identify(src) by extensions ['ignore', 'ignore_ament_install']
[0.210s] Level 1:colcon.colcon_core.package_identification:_identify(src) by extension 'ignore'
[0.210s] Level 1:colcon.colcon_core.package_identification:_identify(src) by extension 'ignore_ament_install'
[0.210s] Level 1:colcon.colcon_core.package_identification:_identify(src) by extensions ['colcon_pkg']
[0.210s] Level 1:colcon.colcon_core.package_identification:_identify(src) by extension 'colcon_pkg'
[0.210s] Level 1:colcon.colcon_core.package_identification:_identify(src) by extensions ['colcon_meta']
[0.210s] Level 1:colcon.colcon_core.package_identification:_identify(src) by extension 'colcon_meta'
[0.210s] Level 1:colcon.colcon_core.package_identification:_identify(src) by extensions ['ros']
[0.210s] Level 1:colcon.colcon_core.package_identification:_identify(src) by extension 'ros'
[0.210s] Level 1:colcon.colcon_core.package_identification:_identify(src) by extensions ['cmake', 'python']
[0.210s] Level 1:colcon.colcon_core.package_identification:_identify(src) by extension 'cmake'
[0.210s] Level 1:colcon.colcon_core.package_identification:_identify(src) by extension 'python'
[0.210s] Level 1:colcon.colcon_core.package_identification:_identify(src) by extensions ['python_setup_py']
[0.210s] Level 1:colcon.colcon_core.package_identification:_identify(src) by extension 'python_setup_py'
[0.210s] Level 1:colcon.colcon_core.package_identification:_identify(src/my_package) by extensions ['ignore', 'ignore_ament_install']
[0.210s] Level 1:colcon.colcon_core.package_identification:_identify(src/my_package) by extension 'ignore'
[0.210s] Level 1:colcon.colcon_core.package_identification:_identify(src/my_package) by extension 'ignore_ament_install'
[0.210s] Level 1:colcon.colcon_core.package_identification:_identify(src/my_package) by extensions ['colcon_pkg']
[0.210s] Level 1:colcon.colcon_core.package_identification:_identify(src/my_package) by extension 'colcon_pkg'
[0.210s] Level 1:colcon.colcon_core.package_identification:_identify(src/my_package) by extensions ['colcon_meta']
[0.210s] Level 1:colcon.colcon_core.package_identification:_identify(src/my_package) by extension 'colcon_meta'
[0.210s] Level 1:colcon.colcon_core.package_identification:_identify(src/my_package) by extensions ['ros']
[0.210s] Level 1:colcon.colcon_core.package_identification:_identify(src/my_package) by extension 'ros'
[0.211s] DEBUG:colcon.colcon_core.package_identification:Package 'src/my_package' with type 'ros.ament_python' and name 'my_package'
[0.211s] Level 1:colcon.colcon_core.package_discovery:discover_packages(recursive) using defaults
[0.211s] Level 1:colcon.colcon_core.package_discovery:discover_packages(ignore) discover
[0.211s] Level 1:colcon.colcon_core.package_discovery:discover_packages(ignore) using defaults
[0.211s] Level 1:colcon.colcon_core.package_discovery:discover_packages(path) discover
[0.211s] Level 1:colcon.colcon_core.package_discovery:discover_packages(path) using defaults
[0.224s] Level 1:colcon.colcon_core.package_discovery:discover_packages(prefix_path) check parameters
[0.224s] Level 1:colcon.colcon_core.package_discovery:discover_packages(prefix_path) discover
[0.226s] DEBUG:colcon.colcon_installed_package_information.package_discovery:Found 4 installed packages in /home/kurzmann/mb_ws/install
[0.227s] DEBUG:colcon.colcon_installed_package_information.package_discovery:Found 11 installed packages in /home/kurzmann/colcon_ws/install
[0.228s] DEBUG:colcon.colcon_installed_package_information.package_discovery:Found 373 installed packages in /opt/ros/humble
[0.229s] Level 1:colcon.colcon_core.package_discovery:discover_packages(prefix_path) using defaults
[0.268s] Level 5:colcon.colcon_core.verb:set package 'mazebot_v1' build argument 'cmake_args' from command line to 'None'
[0.268s] Level 5:colcon.colcon_core.verb:set package 'mazebot_v1' build argument 'cmake_target' from command line to 'None'
[0.268s] Level 5:colcon.colcon_core.verb:set package 'mazebot_v1' build argument 'cmake_target_skip_unavailable' from command line to 'False'
[0.268s] Level 5:colcon.colcon_core.verb:set package 'mazebot_v1' build argument 'cmake_clean_cache' from command line to 'False'
[0.268s] Level 5:colcon.colcon_core.verb:set package 'mazebot_v1' build argument 'cmake_clean_first' from command line to 'False'
[0.268s] Level 5:colcon.colcon_core.verb:set package 'mazebot_v1' build argument 'cmake_force_configure' from command line to 'False'
[0.268s] Level 5:colcon.colcon_core.verb:set package 'mazebot_v1' build argument 'ament_cmake_args' from command line to 'None'
[0.268s] Level 5:colcon.colcon_core.verb:set package 'mazebot_v1' build argument 'catkin_cmake_args' from command line to 'None'
[0.268s] Level 5:colcon.colcon_core.verb:set package 'mazebot_v1' build argument 'catkin_skip_building_tests' from command line to 'False'
[0.268s] DEBUG:colcon.colcon_core.verb:Building package 'mazebot_v1' with the following arguments: {'ament_cmake_args': None, 'build_base': '/home/kurzmann/mbot_ws/build/mazebot_v1', 'catkin_cmake_args': None, 'catkin_skip_building_tests': False, 'cmake_args': None, 'cmake_clean_cache': False, 'cmake_clean_first': False, 'cmake_force_configure': False, 'cmake_target': None, 'cmake_target_skip_unavailable': False, 'install_base': '/home/kurzmann/mbot_ws/install/mazebot_v1', 'merge_install': False, 'path': '/home/kurzmann/mbot_ws/mazebot_v1', 'symlink_install': False, 'test_result_base': None}
[0.269s] Level 5:colcon.colcon_core.verb:set package 'my_package' build argument 'cmake_args' from command line to 'None'
[0.269s] Level 5:colcon.colcon_core.verb:set package 'my_package' build argument 'cmake_target' from command line to 'None'
[0.269s] Level 5:colcon.colcon_core.verb:set package 'my_package' build argument 'cmake_target_skip_unavailable' from command line to 'False'
[0.269s] Level 5:colcon.colcon_core.verb:set package 'my_package' build argument 'cmake_clean_cache' from command line to 'False'
[0.269s] Level 5:colcon.colcon_core.verb:set package 'my_package' build argument 'cmake_clean_first' from command line to 'False'
[0.269s] Level 5:colcon.colcon_core.verb:set package 'my_package' build argument 'cmake_force_configure' from command line to 'False'
[0.269s] Level 5:colcon.colcon_core.verb:set package 'my_package' build argument 'ament_cmake_args' from command line to 'None'
[0.269s] Level 5:colcon.colcon_core.verb:set package 'my_package' build argument 'catkin_cmake_args' from command line to 'None'
[0.269s] Level 5:colcon.colcon_core.verb:set package 'my_package' build argument 'catkin_skip_building_tests' from command line to 'False'
[0.269s] DEBUG:colcon.colcon_core.verb:Building package 'my_package' with the following arguments: {'ament_cmake_args': None, 'build_base': '/home/kurzmann/mbot_ws/build/my_package', 'catkin_cmake_args': None, 'catkin_skip_building_tests': False, 'cmake_args': None, 'cmake_clean_cache': False, 'cmake_clean_first': False, 'cmake_force_configure': False, 'cmake_target': None, 'cmake_target_skip_unavailable': False, 'install_base': '/home/kurzmann/mbot_ws/install/my_package', 'merge_install': False, 'path': '/home/kurzmann/mbot_ws/src/my_package', 'symlink_install': False, 'test_result_base': None}
[0.269s] INFO:colcon.colcon_core.executor:Executing jobs using 'parallel' executor
[0.271s] DEBUG:colcon.colcon_parallel_executor.executor.parallel:run_until_complete
[0.271s] INFO:colcon.colcon_ros.task.ament_python.build:Building ROS package in '/home/kurzmann/mbot_ws/mazebot_v1' with build type 'ament_python'
[0.271s] Level 1:colcon.colcon_core.shell:create_environment_hook('mazebot_v1', 'ament_prefix_path')
[0.274s] INFO:colcon.colcon_core.plugin_system:Skipping extension 'colcon_core.shell.bat': Not used on non-Windows systems
[0.274s] INFO:colcon.colcon_core.shell:Creating environment hook '/home/kurzmann/mbot_ws/install/mazebot_v1/share/mazebot_v1/hook/ament_prefix_path.ps1'
[0.274s] INFO:colcon.colcon_core.shell:Creating environment descriptor '/home/kurzmann/mbot_ws/install/mazebot_v1/share/mazebot_v1/hook/ament_prefix_path.dsv'
[0.274s] INFO:colcon.colcon_core.shell:Creating environment hook '/home/kurzmann/mbot_ws/install/mazebot_v1/share/mazebot_v1/hook/ament_prefix_path.sh'
[0.275s] INFO:colcon.colcon_core.shell:Skip shell extension 'powershell' for command environment: Not usable outside of PowerShell
[0.275s] DEBUG:colcon.colcon_core.shell:Skip shell extension 'dsv' for command environment
[0.279s] INFO:colcon.colcon_ros.task.ament_python.build:Building ROS package in '/home/kurzmann/mbot_ws/src/my_package' with build type 'ament_python'
[0.279s] Level 1:colcon.colcon_core.shell:create_environment_hook('my_package', 'ament_prefix_path')
[0.280s] INFO:colcon.colcon_core.shell:Creating environment hook '/home/kurzmann/mbot_ws/install/my_package/share/my_package/hook/ament_prefix_path.ps1'
[0.280s] INFO:colcon.colcon_core.shell:Creating environment descriptor '/home/kurzmann/mbot_ws/install/my_package/share/my_package/hook/ament_prefix_path.dsv'
[0.280s] INFO:colcon.colcon_core.shell:Creating environment hook '/home/kurzmann/mbot_ws/install/my_package/share/my_package/hook/ament_prefix_path.sh'
[0.281s] INFO:colcon.colcon_core.shell:Skip shell extension 'powershell' for command environment: Not usable outside of PowerShell
[0.281s] DEBUG:colcon.colcon_core.shell:Skip shell extension 'dsv' for command environment
[0.434s] INFO:colcon.colcon_core.task.python.build:Building Python package in '/home/kurzmann/mbot_ws/mazebot_v1'
[0.435s] INFO:colcon.colcon_core.shell:Skip shell extension 'powershell' for command environment: Not usable outside of PowerShell
[0.435s] DEBUG:colcon.colcon_core.shell:Skip shell extension 'dsv' for command environment
[0.585s] INFO:colcon.colcon_core.task.python.build:Building Python package in '/home/kurzmann/mbot_ws/src/my_package'
[0.586s] INFO:colcon.colcon_core.shell:Skip shell extension 'powershell' for command environment: Not usable outside of PowerShell
[0.586s] DEBUG:colcon.colcon_core.shell:Skip shell extension 'dsv' for command environment
[0.791s] DEBUG:colcon.colcon_core.event_handler.log_command:Invoking command in '/home/kurzmann/mbot_ws/mazebot_v1': PYTHONPATH=/home/kurzmann/mbot_ws/build/mazebot_v1/prefix_override:/home/kurzmann/mbot_ws/install/mazebot_v1/lib/python3.10/site-packages:${PYTHONPATH} /usr/bin/python3 setup.py egg_info --egg-base ../build/mazebot_v1 build --build-base /home/kurzmann/mbot_ws/build/mazebot_v1/build install --record /home/kurzmann/mbot_ws/build/mazebot_v1/install.log --single-version-externally-managed
[0.795s] DEBUG:colcon.colcon_core.event_handler.log_command:Invoking command in '/home/kurzmann/mbot_ws/src/my_package': PYTHONPATH=/home/kurzmann/mbot_ws/build/my_package/prefix_override:/home/kurzmann/mbot_ws/install/my_package/lib/python3.10/site-packages:${PYTHONPATH} /usr/bin/python3 setup.py egg_info --egg-base ../../build/my_package build --build-base /home/kurzmann/mbot_ws/build/my_package/build install --record /home/kurzmann/mbot_ws/build/my_package/install.log --single-version-externally-managed
[0.965s] DEBUG:colcon.colcon_core.event_handler.log_command:Invoked command in '/home/kurzmann/mbot_ws/mazebot_v1' returned '0': PYTHONPATH=/home/kurzmann/mbot_ws/build/mazebot_v1/prefix_override:/home/kurzmann/mbot_ws/install/mazebot_v1/lib/python3.10/site-packages:${PYTHONPATH} /usr/bin/python3 setup.py egg_info --egg-base ../build/mazebot_v1 build --build-base /home/kurzmann/mbot_ws/build/mazebot_v1/build install --record /home/kurzmann/mbot_ws/build/mazebot_v1/install.log --single-version-externally-managed
[0.968s] Level 1:colcon.colcon_core.environment:checking '/home/kurzmann/mbot_ws/install/mazebot_v1' for CMake module files
[0.968s] Level 1:colcon.colcon_core.environment:checking '/home/kurzmann/mbot_ws/install/mazebot_v1' for CMake config files
[0.968s] Level 1:colcon.colcon_core.environment:checking '/home/kurzmann/mbot_ws/install/mazebot_v1/lib'
[0.968s] Level 1:colcon.colcon_core.environment:checking '/home/kurzmann/mbot_ws/install/mazebot_v1/bin'
[0.968s] Level 1:colcon.colcon_core.environment:checking '/home/kurzmann/mbot_ws/install/mazebot_v1/lib/pkgconfig/mazebot_v1.pc'
[0.968s] Level 1:colcon.colcon_core.environment:checking '/home/kurzmann/mbot_ws/install/mazebot_v1/lib/python3.10/site-packages'
[0.969s] Level 1:colcon.colcon_core.shell:create_environment_hook('mazebot_v1', 'pythonpath')
[0.969s] INFO:colcon.colcon_core.shell:Creating environment hook '/home/kurzmann/mbot_ws/install/mazebot_v1/share/mazebot_v1/hook/pythonpath.ps1'
[0.969s] INFO:colcon.colcon_core.shell:Creating environment descriptor '/home/kurzmann/mbot_ws/install/mazebot_v1/share/mazebot_v1/hook/pythonpath.dsv'
[0.970s] INFO:colcon.colcon_core.shell:Creating environment hook '/home/kurzmann/mbot_ws/install/mazebot_v1/share/mazebot_v1/hook/pythonpath.sh'
[0.970s] Level 1:colcon.colcon_core.environment:checking '/home/kurzmann/mbot_ws/install/mazebot_v1/bin'
[0.970s] Level 1:colcon.colcon_core.environment:create_environment_scripts_only(mazebot_v1)
[0.971s] INFO:colcon.colcon_core.shell:Creating package script '/home/kurzmann/mbot_ws/install/mazebot_v1/share/mazebot_v1/package.ps1'
[0.971s] INFO:colcon.colcon_core.shell:Creating package descriptor '/home/kurzmann/mbot_ws/install/mazebot_v1/share/mazebot_v1/package.dsv'
[0.971s] INFO:colcon.colcon_core.shell:Creating package script '/home/kurzmann/mbot_ws/install/mazebot_v1/share/mazebot_v1/package.sh'
[0.972s] INFO:colcon.colcon_core.shell:Creating package script '/home/kurzmann/mbot_ws/install/mazebot_v1/share/mazebot_v1/package.bash'
[0.972s] INFO:colcon.colcon_core.shell:Creating package script '/home/kurzmann/mbot_ws/install/mazebot_v1/share/mazebot_v1/package.zsh'
[0.973s] Level 1:colcon.colcon_core.environment:create_file_with_runtime_dependencies(/home/kurzmann/mbot_ws/install/mazebot_v1/share/colcon-core/packages/mazebot_v1)
[0.974s] Level 1:colcon.colcon_core.environment:checking '/home/kurzmann/mbot_ws/install/my_package' for CMake module files
[0.975s] DEBUG:colcon.colcon_core.event_handler.log_command:Invoked command in '/home/kurzmann/mbot_ws/src/my_package' returned '0': PYTHONPATH=/home/kurzmann/mbot_ws/build/my_package/prefix_override:/home/kurzmann/mbot_ws/install/my_package/lib/python3.10/site-packages:${PYTHONPATH} /usr/bin/python3 setup.py egg_info --egg-base ../../build/my_package build --build-base /home/kurzmann/mbot_ws/build/my_package/build install --record /home/kurzmann/mbot_ws/build/my_package/install.log --single-version-externally-managed
[0.975s] Level 1:colcon.colcon_core.environment:checking '/home/kurzmann/mbot_ws/install/my_package' for CMake config files
[0.975s] Level 1:colcon.colcon_core.environment:checking '/home/kurzmann/mbot_ws/install/my_package/lib'
[0.975s] Level 1:colcon.colcon_core.environment:checking '/home/kurzmann/mbot_ws/install/my_package/bin'
[0.975s] Level 1:colcon.colcon_core.environment:checking '/home/kurzmann/mbot_ws/install/my_package/lib/pkgconfig/my_package.pc'
[0.975s] Level 1:colcon.colcon_core.environment:checking '/home/kurzmann/mbot_ws/install/my_package/lib/python3.10/site-packages'
[0.975s] Level 1:colcon.colcon_core.shell:create_environment_hook('my_package', 'pythonpath')
[0.976s] INFO:colcon.colcon_core.shell:Creating environment hook '/home/kurzmann/mbot_ws/install/my_package/share/my_package/hook/pythonpath.ps1'
[0.976s] INFO:colcon.colcon_core.shell:Creating environment descriptor '/home/kurzmann/mbot_ws/install/my_package/share/my_package/hook/pythonpath.dsv'
[0.976s] INFO:colcon.colcon_core.shell:Creating environment hook '/home/kurzmann/mbot_ws/install/my_package/share/my_package/hook/pythonpath.sh'
[0.976s] Level 1:colcon.colcon_core.environment:checking '/home/kurzmann/mbot_ws/install/my_package/bin'
[0.976s] Level 1:colcon.colcon_core.environment:create_environment_scripts_only(my_package)
[0.977s] INFO:colcon.colcon_core.shell:Creating package script '/home/kurzmann/mbot_ws/install/my_package/share/my_package/package.ps1'
[0.977s] INFO:colcon.colcon_core.shell:Creating package descriptor '/home/kurzmann/mbot_ws/install/my_package/share/my_package/package.dsv'
[0.978s] INFO:colcon.colcon_core.shell:Creating package script '/home/kurzmann/mbot_ws/install/my_package/share/my_package/package.sh'
[0.978s] INFO:colcon.colcon_core.shell:Creating package script '/home/kurzmann/mbot_ws/install/my_package/share/my_package/package.bash'
[0.978s] INFO:colcon.colcon_core.shell:Creating package script '/home/kurzmann/mbot_ws/install/my_package/share/my_package/package.zsh'
[0.978s] Level 1:colcon.colcon_core.environment:create_file_with_runtime_dependencies(/home/kurzmann/mbot_ws/install/my_package/share/colcon-core/packages/my_package)
[0.978s] DEBUG:colcon.colcon_parallel_executor.executor.parallel:closing loop
[0.978s] DEBUG:colcon.colcon_parallel_executor.executor.parallel:loop closed
[0.978s] DEBUG:colcon.colcon_parallel_executor.executor.parallel:run_until_complete finished with '0'
[0.978s] DEBUG:colcon.colcon_core.event_reactor:joining thread
[0.982s] INFO:colcon.colcon_core.plugin_system:Skipping extension 'colcon_notification.desktop_notification.terminal_notifier': Not used on non-Darwin systems
[0.982s] INFO:colcon.colcon_core.plugin_system:Skipping extension 'colcon_notification.desktop_notification.win32': Not used on non-Windows systems
[0.982s] INFO:colcon.colcon_notification.desktop_notification:Sending desktop notification using 'notify2'
[0.991s] DEBUG:colcon.colcon_core.event_reactor:joined thread
[0.992s] INFO:colcon.colcon_core.shell:Creating prefix script '/home/kurzmann/mbot_ws/install/local_setup.ps1'
[0.992s] INFO:colcon.colcon_core.shell:Creating prefix util module '/home/kurzmann/mbot_ws/install/_local_setup_util_ps1.py'
[0.993s] INFO:colcon.colcon_core.shell:Creating prefix chain script '/home/kurzmann/mbot_ws/install/setup.ps1'
[0.994s] INFO:colcon.colcon_core.shell:Creating prefix script '/home/kurzmann/mbot_ws/install/local_setup.sh'
[0.994s] INFO:colcon.colcon_core.shell:Creating prefix util module '/home/kurzmann/mbot_ws/install/_local_setup_util_sh.py'
[0.995s] INFO:colcon.colcon_core.shell:Creating prefix chain script '/home/kurzmann/mbot_ws/install/setup.sh'
[0.996s] INFO:colcon.colcon_core.shell:Creating prefix script '/home/kurzmann/mbot_ws/install/local_setup.bash'
[0.996s] INFO:colcon.colcon_core.shell:Creating prefix chain script '/home/kurzmann/mbot_ws/install/setup.bash'
[0.997s] INFO:colcon.colcon_core.shell:Creating prefix script '/home/kurzmann/mbot_ws/install/local_setup.zsh'
[0.997s] INFO:colcon.colcon_core.shell:Creating prefix chain script '/home/kurzmann/mbot_ws/install/setup.zsh'
