[0.541s] Invoking command in '/home/kurzmann/mbot_ws/src/publisher': PYTHONPATH=/home/kurzmann/mbot_ws/build/publisher/prefix_override:/home/kurzmann/mbot_ws/install/publisher/lib/python3.10/site-packages:${PYTHONPATH} /usr/bin/python3 setup.py egg_info --egg-base ../../build/publisher build --build-base /home/kurzmann/mbot_ws/build/publisher/build install --record /home/kurzmann/mbot_ws/build/publisher/install.log --single-version-externally-managed
[0.680s] running egg_info
[0.681s] writing ../../build/publisher/publisher.egg-info/PKG-INFO
[0.681s] writing dependency_links to ../../build/publisher/publisher.egg-info/dependency_links.txt
[0.681s] writing entry points to ../../build/publisher/publisher.egg-info/entry_points.txt
[0.681s] writing requirements to ../../build/publisher/publisher.egg-info/requires.txt
[0.681s] writing top-level names to ../../build/publisher/publisher.egg-info/top_level.txt
[0.681s] reading manifest file '../../build/publisher/publisher.egg-info/SOURCES.txt'
[0.689s] writing manifest file '../../build/publisher/publisher.egg-info/SOURCES.txt'
[0.689s] running build
[0.689s] running build_py
[0.689s] copying publisher/rc_sensor_pub.py -> /home/kurzmann/mbot_ws/build/publisher/build/lib/publisher
[0.689s] running install
[0.690s] /usr/lib/python3/dist-packages/setuptools/command/install.py:34: SetuptoolsDeprecationWarning: setup.py install is deprecated. Use build and pip and other standards-based tools.
[0.690s]   warnings.warn(
[0.690s] running install_lib
[0.690s] copying /home/kurzmann/mbot_ws/build/publisher/build/lib/publisher/rc_sensor_pub.py -> /home/kurzmann/mbot_ws/install/publisher/lib/python3.10/site-packages/publisher
[0.690s] byte-compiling /home/kurzmann/mbot_ws/install/publisher/lib/python3.10/site-packages/publisher/rc_sensor_pub.py to rc_sensor_pub.cpython-310.pyc
[0.690s] running install_data
[0.691s] copying package.xml -> /home/kurzmann/mbot_ws/install/publisher/share/publisher
[0.691s] running install_egg_info
[0.691s] removing '/home/kurzmann/mbot_ws/install/publisher/lib/python3.10/site-packages/publisher-0.0.0-py3.10.egg-info' (and everything under it)
[0.691s] Copying ../../build/publisher/publisher.egg-info to /home/kurzmann/mbot_ws/install/publisher/lib/python3.10/site-packages/publisher-0.0.0-py3.10.egg-info
[0.692s] running install_scripts
[0.704s] writing list of installed files to '/home/kurzmann/mbot_ws/build/publisher/install.log'
[0.734s] Invoked command in '/home/kurzmann/mbot_ws/src/publisher' returned '0': PYTHONPATH=/home/kurzmann/mbot_ws/build/publisher/prefix_override:/home/kurzmann/mbot_ws/install/publisher/lib/python3.10/site-packages:${PYTHONPATH} /usr/bin/python3 setup.py egg_info --egg-base ../../build/publisher build --build-base /home/kurzmann/mbot_ws/build/publisher/build install --record /home/kurzmann/mbot_ws/build/publisher/install.log --single-version-externally-managed
