[3.618s] Invoking command in '/home/pi/work/maze_bot/programming/mbot_ws/src/robocup': PYTHONPATH=/home/pi/work/maze_bot/programming/mbot_ws/build/robocup/prefix_override:/home/pi/work/maze_bot/programming/mbot_ws/install/robocup/lib/python3.10/site-packages:${PYTHONPATH} /usr/bin/python3 setup.py egg_info --egg-base ../../build/robocup build --build-base /home/pi/work/maze_bot/programming/mbot_ws/build/robocup/build install --record /home/pi/work/maze_bot/programming/mbot_ws/build/robocup/install.log --single-version-externally-managed
[5.126s] running egg_info
[5.128s] creating ../../build/robocup/robocup.egg-info
[5.129s] writing ../../build/robocup/robocup.egg-info/PKG-INFO
[5.130s] writing dependency_links to ../../build/robocup/robocup.egg-info/dependency_links.txt
[5.131s] writing entry points to ../../build/robocup/robocup.egg-info/entry_points.txt
[5.131s] writing requirements to ../../build/robocup/robocup.egg-info/requires.txt
[5.132s] writing top-level names to ../../build/robocup/robocup.egg-info/top_level.txt
[5.133s] writing manifest file '../../build/robocup/robocup.egg-info/SOURCES.txt'
[5.140s] reading manifest file '../../build/robocup/robocup.egg-info/SOURCES.txt'
[5.143s] writing manifest file '../../build/robocup/robocup.egg-info/SOURCES.txt'
[5.144s] running build
[5.144s] running build_py
[5.145s] creating /home/pi/work/maze_bot/programming/mbot_ws/build/robocup/build
[5.146s] creating /home/pi/work/maze_bot/programming/mbot_ws/build/robocup/build/lib
[5.146s] creating /home/pi/work/maze_bot/programming/mbot_ws/build/robocup/build/lib/robocup
[5.147s] copying robocup/ros2_serial_mazebot.py -> /home/pi/work/maze_bot/programming/mbot_ws/build/robocup/build/lib/robocup
[5.147s] copying robocup/remotecontroll_mazebot.py -> /home/pi/work/maze_bot/programming/mbot_ws/build/robocup/build/lib/robocup
[5.148s] copying robocup/__init__.py -> /home/pi/work/maze_bot/programming/mbot_ws/build/robocup/build/lib/robocup
[5.148s] copying robocup/mazebot_wall_detection.py -> /home/pi/work/maze_bot/programming/mbot_ws/build/robocup/build/lib/robocup
[5.150s] running install
[5.151s] running install_lib
[5.154s] creating /home/pi/work/maze_bot/programming/mbot_ws/install/robocup/lib/python3.10/site-packages/robocup
[5.155s] copying /home/pi/work/maze_bot/programming/mbot_ws/build/robocup/build/lib/robocup/ros2_serial_mazebot.py -> /home/pi/work/maze_bot/programming/mbot_ws/install/robocup/lib/python3.10/site-packages/robocup
[5.155s] copying /home/pi/work/maze_bot/programming/mbot_ws/build/robocup/build/lib/robocup/remotecontroll_mazebot.py -> /home/pi/work/maze_bot/programming/mbot_ws/install/robocup/lib/python3.10/site-packages/robocup
[5.156s] copying /home/pi/work/maze_bot/programming/mbot_ws/build/robocup/build/lib/robocup/__init__.py -> /home/pi/work/maze_bot/programming/mbot_ws/install/robocup/lib/python3.10/site-packages/robocup
[5.157s] copying /home/pi/work/maze_bot/programming/mbot_ws/build/robocup/build/lib/robocup/mazebot_wall_detection.py -> /home/pi/work/maze_bot/programming/mbot_ws/install/robocup/lib/python3.10/site-packages/robocup
[5.160s] byte-compiling /home/pi/work/maze_bot/programming/mbot_ws/install/robocup/lib/python3.10/site-packages/robocup/ros2_serial_mazebot.py to ros2_serial_mazebot.cpython-310.pyc
[5.163s] byte-compiling /home/pi/work/maze_bot/programming/mbot_ws/install/robocup/lib/python3.10/site-packages/robocup/remotecontroll_mazebot.py to remotecontroll_mazebot.cpython-310.pyc
[5.166s] byte-compiling /home/pi/work/maze_bot/programming/mbot_ws/install/robocup/lib/python3.10/site-packages/robocup/__init__.py to __init__.cpython-310.pyc
[5.168s] byte-compiling /home/pi/work/maze_bot/programming/mbot_ws/install/robocup/lib/python3.10/site-packages/robocup/mazebot_wall_detection.py to mazebot_wall_detection.cpython-310.pyc
[5.177s] running install_data
[5.179s] creating /home/pi/work/maze_bot/programming/mbot_ws/install/robocup/share/ament_index
[5.180s] creating /home/pi/work/maze_bot/programming/mbot_ws/install/robocup/share/ament_index/resource_index
[5.180s] creating /home/pi/work/maze_bot/programming/mbot_ws/install/robocup/share/ament_index/resource_index/packages
[5.181s] copying resource/robocup -> /home/pi/work/maze_bot/programming/mbot_ws/install/robocup/share/ament_index/resource_index/packages
[5.181s] copying package.xml -> /home/pi/work/maze_bot/programming/mbot_ws/install/robocup/share/robocup
[5.182s] running install_egg_info
[5.188s] Copying ../../build/robocup/robocup.egg-info to /home/pi/work/maze_bot/programming/mbot_ws/install/robocup/lib/python3.10/site-packages/robocup-0.0.0-py3.10.egg-info
[5.193s] running install_scripts
[5.274s] Installing remote script to /home/pi/work/maze_bot/programming/mbot_ws/install/robocup/lib/robocup
[5.275s] Installing serial script to /home/pi/work/maze_bot/programming/mbot_ws/install/robocup/lib/robocup
[5.276s] writing list of installed files to '/home/pi/work/maze_bot/programming/mbot_ws/build/robocup/install.log'
[5.407s] Invoked command in '/home/pi/work/maze_bot/programming/mbot_ws/src/robocup' returned '0': PYTHONPATH=/home/pi/work/maze_bot/programming/mbot_ws/build/robocup/prefix_override:/home/pi/work/maze_bot/programming/mbot_ws/install/robocup/lib/python3.10/site-packages:${PYTHONPATH} /usr/bin/python3 setup.py egg_info --egg-base ../../build/robocup build --build-base /home/pi/work/maze_bot/programming/mbot_ws/build/robocup/build install --record /home/pi/work/maze_bot/programming/mbot_ws/build/robocup/install.log --single-version-externally-managed
