[4.260s] Invoking command in '/home/pi/work/maze_bot/programming/mbot_ws/src/robocup': PYTHONPATH=/home/pi/work/maze_bot/programming/mbot_ws/build/robocup/prefix_override:/home/pi/work/maze_bot/programming/mbot_ws/install/robocup/lib/python3.10/site-packages:${PYTHONPATH} /usr/bin/python3 setup.py egg_info --egg-base ../../build/robocup build --build-base /home/pi/work/maze_bot/programming/mbot_ws/build/robocup/build install --record /home/pi/work/maze_bot/programming/mbot_ws/build/robocup/install.log --single-version-externally-managed
[5.671s] running egg_info
[5.673s] writing ../../build/robocup/robocup.egg-info/PKG-INFO
[5.675s] writing dependency_links to ../../build/robocup/robocup.egg-info/dependency_links.txt
[5.675s] writing entry points to ../../build/robocup/robocup.egg-info/entry_points.txt
[5.676s] writing requirements to ../../build/robocup/robocup.egg-info/requires.txt
[5.677s] writing top-level names to ../../build/robocup/robocup.egg-info/top_level.txt
[5.685s] reading manifest file '../../build/robocup/robocup.egg-info/SOURCES.txt'
[5.689s] writing manifest file '../../build/robocup/robocup.egg-info/SOURCES.txt'
[5.690s] running build
[5.690s] running build_py
[5.692s] running install
[5.693s] running install_lib
[5.701s] running install_data
[5.704s] running install_egg_info
[5.710s] removing '/home/pi/work/maze_bot/programming/mbot_ws/install/robocup/lib/python3.10/site-packages/robocup-0.0.0-py3.10.egg-info' (and everything under it)
[5.712s] Copying ../../build/robocup/robocup.egg-info to /home/pi/work/maze_bot/programming/mbot_ws/install/robocup/lib/python3.10/site-packages/robocup-0.0.0-py3.10.egg-info
[5.718s] running install_scripts
[5.803s] Installing remote script to /home/pi/work/maze_bot/programming/mbot_ws/install/robocup/lib/robocup
[5.804s] Installing serial script to /home/pi/work/maze_bot/programming/mbot_ws/install/robocup/lib/robocup
[5.805s] Installing wall_det script to /home/pi/work/maze_bot/programming/mbot_ws/install/robocup/lib/robocup
[5.807s] writing list of installed files to '/home/pi/work/maze_bot/programming/mbot_ws/build/robocup/install.log'
[5.951s] Invoked command in '/home/pi/work/maze_bot/programming/mbot_ws/src/robocup' returned '0': PYTHONPATH=/home/pi/work/maze_bot/programming/mbot_ws/build/robocup/prefix_override:/home/pi/work/maze_bot/programming/mbot_ws/install/robocup/lib/python3.10/site-packages:${PYTHONPATH} /usr/bin/python3 setup.py egg_info --egg-base ../../build/robocup build --build-base /home/pi/work/maze_bot/programming/mbot_ws/build/robocup/build install --record /home/pi/work/maze_bot/programming/mbot_ws/build/robocup/install.log --single-version-externally-managed
