[1.599s] DEBUG:colcon:Command line arguments: ['/usr/bin/colcon', 'build']
[1.600s] DEBUG:colcon:Parsed command line arguments: Namespace(log_base=None, log_level=None, verb_name='build', build_base='build', install_base='install', merge_install=False, symlink_install=False, test_result_base=None, continue_on_error=False, executor='parallel', parallel_workers=4, event_handlers=None, ignore_user_meta=False, metas=['./colcon.meta'], base_paths=['.'], packages_ignore=None, packages_ignore_regex=None, paths=None, packages_up_to=None, packages_up_to_regex=None, packages_above=None, packages_above_and_dependencies=None, packages_above_depth=None, packages_select_by_dep=None, packages_skip_by_dep=None, packages_skip_up_to=None, packages_select_build_failed=False, packages_skip_build_finished=False, packages_select_test_failures=False, packages_skip_test_passed=False, packages_select=None, packages_skip=None, packages_select_regex=None, packages_skip_regex=None, packages_start=None, packages_end=None, allow_overriding=[], cmake_args=None, cmake_target=None, cmake_target_skip_unavailable=False, cmake_clean_cache=False, cmake_clean_first=False, cmake_force_configure=False, ament_cmake_args=None, catkin_cmake_args=None, catkin_skip_building_tests=False, verb_parser=<colcon_defaults.argument_parser.defaults.DefaultArgumentsDecorator object at 0xffffbc006980>, verb_extension=<colcon_core.verb.build.BuildVerb object at 0xffffbc089ba0>, main=<bound method BuildVerb.main of <colcon_core.verb.build.BuildVerb object at 0xffffbc089ba0>>)
[1.710s] Level 1:colcon.colcon_core.package_discovery:discover_packages(colcon_meta) check parameters
[1.711s] Level 1:colcon.colcon_core.package_discovery:discover_packages(recursive) check parameters
[1.711s] Level 1:colcon.colcon_core.package_discovery:discover_packages(ignore) check parameters
[1.711s] Level 1:colcon.colcon_core.package_discovery:discover_packages(path) check parameters
[1.711s] Level 1:colcon.colcon_core.package_discovery:discover_packages(colcon_meta) discover
[1.711s] Level 1:colcon.colcon_core.package_discovery:discover_packages(recursive) discover
[1.711s] INFO:colcon.colcon_core.package_discovery:Crawling recursively for packages in '/home/pi/work/maze_bot/programming/mbot_ws'
[1.712s] Level 1:colcon.colcon_core.package_identification:_identify(.) by extensions ['ignore', 'ignore_ament_install']
[1.712s] Level 1:colcon.colcon_core.package_identification:_identify(.) by extension 'ignore'
[1.713s] Level 1:colcon.colcon_core.package_identification:_identify(.) by extension 'ignore_ament_install'
[1.713s] Level 1:colcon.colcon_core.package_identification:_identify(.) by extensions ['colcon_pkg']
[1.713s] Level 1:colcon.colcon_core.package_identification:_identify(.) by extension 'colcon_pkg'
[1.713s] Level 1:colcon.colcon_core.package_identification:_identify(.) by extensions ['colcon_meta']
[1.713s] Level 1:colcon.colcon_core.package_identification:_identify(.) by extension 'colcon_meta'
[1.713s] Level 1:colcon.colcon_core.package_identification:_identify(.) by extensions ['ros']
[1.714s] Level 1:colcon.colcon_core.package_identification:_identify(.) by extension 'ros'
[1.761s] Level 1:colcon.colcon_core.package_identification:_identify(.) by extensions ['cmake', 'python']
[1.762s] Level 1:colcon.colcon_core.package_identification:_identify(.) by extension 'cmake'
[1.762s] Level 1:colcon.colcon_core.package_identification:_identify(.) by extension 'python'
[1.762s] Level 1:colcon.colcon_core.package_identification:_identify(.) by extensions ['python_setup_py']
[1.762s] Level 1:colcon.colcon_core.package_identification:_identify(.) by extension 'python_setup_py'
[1.763s] Level 1:colcon.colcon_core.package_identification:_identify(build) by extensions ['ignore', 'ignore_ament_install']
[1.763s] Level 1:colcon.colcon_core.package_identification:_identify(build) by extension 'ignore'
[1.763s] Level 1:colcon.colcon_core.package_identification:_identify(build) ignored
[1.764s] Level 1:colcon.colcon_core.package_identification:_identify(install) by extensions ['ignore', 'ignore_ament_install']
[1.765s] Level 1:colcon.colcon_core.package_identification:_identify(install) by extension 'ignore'
[1.765s] Level 1:colcon.colcon_core.package_identification:_identify(install) ignored
[1.766s] Level 1:colcon.colcon_core.package_identification:_identify(log) by extensions ['ignore', 'ignore_ament_install']
[1.766s] Level 1:colcon.colcon_core.package_identification:_identify(log) by extension 'ignore'
[1.766s] Level 1:colcon.colcon_core.package_identification:_identify(log) ignored
[1.767s] Level 1:colcon.colcon_core.package_identification:_identify(src) by extensions ['ignore', 'ignore_ament_install']
[1.767s] Level 1:colcon.colcon_core.package_identification:_identify(src) by extension 'ignore'
[1.767s] Level 1:colcon.colcon_core.package_identification:_identify(src) by extension 'ignore_ament_install'
[1.767s] Level 1:colcon.colcon_core.package_identification:_identify(src) by extensions ['colcon_pkg']
[1.767s] Level 1:colcon.colcon_core.package_identification:_identify(src) by extension 'colcon_pkg'
[1.768s] Level 1:colcon.colcon_core.package_identification:_identify(src) by extensions ['colcon_meta']
[1.768s] Level 1:colcon.colcon_core.package_identification:_identify(src) by extension 'colcon_meta'
[1.768s] Level 1:colcon.colcon_core.package_identification:_identify(src) by extensions ['ros']
[1.768s] Level 1:colcon.colcon_core.package_identification:_identify(src) by extension 'ros'
[1.768s] Level 1:colcon.colcon_core.package_identification:_identify(src) by extensions ['cmake', 'python']
[1.769s] Level 1:colcon.colcon_core.package_identification:_identify(src) by extension 'cmake'
[1.769s] Level 1:colcon.colcon_core.package_identification:_identify(src) by extension 'python'
[1.769s] Level 1:colcon.colcon_core.package_identification:_identify(src) by extensions ['python_setup_py']
[1.769s] Level 1:colcon.colcon_core.package_identification:_identify(src) by extension 'python_setup_py'
[1.769s] Level 1:colcon.colcon_core.package_identification:_identify(src/articubot_one) by extensions ['ignore', 'ignore_ament_install']
[1.770s] Level 1:colcon.colcon_core.package_identification:_identify(src/articubot_one) by extension 'ignore'
[1.770s] Level 1:colcon.colcon_core.package_identification:_identify(src/articubot_one) by extension 'ignore_ament_install'
[1.770s] Level 1:colcon.colcon_core.package_identification:_identify(src/articubot_one) by extensions ['colcon_pkg']
[1.770s] Level 1:colcon.colcon_core.package_identification:_identify(src/articubot_one) by extension 'colcon_pkg'
[1.771s] Level 1:colcon.colcon_core.package_identification:_identify(src/articubot_one) by extensions ['colcon_meta']
[1.771s] Level 1:colcon.colcon_core.package_identification:_identify(src/articubot_one) by extension 'colcon_meta'
[1.771s] Level 1:colcon.colcon_core.package_identification:_identify(src/articubot_one) by extensions ['ros']
[1.771s] Level 1:colcon.colcon_core.package_identification:_identify(src/articubot_one) by extension 'ros'
[1.771s] Level 1:colcon.colcon_core.package_identification:_identify(src/articubot_one) by extensions ['cmake', 'python']
[1.772s] Level 1:colcon.colcon_core.package_identification:_identify(src/articubot_one) by extension 'cmake'
[1.772s] Level 1:colcon.colcon_core.package_identification:_identify(src/articubot_one) by extension 'python'
[1.772s] Level 1:colcon.colcon_core.package_identification:_identify(src/articubot_one) by extensions ['python_setup_py']
[1.772s] Level 1:colcon.colcon_core.package_identification:_identify(src/articubot_one) by extension 'python_setup_py'
[1.772s] Level 1:colcon.colcon_core.package_identification:_identify(src/mazebot_msgs) by extensions ['ignore', 'ignore_ament_install']
[1.773s] Level 1:colcon.colcon_core.package_identification:_identify(src/mazebot_msgs) by extension 'ignore'
[1.773s] Level 1:colcon.colcon_core.package_identification:_identify(src/mazebot_msgs) by extension 'ignore_ament_install'
[1.773s] Level 1:colcon.colcon_core.package_identification:_identify(src/mazebot_msgs) by extensions ['colcon_pkg']
[1.773s] Level 1:colcon.colcon_core.package_identification:_identify(src/mazebot_msgs) by extension 'colcon_pkg'
[1.774s] Level 1:colcon.colcon_core.package_identification:_identify(src/mazebot_msgs) by extensions ['colcon_meta']
[1.774s] Level 1:colcon.colcon_core.package_identification:_identify(src/mazebot_msgs) by extension 'colcon_meta'
[1.774s] Level 1:colcon.colcon_core.package_identification:_identify(src/mazebot_msgs) by extensions ['ros']
[1.774s] Level 1:colcon.colcon_core.package_identification:_identify(src/mazebot_msgs) by extension 'ros'
[1.783s] DEBUG:colcon.colcon_core.package_identification:Package 'src/mazebot_msgs' with type 'ros.ament_cmake' and name 'mazebot_msgs'
[1.784s] Level 1:colcon.colcon_core.package_identification:_identify(src/robocup) by extensions ['ignore', 'ignore_ament_install']
[1.785s] Level 1:colcon.colcon_core.package_identification:_identify(src/robocup) by extension 'ignore'
[1.786s] Level 1:colcon.colcon_core.package_identification:_identify(src/robocup) by extension 'ignore_ament_install'
[1.786s] Level 1:colcon.colcon_core.package_identification:_identify(src/robocup) by extensions ['colcon_pkg']
[1.787s] Level 1:colcon.colcon_core.package_identification:_identify(src/robocup) by extension 'colcon_pkg'
[1.787s] Level 1:colcon.colcon_core.package_identification:_identify(src/robocup) by extensions ['colcon_meta']
[1.787s] Level 1:colcon.colcon_core.package_identification:_identify(src/robocup) by extension 'colcon_meta'
[1.787s] Level 1:colcon.colcon_core.package_identification:_identify(src/robocup) by extensions ['ros']
[1.788s] Level 1:colcon.colcon_core.package_identification:_identify(src/robocup) by extension 'ros'
[1.791s] DEBUG:colcon.colcon_core.package_identification:Package 'src/robocup' with type 'ros.ament_python' and name 'robocup'
[1.792s] Level 1:colcon.colcon_core.package_discovery:discover_packages(recursive) using defaults
[1.792s] Level 1:colcon.colcon_core.package_discovery:discover_packages(ignore) discover
[1.792s] Level 1:colcon.colcon_core.package_discovery:discover_packages(ignore) using defaults
[1.792s] Level 1:colcon.colcon_core.package_discovery:discover_packages(path) discover
[1.793s] Level 1:colcon.colcon_core.package_discovery:discover_packages(path) using defaults
[1.884s] Level 1:colcon.colcon_core.package_discovery:discover_packages(prefix_path) check parameters
[1.884s] Level 1:colcon.colcon_core.package_discovery:discover_packages(prefix_path) discover
[1.899s] DEBUG:colcon.colcon_installed_package_information.package_discovery:Found 5 installed packages in /home/pi/work/maze_bot/programming/mbot_ws/install
[1.910s] DEBUG:colcon.colcon_installed_package_information.package_discovery:Found 308 installed packages in /opt/ros/humble
[1.917s] Level 1:colcon.colcon_core.package_discovery:discover_packages(prefix_path) using defaults
[2.201s] Level 5:colcon.colcon_core.verb:set package 'mazebot_msgs' build argument 'cmake_args' from command line to 'None'
[2.201s] Level 5:colcon.colcon_core.verb:set package 'mazebot_msgs' build argument 'cmake_target' from command line to 'None'
[2.201s] Level 5:colcon.colcon_core.verb:set package 'mazebot_msgs' build argument 'cmake_target_skip_unavailable' from command line to 'False'
[2.201s] Level 5:colcon.colcon_core.verb:set package 'mazebot_msgs' build argument 'cmake_clean_cache' from command line to 'False'
[2.201s] Level 5:colcon.colcon_core.verb:set package 'mazebot_msgs' build argument 'cmake_clean_first' from command line to 'False'
[2.201s] Level 5:colcon.colcon_core.verb:set package 'mazebot_msgs' build argument 'cmake_force_configure' from command line to 'False'
[2.202s] Level 5:colcon.colcon_core.verb:set package 'mazebot_msgs' build argument 'ament_cmake_args' from command line to 'None'
[2.202s] Level 5:colcon.colcon_core.verb:set package 'mazebot_msgs' build argument 'catkin_cmake_args' from command line to 'None'
[2.202s] Level 5:colcon.colcon_core.verb:set package 'mazebot_msgs' build argument 'catkin_skip_building_tests' from command line to 'False'
[2.202s] DEBUG:colcon.colcon_core.verb:Building package 'mazebot_msgs' with the following arguments: {'ament_cmake_args': None, 'build_base': '/home/pi/work/maze_bot/programming/mbot_ws/build/mazebot_msgs', 'catkin_cmake_args': None, 'catkin_skip_building_tests': False, 'cmake_args': None, 'cmake_clean_cache': False, 'cmake_clean_first': False, 'cmake_force_configure': False, 'cmake_target': None, 'cmake_target_skip_unavailable': False, 'install_base': '/home/pi/work/maze_bot/programming/mbot_ws/install/mazebot_msgs', 'merge_install': False, 'path': '/home/pi/work/maze_bot/programming/mbot_ws/src/mazebot_msgs', 'symlink_install': False, 'test_result_base': None}
[2.206s] Level 5:colcon.colcon_core.verb:set package 'robocup' build argument 'cmake_args' from command line to 'None'
[2.207s] Level 5:colcon.colcon_core.verb:set package 'robocup' build argument 'cmake_target' from command line to 'None'
[2.207s] Level 5:colcon.colcon_core.verb:set package 'robocup' build argument 'cmake_target_skip_unavailable' from command line to 'False'
[2.207s] Level 5:colcon.colcon_core.verb:set package 'robocup' build argument 'cmake_clean_cache' from command line to 'False'
[2.207s] Level 5:colcon.colcon_core.verb:set package 'robocup' build argument 'cmake_clean_first' from command line to 'False'
[2.207s] Level 5:colcon.colcon_core.verb:set package 'robocup' build argument 'cmake_force_configure' from command line to 'False'
[2.207s] Level 5:colcon.colcon_core.verb:set package 'robocup' build argument 'ament_cmake_args' from command line to 'None'
[2.207s] Level 5:colcon.colcon_core.verb:set package 'robocup' build argument 'catkin_cmake_args' from command line to 'None'
[2.207s] Level 5:colcon.colcon_core.verb:set package 'robocup' build argument 'catkin_skip_building_tests' from command line to 'False'
[2.207s] DEBUG:colcon.colcon_core.verb:Building package 'robocup' with the following arguments: {'ament_cmake_args': None, 'build_base': '/home/pi/work/maze_bot/programming/mbot_ws/build/robocup', 'catkin_cmake_args': None, 'catkin_skip_building_tests': False, 'cmake_args': None, 'cmake_clean_cache': False, 'cmake_clean_first': False, 'cmake_force_configure': False, 'cmake_target': None, 'cmake_target_skip_unavailable': False, 'install_base': '/home/pi/work/maze_bot/programming/mbot_ws/install/robocup', 'merge_install': False, 'path': '/home/pi/work/maze_bot/programming/mbot_ws/src/robocup', 'symlink_install': False, 'test_result_base': None}
[2.210s] INFO:colcon.colcon_core.executor:Executing jobs using 'parallel' executor
[2.224s] DEBUG:colcon.colcon_parallel_executor.executor.parallel:run_until_complete
[2.226s] INFO:colcon.colcon_ros.task.ament_cmake.build:Building ROS package in '/home/pi/work/maze_bot/programming/mbot_ws/src/mazebot_msgs' with build type 'ament_cmake'
[2.227s] INFO:colcon.colcon_cmake.task.cmake.build:Building CMake package in '/home/pi/work/maze_bot/programming/mbot_ws/src/mazebot_msgs'
[2.247s] INFO:colcon.colcon_core.plugin_system:Skipping extension 'colcon_core.shell.bat': Not used on non-Windows systems
[2.248s] INFO:colcon.colcon_core.shell:Skip shell extension 'powershell' for command environment: Not usable outside of PowerShell
[2.248s] DEBUG:colcon.colcon_core.shell:Skip shell extension 'dsv' for command environment
[2.274s] INFO:colcon.colcon_ros.task.ament_python.build:Building ROS package in '/home/pi/work/maze_bot/programming/mbot_ws/src/robocup' with build type 'ament_python'
[2.276s] Level 1:colcon.colcon_core.shell:create_environment_hook('robocup', 'ament_prefix_path')
[2.283s] INFO:colcon.colcon_core.shell:Creating environment hook '/home/pi/work/maze_bot/programming/mbot_ws/install/robocup/share/robocup/hook/ament_prefix_path.ps1'
[2.287s] INFO:colcon.colcon_core.shell:Creating environment descriptor '/home/pi/work/maze_bot/programming/mbot_ws/install/robocup/share/robocup/hook/ament_prefix_path.dsv'
[2.289s] INFO:colcon.colcon_core.shell:Creating environment hook '/home/pi/work/maze_bot/programming/mbot_ws/install/robocup/share/robocup/hook/ament_prefix_path.sh'
[2.298s] INFO:colcon.colcon_core.shell:Skip shell extension 'powershell' for command environment: Not usable outside of PowerShell
[2.299s] DEBUG:colcon.colcon_core.shell:Skip shell extension 'dsv' for command environment
[2.343s] DEBUG:colcon.colcon_core.event_handler.log_command:Invoking command in '/home/pi/work/maze_bot/programming/mbot_ws/build/mazebot_msgs': CMAKE_PREFIX_PATH=${CMAKE_PREFIX_PATH}:/home/pi/work/maze_bot/programming/mbot_ws/install/robocup:/home/pi/work/maze_bot/programming/mbot_ws/install/publisher:/home/pi/work/maze_bot/programming/mbot_ws/install/my_package:/home/pi/work/maze_bot/programming/mbot_ws/install/mazebot_v1:/opt/ros/humble /usr/bin/cmake --build /home/pi/work/maze_bot/programming/mbot_ws/build/mazebot_msgs -- -j4 -l4
[4.283s] INFO:colcon.colcon_core.task.python.build:Building Python package in '/home/pi/work/maze_bot/programming/mbot_ws/src/robocup'
[4.289s] INFO:colcon.colcon_core.shell:Skip shell extension 'powershell' for command environment: Not usable outside of PowerShell
[4.290s] DEBUG:colcon.colcon_core.shell:Skip shell extension 'dsv' for command environment
[4.839s] DEBUG:colcon.colcon_core.event_handler.log_command:Invoked command in '/home/pi/work/maze_bot/programming/mbot_ws/build/mazebot_msgs' returned '0': CMAKE_PREFIX_PATH=${CMAKE_PREFIX_PATH}:/home/pi/work/maze_bot/programming/mbot_ws/install/robocup:/home/pi/work/maze_bot/programming/mbot_ws/install/publisher:/home/pi/work/maze_bot/programming/mbot_ws/install/my_package:/home/pi/work/maze_bot/programming/mbot_ws/install/mazebot_v1:/opt/ros/humble /usr/bin/cmake --build /home/pi/work/maze_bot/programming/mbot_ws/build/mazebot_msgs -- -j4 -l4
[5.524s] DEBUG:colcon.colcon_core.event_handler.log_command:Invoking command in '/home/pi/work/maze_bot/programming/mbot_ws/build/mazebot_msgs': CMAKE_PREFIX_PATH=${CMAKE_PREFIX_PATH}:/home/pi/work/maze_bot/programming/mbot_ws/install/robocup:/home/pi/work/maze_bot/programming/mbot_ws/install/publisher:/home/pi/work/maze_bot/programming/mbot_ws/install/my_package:/home/pi/work/maze_bot/programming/mbot_ws/install/mazebot_v1:/opt/ros/humble /usr/bin/cmake --install /home/pi/work/maze_bot/programming/mbot_ws/build/mazebot_msgs
[5.886s] Level 1:colcon.colcon_core.environment:create_environment_scripts_only(mazebot_msgs)
[5.904s] DEBUG:colcon.colcon_core.event_handler.log_command:Invoked command in '/home/pi/work/maze_bot/programming/mbot_ws/build/mazebot_msgs' returned '0': CMAKE_PREFIX_PATH=${CMAKE_PREFIX_PATH}:/home/pi/work/maze_bot/programming/mbot_ws/install/robocup:/home/pi/work/maze_bot/programming/mbot_ws/install/publisher:/home/pi/work/maze_bot/programming/mbot_ws/install/my_package:/home/pi/work/maze_bot/programming/mbot_ws/install/mazebot_v1:/opt/ros/humble /usr/bin/cmake --install /home/pi/work/maze_bot/programming/mbot_ws/build/mazebot_msgs
[5.921s] Level 1:colcon.colcon_core.environment:checking '/home/pi/work/maze_bot/programming/mbot_ws/install/mazebot_msgs' for CMake module files
[5.927s] Level 1:colcon.colcon_core.environment:checking '/home/pi/work/maze_bot/programming/mbot_ws/install/mazebot_msgs' for CMake config files
[5.930s] Level 1:colcon.colcon_core.shell:create_environment_hook('mazebot_msgs', 'cmake_prefix_path')
[5.937s] INFO:colcon.colcon_core.shell:Creating environment hook '/home/pi/work/maze_bot/programming/mbot_ws/install/mazebot_msgs/share/mazebot_msgs/hook/cmake_prefix_path.ps1'
[5.940s] INFO:colcon.colcon_core.shell:Creating environment descriptor '/home/pi/work/maze_bot/programming/mbot_ws/install/mazebot_msgs/share/mazebot_msgs/hook/cmake_prefix_path.dsv'
[5.943s] INFO:colcon.colcon_core.shell:Creating environment hook '/home/pi/work/maze_bot/programming/mbot_ws/install/mazebot_msgs/share/mazebot_msgs/hook/cmake_prefix_path.sh'
[5.947s] Level 1:colcon.colcon_core.environment:checking '/home/pi/work/maze_bot/programming/mbot_ws/install/mazebot_msgs/lib'
[5.948s] Level 1:colcon.colcon_core.shell:create_environment_hook('mazebot_msgs', 'ld_library_path_lib')
[5.955s] INFO:colcon.colcon_core.shell:Creating environment hook '/home/pi/work/maze_bot/programming/mbot_ws/install/mazebot_msgs/share/mazebot_msgs/hook/ld_library_path_lib.ps1'
[5.958s] INFO:colcon.colcon_core.shell:Creating environment descriptor '/home/pi/work/maze_bot/programming/mbot_ws/install/mazebot_msgs/share/mazebot_msgs/hook/ld_library_path_lib.dsv'
[5.961s] INFO:colcon.colcon_core.shell:Creating environment hook '/home/pi/work/maze_bot/programming/mbot_ws/install/mazebot_msgs/share/mazebot_msgs/hook/ld_library_path_lib.sh'
[5.963s] Level 1:colcon.colcon_core.environment:checking '/home/pi/work/maze_bot/programming/mbot_ws/install/mazebot_msgs/bin'
[5.964s] Level 1:colcon.colcon_core.environment:checking '/home/pi/work/maze_bot/programming/mbot_ws/install/mazebot_msgs/lib/pkgconfig/mazebot_msgs.pc'
[5.965s] Level 1:colcon.colcon_core.environment:checking '/home/pi/work/maze_bot/programming/mbot_ws/install/mazebot_msgs/lib/python3.10/site-packages'
[5.967s] Level 1:colcon.colcon_core.environment:checking '/home/pi/work/maze_bot/programming/mbot_ws/install/mazebot_msgs/bin'
[5.984s] INFO:colcon.colcon_core.shell:Creating package script '/home/pi/work/maze_bot/programming/mbot_ws/install/mazebot_msgs/share/mazebot_msgs/package.ps1'
[5.988s] INFO:colcon.colcon_core.shell:Creating package descriptor '/home/pi/work/maze_bot/programming/mbot_ws/install/mazebot_msgs/share/mazebot_msgs/package.dsv'
[5.992s] INFO:colcon.colcon_core.shell:Creating package script '/home/pi/work/maze_bot/programming/mbot_ws/install/mazebot_msgs/share/mazebot_msgs/package.sh'
[5.997s] INFO:colcon.colcon_core.shell:Creating package script '/home/pi/work/maze_bot/programming/mbot_ws/install/mazebot_msgs/share/mazebot_msgs/package.bash'
[6.001s] INFO:colcon.colcon_core.shell:Creating package script '/home/pi/work/maze_bot/programming/mbot_ws/install/mazebot_msgs/share/mazebot_msgs/package.zsh'
[6.004s] Level 1:colcon.colcon_core.environment:create_file_with_runtime_dependencies(/home/pi/work/maze_bot/programming/mbot_ws/install/mazebot_msgs/share/colcon-core/packages/mazebot_msgs)
[6.328s] DEBUG:colcon.colcon_core.event_handler.log_command:Invoking command in '/home/pi/work/maze_bot/programming/mbot_ws/src/robocup': PYTHONPATH=/home/pi/work/maze_bot/programming/mbot_ws/build/robocup/prefix_override:/home/pi/work/maze_bot/programming/mbot_ws/install/robocup/lib/python3.10/site-packages:${PYTHONPATH} /usr/bin/python3 setup.py egg_info --egg-base ../../build/robocup build --build-base /home/pi/work/maze_bot/programming/mbot_ws/build/robocup/build install --record /home/pi/work/maze_bot/programming/mbot_ws/build/robocup/install.log --single-version-externally-managed
[6.712s] Level 1:colcon.colcon_core.environment:create_environment_scripts_only(mazebot_msgs)
[6.720s] Level 1:colcon.colcon_core.environment:checking '/home/pi/work/maze_bot/programming/mbot_ws/install/mazebot_msgs' for CMake module files
[6.724s] Level 1:colcon.colcon_core.environment:checking '/home/pi/work/maze_bot/programming/mbot_ws/install/mazebot_msgs' for CMake config files
[6.728s] Level 1:colcon.colcon_core.shell:create_environment_hook('mazebot_msgs', 'cmake_prefix_path')
[6.733s] INFO:colcon.colcon_core.shell:Creating environment hook '/home/pi/work/maze_bot/programming/mbot_ws/install/mazebot_msgs/share/mazebot_msgs/hook/cmake_prefix_path.ps1'
[6.736s] INFO:colcon.colcon_core.shell:Creating environment descriptor '/home/pi/work/maze_bot/programming/mbot_ws/install/mazebot_msgs/share/mazebot_msgs/hook/cmake_prefix_path.dsv'
[6.738s] INFO:colcon.colcon_core.shell:Creating environment hook '/home/pi/work/maze_bot/programming/mbot_ws/install/mazebot_msgs/share/mazebot_msgs/hook/cmake_prefix_path.sh'
[6.742s] Level 1:colcon.colcon_core.environment:checking '/home/pi/work/maze_bot/programming/mbot_ws/install/mazebot_msgs/lib'
[6.743s] Level 1:colcon.colcon_core.shell:create_environment_hook('mazebot_msgs', 'ld_library_path_lib')
[6.748s] INFO:colcon.colcon_core.shell:Creating environment hook '/home/pi/work/maze_bot/programming/mbot_ws/install/mazebot_msgs/share/mazebot_msgs/hook/ld_library_path_lib.ps1'
[6.750s] INFO:colcon.colcon_core.shell:Creating environment descriptor '/home/pi/work/maze_bot/programming/mbot_ws/install/mazebot_msgs/share/mazebot_msgs/hook/ld_library_path_lib.dsv'
[6.753s] INFO:colcon.colcon_core.shell:Creating environment hook '/home/pi/work/maze_bot/programming/mbot_ws/install/mazebot_msgs/share/mazebot_msgs/hook/ld_library_path_lib.sh'
[6.755s] Level 1:colcon.colcon_core.environment:checking '/home/pi/work/maze_bot/programming/mbot_ws/install/mazebot_msgs/bin'
[6.756s] Level 1:colcon.colcon_core.environment:checking '/home/pi/work/maze_bot/programming/mbot_ws/install/mazebot_msgs/lib/pkgconfig/mazebot_msgs.pc'
[6.758s] Level 1:colcon.colcon_core.environment:checking '/home/pi/work/maze_bot/programming/mbot_ws/install/mazebot_msgs/lib/python3.10/site-packages'
[6.760s] Level 1:colcon.colcon_core.environment:checking '/home/pi/work/maze_bot/programming/mbot_ws/install/mazebot_msgs/bin'
[6.766s] INFO:colcon.colcon_core.shell:Creating package script '/home/pi/work/maze_bot/programming/mbot_ws/install/mazebot_msgs/share/mazebot_msgs/package.ps1'
[6.769s] INFO:colcon.colcon_core.shell:Creating package descriptor '/home/pi/work/maze_bot/programming/mbot_ws/install/mazebot_msgs/share/mazebot_msgs/package.dsv'
[6.771s] INFO:colcon.colcon_core.shell:Creating package script '/home/pi/work/maze_bot/programming/mbot_ws/install/mazebot_msgs/share/mazebot_msgs/package.sh'
[6.774s] INFO:colcon.colcon_core.shell:Creating package script '/home/pi/work/maze_bot/programming/mbot_ws/install/mazebot_msgs/share/mazebot_msgs/package.bash'
[6.776s] INFO:colcon.colcon_core.shell:Creating package script '/home/pi/work/maze_bot/programming/mbot_ws/install/mazebot_msgs/share/mazebot_msgs/package.zsh'
[6.779s] Level 1:colcon.colcon_core.environment:create_file_with_runtime_dependencies(/home/pi/work/maze_bot/programming/mbot_ws/install/mazebot_msgs/share/colcon-core/packages/mazebot_msgs)
[7.874s] Level 1:colcon.colcon_core.environment:checking '/home/pi/work/maze_bot/programming/mbot_ws/install/robocup' for CMake module files
[7.876s] DEBUG:colcon.colcon_core.event_handler.log_command:Invoked command in '/home/pi/work/maze_bot/programming/mbot_ws/src/robocup' returned '0': PYTHONPATH=/home/pi/work/maze_bot/programming/mbot_ws/build/robocup/prefix_override:/home/pi/work/maze_bot/programming/mbot_ws/install/robocup/lib/python3.10/site-packages:${PYTHONPATH} /usr/bin/python3 setup.py egg_info --egg-base ../../build/robocup build --build-base /home/pi/work/maze_bot/programming/mbot_ws/build/robocup/build install --record /home/pi/work/maze_bot/programming/mbot_ws/build/robocup/install.log --single-version-externally-managed
[7.878s] Level 1:colcon.colcon_core.environment:checking '/home/pi/work/maze_bot/programming/mbot_ws/install/robocup' for CMake config files
[7.882s] Level 1:colcon.colcon_core.environment:checking '/home/pi/work/maze_bot/programming/mbot_ws/install/robocup/lib'
[7.883s] Level 1:colcon.colcon_core.environment:checking '/home/pi/work/maze_bot/programming/mbot_ws/install/robocup/bin'
[7.883s] Level 1:colcon.colcon_core.environment:checking '/home/pi/work/maze_bot/programming/mbot_ws/install/robocup/lib/pkgconfig/robocup.pc'
[7.884s] Level 1:colcon.colcon_core.environment:checking '/home/pi/work/maze_bot/programming/mbot_ws/install/robocup/lib/python3.10/site-packages'
[7.885s] Level 1:colcon.colcon_core.shell:create_environment_hook('robocup', 'pythonpath')
[7.891s] INFO:colcon.colcon_core.shell:Creating environment hook '/home/pi/work/maze_bot/programming/mbot_ws/install/robocup/share/robocup/hook/pythonpath.ps1'
[7.894s] INFO:colcon.colcon_core.shell:Creating environment descriptor '/home/pi/work/maze_bot/programming/mbot_ws/install/robocup/share/robocup/hook/pythonpath.dsv'
[7.896s] INFO:colcon.colcon_core.shell:Creating environment hook '/home/pi/work/maze_bot/programming/mbot_ws/install/robocup/share/robocup/hook/pythonpath.sh'
[7.898s] Level 1:colcon.colcon_core.environment:checking '/home/pi/work/maze_bot/programming/mbot_ws/install/robocup/bin'
[7.899s] Level 1:colcon.colcon_core.environment:create_environment_scripts_only(robocup)
[7.904s] INFO:colcon.colcon_core.shell:Creating package script '/home/pi/work/maze_bot/programming/mbot_ws/install/robocup/share/robocup/package.ps1'
[7.907s] INFO:colcon.colcon_core.shell:Creating package descriptor '/home/pi/work/maze_bot/programming/mbot_ws/install/robocup/share/robocup/package.dsv'
[7.909s] INFO:colcon.colcon_core.shell:Creating package script '/home/pi/work/maze_bot/programming/mbot_ws/install/robocup/share/robocup/package.sh'
[7.912s] INFO:colcon.colcon_core.shell:Creating package script '/home/pi/work/maze_bot/programming/mbot_ws/install/robocup/share/robocup/package.bash'
[7.915s] INFO:colcon.colcon_core.shell:Creating package script '/home/pi/work/maze_bot/programming/mbot_ws/install/robocup/share/robocup/package.zsh'
[7.917s] Level 1:colcon.colcon_core.environment:create_file_with_runtime_dependencies(/home/pi/work/maze_bot/programming/mbot_ws/install/robocup/share/colcon-core/packages/robocup)
[7.919s] DEBUG:colcon.colcon_parallel_executor.executor.parallel:closing loop
[7.920s] DEBUG:colcon.colcon_parallel_executor.executor.parallel:loop closed
[7.921s] DEBUG:colcon.colcon_parallel_executor.executor.parallel:run_until_complete finished with '0'
[7.922s] DEBUG:colcon.colcon_core.event_reactor:joining thread
[7.947s] INFO:colcon.colcon_core.plugin_system:Skipping extension 'colcon_notification.desktop_notification.terminal_notifier': Not used on non-Darwin systems
[7.947s] INFO:colcon.colcon_core.plugin_system:Skipping extension 'colcon_notification.desktop_notification.win32': Not used on non-Windows systems
[7.948s] INFO:colcon.colcon_notification.desktop_notification:Sending desktop notification using 'notify2'
[7.952s] DEBUG:colcon.colcon_notification.desktop_notification.notify2:Failed to initialize notify2: org.freedesktop.DBus.Error.ServiceUnknown: The name org.freedesktop.Notifications was not provided by any .service files
[7.953s] DEBUG:colcon.colcon_core.event_reactor:joined thread
[7.958s] INFO:colcon.colcon_core.shell:Creating prefix script '/home/pi/work/maze_bot/programming/mbot_ws/install/local_setup.ps1'
[7.962s] INFO:colcon.colcon_core.shell:Creating prefix util module '/home/pi/work/maze_bot/programming/mbot_ws/install/_local_setup_util_ps1.py'
[7.967s] INFO:colcon.colcon_core.shell:Creating prefix chain script '/home/pi/work/maze_bot/programming/mbot_ws/install/setup.ps1'
[7.974s] INFO:colcon.colcon_core.shell:Creating prefix script '/home/pi/work/maze_bot/programming/mbot_ws/install/local_setup.sh'
[7.977s] INFO:colcon.colcon_core.shell:Creating prefix util module '/home/pi/work/maze_bot/programming/mbot_ws/install/_local_setup_util_sh.py'
[7.979s] INFO:colcon.colcon_core.shell:Creating prefix chain script '/home/pi/work/maze_bot/programming/mbot_ws/install/setup.sh'
[7.986s] INFO:colcon.colcon_core.shell:Creating prefix script '/home/pi/work/maze_bot/programming/mbot_ws/install/local_setup.bash'
[7.989s] INFO:colcon.colcon_core.shell:Creating prefix chain script '/home/pi/work/maze_bot/programming/mbot_ws/install/setup.bash'
[7.995s] INFO:colcon.colcon_core.shell:Creating prefix script '/home/pi/work/maze_bot/programming/mbot_ws/install/local_setup.zsh'
[7.998s] INFO:colcon.colcon_core.shell:Creating prefix chain script '/home/pi/work/maze_bot/programming/mbot_ws/install/setup.zsh'
