/home/pi/work/maze_bot/programming/mbot_ws/install/robocup/lib/python3.10/site-packages/robocup/ros2_serial_mazebot.py
/home/pi/work/maze_bot/programming/mbot_ws/install/robocup/lib/python3.10/site-packages/robocup/remotecontroll_mazebot.py
/home/pi/work/maze_bot/programming/mbot_ws/install/robocup/lib/python3.10/site-packages/robocup/__init__.py
/home/pi/work/maze_bot/programming/mbot_ws/install/robocup/lib/python3.10/site-packages/robocup/mazebot_wall_detection.py
/home/pi/work/maze_bot/programming/mbot_ws/install/robocup/lib/python3.10/site-packages/robocup/__pycache__/ros2_serial_mazebot.cpython-310.pyc
/home/pi/work/maze_bot/programming/mbot_ws/install/robocup/lib/python3.10/site-packages/robocup/__pycache__/remotecontroll_mazebot.cpython-310.pyc
/home/pi/work/maze_bot/programming/mbot_ws/install/robocup/lib/python3.10/site-packages/robocup/__pycache__/__init__.cpython-310.pyc
/home/pi/work/maze_bot/programming/mbot_ws/install/robocup/lib/python3.10/site-packages/robocup/__pycache__/mazebot_wall_detection.cpython-310.pyc
/home/pi/work/maze_bot/programming/mbot_ws/install/robocup/share/ament_index/resource_index/packages/robocup
/home/pi/work/maze_bot/programming/mbot_ws/install/robocup/share/robocup/package.xml
/home/pi/work/maze_bot/programming/mbot_ws/install/robocup/share/robocup/robocup.launch.py
/home/pi/work/maze_bot/programming/mbot_ws/install/robocup/lib/python3.10/site-packages/robocup-0.0.0-py3.10.egg-info/entry_points.txt
/home/pi/work/maze_bot/programming/mbot_ws/install/robocup/lib/python3.10/site-packages/robocup-0.0.0-py3.10.egg-info/requires.txt
/home/pi/work/maze_bot/programming/mbot_ws/install/robocup/lib/python3.10/site-packages/robocup-0.0.0-py3.10.egg-info/PKG-INFO
/home/pi/work/maze_bot/programming/mbot_ws/install/robocup/lib/python3.10/site-packages/robocup-0.0.0-py3.10.egg-info/top_level.txt
/home/pi/work/maze_bot/programming/mbot_ws/install/robocup/lib/python3.10/site-packages/robocup-0.0.0-py3.10.egg-info/zip-safe
/home/pi/work/maze_bot/programming/mbot_ws/install/robocup/lib/python3.10/site-packages/robocup-0.0.0-py3.10.egg-info/SOURCES.txt
/home/pi/work/maze_bot/programming/mbot_ws/install/robocup/lib/python3.10/site-packages/robocup-0.0.0-py3.10.egg-info/dependency_links.txt
/home/pi/work/maze_bot/programming/mbot_ws/install/robocup/lib/robocup/remote
/home/pi/work/maze_bot/programming/mbot_ws/install/robocup/lib/robocup/serial
/home/pi/work/maze_bot/programming/mbot_ws/install/robocup/lib/robocup/wall_det
