[0.542s] Invoking command in '/home/kurzmann/mbot_ws/build/publisher': PYTHONPATH=/home/kurzmann/mbot_ws/build/publisher/prefix_override:/home/kurzmann/mbot_ws/install/publisher/lib/python3.10/site-packages:${PYTHONPATH} /usr/bin/python3 setup.py develop --uninstall --editable --build-directory /home/kurzmann/mbot_ws/build/publisher/build
[0.701s] running develop
[0.701s] /usr/lib/python3/dist-packages/setuptools/command/easy_install.py:158: EasyInstallDeprecationWarning: easy_install command is deprecated. Use build and pip and other standards-based tools.
[0.701s]   warnings.warn(
[0.702s] /usr/lib/python3/dist-packages/setuptools/command/install.py:34: SetuptoolsDeprecationWarning: setup.py install is deprecated. Use build and pip and other standards-based tools.
[0.702s]   warnings.warn(
[0.742s] /usr/lib/python3/dist-packages/pkg_resources/__init__.py:116: PkgResourcesDeprecationWarning: 1.16.0-unknown is an invalid version and will not be supported in a future release
[0.742s]   warnings.warn(
[0.742s] /usr/lib/python3/dist-packages/pkg_resources/__init__.py:116: PkgResourcesDeprecationWarning: 1.1build1 is an invalid version and will not be supported in a future release
[0.742s]   warnings.warn(
[0.742s] /usr/lib/python3/dist-packages/pkg_resources/__init__.py:116: PkgResourcesDeprecationWarning: 0.1.43ubuntu1 is an invalid version and will not be supported in a future release
[0.742s]   warnings.warn(
[0.803s] Removing /home/kurzmann/mbot_ws/install/publisher/lib/python3.10/site-packages/publisher.egg-link (link to .)
[0.822s] Invoked command in '/home/kurzmann/mbot_ws/build/publisher' returned '0': PYTHONPATH=/home/kurzmann/mbot_ws/build/publisher/prefix_override:/home/kurzmann/mbot_ws/install/publisher/lib/python3.10/site-packages:${PYTHONPATH} /usr/bin/python3 setup.py develop --uninstall --editable --build-directory /home/kurzmann/mbot_ws/build/publisher/build
[0.824s] Invoking command in '/home/kurzmann/mbot_ws/src/publisher': PYTHONPATH=/home/kurzmann/mbot_ws/build/publisher/prefix_override:/home/kurzmann/mbot_ws/install/publisher/lib/python3.10/site-packages:${PYTHONPATH} /usr/bin/python3 setup.py egg_info --egg-base ../../build/publisher build --build-base /home/kurzmann/mbot_ws/build/publisher/build install --record /home/kurzmann/mbot_ws/build/publisher/install.log --single-version-externally-managed
[0.972s] running egg_info
[0.972s] writing ../../build/publisher/publisher.egg-info/PKG-INFO
[0.972s] writing dependency_links to ../../build/publisher/publisher.egg-info/dependency_links.txt
[0.972s] writing entry points to ../../build/publisher/publisher.egg-info/entry_points.txt
[0.973s] writing requirements to ../../build/publisher/publisher.egg-info/requires.txt
[0.973s] writing top-level names to ../../build/publisher/publisher.egg-info/top_level.txt
[0.974s] reading manifest file '../../build/publisher/publisher.egg-info/SOURCES.txt'
[0.974s] writing manifest file '../../build/publisher/publisher.egg-info/SOURCES.txt'
[0.974s] running build
[0.974s] running build_py
[0.974s] copying publisher/rc_sensor_pub.py -> /home/kurzmann/mbot_ws/build/publisher/build/lib/publisher
[0.975s] running install
[0.975s] /usr/lib/python3/dist-packages/setuptools/command/install.py:34: SetuptoolsDeprecationWarning: setup.py install is deprecated. Use build and pip and other standards-based tools.
[0.975s]   warnings.warn(
[0.975s] running install_lib
[0.976s] creating /home/kurzmann/mbot_ws/install/publisher/lib/python3.10/site-packages/publisher
[0.976s] copying /home/kurzmann/mbot_ws/build/publisher/build/lib/publisher/__init__.py -> /home/kurzmann/mbot_ws/install/publisher/lib/python3.10/site-packages/publisher
[0.976s] copying /home/kurzmann/mbot_ws/build/publisher/build/lib/publisher/rc_sensor_pub.py -> /home/kurzmann/mbot_ws/install/publisher/lib/python3.10/site-packages/publisher
[0.976s] copying /home/kurzmann/mbot_ws/build/publisher/build/lib/publisher/openmv_cam_pub.py -> /home/kurzmann/mbot_ws/install/publisher/lib/python3.10/site-packages/publisher
[0.976s] byte-compiling /home/kurzmann/mbot_ws/install/publisher/lib/python3.10/site-packages/publisher/__init__.py to __init__.cpython-310.pyc
[0.976s] byte-compiling /home/kurzmann/mbot_ws/install/publisher/lib/python3.10/site-packages/publisher/rc_sensor_pub.py to rc_sensor_pub.cpython-310.pyc
[0.976s] byte-compiling /home/kurzmann/mbot_ws/install/publisher/lib/python3.10/site-packages/publisher/openmv_cam_pub.py to openmv_cam_pub.cpython-310.pyc
[0.977s] running install_data
[0.977s] running install_egg_info
[0.979s] Copying ../../build/publisher/publisher.egg-info to /home/kurzmann/mbot_ws/install/publisher/lib/python3.10/site-packages/publisher-0.0.0-py3.10.egg-info
[0.979s] running install_scripts
[0.993s] Installing openMV script to /home/kurzmann/mbot_ws/install/publisher/lib/publisher
[0.993s] Installing rc_sensor script to /home/kurzmann/mbot_ws/install/publisher/lib/publisher
[0.993s] writing list of installed files to '/home/kurzmann/mbot_ws/build/publisher/install.log'
[1.010s] Invoked command in '/home/kurzmann/mbot_ws/src/publisher' returned '0': PYTHONPATH=/home/kurzmann/mbot_ws/build/publisher/prefix_override:/home/kurzmann/mbot_ws/install/publisher/lib/python3.10/site-packages:${PYTHONPATH} /usr/bin/python3 setup.py egg_info --egg-base ../../build/publisher build --build-base /home/kurzmann/mbot_ws/build/publisher/build install --record /home/kurzmann/mbot_ws/build/publisher/install.log --single-version-externally-managed
