-- The C compiler identification is GNU 11.3.0
-- The CXX compiler identification is GNU 11.3.0
-- Detecting C compiler ABI info
-- Detecting C compiler ABI info - done
-- Check for working C compiler: /usr/bin/cc - skipped
-- Detecting C compile features
-- Detecting C compile features - done
-- Detecting CXX compiler ABI info
-- Detecting CXX compiler ABI info - done
-- Check for working CXX compiler: /usr/bin/c++ - skipped
-- Detecting CXX compile features
-- Detecting CXX compile features - done
-- Found ament_cmake: 1.3.3 (/opt/ros/humble/share/ament_cmake/cmake)
-- Found Python3: /usr/bin/python3.10 (found version "3.10.6") found components: Interpreter 
-- Found rclcpp: 16.0.3 (/opt/ros/humble/share/rclcpp/cmake)
-- Found rosidl_generator_c: 3.1.4 (/opt/ros/humble/share/rosidl_generator_c/cmake)
-- Found rosidl_adapter: 3.1.4 (/opt/ros/humble/share/rosidl_adapter/cmake)
-- Found rosidl_generator_cpp: 3.1.4 (/opt/ros/humble/share/rosidl_generator_cpp/cmake)
-- Using all available rosidl_typesupport_c: rosidl_typesupport_fastrtps_c;rosidl_typesupport_introspection_c
-- Using all available rosidl_typesupport_cpp: rosidl_typesupport_fastrtps_cpp;rosidl_typesupport_introspection_cpp
-- Found rmw_implementation_cmake: 6.1.1 (/opt/ros/humble/share/rmw_implementation_cmake/cmake)
-- Found rmw_fastrtps_cpp: 6.2.2 (/opt/ros/humble/share/rmw_fastrtps_cpp/cmake)
-- Found OpenSSL: /usr/lib/aarch64-linux-gnu/libcrypto.so (found version "3.0.2")  
-- Found FastRTPS: /opt/ros/humble/include  
-- Using RMW implementation 'rmw_fastrtps_cpp' as default
-- Looking for pthread.h
-- Looking for pthread.h - found
-- Performing Test CMAKE_HAVE_LIBC_PTHREAD
-- Performing Test CMAKE_HAVE_LIBC_PTHREAD - Success
-- Found Threads: TRUE  
-- Found sensor_msgs: 4.2.3 (/opt/ros/humble/share/sensor_msgs/cmake)
-- Found Boost: /usr/lib/aarch64-linux-gnu/cmake/Boost-1.74.0/BoostConfig.cmake (found version "1.74.0") found components: system 
-- Configuring done
-- Generating done
-- Build files have been written to: /home/pi/work/maze_bot/programming/mbot_ws/build/hls_lfcd_lds_driver
[ 50%] [32mBuilding CXX object CMakeFiles/hlds_laser_publisher.dir/src/hlds_laser_publisher.cpp.o[0m
[100%] [32m[1mLinking CXX executable hlds_laser_publisher[0m
[100%] Built target hlds_laser_publisher
-- Install configuration: ""
-- Installing: /home/pi/work/maze_bot/programming/mbot_ws/install/hls_lfcd_lds_driver/share/hls_lfcd_lds_driver/launch
-- Installing: /home/pi/work/maze_bot/programming/mbot_ws/install/hls_lfcd_lds_driver/share/hls_lfcd_lds_driver/launch/view_hlds_laser.launch.py
-- Installing: /home/pi/work/maze_bot/programming/mbot_ws/install/hls_lfcd_lds_driver/share/hls_lfcd_lds_driver/launch/hlds_laser.launch.py
-- Installing: /home/pi/work/maze_bot/programming/mbot_ws/install/hls_lfcd_lds_driver/share/hls_lfcd_lds_driver/rviz
-- Installing: /home/pi/work/maze_bot/programming/mbot_ws/install/hls_lfcd_lds_driver/share/hls_lfcd_lds_driver/rviz/hlds_laser.rviz
-- Installing: /home/pi/work/maze_bot/programming/mbot_ws/install/hls_lfcd_lds_driver/lib/hls_lfcd_lds_driver/hlds_laser_publisher
-- Set runtime path of "/home/pi/work/maze_bot/programming/mbot_ws/install/hls_lfcd_lds_driver/lib/hls_lfcd_lds_driver/hlds_laser_publisher" to ""
-- Installing: /home/pi/work/maze_bot/programming/mbot_ws/install/hls_lfcd_lds_driver/share/ament_index/resource_index/package_run_dependencies/hls_lfcd_lds_driver
-- Installing: /home/pi/work/maze_bot/programming/mbot_ws/install/hls_lfcd_lds_driver/share/ament_index/resource_index/parent_prefix_path/hls_lfcd_lds_driver
-- Installing: /home/pi/work/maze_bot/programming/mbot_ws/install/hls_lfcd_lds_driver/share/hls_lfcd_lds_driver/environment/ament_prefix_path.sh
-- Installing: /home/pi/work/maze_bot/programming/mbot_ws/install/hls_lfcd_lds_driver/share/hls_lfcd_lds_driver/environment/ament_prefix_path.dsv
-- Installing: /home/pi/work/maze_bot/programming/mbot_ws/install/hls_lfcd_lds_driver/share/hls_lfcd_lds_driver/environment/path.sh
-- Installing: /home/pi/work/maze_bot/programming/mbot_ws/install/hls_lfcd_lds_driver/share/hls_lfcd_lds_driver/environment/path.dsv
-- Installing: /home/pi/work/maze_bot/programming/mbot_ws/install/hls_lfcd_lds_driver/share/hls_lfcd_lds_driver/local_setup.bash
-- Installing: /home/pi/work/maze_bot/programming/mbot_ws/install/hls_lfcd_lds_driver/share/hls_lfcd_lds_driver/local_setup.sh
-- Installing: /home/pi/work/maze_bot/programming/mbot_ws/install/hls_lfcd_lds_driver/share/hls_lfcd_lds_driver/local_setup.zsh
-- Installing: /home/pi/work/maze_bot/programming/mbot_ws/install/hls_lfcd_lds_driver/share/hls_lfcd_lds_driver/local_setup.dsv
-- Installing: /home/pi/work/maze_bot/programming/mbot_ws/install/hls_lfcd_lds_driver/share/hls_lfcd_lds_driver/package.dsv
-- Installing: /home/pi/work/maze_bot/programming/mbot_ws/install/hls_lfcd_lds_driver/share/ament_index/resource_index/packages/hls_lfcd_lds_driver
-- Installing: /home/pi/work/maze_bot/programming/mbot_ws/install/hls_lfcd_lds_driver/share/hls_lfcd_lds_driver/cmake/ament_cmake_export_dependencies-extras.cmake
-- Installing: /home/pi/work/maze_bot/programming/mbot_ws/install/hls_lfcd_lds_driver/share/hls_lfcd_lds_driver/cmake/ament_cmake_export_include_directories-extras.cmake
-- Installing: /home/pi/work/maze_bot/programming/mbot_ws/install/hls_lfcd_lds_driver/share/hls_lfcd_lds_driver/cmake/hls_lfcd_lds_driverConfig.cmake
-- Installing: /home/pi/work/maze_bot/programming/mbot_ws/install/hls_lfcd_lds_driver/share/hls_lfcd_lds_driver/cmake/hls_lfcd_lds_driverConfig-version.cmake
-- Installing: /home/pi/work/maze_bot/programming/mbot_ws/install/hls_lfcd_lds_driver/share/hls_lfcd_lds_driver/package.xml
