[0.533s] Invoking command in '/home/kurzmann/mbot_ws/src/mazebot_v1': PYTHONPATH=/home/kurzmann/mbot_ws/build/mazebot_v1/prefix_override:/home/kurzmann/mbot_ws/install/mazebot_v1/lib/python3.10/site-packages:${PYTHONPATH} /usr/bin/python3 setup.py egg_info --egg-base ../../build/mazebot_v1 build --build-base /home/kurzmann/mbot_ws/build/mazebot_v1/build install --record /home/kurzmann/mbot_ws/build/mazebot_v1/install.log --single-version-externally-managed
[0.671s] running egg_info
[0.672s] writing ../../build/mazebot_v1/mazebot_v1.egg-info/PKG-INFO
[0.672s] writing dependency_links to ../../build/mazebot_v1/mazebot_v1.egg-info/dependency_links.txt
[0.672s] writing entry points to ../../build/mazebot_v1/mazebot_v1.egg-info/entry_points.txt
[0.672s] writing requirements to ../../build/mazebot_v1/mazebot_v1.egg-info/requires.txt
[0.672s] writing top-level names to ../../build/mazebot_v1/mazebot_v1.egg-info/top_level.txt
[0.673s] reading manifest file '../../build/mazebot_v1/mazebot_v1.egg-info/SOURCES.txt'
[0.673s] writing manifest file '../../build/mazebot_v1/mazebot_v1.egg-info/SOURCES.txt'
[0.674s] running build
[0.674s] running build_py
[0.674s] running install
[0.674s] /usr/lib/python3/dist-packages/setuptools/command/install.py:34: SetuptoolsDeprecationWarning: setup.py install is deprecated. Use build and pip and other standards-based tools.
[0.674s]   warnings.warn(
[0.674s] running install_lib
[0.675s] running install_data
[0.675s] running install_egg_info
[0.677s] removing '/home/kurzmann/mbot_ws/install/mazebot_v1/lib/python3.10/site-packages/mazebot_v1-0.0.0-py3.10.egg-info' (and everything under it)
[0.677s] Copying ../../build/mazebot_v1/mazebot_v1.egg-info to /home/kurzmann/mbot_ws/install/mazebot_v1/lib/python3.10/site-packages/mazebot_v1-0.0.0-py3.10.egg-info
[0.677s] running install_scripts
[0.690s] Installing master script to /home/kurzmann/mbot_ws/install/mazebot_v1/lib/mazebot_v1
[0.690s] Installing motor_controller script to /home/kurzmann/mbot_ws/install/mazebot_v1/lib/mazebot_v1
[0.690s] writing list of installed files to '/home/kurzmann/mbot_ws/build/mazebot_v1/install.log'
[0.714s] Invoked command in '/home/kurzmann/mbot_ws/src/mazebot_v1' returned '0': PYTHONPATH=/home/kurzmann/mbot_ws/build/mazebot_v1/prefix_override:/home/kurzmann/mbot_ws/install/mazebot_v1/lib/python3.10/site-packages:${PYTHONPATH} /usr/bin/python3 setup.py egg_info --egg-base ../../build/mazebot_v1 build --build-base /home/kurzmann/mbot_ws/build/mazebot_v1/build install --record /home/kurzmann/mbot_ws/build/mazebot_v1/install.log --single-version-externally-managed
