[0.139s] Invoking command in '/home/pi/work/maze_bot/programming/mbot_ws/build/mazebot_msgs': CMAKE_PREFIX_PATH=${CMAKE_PREFIX_PATH}:/home/pi/work/maze_bot/programming/mbot_ws/install/robocup:/home/pi/work/maze_bot/programming/mbot_ws/install/publisher:/home/pi/work/maze_bot/programming/mbot_ws/install/my_package:/home/pi/work/maze_bot/programming/mbot_ws/install/mazebot_v1:/home/pi/work/ws_robu/install/turtlebot3_teleop:/home/pi/work/ws_robu/install/turtlebot3_example:/home/pi/work/ws_robu/install/robocup:/opt/ros/humble /usr/bin/cmake --build /home/pi/work/maze_bot/programming/mbot_ws/build/mazebot_msgs -- -j4 -l4
[0.467s] [  2%] Built target mazebot_msgs__cpp
[0.486s] [ 12%] Built target mazebot_msgs__rosidl_generator_c
[0.551s] [ 12%] Built target ament_cmake_python_copy_mazebot_msgs
[0.657s] [ 23%] Built target mazebot_msgs__rosidl_typesupport_fastrtps_cpp
[0.678s] [ 34%] Built target mazebot_msgs__rosidl_typesupport_cpp
[0.751s] [ 44%] Built target mazebot_msgs__rosidl_typesupport_introspection_cpp
[0.759s] [ 55%] Built target mazebot_msgs__rosidl_typesupport_fastrtps_c
[0.862s] [ 65%] Built target mazebot_msgs__rosidl_typesupport_introspection_c
[0.870s] [ 76%] Built target mazebot_msgs__rosidl_typesupport_c
[1.022s] [ 76%] Built target mazebot_msgs
[1.171s] [ 78%] Built target mazebot_msgs__py
[1.323s] [ 87%] Built target mazebot_msgs__rosidl_generator_py
[1.512s] [ 91%] Built target mazebot_msgs__rosidl_typesupport_introspection_c__pyext
[1.538s] [ 95%] Built target mazebot_msgs__rosidl_typesupport_fastrtps_c__pyext
[1.558s] [100%] Built target mazebot_msgs__rosidl_typesupport_c__pyext
[2.528s] running egg_info
[2.534s] writing mazebot_msgs.egg-info/PKG-INFO
[2.535s] writing dependency_links to mazebot_msgs.egg-info/dependency_links.txt
[2.536s] writing top-level names to mazebot_msgs.egg-info/top_level.txt
[2.546s] reading manifest file 'mazebot_msgs.egg-info/SOURCES.txt'
[2.549s] writing manifest file 'mazebot_msgs.egg-info/SOURCES.txt'
[2.707s] [100%] Built target ament_cmake_python_build_mazebot_msgs_egg
[2.768s] Invoked command in '/home/pi/work/maze_bot/programming/mbot_ws/build/mazebot_msgs' returned '0': CMAKE_PREFIX_PATH=${CMAKE_PREFIX_PATH}:/home/pi/work/maze_bot/programming/mbot_ws/install/robocup:/home/pi/work/maze_bot/programming/mbot_ws/install/publisher:/home/pi/work/maze_bot/programming/mbot_ws/install/my_package:/home/pi/work/maze_bot/programming/mbot_ws/install/mazebot_v1:/home/pi/work/ws_robu/install/turtlebot3_teleop:/home/pi/work/ws_robu/install/turtlebot3_example:/home/pi/work/ws_robu/install/robocup:/opt/ros/humble /usr/bin/cmake --build /home/pi/work/maze_bot/programming/mbot_ws/build/mazebot_msgs -- -j4 -l4
[3.620s] Invoking command in '/home/pi/work/maze_bot/programming/mbot_ws/build/mazebot_msgs': CMAKE_PREFIX_PATH=${CMAKE_PREFIX_PATH}:/home/pi/work/maze_bot/programming/mbot_ws/install/robocup:/home/pi/work/maze_bot/programming/mbot_ws/install/publisher:/home/pi/work/maze_bot/programming/mbot_ws/install/my_package:/home/pi/work/maze_bot/programming/mbot_ws/install/mazebot_v1:/home/pi/work/ws_robu/install/turtlebot3_teleop:/home/pi/work/ws_robu/install/turtlebot3_example:/home/pi/work/ws_robu/install/robocup:/opt/ros/humble /usr/bin/cmake --install /home/pi/work/maze_bot/programming/mbot_ws/build/mazebot_msgs
[3.661s] -- Install configuration: ""
[3.662s] -- Up-to-date: /home/pi/work/maze_bot/programming/mbot_ws/install/mazebot_msgs/share/ament_index/resource_index/rosidl_interfaces/mazebot_msgs
[3.662s] -- Up-to-date: /home/pi/work/maze_bot/programming/mbot_ws/install/mazebot_msgs/include/mazebot_msgs/mazebot_msgs
[3.663s] -- Up-to-date: /home/pi/work/maze_bot/programming/mbot_ws/install/mazebot_msgs/include/mazebot_msgs/mazebot_msgs/msg
[3.664s] -- Up-to-date: /home/pi/work/maze_bot/programming/mbot_ws/install/mazebot_msgs/include/mazebot_msgs/mazebot_msgs/msg/mazebot_field_orientation.h
[3.664s] -- Up-to-date: /home/pi/work/maze_bot/programming/mbot_ws/install/mazebot_msgs/include/mazebot_msgs/mazebot_msgs/msg/rosidl_generator_c__visibility_control.h
[3.665s] -- Up-to-date: /home/pi/work/maze_bot/programming/mbot_ws/install/mazebot_msgs/include/mazebot_msgs/mazebot_msgs/msg/mazebot_neighboring_fields_wall_detection.h
[3.666s] -- Up-to-date: /home/pi/work/maze_bot/programming/mbot_ws/install/mazebot_msgs/include/mazebot_msgs/mazebot_msgs/msg/lidar_scan_processed.h
[3.666s] -- Up-to-date: /home/pi/work/maze_bot/programming/mbot_ws/install/mazebot_msgs/include/mazebot_msgs/mazebot_msgs/msg/detail
[3.667s] -- Up-to-date: /home/pi/work/maze_bot/programming/mbot_ws/install/mazebot_msgs/include/mazebot_msgs/mazebot_msgs/msg/detail/mazebot_neighboring_fields_wall_detection__struct.h
[3.668s] -- Up-to-date: /home/pi/work/maze_bot/programming/mbot_ws/install/mazebot_msgs/include/mazebot_msgs/mazebot_msgs/msg/detail/mazebot_field_orientation__functions.c
[3.668s] -- Up-to-date: /home/pi/work/maze_bot/programming/mbot_ws/install/mazebot_msgs/include/mazebot_msgs/mazebot_msgs/msg/detail/mazebot_field_orientation__type_support.h
[3.669s] -- Up-to-date: /home/pi/work/maze_bot/programming/mbot_ws/install/mazebot_msgs/include/mazebot_msgs/mazebot_msgs/msg/detail/mazebot_neighboring_fields_wall_detection__functions.c
[3.670s] -- Up-to-date: /home/pi/work/maze_bot/programming/mbot_ws/install/mazebot_msgs/include/mazebot_msgs/mazebot_msgs/msg/detail/lidar_scan_processed__functions.c
[3.670s] -- Up-to-date: /home/pi/work/maze_bot/programming/mbot_ws/install/mazebot_msgs/include/mazebot_msgs/mazebot_msgs/msg/detail/mazebot_neighboring_fields_wall_detection__functions.h
[3.671s] -- Up-to-date: /home/pi/work/maze_bot/programming/mbot_ws/install/mazebot_msgs/include/mazebot_msgs/mazebot_msgs/msg/detail/mazebot_field_orientation__functions.h
[3.671s] -- Up-to-date: /home/pi/work/maze_bot/programming/mbot_ws/install/mazebot_msgs/include/mazebot_msgs/mazebot_msgs/msg/detail/lidar_scan_processed__functions.h
[3.672s] -- Up-to-date: /home/pi/work/maze_bot/programming/mbot_ws/install/mazebot_msgs/include/mazebot_msgs/mazebot_msgs/msg/detail/mazebot_field_orientation__struct.h
[3.673s] -- Up-to-date: /home/pi/work/maze_bot/programming/mbot_ws/install/mazebot_msgs/include/mazebot_msgs/mazebot_msgs/msg/detail/mazebot_neighboring_fields_wall_detection__type_support.h
[3.674s] -- Up-to-date: /home/pi/work/maze_bot/programming/mbot_ws/install/mazebot_msgs/include/mazebot_msgs/mazebot_msgs/msg/detail/lidar_scan_processed__type_support.h
[3.674s] -- Up-to-date: /home/pi/work/maze_bot/programming/mbot_ws/install/mazebot_msgs/include/mazebot_msgs/mazebot_msgs/msg/detail/lidar_scan_processed__struct.h
[3.675s] -- Up-to-date: /home/pi/work/maze_bot/programming/mbot_ws/install/mazebot_msgs/share/mazebot_msgs/environment/library_path.sh
[3.676s] -- Up-to-date: /home/pi/work/maze_bot/programming/mbot_ws/install/mazebot_msgs/share/mazebot_msgs/environment/library_path.dsv
[3.678s] -- Up-to-date: /home/pi/work/maze_bot/programming/mbot_ws/install/mazebot_msgs/lib/libmazebot_msgs__rosidl_generator_c.so
[3.679s] -- Up-to-date: /home/pi/work/maze_bot/programming/mbot_ws/install/mazebot_msgs/include/mazebot_msgs/mazebot_msgs
[3.680s] -- Up-to-date: /home/pi/work/maze_bot/programming/mbot_ws/install/mazebot_msgs/include/mazebot_msgs/mazebot_msgs/msg
[3.681s] -- Up-to-date: /home/pi/work/maze_bot/programming/mbot_ws/install/mazebot_msgs/include/mazebot_msgs/mazebot_msgs/msg/rosidl_typesupport_fastrtps_c__visibility_control.h
[3.681s] -- Up-to-date: /home/pi/work/maze_bot/programming/mbot_ws/install/mazebot_msgs/include/mazebot_msgs/mazebot_msgs/msg/detail
[3.682s] -- Up-to-date: /home/pi/work/maze_bot/programming/mbot_ws/install/mazebot_msgs/include/mazebot_msgs/mazebot_msgs/msg/detail/mazebot_field_orientation__rosidl_typesupport_fastrtps_c.h
[3.683s] -- Up-to-date: /home/pi/work/maze_bot/programming/mbot_ws/install/mazebot_msgs/include/mazebot_msgs/mazebot_msgs/msg/detail/lidar_scan_processed__rosidl_typesupport_fastrtps_c.h
[3.684s] -- Up-to-date: /home/pi/work/maze_bot/programming/mbot_ws/install/mazebot_msgs/include/mazebot_msgs/mazebot_msgs/msg/detail/mazebot_neighboring_fields_wall_detection__rosidl_typesupport_fastrtps_c.h
[3.685s] -- Up-to-date: /home/pi/work/maze_bot/programming/mbot_ws/install/mazebot_msgs/lib/libmazebot_msgs__rosidl_typesupport_fastrtps_c.so
[3.687s] -- Up-to-date: /home/pi/work/maze_bot/programming/mbot_ws/install/mazebot_msgs/include/mazebot_msgs/mazebot_msgs
[3.688s] -- Up-to-date: /home/pi/work/maze_bot/programming/mbot_ws/install/mazebot_msgs/include/mazebot_msgs/mazebot_msgs/msg
[3.689s] -- Up-to-date: /home/pi/work/maze_bot/programming/mbot_ws/install/mazebot_msgs/include/mazebot_msgs/mazebot_msgs/msg/mazebot_field_orientation.hpp
[3.691s] -- Up-to-date: /home/pi/work/maze_bot/programming/mbot_ws/install/mazebot_msgs/include/mazebot_msgs/mazebot_msgs/msg/detail
[3.691s] -- Up-to-date: /home/pi/work/maze_bot/programming/mbot_ws/install/mazebot_msgs/include/mazebot_msgs/mazebot_msgs/msg/detail/lidar_scan_processed__builder.hpp
[3.692s] -- Up-to-date: /home/pi/work/maze_bot/programming/mbot_ws/install/mazebot_msgs/include/mazebot_msgs/mazebot_msgs/msg/detail/lidar_scan_processed__traits.hpp
[3.693s] -- Up-to-date: /home/pi/work/maze_bot/programming/mbot_ws/install/mazebot_msgs/include/mazebot_msgs/mazebot_msgs/msg/detail/mazebot_neighboring_fields_wall_detection__builder.hpp
[3.693s] -- Up-to-date: /home/pi/work/maze_bot/programming/mbot_ws/install/mazebot_msgs/include/mazebot_msgs/mazebot_msgs/msg/detail/mazebot_field_orientation__builder.hpp
[3.694s] -- Up-to-date: /home/pi/work/maze_bot/programming/mbot_ws/install/mazebot_msgs/include/mazebot_msgs/mazebot_msgs/msg/detail/lidar_scan_processed__struct.hpp
[3.694s] -- Up-to-date: /home/pi/work/maze_bot/programming/mbot_ws/install/mazebot_msgs/include/mazebot_msgs/mazebot_msgs/msg/detail/mazebot_field_orientation__traits.hpp
[3.695s] -- Up-to-date: /home/pi/work/maze_bot/programming/mbot_ws/install/mazebot_msgs/include/mazebot_msgs/mazebot_msgs/msg/detail/mazebot_neighboring_fields_wall_detection__traits.hpp
[3.696s] -- Up-to-date: /home/pi/work/maze_bot/programming/mbot_ws/install/mazebot_msgs/include/mazebot_msgs/mazebot_msgs/msg/detail/mazebot_neighboring_fields_wall_detection__struct.hpp
[3.697s] -- Up-to-date: /home/pi/work/maze_bot/programming/mbot_ws/install/mazebot_msgs/include/mazebot_msgs/mazebot_msgs/msg/detail/mazebot_field_orientation__struct.hpp
[3.697s] -- Up-to-date: /home/pi/work/maze_bot/programming/mbot_ws/install/mazebot_msgs/include/mazebot_msgs/mazebot_msgs/msg/lidar_scan_processed.hpp
[3.698s] -- Up-to-date: /home/pi/work/maze_bot/programming/mbot_ws/install/mazebot_msgs/include/mazebot_msgs/mazebot_msgs/msg/mazebot_neighboring_fields_wall_detection.hpp
[3.698s] -- Up-to-date: /home/pi/work/maze_bot/programming/mbot_ws/install/mazebot_msgs/include/mazebot_msgs/mazebot_msgs
[3.699s] -- Up-to-date: /home/pi/work/maze_bot/programming/mbot_ws/install/mazebot_msgs/include/mazebot_msgs/mazebot_msgs/msg
[3.700s] -- Up-to-date: /home/pi/work/maze_bot/programming/mbot_ws/install/mazebot_msgs/include/mazebot_msgs/mazebot_msgs/msg/rosidl_typesupport_fastrtps_cpp__visibility_control.h
[3.700s] -- Up-to-date: /home/pi/work/maze_bot/programming/mbot_ws/install/mazebot_msgs/include/mazebot_msgs/mazebot_msgs/msg/detail
[3.701s] -- Up-to-date: /home/pi/work/maze_bot/programming/mbot_ws/install/mazebot_msgs/include/mazebot_msgs/mazebot_msgs/msg/detail/mazebot_neighboring_fields_wall_detection__rosidl_typesupport_fastrtps_cpp.hpp
[3.701s] -- Up-to-date: /home/pi/work/maze_bot/programming/mbot_ws/install/mazebot_msgs/include/mazebot_msgs/mazebot_msgs/msg/detail/lidar_scan_processed__rosidl_typesupport_fastrtps_cpp.hpp
[3.702s] -- Up-to-date: /home/pi/work/maze_bot/programming/mbot_ws/install/mazebot_msgs/include/mazebot_msgs/mazebot_msgs/msg/detail/mazebot_field_orientation__rosidl_typesupport_fastrtps_cpp.hpp
[3.703s] -- Up-to-date: /home/pi/work/maze_bot/programming/mbot_ws/install/mazebot_msgs/include/mazebot_msgs/mazebot_msgs/msg/detail/dds_fastrtps
[3.705s] -- Up-to-date: /home/pi/work/maze_bot/programming/mbot_ws/install/mazebot_msgs/lib/libmazebot_msgs__rosidl_typesupport_fastrtps_cpp.so
[3.706s] -- Up-to-date: /home/pi/work/maze_bot/programming/mbot_ws/install/mazebot_msgs/include/mazebot_msgs/mazebot_msgs
[3.707s] -- Up-to-date: /home/pi/work/maze_bot/programming/mbot_ws/install/mazebot_msgs/include/mazebot_msgs/mazebot_msgs/msg
[3.708s] -- Up-to-date: /home/pi/work/maze_bot/programming/mbot_ws/install/mazebot_msgs/include/mazebot_msgs/mazebot_msgs/msg/rosidl_typesupport_introspection_c__visibility_control.h
[3.708s] -- Up-to-date: /home/pi/work/maze_bot/programming/mbot_ws/install/mazebot_msgs/include/mazebot_msgs/mazebot_msgs/msg/detail
[3.709s] -- Up-to-date: /home/pi/work/maze_bot/programming/mbot_ws/install/mazebot_msgs/include/mazebot_msgs/mazebot_msgs/msg/detail/mazebot_field_orientation__rosidl_typesupport_introspection_c.h
[3.710s] -- Up-to-date: /home/pi/work/maze_bot/programming/mbot_ws/install/mazebot_msgs/include/mazebot_msgs/mazebot_msgs/msg/detail/mazebot_field_orientation__type_support.c
[3.711s] -- Up-to-date: /home/pi/work/maze_bot/programming/mbot_ws/install/mazebot_msgs/include/mazebot_msgs/mazebot_msgs/msg/detail/mazebot_neighboring_fields_wall_detection__rosidl_typesupport_introspection_c.h
[3.711s] -- Up-to-date: /home/pi/work/maze_bot/programming/mbot_ws/install/mazebot_msgs/include/mazebot_msgs/mazebot_msgs/msg/detail/lidar_scan_processed__rosidl_typesupport_introspection_c.h
[3.712s] -- Up-to-date: /home/pi/work/maze_bot/programming/mbot_ws/install/mazebot_msgs/include/mazebot_msgs/mazebot_msgs/msg/detail/lidar_scan_processed__type_support.c
[3.713s] -- Up-to-date: /home/pi/work/maze_bot/programming/mbot_ws/install/mazebot_msgs/include/mazebot_msgs/mazebot_msgs/msg/detail/mazebot_neighboring_fields_wall_detection__type_support.c
[3.714s] -- Up-to-date: /home/pi/work/maze_bot/programming/mbot_ws/install/mazebot_msgs/lib/libmazebot_msgs__rosidl_typesupport_introspection_c.so
[3.717s] -- Up-to-date: /home/pi/work/maze_bot/programming/mbot_ws/install/mazebot_msgs/lib/libmazebot_msgs__rosidl_typesupport_c.so
[3.719s] -- Up-to-date: /home/pi/work/maze_bot/programming/mbot_ws/install/mazebot_msgs/include/mazebot_msgs/mazebot_msgs
[3.720s] -- Up-to-date: /home/pi/work/maze_bot/programming/mbot_ws/install/mazebot_msgs/include/mazebot_msgs/mazebot_msgs/msg
[3.720s] -- Up-to-date: /home/pi/work/maze_bot/programming/mbot_ws/install/mazebot_msgs/include/mazebot_msgs/mazebot_msgs/msg/detail
[3.721s] -- Up-to-date: /home/pi/work/maze_bot/programming/mbot_ws/install/mazebot_msgs/include/mazebot_msgs/mazebot_msgs/msg/detail/mazebot_neighboring_fields_wall_detection__rosidl_typesupport_introspection_cpp.hpp
[3.722s] -- Up-to-date: /home/pi/work/maze_bot/programming/mbot_ws/install/mazebot_msgs/include/mazebot_msgs/mazebot_msgs/msg/detail/mazebot_neighboring_fields_wall_detection__type_support.cpp
[3.723s] -- Up-to-date: /home/pi/work/maze_bot/programming/mbot_ws/install/mazebot_msgs/include/mazebot_msgs/mazebot_msgs/msg/detail/mazebot_field_orientation__type_support.cpp
[3.723s] -- Up-to-date: /home/pi/work/maze_bot/programming/mbot_ws/install/mazebot_msgs/include/mazebot_msgs/mazebot_msgs/msg/detail/lidar_scan_processed__type_support.cpp
[3.724s] -- Up-to-date: /home/pi/work/maze_bot/programming/mbot_ws/install/mazebot_msgs/include/mazebot_msgs/mazebot_msgs/msg/detail/mazebot_field_orientation__rosidl_typesupport_introspection_cpp.hpp
[3.724s] -- Up-to-date: /home/pi/work/maze_bot/programming/mbot_ws/install/mazebot_msgs/include/mazebot_msgs/mazebot_msgs/msg/detail/lidar_scan_processed__rosidl_typesupport_introspection_cpp.hpp
[3.726s] -- Up-to-date: /home/pi/work/maze_bot/programming/mbot_ws/install/mazebot_msgs/lib/libmazebot_msgs__rosidl_typesupport_introspection_cpp.so
[3.729s] -- Up-to-date: /home/pi/work/maze_bot/programming/mbot_ws/install/mazebot_msgs/lib/libmazebot_msgs__rosidl_typesupport_cpp.so
[3.731s] -- Up-to-date: /home/pi/work/maze_bot/programming/mbot_ws/install/mazebot_msgs/share/mazebot_msgs/environment/pythonpath.sh
[3.731s] -- Up-to-date: /home/pi/work/maze_bot/programming/mbot_ws/install/mazebot_msgs/share/mazebot_msgs/environment/pythonpath.dsv
[3.732s] -- Up-to-date: /home/pi/work/maze_bot/programming/mbot_ws/install/mazebot_msgs/local/lib/python3.10/dist-packages/mazebot_msgs-1.0.0-py3.10.egg-info
[3.733s] -- Installing: /home/pi/work/maze_bot/programming/mbot_ws/install/mazebot_msgs/local/lib/python3.10/dist-packages/mazebot_msgs-1.0.0-py3.10.egg-info/PKG-INFO
[3.735s] -- Installing: /home/pi/work/maze_bot/programming/mbot_ws/install/mazebot_msgs/local/lib/python3.10/dist-packages/mazebot_msgs-1.0.0-py3.10.egg-info/top_level.txt
[3.736s] -- Installing: /home/pi/work/maze_bot/programming/mbot_ws/install/mazebot_msgs/local/lib/python3.10/dist-packages/mazebot_msgs-1.0.0-py3.10.egg-info/SOURCES.txt
[3.738s] -- Installing: /home/pi/work/maze_bot/programming/mbot_ws/install/mazebot_msgs/local/lib/python3.10/dist-packages/mazebot_msgs-1.0.0-py3.10.egg-info/dependency_links.txt
[3.741s] -- Up-to-date: /home/pi/work/maze_bot/programming/mbot_ws/install/mazebot_msgs/local/lib/python3.10/dist-packages/mazebot_msgs
[3.742s] -- Up-to-date: /home/pi/work/maze_bot/programming/mbot_ws/install/mazebot_msgs/local/lib/python3.10/dist-packages/mazebot_msgs/_mazebot_msgs_s.ep.rosidl_typesupport_introspection_c.c
[3.744s] -- Up-to-date: /home/pi/work/maze_bot/programming/mbot_ws/install/mazebot_msgs/local/lib/python3.10/dist-packages/mazebot_msgs/mazebot_msgs_s__rosidl_typesupport_fastrtps_c.cpython-310-aarch64-linux-gnu.so
[3.745s] -- Up-to-date: /home/pi/work/maze_bot/programming/mbot_ws/install/mazebot_msgs/local/lib/python3.10/dist-packages/mazebot_msgs/msg
[3.746s] -- Up-to-date: /home/pi/work/maze_bot/programming/mbot_ws/install/mazebot_msgs/local/lib/python3.10/dist-packages/mazebot_msgs/msg/_mazebot_neighboring_fields_wall_detection.py
[3.747s] -- Up-to-date: /home/pi/work/maze_bot/programming/mbot_ws/install/mazebot_msgs/local/lib/python3.10/dist-packages/mazebot_msgs/msg/_mazebot_field_orientation_s.c
[3.748s] -- Up-to-date: /home/pi/work/maze_bot/programming/mbot_ws/install/mazebot_msgs/local/lib/python3.10/dist-packages/mazebot_msgs/msg/__init__.py
[3.749s] -- Up-to-date: /home/pi/work/maze_bot/programming/mbot_ws/install/mazebot_msgs/local/lib/python3.10/dist-packages/mazebot_msgs/msg/_lidar_scan_processed_s.c
[3.750s] -- Up-to-date: /home/pi/work/maze_bot/programming/mbot_ws/install/mazebot_msgs/local/lib/python3.10/dist-packages/mazebot_msgs/msg/_mazebot_neighboring_fields_wall_detection_s.c
[3.750s] -- Up-to-date: /home/pi/work/maze_bot/programming/mbot_ws/install/mazebot_msgs/local/lib/python3.10/dist-packages/mazebot_msgs/msg/_mazebot_field_orientation.py
[3.751s] -- Up-to-date: /home/pi/work/maze_bot/programming/mbot_ws/install/mazebot_msgs/local/lib/python3.10/dist-packages/mazebot_msgs/msg/_lidar_scan_processed.py
[3.752s] -- Up-to-date: /home/pi/work/maze_bot/programming/mbot_ws/install/mazebot_msgs/local/lib/python3.10/dist-packages/mazebot_msgs/_mazebot_msgs_s.ep.rosidl_typesupport_fastrtps_c.c
[3.752s] -- Up-to-date: /home/pi/work/maze_bot/programming/mbot_ws/install/mazebot_msgs/local/lib/python3.10/dist-packages/mazebot_msgs/__init__.py
[3.753s] -- Up-to-date: /home/pi/work/maze_bot/programming/mbot_ws/install/mazebot_msgs/local/lib/python3.10/dist-packages/mazebot_msgs/mazebot_msgs_s__rosidl_typesupport_c.cpython-310-aarch64-linux-gnu.so
[3.753s] -- Up-to-date: /home/pi/work/maze_bot/programming/mbot_ws/install/mazebot_msgs/local/lib/python3.10/dist-packages/mazebot_msgs/libmazebot_msgs__rosidl_generator_py.so
[3.754s] -- Up-to-date: /home/pi/work/maze_bot/programming/mbot_ws/install/mazebot_msgs/local/lib/python3.10/dist-packages/mazebot_msgs/_mazebot_msgs_s.ep.rosidl_typesupport_c.c
[3.754s] -- Up-to-date: /home/pi/work/maze_bot/programming/mbot_ws/install/mazebot_msgs/local/lib/python3.10/dist-packages/mazebot_msgs/mazebot_msgs_s__rosidl_typesupport_introspection_c.cpython-310-aarch64-linux-gnu.so
[3.955s] Listing '/home/pi/work/maze_bot/programming/mbot_ws/install/mazebot_msgs/local/lib/python3.10/dist-packages/mazebot_msgs'...
[3.957s] Listing '/home/pi/work/maze_bot/programming/mbot_ws/install/mazebot_msgs/local/lib/python3.10/dist-packages/mazebot_msgs/msg'...
[3.986s] -- Up-to-date: /home/pi/work/maze_bot/programming/mbot_ws/install/mazebot_msgs/local/lib/python3.10/dist-packages/mazebot_msgs/mazebot_msgs_s__rosidl_typesupport_fastrtps_c.cpython-310-aarch64-linux-gnu.so
[3.989s] -- Up-to-date: /home/pi/work/maze_bot/programming/mbot_ws/install/mazebot_msgs/local/lib/python3.10/dist-packages/mazebot_msgs/mazebot_msgs_s__rosidl_typesupport_introspection_c.cpython-310-aarch64-linux-gnu.so
[3.997s] -- Up-to-date: /home/pi/work/maze_bot/programming/mbot_ws/install/mazebot_msgs/local/lib/python3.10/dist-packages/mazebot_msgs/mazebot_msgs_s__rosidl_typesupport_c.cpython-310-aarch64-linux-gnu.so
[3.998s] -- Up-to-date: /home/pi/work/maze_bot/programming/mbot_ws/install/mazebot_msgs/lib/libmazebot_msgs__rosidl_generator_py.so
[4.002s] -- Up-to-date: /home/pi/work/maze_bot/programming/mbot_ws/install/mazebot_msgs/share/mazebot_msgs/msg/LidarScanProcessed.idl
[4.003s] -- Up-to-date: /home/pi/work/maze_bot/programming/mbot_ws/install/mazebot_msgs/share/mazebot_msgs/msg/MazebotFieldOrientation.idl
[4.003s] -- Up-to-date: /home/pi/work/maze_bot/programming/mbot_ws/install/mazebot_msgs/share/mazebot_msgs/msg/MazebotNeighboringFieldsWallDetection.idl
[4.004s] -- Up-to-date: /home/pi/work/maze_bot/programming/mbot_ws/install/mazebot_msgs/share/mazebot_msgs/msg/LidarScanProcessed.msg
[4.012s] -- Up-to-date: /home/pi/work/maze_bot/programming/mbot_ws/install/mazebot_msgs/share/mazebot_msgs/msg/MazebotFieldOrientation.msg
[4.013s] -- Up-to-date: /home/pi/work/maze_bot/programming/mbot_ws/install/mazebot_msgs/share/mazebot_msgs/msg/MazebotNeighboringFieldsWallDetection.msg
[4.016s] -- Up-to-date: /home/pi/work/maze_bot/programming/mbot_ws/install/mazebot_msgs/share/ament_index/resource_index/package_run_dependencies/mazebot_msgs
[4.017s] -- Up-to-date: /home/pi/work/maze_bot/programming/mbot_ws/install/mazebot_msgs/share/ament_index/resource_index/parent_prefix_path/mazebot_msgs
[4.018s] -- Up-to-date: /home/pi/work/maze_bot/programming/mbot_ws/install/mazebot_msgs/share/mazebot_msgs/environment/ament_prefix_path.sh
[4.019s] -- Up-to-date: /home/pi/work/maze_bot/programming/mbot_ws/install/mazebot_msgs/share/mazebot_msgs/environment/ament_prefix_path.dsv
[4.019s] -- Up-to-date: /home/pi/work/maze_bot/programming/mbot_ws/install/mazebot_msgs/share/mazebot_msgs/environment/path.sh
[4.020s] -- Up-to-date: /home/pi/work/maze_bot/programming/mbot_ws/install/mazebot_msgs/share/mazebot_msgs/environment/path.dsv
[4.021s] -- Up-to-date: /home/pi/work/maze_bot/programming/mbot_ws/install/mazebot_msgs/share/mazebot_msgs/local_setup.bash
[4.021s] -- Up-to-date: /home/pi/work/maze_bot/programming/mbot_ws/install/mazebot_msgs/share/mazebot_msgs/local_setup.sh
[4.022s] -- Up-to-date: /home/pi/work/maze_bot/programming/mbot_ws/install/mazebot_msgs/share/mazebot_msgs/local_setup.zsh
[4.022s] -- Up-to-date: /home/pi/work/maze_bot/programming/mbot_ws/install/mazebot_msgs/share/mazebot_msgs/local_setup.dsv
[4.023s] -- Installing: /home/pi/work/maze_bot/programming/mbot_ws/install/mazebot_msgs/share/mazebot_msgs/package.dsv
[4.024s] -- Up-to-date: /home/pi/work/maze_bot/programming/mbot_ws/install/mazebot_msgs/share/ament_index/resource_index/packages/mazebot_msgs
[4.040s] -- Up-to-date: /home/pi/work/maze_bot/programming/mbot_ws/install/mazebot_msgs/share/mazebot_msgs/cmake/export_mazebot_msgs__rosidl_generator_cExport.cmake
[4.044s] -- Up-to-date: /home/pi/work/maze_bot/programming/mbot_ws/install/mazebot_msgs/share/mazebot_msgs/cmake/export_mazebot_msgs__rosidl_generator_cExport-noconfig.cmake
[4.045s] -- Up-to-date: /home/pi/work/maze_bot/programming/mbot_ws/install/mazebot_msgs/share/mazebot_msgs/cmake/export_mazebot_msgs__rosidl_typesupport_fastrtps_cExport.cmake
[4.046s] -- Up-to-date: /home/pi/work/maze_bot/programming/mbot_ws/install/mazebot_msgs/share/mazebot_msgs/cmake/export_mazebot_msgs__rosidl_typesupport_fastrtps_cExport-noconfig.cmake
[4.047s] -- Up-to-date: /home/pi/work/maze_bot/programming/mbot_ws/install/mazebot_msgs/share/mazebot_msgs/cmake/export_mazebot_msgs__rosidl_generator_cppExport.cmake
[4.047s] -- Up-to-date: /home/pi/work/maze_bot/programming/mbot_ws/install/mazebot_msgs/share/mazebot_msgs/cmake/export_mazebot_msgs__rosidl_typesupport_fastrtps_cppExport.cmake
[4.053s] -- Up-to-date: /home/pi/work/maze_bot/programming/mbot_ws/install/mazebot_msgs/share/mazebot_msgs/cmake/export_mazebot_msgs__rosidl_typesupport_fastrtps_cppExport-noconfig.cmake
[4.053s] -- Up-to-date: /home/pi/work/maze_bot/programming/mbot_ws/install/mazebot_msgs/share/mazebot_msgs/cmake/mazebot_msgs__rosidl_typesupport_introspection_cExport.cmake
[4.054s] -- Up-to-date: /home/pi/work/maze_bot/programming/mbot_ws/install/mazebot_msgs/share/mazebot_msgs/cmake/mazebot_msgs__rosidl_typesupport_introspection_cExport-noconfig.cmake
[4.054s] -- Up-to-date: /home/pi/work/maze_bot/programming/mbot_ws/install/mazebot_msgs/share/mazebot_msgs/cmake/mazebot_msgs__rosidl_typesupport_cExport.cmake
[4.055s] -- Up-to-date: /home/pi/work/maze_bot/programming/mbot_ws/install/mazebot_msgs/share/mazebot_msgs/cmake/mazebot_msgs__rosidl_typesupport_cExport-noconfig.cmake
[4.055s] -- Up-to-date: /home/pi/work/maze_bot/programming/mbot_ws/install/mazebot_msgs/share/mazebot_msgs/cmake/mazebot_msgs__rosidl_typesupport_introspection_cppExport.cmake
[4.056s] -- Up-to-date: /home/pi/work/maze_bot/programming/mbot_ws/install/mazebot_msgs/share/mazebot_msgs/cmake/mazebot_msgs__rosidl_typesupport_introspection_cppExport-noconfig.cmake
[4.057s] -- Up-to-date: /home/pi/work/maze_bot/programming/mbot_ws/install/mazebot_msgs/share/mazebot_msgs/cmake/mazebot_msgs__rosidl_typesupport_cppExport.cmake
[4.057s] -- Up-to-date: /home/pi/work/maze_bot/programming/mbot_ws/install/mazebot_msgs/share/mazebot_msgs/cmake/mazebot_msgs__rosidl_typesupport_cppExport-noconfig.cmake
[4.058s] -- Up-to-date: /home/pi/work/maze_bot/programming/mbot_ws/install/mazebot_msgs/share/mazebot_msgs/cmake/export_mazebot_msgs__rosidl_generator_pyExport.cmake
[4.059s] -- Up-to-date: /home/pi/work/maze_bot/programming/mbot_ws/install/mazebot_msgs/share/mazebot_msgs/cmake/export_mazebot_msgs__rosidl_generator_pyExport-noconfig.cmake
[4.060s] -- Up-to-date: /home/pi/work/maze_bot/programming/mbot_ws/install/mazebot_msgs/share/mazebot_msgs/cmake/rosidl_cmake-extras.cmake
[4.062s] -- Up-to-date: /home/pi/work/maze_bot/programming/mbot_ws/install/mazebot_msgs/share/mazebot_msgs/cmake/ament_cmake_export_dependencies-extras.cmake
[4.063s] -- Up-to-date: /home/pi/work/maze_bot/programming/mbot_ws/install/mazebot_msgs/share/mazebot_msgs/cmake/ament_cmake_export_include_directories-extras.cmake
[4.064s] -- Up-to-date: /home/pi/work/maze_bot/programming/mbot_ws/install/mazebot_msgs/share/mazebot_msgs/cmake/ament_cmake_export_libraries-extras.cmake
[4.065s] -- Up-to-date: /home/pi/work/maze_bot/programming/mbot_ws/install/mazebot_msgs/share/mazebot_msgs/cmake/ament_cmake_export_targets-extras.cmake
[4.068s] -- Up-to-date: /home/pi/work/maze_bot/programming/mbot_ws/install/mazebot_msgs/share/mazebot_msgs/cmake/rosidl_cmake_export_typesupport_targets-extras.cmake
[4.076s] -- Up-to-date: /home/pi/work/maze_bot/programming/mbot_ws/install/mazebot_msgs/share/mazebot_msgs/cmake/rosidl_cmake_export_typesupport_libraries-extras.cmake
[4.077s] -- Up-to-date: /home/pi/work/maze_bot/programming/mbot_ws/install/mazebot_msgs/share/mazebot_msgs/cmake/mazebot_msgsConfig.cmake
[4.077s] -- Up-to-date: /home/pi/work/maze_bot/programming/mbot_ws/install/mazebot_msgs/share/mazebot_msgs/cmake/mazebot_msgsConfig-version.cmake
[4.078s] -- Up-to-date: /home/pi/work/maze_bot/programming/mbot_ws/install/mazebot_msgs/share/mazebot_msgs/package.xml
[4.079s] Invoked command in '/home/pi/work/maze_bot/programming/mbot_ws/build/mazebot_msgs' returned '0': CMAKE_PREFIX_PATH=${CMAKE_PREFIX_PATH}:/home/pi/work/maze_bot/programming/mbot_ws/install/robocup:/home/pi/work/maze_bot/programming/mbot_ws/install/publisher:/home/pi/work/maze_bot/programming/mbot_ws/install/my_package:/home/pi/work/maze_bot/programming/mbot_ws/install/mazebot_v1:/home/pi/work/ws_robu/install/turtlebot3_teleop:/home/pi/work/ws_robu/install/turtlebot3_example:/home/pi/work/ws_robu/install/robocup:/opt/ros/humble /usr/bin/cmake --install /home/pi/work/maze_bot/programming/mbot_ws/build/mazebot_msgs
