[4.222s] Invoking command in '/home/pi/work/maze_bot/programming/mbot_ws/src/robocup': PYTHONPATH=/home/pi/work/maze_bot/programming/mbot_ws/build/robocup/prefix_override:/home/pi/work/maze_bot/programming/mbot_ws/install/robocup/lib/python3.10/site-packages:${PYTHONPATH} /usr/bin/python3 setup.py egg_info --egg-base ../../build/robocup build --build-base /home/pi/work/maze_bot/programming/mbot_ws/build/robocup/build install --record /home/pi/work/maze_bot/programming/mbot_ws/build/robocup/install.log --single-version-externally-managed
[5.648s] running egg_info
[5.650s] writing ../../build/robocup/robocup.egg-info/PKG-INFO
[5.651s] writing dependency_links to ../../build/robocup/robocup.egg-info/dependency_links.txt
[5.652s] writing entry points to ../../build/robocup/robocup.egg-info/entry_points.txt
[5.653s] writing requirements to ../../build/robocup/robocup.egg-info/requires.txt
[5.654s] writing top-level names to ../../build/robocup/robocup.egg-info/top_level.txt
[5.662s] reading manifest file '../../build/robocup/robocup.egg-info/SOURCES.txt'
[5.666s] writing manifest file '../../build/robocup/robocup.egg-info/SOURCES.txt'
[5.667s] running build
[5.667s] running build_py
[5.669s] copying robocup/mazebot_wall_detection.py -> /home/pi/work/maze_bot/programming/mbot_ws/build/robocup/build/lib/robocup
[5.670s] running install
[5.672s] running install_lib
[5.676s] copying /home/pi/work/maze_bot/programming/mbot_ws/build/robocup/build/lib/robocup/mazebot_wall_detection.py -> /home/pi/work/maze_bot/programming/mbot_ws/install/robocup/lib/python3.10/site-packages/robocup
[5.680s] byte-compiling /home/pi/work/maze_bot/programming/mbot_ws/install/robocup/lib/python3.10/site-packages/robocup/mazebot_wall_detection.py to mazebot_wall_detection.cpython-310.pyc
[5.690s] running install_data
[5.693s] running install_egg_info
[5.700s] removing '/home/pi/work/maze_bot/programming/mbot_ws/install/robocup/lib/python3.10/site-packages/robocup-0.0.0-py3.10.egg-info' (and everything under it)
[5.703s] Copying ../../build/robocup/robocup.egg-info to /home/pi/work/maze_bot/programming/mbot_ws/install/robocup/lib/python3.10/site-packages/robocup-0.0.0-py3.10.egg-info
[5.709s] running install_scripts
[5.791s] Installing remote script to /home/pi/work/maze_bot/programming/mbot_ws/install/robocup/lib/robocup
[5.792s] Installing serial script to /home/pi/work/maze_bot/programming/mbot_ws/install/robocup/lib/robocup
[5.793s] Installing wall_det script to /home/pi/work/maze_bot/programming/mbot_ws/install/robocup/lib/robocup
[5.794s] writing list of installed files to '/home/pi/work/maze_bot/programming/mbot_ws/build/robocup/install.log'
[5.939s] Invoked command in '/home/pi/work/maze_bot/programming/mbot_ws/src/robocup' returned '0': PYTHONPATH=/home/pi/work/maze_bot/programming/mbot_ws/build/robocup/prefix_override:/home/pi/work/maze_bot/programming/mbot_ws/install/robocup/lib/python3.10/site-packages:${PYTHONPATH} /usr/bin/python3 setup.py egg_info --egg-base ../../build/robocup build --build-base /home/pi/work/maze_bot/programming/mbot_ws/build/robocup/build install --record /home/pi/work/maze_bot/programming/mbot_ws/build/robocup/install.log --single-version-externally-managed
