running develop
Removing /home/kurzmann/mbot_ws/install/publisher/lib/python3.10/site-packages/publisher.egg-link (link to .)
running egg_info
writing ../../build/publisher/publisher.egg-info/PKG-INFO
writing dependency_links to ../../build/publisher/publisher.egg-info/dependency_links.txt
writing entry points to ../../build/publisher/publisher.egg-info/entry_points.txt
writing requirements to ../../build/publisher/publisher.egg-info/requires.txt
writing top-level names to ../../build/publisher/publisher.egg-info/top_level.txt
reading manifest file '../../build/publisher/publisher.egg-info/SOURCES.txt'
writing manifest file '../../build/publisher/publisher.egg-info/SOURCES.txt'
running build
running build_py
copying publisher/rc_sensor_pub copy.py -> /home/kurzmann/mbot_ws/build/publisher/build/lib/publisher
running install
running install_lib
creating /home/kurzmann/mbot_ws/install/publisher/lib/python3.10/site-packages/publisher
copying /home/kurzmann/mbot_ws/build/publisher/build/lib/publisher/__init__.py -> /home/kurzmann/mbot_ws/install/publisher/lib/python3.10/site-packages/publisher
copying /home/kurzmann/mbot_ws/build/publisher/build/lib/publisher/rc_sensor_pub copy.py -> /home/kurzmann/mbot_ws/install/publisher/lib/python3.10/site-packages/publisher
copying /home/kurzmann/mbot_ws/build/publisher/build/lib/publisher/rc_sensor_pub.py -> /home/kurzmann/mbot_ws/install/publisher/lib/python3.10/site-packages/publisher
copying /home/kurzmann/mbot_ws/build/publisher/build/lib/publisher/openmv_cam_pub.py -> /home/kurzmann/mbot_ws/install/publisher/lib/python3.10/site-packages/publisher
byte-compiling /home/kurzmann/mbot_ws/install/publisher/lib/python3.10/site-packages/publisher/__init__.py to __init__.cpython-310.pyc
byte-compiling /home/kurzmann/mbot_ws/install/publisher/lib/python3.10/site-packages/publisher/rc_sensor_pub copy.py to rc_sensor_pub copy.cpython-310.pyc
byte-compiling /home/kurzmann/mbot_ws/install/publisher/lib/python3.10/site-packages/publisher/rc_sensor_pub.py to rc_sensor_pub.cpython-310.pyc
byte-compiling /home/kurzmann/mbot_ws/install/publisher/lib/python3.10/site-packages/publisher/openmv_cam_pub.py to openmv_cam_pub.cpython-310.pyc
running install_data
running install_egg_info
Copying ../../build/publisher/publisher.egg-info to /home/kurzmann/mbot_ws/install/publisher/lib/python3.10/site-packages/publisher-0.0.0-py3.10.egg-info
running install_scripts
Installing openMV script to /home/kurzmann/mbot_ws/install/publisher/lib/publisher
Installing rc_sensor script to /home/kurzmann/mbot_ws/install/publisher/lib/publisher
writing list of installed files to '/home/kurzmann/mbot_ws/build/publisher/install.log'
