[0.000000] (-) TimerEvent: {}
[0.000564] (hls_lfcd_lds_driver) JobQueued: {'identifier': 'hls_lfcd_lds_driver', 'dependencies': OrderedDict()}
[0.001487] (mazebot_msgs) JobQueued: {'identifier': 'mazebot_msgs', 'dependencies': OrderedDict()}
[0.002043] (robocup) JobQueued: {'identifier': 'robocup', 'dependencies': OrderedDict([('hls_lfcd_lds_driver', '/home/pi/work/maze_bot/programming/mbot_ws/install/hls_lfcd_lds_driver'), ('mazebot_msgs', '/home/pi/work/maze_bot/programming/mbot_ws/install/mazebot_msgs')])}
[0.003514] (hls_lfcd_lds_driver) JobStarted: {'identifier': 'hls_lfcd_lds_driver'}
[0.047897] (mazebot_msgs) JobStarted: {'identifier': 'mazebot_msgs'}
[0.086945] (hls_lfcd_lds_driver) JobProgress: {'identifier': 'hls_lfcd_lds_driver', 'progress': 'cmake'}
[0.090340] (hls_lfcd_lds_driver) JobProgress: {'identifier': 'hls_lfcd_lds_driver', 'progress': 'build'}
[0.093146] (hls_lfcd_lds_driver) Command: {'cmd': ['/usr/bin/cmake', '--build', '/home/pi/work/maze_bot/programming/mbot_ws/build/hls_lfcd_lds_driver', '--', '-j4', '-l4'], 'cwd': '/home/pi/work/maze_bot/programming/mbot_ws/build/hls_lfcd_lds_driver', 'env': OrderedDict([('SHLVL', '1'), ('LD_LIBRARY_PATH', '/home/pi/work/maze_bot/programming/mbot_ws/install/mazebot_msgs/lib:/opt/ros/humble/opt/rviz_ogre_vendor/lib:/opt/ros/humble/lib/aarch64-linux-gnu:/opt/ros/humble/lib'), ('OLDPWD', '/'), ('ROS_PYTHON_VERSION', '3'), ('SYSTEMD_EXEC_PID', '5394'), ('COLCON_PREFIX_PATH', '/home/pi/work/maze_bot/programming/mbot_ws/install'), ('ROS_DISTRO', 'humble'), ('JOURNAL_STREAM', '8:36176'), ('_', '/usr/bin/colcon'), ('ROS_VERSION', '2'), ('ROS_LOCALHOST_ONLY', '0'), ('PATH', '/opt/ros/humble/bin:/usr/local/sbin:/usr/local/bin:/usr/sbin:/usr/bin:/sbin:/bin:/snap/bin'), ('INVOCATION_ID', '0deecae0de2343a0925270a373ece5fa'), ('LANG', 'en_US.UTF-8'), ('AMENT_PREFIX_PATH', '/home/pi/work/maze_bot/programming/mbot_ws/install/robocup:/home/pi/work/maze_bot/programming/mbot_ws/install/publisher:/home/pi/work/maze_bot/programming/mbot_ws/install/my_package:/home/pi/work/maze_bot/programming/mbot_ws/install/mazebot_v1:/home/pi/work/maze_bot/programming/mbot_ws/install/mazebot_msgs:/home/pi/work/maze_bot/programming/mbot_ws/install/hls_lfcd_lds_driver:/opt/ros/humble'), ('PWD', '/home/pi/work/maze_bot/programming/mbot_ws/build/hls_lfcd_lds_driver'), ('PYTHONPATH', '/home/pi/work/maze_bot/programming/mbot_ws/install/robocup/lib/python3.10/site-packages:/home/kurzmann/mbot_ws/build/publisher:/home/pi/work/maze_bot/programming/mbot_ws/install/publisher/lib/python3.10/site-packages:/home/pi/work/maze_bot/programming/mbot_ws/install/my_package/lib/python3.10/site-packages:/home/kurzmann/mbot_ws/build/mazebot_v1:/home/pi/work/maze_bot/programming/mbot_ws/install/mazebot_v1/lib/python3.10/site-packages:/home/pi/work/maze_bot/programming/mbot_ws/install/mazebot_msgs/local/lib/python3.10/dist-packages:/opt/ros/humble/lib/python3.10/site-packages:/opt/ros/humble/local/lib/python3.10/dist-packages'), ('COLCON', '1'), ('CMAKE_PREFIX_PATH', '/home/pi/work/maze_bot/programming/mbot_ws/install/mazebot_msgs:/home/pi/work/maze_bot/programming/mbot_ws/install/hls_lfcd_lds_driver:/home/pi/work/maze_bot/programming/mbot_ws/install/robocup:/home/pi/work/maze_bot/programming/mbot_ws/install/publisher:/home/pi/work/maze_bot/programming/mbot_ws/install/my_package:/home/pi/work/maze_bot/programming/mbot_ws/install/mazebot_v1:/opt/ros/humble')]), 'shell': False}
[0.098973] (-) TimerEvent: {}
[0.103829] (mazebot_msgs) JobProgress: {'identifier': 'mazebot_msgs', 'progress': 'cmake'}
[0.107835] (mazebot_msgs) JobProgress: {'identifier': 'mazebot_msgs', 'progress': 'build'}
[0.109316] (mazebot_msgs) Command: {'cmd': ['/usr/bin/cmake', '--build', '/home/pi/work/maze_bot/programming/mbot_ws/build/mazebot_msgs', '--', '-j4', '-l4'], 'cwd': '/home/pi/work/maze_bot/programming/mbot_ws/build/mazebot_msgs', 'env': OrderedDict([('SHLVL', '1'), ('LD_LIBRARY_PATH', '/home/pi/work/maze_bot/programming/mbot_ws/install/mazebot_msgs/lib:/opt/ros/humble/opt/rviz_ogre_vendor/lib:/opt/ros/humble/lib/aarch64-linux-gnu:/opt/ros/humble/lib'), ('OLDPWD', '/'), ('ROS_PYTHON_VERSION', '3'), ('SYSTEMD_EXEC_PID', '5394'), ('COLCON_PREFIX_PATH', '/home/pi/work/maze_bot/programming/mbot_ws/install'), ('ROS_DISTRO', 'humble'), ('JOURNAL_STREAM', '8:36176'), ('_', '/usr/bin/colcon'), ('ROS_VERSION', '2'), ('ROS_LOCALHOST_ONLY', '0'), ('PATH', '/opt/ros/humble/bin:/usr/local/sbin:/usr/local/bin:/usr/sbin:/usr/bin:/sbin:/bin:/snap/bin'), ('INVOCATION_ID', '0deecae0de2343a0925270a373ece5fa'), ('LANG', 'en_US.UTF-8'), ('AMENT_PREFIX_PATH', '/home/pi/work/maze_bot/programming/mbot_ws/install/robocup:/home/pi/work/maze_bot/programming/mbot_ws/install/publisher:/home/pi/work/maze_bot/programming/mbot_ws/install/my_package:/home/pi/work/maze_bot/programming/mbot_ws/install/mazebot_v1:/home/pi/work/maze_bot/programming/mbot_ws/install/mazebot_msgs:/home/pi/work/maze_bot/programming/mbot_ws/install/hls_lfcd_lds_driver:/opt/ros/humble'), ('PWD', '/home/pi/work/maze_bot/programming/mbot_ws/build/mazebot_msgs'), ('PYTHONPATH', '/home/pi/work/maze_bot/programming/mbot_ws/install/robocup/lib/python3.10/site-packages:/home/kurzmann/mbot_ws/build/publisher:/home/pi/work/maze_bot/programming/mbot_ws/install/publisher/lib/python3.10/site-packages:/home/pi/work/maze_bot/programming/mbot_ws/install/my_package/lib/python3.10/site-packages:/home/kurzmann/mbot_ws/build/mazebot_v1:/home/pi/work/maze_bot/programming/mbot_ws/install/mazebot_v1/lib/python3.10/site-packages:/home/pi/work/maze_bot/programming/mbot_ws/install/mazebot_msgs/local/lib/python3.10/dist-packages:/opt/ros/humble/lib/python3.10/site-packages:/opt/ros/humble/local/lib/python3.10/dist-packages'), ('COLCON', '1'), ('CMAKE_PREFIX_PATH', '/home/pi/work/maze_bot/programming/mbot_ws/install/mazebot_msgs:/home/pi/work/maze_bot/programming/mbot_ws/install/hls_lfcd_lds_driver:/home/pi/work/maze_bot/programming/mbot_ws/install/robocup:/home/pi/work/maze_bot/programming/mbot_ws/install/publisher:/home/pi/work/maze_bot/programming/mbot_ws/install/my_package:/home/pi/work/maze_bot/programming/mbot_ws/install/mazebot_v1:/opt/ros/humble')]), 'shell': False}
[0.199305] (-) TimerEvent: {}
[0.303499] (-) TimerEvent: {}
[0.362577] (mazebot_msgs) StdoutLine: {'line': b'[  2%] Built target mazebot_msgs__cpp\n'}
[0.372818] (mazebot_msgs) StdoutLine: {'line': b'[ 12%] Built target mazebot_msgs__rosidl_generator_c\n'}
[0.397599] (mazebot_msgs) StdoutLine: {'line': b'[ 12%] Built target ament_cmake_python_copy_mazebot_msgs\n'}
[0.403722] (-) TimerEvent: {}
[0.405504] (hls_lfcd_lds_driver) StdoutLine: {'line': b'[100%] Built target hlds_laser_publisher\n'}
[0.456547] (hls_lfcd_lds_driver) CommandEnded: {'returncode': 0}
[0.503968] (-) TimerEvent: {}
[0.542188] (mazebot_msgs) StdoutLine: {'line': b'[ 23%] Built target mazebot_msgs__rosidl_typesupport_fastrtps_cpp\n'}
[0.557249] (mazebot_msgs) StdoutLine: {'line': b'[ 34%] Built target mazebot_msgs__rosidl_typesupport_cpp\n'}
[0.560954] (mazebot_msgs) StdoutLine: {'line': b'[ 44%] Built target mazebot_msgs__rosidl_typesupport_introspection_cpp\n'}
[0.564452] (mazebot_msgs) StdoutLine: {'line': b'[ 55%] Built target mazebot_msgs__rosidl_typesupport_fastrtps_c\n'}
[0.604189] (-) TimerEvent: {}
[0.623989] (hls_lfcd_lds_driver) JobProgress: {'identifier': 'hls_lfcd_lds_driver', 'progress': 'install'}
[0.663298] (hls_lfcd_lds_driver) Command: {'cmd': ['/usr/bin/cmake', '--install', '/home/pi/work/maze_bot/programming/mbot_ws/build/hls_lfcd_lds_driver'], 'cwd': '/home/pi/work/maze_bot/programming/mbot_ws/build/hls_lfcd_lds_driver', 'env': OrderedDict([('SHLVL', '1'), ('LD_LIBRARY_PATH', '/home/pi/work/maze_bot/programming/mbot_ws/install/mazebot_msgs/lib:/opt/ros/humble/opt/rviz_ogre_vendor/lib:/opt/ros/humble/lib/aarch64-linux-gnu:/opt/ros/humble/lib'), ('OLDPWD', '/'), ('ROS_PYTHON_VERSION', '3'), ('SYSTEMD_EXEC_PID', '5394'), ('COLCON_PREFIX_PATH', '/home/pi/work/maze_bot/programming/mbot_ws/install'), ('ROS_DISTRO', 'humble'), ('JOURNAL_STREAM', '8:36176'), ('_', '/usr/bin/colcon'), ('ROS_VERSION', '2'), ('ROS_LOCALHOST_ONLY', '0'), ('PATH', '/opt/ros/humble/bin:/usr/local/sbin:/usr/local/bin:/usr/sbin:/usr/bin:/sbin:/bin:/snap/bin'), ('INVOCATION_ID', '0deecae0de2343a0925270a373ece5fa'), ('LANG', 'en_US.UTF-8'), ('AMENT_PREFIX_PATH', '/home/pi/work/maze_bot/programming/mbot_ws/install/robocup:/home/pi/work/maze_bot/programming/mbot_ws/install/publisher:/home/pi/work/maze_bot/programming/mbot_ws/install/my_package:/home/pi/work/maze_bot/programming/mbot_ws/install/mazebot_v1:/home/pi/work/maze_bot/programming/mbot_ws/install/mazebot_msgs:/home/pi/work/maze_bot/programming/mbot_ws/install/hls_lfcd_lds_driver:/opt/ros/humble'), ('PWD', '/home/pi/work/maze_bot/programming/mbot_ws/build/hls_lfcd_lds_driver'), ('PYTHONPATH', '/home/pi/work/maze_bot/programming/mbot_ws/install/robocup/lib/python3.10/site-packages:/home/kurzmann/mbot_ws/build/publisher:/home/pi/work/maze_bot/programming/mbot_ws/install/publisher/lib/python3.10/site-packages:/home/pi/work/maze_bot/programming/mbot_ws/install/my_package/lib/python3.10/site-packages:/home/kurzmann/mbot_ws/build/mazebot_v1:/home/pi/work/maze_bot/programming/mbot_ws/install/mazebot_v1/lib/python3.10/site-packages:/home/pi/work/maze_bot/programming/mbot_ws/install/mazebot_msgs/local/lib/python3.10/dist-packages:/opt/ros/humble/lib/python3.10/site-packages:/opt/ros/humble/local/lib/python3.10/dist-packages'), ('COLCON', '1'), ('CMAKE_PREFIX_PATH', '/home/pi/work/maze_bot/programming/mbot_ws/install/mazebot_msgs:/home/pi/work/maze_bot/programming/mbot_ws/install/hls_lfcd_lds_driver:/home/pi/work/maze_bot/programming/mbot_ws/install/robocup:/home/pi/work/maze_bot/programming/mbot_ws/install/publisher:/home/pi/work/maze_bot/programming/mbot_ws/install/my_package:/home/pi/work/maze_bot/programming/mbot_ws/install/mazebot_v1:/opt/ros/humble')]), 'shell': False}
[0.668290] (mazebot_msgs) StdoutLine: {'line': b'[ 68%] Built target mazebot_msgs__rosidl_typesupport_c\n'}
[0.669051] (mazebot_msgs) StdoutLine: {'line': b'[ 76%] Built target mazebot_msgs__rosidl_typesupport_introspection_c\n'}
[0.699792] (hls_lfcd_lds_driver) StdoutLine: {'line': b'-- Install configuration: ""\n'}
[0.709294] (-) TimerEvent: {}
[0.709449] (hls_lfcd_lds_driver) StdoutLine: {'line': b'-- Up-to-date: /home/pi/work/maze_bot/programming/mbot_ws/install/hls_lfcd_lds_driver/share/hls_lfcd_lds_driver/launch\n'}
[0.710004] (hls_lfcd_lds_driver) StdoutLine: {'line': b'-- Up-to-date: /home/pi/work/maze_bot/programming/mbot_ws/install/hls_lfcd_lds_driver/share/hls_lfcd_lds_driver/launch/view_hlds_laser.launch.py\n'}
[0.711709] (hls_lfcd_lds_driver) StdoutLine: {'line': b'-- Up-to-date: /home/pi/work/maze_bot/programming/mbot_ws/install/hls_lfcd_lds_driver/share/hls_lfcd_lds_driver/launch/hlds_laser.launch.py\n'}
[0.713670] (hls_lfcd_lds_driver) StdoutLine: {'line': b'-- Up-to-date: /home/pi/work/maze_bot/programming/mbot_ws/install/hls_lfcd_lds_driver/share/hls_lfcd_lds_driver/rviz\n'}
[0.715974] (hls_lfcd_lds_driver) StdoutLine: {'line': b'-- Up-to-date: /home/pi/work/maze_bot/programming/mbot_ws/install/hls_lfcd_lds_driver/share/hls_lfcd_lds_driver/rviz/hlds_laser.rviz\n'}
[0.719430] (hls_lfcd_lds_driver) StdoutLine: {'line': b'-- Up-to-date: /home/pi/work/maze_bot/programming/mbot_ws/install/hls_lfcd_lds_driver/lib/hls_lfcd_lds_driver/hlds_laser_publisher\n'}
[0.724414] (hls_lfcd_lds_driver) StdoutLine: {'line': b'-- Up-to-date: /home/pi/work/maze_bot/programming/mbot_ws/install/hls_lfcd_lds_driver/share/ament_index/resource_index/package_run_dependencies/hls_lfcd_lds_driver\n'}
[0.726579] (hls_lfcd_lds_driver) StdoutLine: {'line': b'-- Up-to-date: /home/pi/work/maze_bot/programming/mbot_ws/install/hls_lfcd_lds_driver/share/ament_index/resource_index/parent_prefix_path/hls_lfcd_lds_driver\n'}
[0.728763] (hls_lfcd_lds_driver) StdoutLine: {'line': b'-- Up-to-date: /home/pi/work/maze_bot/programming/mbot_ws/install/hls_lfcd_lds_driver/share/hls_lfcd_lds_driver/environment/ament_prefix_path.sh\n'}
[0.730927] (hls_lfcd_lds_driver) StdoutLine: {'line': b'-- Up-to-date: /home/pi/work/maze_bot/programming/mbot_ws/install/hls_lfcd_lds_driver/share/hls_lfcd_lds_driver/environment/ament_prefix_path.dsv\n'}
[0.732854] (hls_lfcd_lds_driver) StdoutLine: {'line': b'-- Up-to-date: /home/pi/work/maze_bot/programming/mbot_ws/install/hls_lfcd_lds_driver/share/hls_lfcd_lds_driver/environment/path.sh\n'}
[0.734532] (hls_lfcd_lds_driver) StdoutLine: {'line': b'-- Up-to-date: /home/pi/work/maze_bot/programming/mbot_ws/install/hls_lfcd_lds_driver/share/hls_lfcd_lds_driver/environment/path.dsv\n'}
[0.735646] (hls_lfcd_lds_driver) StdoutLine: {'line': b'-- Up-to-date: /home/pi/work/maze_bot/programming/mbot_ws/install/hls_lfcd_lds_driver/share/hls_lfcd_lds_driver/local_setup.bash\n'}
[0.737499] (hls_lfcd_lds_driver) StdoutLine: {'line': b'-- Up-to-date: /home/pi/work/maze_bot/programming/mbot_ws/install/hls_lfcd_lds_driver/share/hls_lfcd_lds_driver/local_setup.sh\n'}
[0.739381] (hls_lfcd_lds_driver) StdoutLine: {'line': b'-- Up-to-date: /home/pi/work/maze_bot/programming/mbot_ws/install/hls_lfcd_lds_driver/share/hls_lfcd_lds_driver/local_setup.zsh\n'}
[0.741283] (hls_lfcd_lds_driver) StdoutLine: {'line': b'-- Up-to-date: /home/pi/work/maze_bot/programming/mbot_ws/install/hls_lfcd_lds_driver/share/hls_lfcd_lds_driver/local_setup.dsv\n'}
[0.749548] (hls_lfcd_lds_driver) StdoutLine: {'line': b'-- Installing: /home/pi/work/maze_bot/programming/mbot_ws/install/hls_lfcd_lds_driver/share/hls_lfcd_lds_driver/package.dsv\n'}
[0.754088] (hls_lfcd_lds_driver) StdoutLine: {'line': b'-- Up-to-date: /home/pi/work/maze_bot/programming/mbot_ws/install/hls_lfcd_lds_driver/share/ament_index/resource_index/packages/hls_lfcd_lds_driver\n'}
[0.767591] (hls_lfcd_lds_driver) StdoutLine: {'line': b'-- Up-to-date: /home/pi/work/maze_bot/programming/mbot_ws/install/hls_lfcd_lds_driver/share/hls_lfcd_lds_driver/cmake/ament_cmake_export_dependencies-extras.cmake\n'}
[0.768300] (hls_lfcd_lds_driver) StdoutLine: {'line': b'-- Up-to-date: /home/pi/work/maze_bot/programming/mbot_ws/install/hls_lfcd_lds_driver/share/hls_lfcd_lds_driver/cmake/ament_cmake_export_include_directories-extras.cmake\n'}
[0.768885] (hls_lfcd_lds_driver) StdoutLine: {'line': b'-- Up-to-date: /home/pi/work/maze_bot/programming/mbot_ws/install/hls_lfcd_lds_driver/share/hls_lfcd_lds_driver/cmake/hls_lfcd_lds_driverConfig.cmake\n'}
[0.769408] (hls_lfcd_lds_driver) StdoutLine: {'line': b'-- Up-to-date: /home/pi/work/maze_bot/programming/mbot_ws/install/hls_lfcd_lds_driver/share/hls_lfcd_lds_driver/cmake/hls_lfcd_lds_driverConfig-version.cmake\n'}
[0.769869] (hls_lfcd_lds_driver) StdoutLine: {'line': b'-- Up-to-date: /home/pi/work/maze_bot/programming/mbot_ws/install/hls_lfcd_lds_driver/share/hls_lfcd_lds_driver/package.xml\n'}
[0.770333] (hls_lfcd_lds_driver) CommandEnded: {'returncode': 0}
[0.814798] (-) TimerEvent: {}
[0.892083] (mazebot_msgs) StdoutLine: {'line': b'[ 76%] Built target mazebot_msgs\n'}
[0.895281] (mazebot_msgs) StdoutLine: {'line': b'[ 78%] Built target mazebot_msgs__py\n'}
[0.915101] (-) TimerEvent: {}
[1.001334] (mazebot_msgs) StdoutLine: {'line': b'[ 87%] Built target mazebot_msgs__rosidl_generator_py\n'}
[1.015877] (-) TimerEvent: {}
[1.123975] (-) TimerEvent: {}
[1.171412] (hls_lfcd_lds_driver) JobEnded: {'identifier': 'hls_lfcd_lds_driver', 'rc': 0}
[1.181241] (mazebot_msgs) StdoutLine: {'line': b'[ 91%] Built target mazebot_msgs__rosidl_typesupport_c__pyext\n'}
[1.187499] (mazebot_msgs) StdoutLine: {'line': b'[ 95%] Built target mazebot_msgs__rosidl_typesupport_introspection_c__pyext\n'}
[1.212081] (mazebot_msgs) StdoutLine: {'line': b'[100%] Built target mazebot_msgs__rosidl_typesupport_fastrtps_c__pyext\n'}
[1.224167] (-) TimerEvent: {}
[1.324563] (-) TimerEvent: {}
[1.425011] (-) TimerEvent: {}
[1.525470] (-) TimerEvent: {}
[1.625881] (-) TimerEvent: {}
[1.726314] (-) TimerEvent: {}
[1.826720] (-) TimerEvent: {}
[1.927115] (-) TimerEvent: {}
[2.027540] (-) TimerEvent: {}
[2.120931] (mazebot_msgs) StdoutLine: {'line': b'running egg_info\n'}
[2.123996] (mazebot_msgs) StdoutLine: {'line': b'writing mazebot_msgs.egg-info/PKG-INFO\n'}
[2.125250] (mazebot_msgs) StdoutLine: {'line': b'writing dependency_links to mazebot_msgs.egg-info/dependency_links.txt\n'}
[2.127827] (-) TimerEvent: {}
[2.128630] (mazebot_msgs) StdoutLine: {'line': b'writing top-level names to mazebot_msgs.egg-info/top_level.txt\n'}
[2.139375] (mazebot_msgs) StdoutLine: {'line': b"reading manifest file 'mazebot_msgs.egg-info/SOURCES.txt'\n"}
[2.142324] (mazebot_msgs) StdoutLine: {'line': b"writing manifest file 'mazebot_msgs.egg-info/SOURCES.txt'\n"}
[2.228045] (-) TimerEvent: {}
[2.276473] (mazebot_msgs) StdoutLine: {'line': b'[100%] Built target ament_cmake_python_build_mazebot_msgs_egg\n'}
[2.322607] (mazebot_msgs) CommandEnded: {'returncode': 0}
[2.328374] (-) TimerEvent: {}
[2.428809] (-) TimerEvent: {}
[2.529285] (-) TimerEvent: {}
[2.630374] (-) TimerEvent: {}
[2.731297] (-) TimerEvent: {}
[2.814121] (mazebot_msgs) JobProgress: {'identifier': 'mazebot_msgs', 'progress': 'install'}
[2.815246] (mazebot_msgs) Command: {'cmd': ['/usr/bin/cmake', '--install', '/home/pi/work/maze_bot/programming/mbot_ws/build/mazebot_msgs'], 'cwd': '/home/pi/work/maze_bot/programming/mbot_ws/build/mazebot_msgs', 'env': OrderedDict([('SHLVL', '1'), ('LD_LIBRARY_PATH', '/home/pi/work/maze_bot/programming/mbot_ws/install/mazebot_msgs/lib:/opt/ros/humble/opt/rviz_ogre_vendor/lib:/opt/ros/humble/lib/aarch64-linux-gnu:/opt/ros/humble/lib'), ('OLDPWD', '/'), ('ROS_PYTHON_VERSION', '3'), ('SYSTEMD_EXEC_PID', '5394'), ('COLCON_PREFIX_PATH', '/home/pi/work/maze_bot/programming/mbot_ws/install'), ('ROS_DISTRO', 'humble'), ('JOURNAL_STREAM', '8:36176'), ('_', '/usr/bin/colcon'), ('ROS_VERSION', '2'), ('ROS_LOCALHOST_ONLY', '0'), ('PATH', '/opt/ros/humble/bin:/usr/local/sbin:/usr/local/bin:/usr/sbin:/usr/bin:/sbin:/bin:/snap/bin'), ('INVOCATION_ID', '0deecae0de2343a0925270a373ece5fa'), ('LANG', 'en_US.UTF-8'), ('AMENT_PREFIX_PATH', '/home/pi/work/maze_bot/programming/mbot_ws/install/robocup:/home/pi/work/maze_bot/programming/mbot_ws/install/publisher:/home/pi/work/maze_bot/programming/mbot_ws/install/my_package:/home/pi/work/maze_bot/programming/mbot_ws/install/mazebot_v1:/home/pi/work/maze_bot/programming/mbot_ws/install/mazebot_msgs:/home/pi/work/maze_bot/programming/mbot_ws/install/hls_lfcd_lds_driver:/opt/ros/humble'), ('PWD', '/home/pi/work/maze_bot/programming/mbot_ws/build/mazebot_msgs'), ('PYTHONPATH', '/home/pi/work/maze_bot/programming/mbot_ws/install/robocup/lib/python3.10/site-packages:/home/kurzmann/mbot_ws/build/publisher:/home/pi/work/maze_bot/programming/mbot_ws/install/publisher/lib/python3.10/site-packages:/home/pi/work/maze_bot/programming/mbot_ws/install/my_package/lib/python3.10/site-packages:/home/kurzmann/mbot_ws/build/mazebot_v1:/home/pi/work/maze_bot/programming/mbot_ws/install/mazebot_v1/lib/python3.10/site-packages:/home/pi/work/maze_bot/programming/mbot_ws/install/mazebot_msgs/local/lib/python3.10/dist-packages:/opt/ros/humble/lib/python3.10/site-packages:/opt/ros/humble/local/lib/python3.10/dist-packages'), ('COLCON', '1'), ('CMAKE_PREFIX_PATH', '/home/pi/work/maze_bot/programming/mbot_ws/install/mazebot_msgs:/home/pi/work/maze_bot/programming/mbot_ws/install/hls_lfcd_lds_driver:/home/pi/work/maze_bot/programming/mbot_ws/install/robocup:/home/pi/work/maze_bot/programming/mbot_ws/install/publisher:/home/pi/work/maze_bot/programming/mbot_ws/install/my_package:/home/pi/work/maze_bot/programming/mbot_ws/install/mazebot_v1:/opt/ros/humble')]), 'shell': False}
[2.831487] (-) TimerEvent: {}
[2.849380] (mazebot_msgs) StdoutLine: {'line': b'-- Install configuration: ""\n'}
[2.850660] (mazebot_msgs) StdoutLine: {'line': b'-- Up-to-date: /home/pi/work/maze_bot/programming/mbot_ws/install/mazebot_msgs/share/ament_index/resource_index/rosidl_interfaces/mazebot_msgs\n'}
[2.851727] (mazebot_msgs) StdoutLine: {'line': b'-- Up-to-date: /home/pi/work/maze_bot/programming/mbot_ws/install/mazebot_msgs/include/mazebot_msgs/mazebot_msgs\n'}
[2.852584] (mazebot_msgs) StdoutLine: {'line': b'-- Up-to-date: /home/pi/work/maze_bot/programming/mbot_ws/install/mazebot_msgs/include/mazebot_msgs/mazebot_msgs/msg\n'}
[2.853384] (mazebot_msgs) StdoutLine: {'line': b'-- Up-to-date: /home/pi/work/maze_bot/programming/mbot_ws/install/mazebot_msgs/include/mazebot_msgs/mazebot_msgs/msg/mazebot_field_orientation.h\n'}
[2.854409] (mazebot_msgs) StdoutLine: {'line': b'-- Up-to-date: /home/pi/work/maze_bot/programming/mbot_ws/install/mazebot_msgs/include/mazebot_msgs/mazebot_msgs/msg/rosidl_generator_c__visibility_control.h\n'}
[2.855437] (mazebot_msgs) StdoutLine: {'line': b'-- Up-to-date: /home/pi/work/maze_bot/programming/mbot_ws/install/mazebot_msgs/include/mazebot_msgs/mazebot_msgs/msg/mazebot_neighboring_fields_wall_detection.h\n'}
[2.856631] (mazebot_msgs) StdoutLine: {'line': b'-- Up-to-date: /home/pi/work/maze_bot/programming/mbot_ws/install/mazebot_msgs/include/mazebot_msgs/mazebot_msgs/msg/lidar_scan_processed.h\n'}
[2.857546] (mazebot_msgs) StdoutLine: {'line': b'-- Up-to-date: /home/pi/work/maze_bot/programming/mbot_ws/install/mazebot_msgs/include/mazebot_msgs/mazebot_msgs/msg/detail\n'}
[2.858133] (mazebot_msgs) StdoutLine: {'line': b'-- Up-to-date: /home/pi/work/maze_bot/programming/mbot_ws/install/mazebot_msgs/include/mazebot_msgs/mazebot_msgs/msg/detail/mazebot_neighboring_fields_wall_detection__struct.h\n'}
[2.858678] (mazebot_msgs) StdoutLine: {'line': b'-- Up-to-date: /home/pi/work/maze_bot/programming/mbot_ws/install/mazebot_msgs/include/mazebot_msgs/mazebot_msgs/msg/detail/mazebot_field_orientation__functions.c\n'}
[2.859232] (mazebot_msgs) StdoutLine: {'line': b'-- Up-to-date: /home/pi/work/maze_bot/programming/mbot_ws/install/mazebot_msgs/include/mazebot_msgs/mazebot_msgs/msg/detail/mazebot_field_orientation__type_support.h\n'}
[2.860153] (mazebot_msgs) StdoutLine: {'line': b'-- Up-to-date: /home/pi/work/maze_bot/programming/mbot_ws/install/mazebot_msgs/include/mazebot_msgs/mazebot_msgs/msg/detail/mazebot_neighboring_fields_wall_detection__functions.c\n'}
[2.860686] (mazebot_msgs) StdoutLine: {'line': b'-- Up-to-date: /home/pi/work/maze_bot/programming/mbot_ws/install/mazebot_msgs/include/mazebot_msgs/mazebot_msgs/msg/detail/lidar_scan_processed__functions.c\n'}
[2.861204] (mazebot_msgs) StdoutLine: {'line': b'-- Up-to-date: /home/pi/work/maze_bot/programming/mbot_ws/install/mazebot_msgs/include/mazebot_msgs/mazebot_msgs/msg/detail/mazebot_neighboring_fields_wall_detection__functions.h\n'}
[2.861721] (mazebot_msgs) StdoutLine: {'line': b'-- Up-to-date: /home/pi/work/maze_bot/programming/mbot_ws/install/mazebot_msgs/include/mazebot_msgs/mazebot_msgs/msg/detail/mazebot_field_orientation__functions.h\n'}
[2.862026] (mazebot_msgs) StdoutLine: {'line': b'-- Up-to-date: /home/pi/work/maze_bot/programming/mbot_ws/install/mazebot_msgs/include/mazebot_msgs/mazebot_msgs/msg/detail/lidar_scan_processed__functions.h\n'}
[2.862316] (mazebot_msgs) StdoutLine: {'line': b'-- Up-to-date: /home/pi/work/maze_bot/programming/mbot_ws/install/mazebot_msgs/include/mazebot_msgs/mazebot_msgs/msg/detail/mazebot_field_orientation__struct.h\n'}
[2.862597] (mazebot_msgs) StdoutLine: {'line': b'-- Up-to-date: /home/pi/work/maze_bot/programming/mbot_ws/install/mazebot_msgs/include/mazebot_msgs/mazebot_msgs/msg/detail/mazebot_neighboring_fields_wall_detection__type_support.h\n'}
[2.862875] (mazebot_msgs) StdoutLine: {'line': b'-- Up-to-date: /home/pi/work/maze_bot/programming/mbot_ws/install/mazebot_msgs/include/mazebot_msgs/mazebot_msgs/msg/detail/lidar_scan_processed__type_support.h\n'}
[2.863228] (mazebot_msgs) StdoutLine: {'line': b'-- Up-to-date: /home/pi/work/maze_bot/programming/mbot_ws/install/mazebot_msgs/include/mazebot_msgs/mazebot_msgs/msg/detail/lidar_scan_processed__struct.h\n'}
[2.863512] (mazebot_msgs) StdoutLine: {'line': b'-- Up-to-date: /home/pi/work/maze_bot/programming/mbot_ws/install/mazebot_msgs/share/mazebot_msgs/environment/library_path.sh\n'}
[2.863867] (mazebot_msgs) StdoutLine: {'line': b'-- Up-to-date: /home/pi/work/maze_bot/programming/mbot_ws/install/mazebot_msgs/share/mazebot_msgs/environment/library_path.dsv\n'}
[2.864189] (mazebot_msgs) StdoutLine: {'line': b'-- Up-to-date: /home/pi/work/maze_bot/programming/mbot_ws/install/mazebot_msgs/lib/libmazebot_msgs__rosidl_generator_c.so\n'}
[2.865220] (mazebot_msgs) StdoutLine: {'line': b'-- Up-to-date: /home/pi/work/maze_bot/programming/mbot_ws/install/mazebot_msgs/include/mazebot_msgs/mazebot_msgs\n'}
[2.865786] (mazebot_msgs) StdoutLine: {'line': b'-- Up-to-date: /home/pi/work/maze_bot/programming/mbot_ws/install/mazebot_msgs/include/mazebot_msgs/mazebot_msgs/msg\n'}
[2.866110] (mazebot_msgs) StdoutLine: {'line': b'-- Up-to-date: /home/pi/work/maze_bot/programming/mbot_ws/install/mazebot_msgs/include/mazebot_msgs/mazebot_msgs/msg/rosidl_typesupport_fastrtps_c__visibility_control.h\n'}
[2.866976] (mazebot_msgs) StdoutLine: {'line': b'-- Up-to-date: /home/pi/work/maze_bot/programming/mbot_ws/install/mazebot_msgs/include/mazebot_msgs/mazebot_msgs/msg/detail\n'}
[2.867824] (mazebot_msgs) StdoutLine: {'line': b'-- Up-to-date: /home/pi/work/maze_bot/programming/mbot_ws/install/mazebot_msgs/include/mazebot_msgs/mazebot_msgs/msg/detail/mazebot_field_orientation__rosidl_typesupport_fastrtps_c.h\n'}
[2.868692] (mazebot_msgs) StdoutLine: {'line': b'-- Up-to-date: /home/pi/work/maze_bot/programming/mbot_ws/install/mazebot_msgs/include/mazebot_msgs/mazebot_msgs/msg/detail/lidar_scan_processed__rosidl_typesupport_fastrtps_c.h\n'}
[2.869869] (mazebot_msgs) StdoutLine: {'line': b'-- Up-to-date: /home/pi/work/maze_bot/programming/mbot_ws/install/mazebot_msgs/include/mazebot_msgs/mazebot_msgs/msg/detail/mazebot_neighboring_fields_wall_detection__rosidl_typesupport_fastrtps_c.h\n'}
[2.870720] (mazebot_msgs) StdoutLine: {'line': b'-- Up-to-date: /home/pi/work/maze_bot/programming/mbot_ws/install/mazebot_msgs/lib/libmazebot_msgs__rosidl_typesupport_fastrtps_c.so\n'}
[2.871865] (mazebot_msgs) StdoutLine: {'line': b'-- Up-to-date: /home/pi/work/maze_bot/programming/mbot_ws/install/mazebot_msgs/include/mazebot_msgs/mazebot_msgs\n'}
[2.872934] (mazebot_msgs) StdoutLine: {'line': b'-- Up-to-date: /home/pi/work/maze_bot/programming/mbot_ws/install/mazebot_msgs/include/mazebot_msgs/mazebot_msgs/msg\n'}
[2.873589] (mazebot_msgs) StdoutLine: {'line': b'-- Up-to-date: /home/pi/work/maze_bot/programming/mbot_ws/install/mazebot_msgs/include/mazebot_msgs/mazebot_msgs/msg/mazebot_field_orientation.hpp\n'}
[2.873945] (mazebot_msgs) StdoutLine: {'line': b'-- Up-to-date: /home/pi/work/maze_bot/programming/mbot_ws/install/mazebot_msgs/include/mazebot_msgs/mazebot_msgs/msg/detail\n'}
[2.874229] (mazebot_msgs) StdoutLine: {'line': b'-- Up-to-date: /home/pi/work/maze_bot/programming/mbot_ws/install/mazebot_msgs/include/mazebot_msgs/mazebot_msgs/msg/detail/lidar_scan_processed__builder.hpp\n'}
[2.874507] (mazebot_msgs) StdoutLine: {'line': b'-- Up-to-date: /home/pi/work/maze_bot/programming/mbot_ws/install/mazebot_msgs/include/mazebot_msgs/mazebot_msgs/msg/detail/lidar_scan_processed__traits.hpp\n'}
[2.874794] (mazebot_msgs) StdoutLine: {'line': b'-- Up-to-date: /home/pi/work/maze_bot/programming/mbot_ws/install/mazebot_msgs/include/mazebot_msgs/mazebot_msgs/msg/detail/mazebot_neighboring_fields_wall_detection__builder.hpp\n'}
[2.875104] (mazebot_msgs) StdoutLine: {'line': b'-- Up-to-date: /home/pi/work/maze_bot/programming/mbot_ws/install/mazebot_msgs/include/mazebot_msgs/mazebot_msgs/msg/detail/mazebot_field_orientation__builder.hpp\n'}
[2.875439] (mazebot_msgs) StdoutLine: {'line': b'-- Up-to-date: /home/pi/work/maze_bot/programming/mbot_ws/install/mazebot_msgs/include/mazebot_msgs/mazebot_msgs/msg/detail/lidar_scan_processed__struct.hpp\n'}
[2.875705] (mazebot_msgs) StdoutLine: {'line': b'-- Up-to-date: /home/pi/work/maze_bot/programming/mbot_ws/install/mazebot_msgs/include/mazebot_msgs/mazebot_msgs/msg/detail/mazebot_field_orientation__traits.hpp\n'}
[2.876427] (mazebot_msgs) StdoutLine: {'line': b'-- Up-to-date: /home/pi/work/maze_bot/programming/mbot_ws/install/mazebot_msgs/include/mazebot_msgs/mazebot_msgs/msg/detail/mazebot_neighboring_fields_wall_detection__traits.hpp\n'}
[2.879579] (mazebot_msgs) StdoutLine: {'line': b'-- Up-to-date: /home/pi/work/maze_bot/programming/mbot_ws/install/mazebot_msgs/include/mazebot_msgs/mazebot_msgs/msg/detail/mazebot_neighboring_fields_wall_detection__struct.hpp\n'}
[2.880752] (mazebot_msgs) StdoutLine: {'line': b'-- Up-to-date: /home/pi/work/maze_bot/programming/mbot_ws/install/mazebot_msgs/include/mazebot_msgs/mazebot_msgs/msg/detail/mazebot_field_orientation__struct.hpp\n'}
[2.881162] (mazebot_msgs) StdoutLine: {'line': b'-- Up-to-date: /home/pi/work/maze_bot/programming/mbot_ws/install/mazebot_msgs/include/mazebot_msgs/mazebot_msgs/msg/lidar_scan_processed.hpp\n'}
[2.881449] (mazebot_msgs) StdoutLine: {'line': b'-- Up-to-date: /home/pi/work/maze_bot/programming/mbot_ws/install/mazebot_msgs/include/mazebot_msgs/mazebot_msgs/msg/mazebot_neighboring_fields_wall_detection.hpp\n'}
[2.881806] (mazebot_msgs) StdoutLine: {'line': b'-- Up-to-date: /home/pi/work/maze_bot/programming/mbot_ws/install/mazebot_msgs/include/mazebot_msgs/mazebot_msgs\n'}
[2.882297] (mazebot_msgs) StdoutLine: {'line': b'-- Up-to-date: /home/pi/work/maze_bot/programming/mbot_ws/install/mazebot_msgs/include/mazebot_msgs/mazebot_msgs/msg\n'}
[2.882788] (mazebot_msgs) StdoutLine: {'line': b'-- Up-to-date: /home/pi/work/maze_bot/programming/mbot_ws/install/mazebot_msgs/include/mazebot_msgs/mazebot_msgs/msg/rosidl_typesupport_fastrtps_cpp__visibility_control.h\n'}
[2.883187] (mazebot_msgs) StdoutLine: {'line': b'-- Up-to-date: /home/pi/work/maze_bot/programming/mbot_ws/install/mazebot_msgs/include/mazebot_msgs/mazebot_msgs/msg/detail\n'}
[2.883499] (mazebot_msgs) StdoutLine: {'line': b'-- Up-to-date: /home/pi/work/maze_bot/programming/mbot_ws/install/mazebot_msgs/include/mazebot_msgs/mazebot_msgs/msg/detail/mazebot_neighboring_fields_wall_detection__rosidl_typesupport_fastrtps_cpp.hpp\n'}
[2.883885] (mazebot_msgs) StdoutLine: {'line': b'-- Up-to-date: /home/pi/work/maze_bot/programming/mbot_ws/install/mazebot_msgs/include/mazebot_msgs/mazebot_msgs/msg/detail/lidar_scan_processed__rosidl_typesupport_fastrtps_cpp.hpp\n'}
[2.884771] (mazebot_msgs) StdoutLine: {'line': b'-- Up-to-date: /home/pi/work/maze_bot/programming/mbot_ws/install/mazebot_msgs/include/mazebot_msgs/mazebot_msgs/msg/detail/mazebot_field_orientation__rosidl_typesupport_fastrtps_cpp.hpp\n'}
[2.885097] (mazebot_msgs) StdoutLine: {'line': b'-- Up-to-date: /home/pi/work/maze_bot/programming/mbot_ws/install/mazebot_msgs/include/mazebot_msgs/mazebot_msgs/msg/detail/dds_fastrtps\n'}
[2.885433] (mazebot_msgs) StdoutLine: {'line': b'-- Up-to-date: /home/pi/work/maze_bot/programming/mbot_ws/install/mazebot_msgs/lib/libmazebot_msgs__rosidl_typesupport_fastrtps_cpp.so\n'}
[2.885727] (mazebot_msgs) StdoutLine: {'line': b'-- Up-to-date: /home/pi/work/maze_bot/programming/mbot_ws/install/mazebot_msgs/include/mazebot_msgs/mazebot_msgs\n'}
[2.886441] (mazebot_msgs) StdoutLine: {'line': b'-- Up-to-date: /home/pi/work/maze_bot/programming/mbot_ws/install/mazebot_msgs/include/mazebot_msgs/mazebot_msgs/msg\n'}
[2.886753] (mazebot_msgs) StdoutLine: {'line': b'-- Up-to-date: /home/pi/work/maze_bot/programming/mbot_ws/install/mazebot_msgs/include/mazebot_msgs/mazebot_msgs/msg/rosidl_typesupport_introspection_c__visibility_control.h\n'}
[2.887389] (mazebot_msgs) StdoutLine: {'line': b'-- Up-to-date: /home/pi/work/maze_bot/programming/mbot_ws/install/mazebot_msgs/include/mazebot_msgs/mazebot_msgs/msg/detail\n'}
[2.888380] (mazebot_msgs) StdoutLine: {'line': b'-- Up-to-date: /home/pi/work/maze_bot/programming/mbot_ws/install/mazebot_msgs/include/mazebot_msgs/mazebot_msgs/msg/detail/mazebot_field_orientation__rosidl_typesupport_introspection_c.h\n'}
[2.889412] (mazebot_msgs) StdoutLine: {'line': b'-- Up-to-date: /home/pi/work/maze_bot/programming/mbot_ws/install/mazebot_msgs/include/mazebot_msgs/mazebot_msgs/msg/detail/mazebot_field_orientation__type_support.c\n'}
[2.890233] (mazebot_msgs) StdoutLine: {'line': b'-- Up-to-date: /home/pi/work/maze_bot/programming/mbot_ws/install/mazebot_msgs/include/mazebot_msgs/mazebot_msgs/msg/detail/mazebot_neighboring_fields_wall_detection__rosidl_typesupport_introspection_c.h\n'}
[2.890887] (mazebot_msgs) StdoutLine: {'line': b'-- Up-to-date: /home/pi/work/maze_bot/programming/mbot_ws/install/mazebot_msgs/include/mazebot_msgs/mazebot_msgs/msg/detail/lidar_scan_processed__rosidl_typesupport_introspection_c.h\n'}
[2.891203] (mazebot_msgs) StdoutLine: {'line': b'-- Up-to-date: /home/pi/work/maze_bot/programming/mbot_ws/install/mazebot_msgs/include/mazebot_msgs/mazebot_msgs/msg/detail/lidar_scan_processed__type_support.c\n'}
[2.891557] (mazebot_msgs) StdoutLine: {'line': b'-- Up-to-date: /home/pi/work/maze_bot/programming/mbot_ws/install/mazebot_msgs/include/mazebot_msgs/mazebot_msgs/msg/detail/mazebot_neighboring_fields_wall_detection__type_support.c\n'}
[2.892272] (mazebot_msgs) StdoutLine: {'line': b'-- Up-to-date: /home/pi/work/maze_bot/programming/mbot_ws/install/mazebot_msgs/lib/libmazebot_msgs__rosidl_typesupport_introspection_c.so\n'}
[2.892606] (mazebot_msgs) StdoutLine: {'line': b'-- Up-to-date: /home/pi/work/maze_bot/programming/mbot_ws/install/mazebot_msgs/lib/libmazebot_msgs__rosidl_typesupport_c.so\n'}
[2.892889] (mazebot_msgs) StdoutLine: {'line': b'-- Up-to-date: /home/pi/work/maze_bot/programming/mbot_ws/install/mazebot_msgs/include/mazebot_msgs/mazebot_msgs\n'}
[2.893190] (mazebot_msgs) StdoutLine: {'line': b'-- Up-to-date: /home/pi/work/maze_bot/programming/mbot_ws/install/mazebot_msgs/include/mazebot_msgs/mazebot_msgs/msg\n'}
[2.893467] (mazebot_msgs) StdoutLine: {'line': b'-- Up-to-date: /home/pi/work/maze_bot/programming/mbot_ws/install/mazebot_msgs/include/mazebot_msgs/mazebot_msgs/msg/detail\n'}
[2.893742] (mazebot_msgs) StdoutLine: {'line': b'-- Up-to-date: /home/pi/work/maze_bot/programming/mbot_ws/install/mazebot_msgs/include/mazebot_msgs/mazebot_msgs/msg/detail/mazebot_neighboring_fields_wall_detection__rosidl_typesupport_introspection_cpp.hpp\n'}
[2.894361] (mazebot_msgs) StdoutLine: {'line': b'-- Up-to-date: /home/pi/work/maze_bot/programming/mbot_ws/install/mazebot_msgs/include/mazebot_msgs/mazebot_msgs/msg/detail/mazebot_neighboring_fields_wall_detection__type_support.cpp\n'}
[2.894743] (mazebot_msgs) StdoutLine: {'line': b'-- Up-to-date: /home/pi/work/maze_bot/programming/mbot_ws/install/mazebot_msgs/include/mazebot_msgs/mazebot_msgs/msg/detail/mazebot_field_orientation__type_support.cpp\n'}
[2.895180] (mazebot_msgs) StdoutLine: {'line': b'-- Up-to-date: /home/pi/work/maze_bot/programming/mbot_ws/install/mazebot_msgs/include/mazebot_msgs/mazebot_msgs/msg/detail/lidar_scan_processed__type_support.cpp\n'}
[2.895908] (mazebot_msgs) StdoutLine: {'line': b'-- Up-to-date: /home/pi/work/maze_bot/programming/mbot_ws/install/mazebot_msgs/include/mazebot_msgs/mazebot_msgs/msg/detail/mazebot_field_orientation__rosidl_typesupport_introspection_cpp.hpp\n'}
[2.896825] (mazebot_msgs) StdoutLine: {'line': b'-- Up-to-date: /home/pi/work/maze_bot/programming/mbot_ws/install/mazebot_msgs/include/mazebot_msgs/mazebot_msgs/msg/detail/lidar_scan_processed__rosidl_typesupport_introspection_cpp.hpp\n'}
[2.897500] (mazebot_msgs) StdoutLine: {'line': b'-- Up-to-date: /home/pi/work/maze_bot/programming/mbot_ws/install/mazebot_msgs/lib/libmazebot_msgs__rosidl_typesupport_introspection_cpp.so\n'}
[2.897840] (mazebot_msgs) StdoutLine: {'line': b'-- Up-to-date: /home/pi/work/maze_bot/programming/mbot_ws/install/mazebot_msgs/lib/libmazebot_msgs__rosidl_typesupport_cpp.so\n'}
[2.898128] (mazebot_msgs) StdoutLine: {'line': b'-- Up-to-date: /home/pi/work/maze_bot/programming/mbot_ws/install/mazebot_msgs/share/mazebot_msgs/environment/pythonpath.sh\n'}
[2.898730] (mazebot_msgs) StdoutLine: {'line': b'-- Up-to-date: /home/pi/work/maze_bot/programming/mbot_ws/install/mazebot_msgs/share/mazebot_msgs/environment/pythonpath.dsv\n'}
[2.899122] (mazebot_msgs) StdoutLine: {'line': b'-- Up-to-date: /home/pi/work/maze_bot/programming/mbot_ws/install/mazebot_msgs/local/lib/python3.10/dist-packages/mazebot_msgs-1.0.0-py3.10.egg-info\n'}
[2.899427] (mazebot_msgs) StdoutLine: {'line': b'-- Installing: /home/pi/work/maze_bot/programming/mbot_ws/install/mazebot_msgs/local/lib/python3.10/dist-packages/mazebot_msgs-1.0.0-py3.10.egg-info/PKG-INFO\n'}
[2.899697] (mazebot_msgs) StdoutLine: {'line': b'-- Installing: /home/pi/work/maze_bot/programming/mbot_ws/install/mazebot_msgs/local/lib/python3.10/dist-packages/mazebot_msgs-1.0.0-py3.10.egg-info/top_level.txt\n'}
[2.900529] (mazebot_msgs) StdoutLine: {'line': b'-- Installing: /home/pi/work/maze_bot/programming/mbot_ws/install/mazebot_msgs/local/lib/python3.10/dist-packages/mazebot_msgs-1.0.0-py3.10.egg-info/SOURCES.txt\n'}
[2.901632] (mazebot_msgs) StdoutLine: {'line': b'-- Installing: /home/pi/work/maze_bot/programming/mbot_ws/install/mazebot_msgs/local/lib/python3.10/dist-packages/mazebot_msgs-1.0.0-py3.10.egg-info/dependency_links.txt\n'}
[2.903239] (mazebot_msgs) StdoutLine: {'line': b'-- Up-to-date: /home/pi/work/maze_bot/programming/mbot_ws/install/mazebot_msgs/local/lib/python3.10/dist-packages/mazebot_msgs\n'}
[2.904474] (mazebot_msgs) StdoutLine: {'line': b'-- Up-to-date: /home/pi/work/maze_bot/programming/mbot_ws/install/mazebot_msgs/local/lib/python3.10/dist-packages/mazebot_msgs/_mazebot_msgs_s.ep.rosidl_typesupport_introspection_c.c\n'}
[2.905253] (mazebot_msgs) StdoutLine: {'line': b'-- Up-to-date: /home/pi/work/maze_bot/programming/mbot_ws/install/mazebot_msgs/local/lib/python3.10/dist-packages/mazebot_msgs/mazebot_msgs_s__rosidl_typesupport_fastrtps_c.cpython-310-aarch64-linux-gnu.so\n'}
[2.906368] (mazebot_msgs) StdoutLine: {'line': b'-- Up-to-date: /home/pi/work/maze_bot/programming/mbot_ws/install/mazebot_msgs/local/lib/python3.10/dist-packages/mazebot_msgs/msg\n'}
[2.907324] (mazebot_msgs) StdoutLine: {'line': b'-- Up-to-date: /home/pi/work/maze_bot/programming/mbot_ws/install/mazebot_msgs/local/lib/python3.10/dist-packages/mazebot_msgs/msg/_mazebot_neighboring_fields_wall_detection.py\n'}
[2.908387] (mazebot_msgs) StdoutLine: {'line': b'-- Up-to-date: /home/pi/work/maze_bot/programming/mbot_ws/install/mazebot_msgs/local/lib/python3.10/dist-packages/mazebot_msgs/msg/_mazebot_field_orientation_s.c\n'}
[2.909277] (mazebot_msgs) StdoutLine: {'line': b'-- Up-to-date: /home/pi/work/maze_bot/programming/mbot_ws/install/mazebot_msgs/local/lib/python3.10/dist-packages/mazebot_msgs/msg/__init__.py\n'}
[2.909741] (mazebot_msgs) StdoutLine: {'line': b'-- Up-to-date: /home/pi/work/maze_bot/programming/mbot_ws/install/mazebot_msgs/local/lib/python3.10/dist-packages/mazebot_msgs/msg/_lidar_scan_processed_s.c\n'}
[2.910124] (mazebot_msgs) StdoutLine: {'line': b'-- Up-to-date: /home/pi/work/maze_bot/programming/mbot_ws/install/mazebot_msgs/local/lib/python3.10/dist-packages/mazebot_msgs/msg/_mazebot_neighboring_fields_wall_detection_s.c\n'}
[2.910516] (mazebot_msgs) StdoutLine: {'line': b'-- Up-to-date: /home/pi/work/maze_bot/programming/mbot_ws/install/mazebot_msgs/local/lib/python3.10/dist-packages/mazebot_msgs/msg/_mazebot_field_orientation.py\n'}
[2.910828] (mazebot_msgs) StdoutLine: {'line': b'-- Up-to-date: /home/pi/work/maze_bot/programming/mbot_ws/install/mazebot_msgs/local/lib/python3.10/dist-packages/mazebot_msgs/msg/_lidar_scan_processed.py\n'}
[2.911095] (mazebot_msgs) StdoutLine: {'line': b'-- Up-to-date: /home/pi/work/maze_bot/programming/mbot_ws/install/mazebot_msgs/local/lib/python3.10/dist-packages/mazebot_msgs/_mazebot_msgs_s.ep.rosidl_typesupport_fastrtps_c.c\n'}
[2.911423] (mazebot_msgs) StdoutLine: {'line': b'-- Up-to-date: /home/pi/work/maze_bot/programming/mbot_ws/install/mazebot_msgs/local/lib/python3.10/dist-packages/mazebot_msgs/__init__.py\n'}
[2.912017] (mazebot_msgs) StdoutLine: {'line': b'-- Up-to-date: /home/pi/work/maze_bot/programming/mbot_ws/install/mazebot_msgs/local/lib/python3.10/dist-packages/mazebot_msgs/mazebot_msgs_s__rosidl_typesupport_c.cpython-310-aarch64-linux-gnu.so\n'}
[2.912570] (mazebot_msgs) StdoutLine: {'line': b'-- Up-to-date: /home/pi/work/maze_bot/programming/mbot_ws/install/mazebot_msgs/local/lib/python3.10/dist-packages/mazebot_msgs/libmazebot_msgs__rosidl_generator_py.so\n'}
[2.912889] (mazebot_msgs) StdoutLine: {'line': b'-- Up-to-date: /home/pi/work/maze_bot/programming/mbot_ws/install/mazebot_msgs/local/lib/python3.10/dist-packages/mazebot_msgs/_mazebot_msgs_s.ep.rosidl_typesupport_c.c\n'}
[2.913222] (mazebot_msgs) StdoutLine: {'line': b'-- Up-to-date: /home/pi/work/maze_bot/programming/mbot_ws/install/mazebot_msgs/local/lib/python3.10/dist-packages/mazebot_msgs/mazebot_msgs_s__rosidl_typesupport_introspection_c.cpython-310-aarch64-linux-gnu.so\n'}
[2.931619] (-) TimerEvent: {}
[3.032031] (-) TimerEvent: {}
[3.069448] (mazebot_msgs) StdoutLine: {'line': b"Listing '/home/pi/work/maze_bot/programming/mbot_ws/install/mazebot_msgs/local/lib/python3.10/dist-packages/mazebot_msgs'...\n"}
[3.070847] (mazebot_msgs) StdoutLine: {'line': b"Listing '/home/pi/work/maze_bot/programming/mbot_ws/install/mazebot_msgs/local/lib/python3.10/dist-packages/mazebot_msgs/msg'...\n"}
[3.092895] (mazebot_msgs) StdoutLine: {'line': b'-- Up-to-date: /home/pi/work/maze_bot/programming/mbot_ws/install/mazebot_msgs/local/lib/python3.10/dist-packages/mazebot_msgs/mazebot_msgs_s__rosidl_typesupport_fastrtps_c.cpython-310-aarch64-linux-gnu.so\n'}
[3.095223] (mazebot_msgs) StdoutLine: {'line': b'-- Up-to-date: /home/pi/work/maze_bot/programming/mbot_ws/install/mazebot_msgs/local/lib/python3.10/dist-packages/mazebot_msgs/mazebot_msgs_s__rosidl_typesupport_introspection_c.cpython-310-aarch64-linux-gnu.so\n'}
[3.097637] (mazebot_msgs) StdoutLine: {'line': b'-- Up-to-date: /home/pi/work/maze_bot/programming/mbot_ws/install/mazebot_msgs/local/lib/python3.10/dist-packages/mazebot_msgs/mazebot_msgs_s__rosidl_typesupport_c.cpython-310-aarch64-linux-gnu.so\n'}
[3.099943] (mazebot_msgs) StdoutLine: {'line': b'-- Up-to-date: /home/pi/work/maze_bot/programming/mbot_ws/install/mazebot_msgs/lib/libmazebot_msgs__rosidl_generator_py.so\n'}
[3.101425] (mazebot_msgs) StdoutLine: {'line': b'-- Up-to-date: /home/pi/work/maze_bot/programming/mbot_ws/install/mazebot_msgs/share/mazebot_msgs/msg/LidarScanProcessed.idl\n'}
[3.102417] (mazebot_msgs) StdoutLine: {'line': b'-- Up-to-date: /home/pi/work/maze_bot/programming/mbot_ws/install/mazebot_msgs/share/mazebot_msgs/msg/MazebotFieldOrientation.idl\n'}
[3.103620] (mazebot_msgs) StdoutLine: {'line': b'-- Up-to-date: /home/pi/work/maze_bot/programming/mbot_ws/install/mazebot_msgs/share/mazebot_msgs/msg/MazebotNeighboringFieldsWallDetection.idl\n'}
[3.104680] (mazebot_msgs) StdoutLine: {'line': b'-- Up-to-date: /home/pi/work/maze_bot/programming/mbot_ws/install/mazebot_msgs/share/mazebot_msgs/msg/LidarScanProcessed.msg\n'}
[3.105712] (mazebot_msgs) StdoutLine: {'line': b'-- Up-to-date: /home/pi/work/maze_bot/programming/mbot_ws/install/mazebot_msgs/share/mazebot_msgs/msg/MazebotFieldOrientation.msg\n'}
[3.106661] (mazebot_msgs) StdoutLine: {'line': b'-- Up-to-date: /home/pi/work/maze_bot/programming/mbot_ws/install/mazebot_msgs/share/mazebot_msgs/msg/MazebotNeighboringFieldsWallDetection.msg\n'}
[3.107888] (mazebot_msgs) StdoutLine: {'line': b'-- Up-to-date: /home/pi/work/maze_bot/programming/mbot_ws/install/mazebot_msgs/share/ament_index/resource_index/package_run_dependencies/mazebot_msgs\n'}
[3.108871] (mazebot_msgs) StdoutLine: {'line': b'-- Up-to-date: /home/pi/work/maze_bot/programming/mbot_ws/install/mazebot_msgs/share/ament_index/resource_index/parent_prefix_path/mazebot_msgs\n'}
[3.109243] (mazebot_msgs) StdoutLine: {'line': b'-- Up-to-date: /home/pi/work/maze_bot/programming/mbot_ws/install/mazebot_msgs/share/mazebot_msgs/environment/ament_prefix_path.sh\n'}
[3.109557] (mazebot_msgs) StdoutLine: {'line': b'-- Up-to-date: /home/pi/work/maze_bot/programming/mbot_ws/install/mazebot_msgs/share/mazebot_msgs/environment/ament_prefix_path.dsv\n'}
[3.109867] (mazebot_msgs) StdoutLine: {'line': b'-- Up-to-date: /home/pi/work/maze_bot/programming/mbot_ws/install/mazebot_msgs/share/mazebot_msgs/environment/path.sh\n'}
[3.110629] (mazebot_msgs) StdoutLine: {'line': b'-- Up-to-date: /home/pi/work/maze_bot/programming/mbot_ws/install/mazebot_msgs/share/mazebot_msgs/environment/path.dsv\n'}
[3.110975] (mazebot_msgs) StdoutLine: {'line': b'-- Up-to-date: /home/pi/work/maze_bot/programming/mbot_ws/install/mazebot_msgs/share/mazebot_msgs/local_setup.bash\n'}
[3.111958] (mazebot_msgs) StdoutLine: {'line': b'-- Up-to-date: /home/pi/work/maze_bot/programming/mbot_ws/install/mazebot_msgs/share/mazebot_msgs/local_setup.sh\n'}
[3.112340] (mazebot_msgs) StdoutLine: {'line': b'-- Up-to-date: /home/pi/work/maze_bot/programming/mbot_ws/install/mazebot_msgs/share/mazebot_msgs/local_setup.zsh\n'}
[3.113353] (mazebot_msgs) StdoutLine: {'line': b'-- Up-to-date: /home/pi/work/maze_bot/programming/mbot_ws/install/mazebot_msgs/share/mazebot_msgs/local_setup.dsv\n'}
[3.113770] (mazebot_msgs) StdoutLine: {'line': b'-- Installing: /home/pi/work/maze_bot/programming/mbot_ws/install/mazebot_msgs/share/mazebot_msgs/package.dsv\n'}
[3.114383] (mazebot_msgs) StdoutLine: {'line': b'-- Up-to-date: /home/pi/work/maze_bot/programming/mbot_ws/install/mazebot_msgs/share/ament_index/resource_index/packages/mazebot_msgs\n'}
[3.114791] (mazebot_msgs) StdoutLine: {'line': b'-- Up-to-date: /home/pi/work/maze_bot/programming/mbot_ws/install/mazebot_msgs/share/mazebot_msgs/cmake/export_mazebot_msgs__rosidl_generator_cExport.cmake\n'}
[3.115580] (mazebot_msgs) StdoutLine: {'line': b'-- Up-to-date: /home/pi/work/maze_bot/programming/mbot_ws/install/mazebot_msgs/share/mazebot_msgs/cmake/export_mazebot_msgs__rosidl_generator_cExport-noconfig.cmake\n'}
[3.116398] (mazebot_msgs) StdoutLine: {'line': b'-- Up-to-date: /home/pi/work/maze_bot/programming/mbot_ws/install/mazebot_msgs/share/mazebot_msgs/cmake/export_mazebot_msgs__rosidl_typesupport_fastrtps_cExport.cmake\n'}
[3.117085] (mazebot_msgs) StdoutLine: {'line': b'-- Up-to-date: /home/pi/work/maze_bot/programming/mbot_ws/install/mazebot_msgs/share/mazebot_msgs/cmake/export_mazebot_msgs__rosidl_typesupport_fastrtps_cExport-noconfig.cmake\n'}
[3.117770] (mazebot_msgs) StdoutLine: {'line': b'-- Up-to-date: /home/pi/work/maze_bot/programming/mbot_ws/install/mazebot_msgs/share/mazebot_msgs/cmake/export_mazebot_msgs__rosidl_generator_cppExport.cmake\n'}
[3.118383] (mazebot_msgs) StdoutLine: {'line': b'-- Up-to-date: /home/pi/work/maze_bot/programming/mbot_ws/install/mazebot_msgs/share/mazebot_msgs/cmake/export_mazebot_msgs__rosidl_typesupport_fastrtps_cppExport.cmake\n'}
[3.119107] (mazebot_msgs) StdoutLine: {'line': b'-- Up-to-date: /home/pi/work/maze_bot/programming/mbot_ws/install/mazebot_msgs/share/mazebot_msgs/cmake/export_mazebot_msgs__rosidl_typesupport_fastrtps_cppExport-noconfig.cmake\n'}
[3.119464] (mazebot_msgs) StdoutLine: {'line': b'-- Up-to-date: /home/pi/work/maze_bot/programming/mbot_ws/install/mazebot_msgs/share/mazebot_msgs/cmake/mazebot_msgs__rosidl_typesupport_introspection_cExport.cmake\n'}
[3.120623] (mazebot_msgs) StdoutLine: {'line': b'-- Up-to-date: /home/pi/work/maze_bot/programming/mbot_ws/install/mazebot_msgs/share/mazebot_msgs/cmake/mazebot_msgs__rosidl_typesupport_introspection_cExport-noconfig.cmake\n'}
[3.120999] (mazebot_msgs) StdoutLine: {'line': b'-- Up-to-date: /home/pi/work/maze_bot/programming/mbot_ws/install/mazebot_msgs/share/mazebot_msgs/cmake/mazebot_msgs__rosidl_typesupport_cExport.cmake\n'}
[3.121937] (mazebot_msgs) StdoutLine: {'line': b'-- Up-to-date: /home/pi/work/maze_bot/programming/mbot_ws/install/mazebot_msgs/share/mazebot_msgs/cmake/mazebot_msgs__rosidl_typesupport_cExport-noconfig.cmake\n'}
[3.122361] (mazebot_msgs) StdoutLine: {'line': b'-- Up-to-date: /home/pi/work/maze_bot/programming/mbot_ws/install/mazebot_msgs/share/mazebot_msgs/cmake/mazebot_msgs__rosidl_typesupport_introspection_cppExport.cmake\n'}
[3.123034] (mazebot_msgs) StdoutLine: {'line': b'-- Up-to-date: /home/pi/work/maze_bot/programming/mbot_ws/install/mazebot_msgs/share/mazebot_msgs/cmake/mazebot_msgs__rosidl_typesupport_introspection_cppExport-noconfig.cmake\n'}
[3.124040] (mazebot_msgs) StdoutLine: {'line': b'-- Up-to-date: /home/pi/work/maze_bot/programming/mbot_ws/install/mazebot_msgs/share/mazebot_msgs/cmake/mazebot_msgs__rosidl_typesupport_cppExport.cmake\n'}
[3.125031] (mazebot_msgs) StdoutLine: {'line': b'-- Up-to-date: /home/pi/work/maze_bot/programming/mbot_ws/install/mazebot_msgs/share/mazebot_msgs/cmake/mazebot_msgs__rosidl_typesupport_cppExport-noconfig.cmake\n'}
[3.125976] (mazebot_msgs) StdoutLine: {'line': b'-- Up-to-date: /home/pi/work/maze_bot/programming/mbot_ws/install/mazebot_msgs/share/mazebot_msgs/cmake/export_mazebot_msgs__rosidl_generator_pyExport.cmake\n'}
[3.126935] (mazebot_msgs) StdoutLine: {'line': b'-- Up-to-date: /home/pi/work/maze_bot/programming/mbot_ws/install/mazebot_msgs/share/mazebot_msgs/cmake/export_mazebot_msgs__rosidl_generator_pyExport-noconfig.cmake\n'}
[3.128149] (mazebot_msgs) StdoutLine: {'line': b'-- Up-to-date: /home/pi/work/maze_bot/programming/mbot_ws/install/mazebot_msgs/share/mazebot_msgs/cmake/rosidl_cmake-extras.cmake\n'}
[3.128617] (mazebot_msgs) StdoutLine: {'line': b'-- Up-to-date: /home/pi/work/maze_bot/programming/mbot_ws/install/mazebot_msgs/share/mazebot_msgs/cmake/ament_cmake_export_dependencies-extras.cmake\n'}
[3.128962] (mazebot_msgs) StdoutLine: {'line': b'-- Up-to-date: /home/pi/work/maze_bot/programming/mbot_ws/install/mazebot_msgs/share/mazebot_msgs/cmake/ament_cmake_export_include_directories-extras.cmake\n'}
[3.129289] (mazebot_msgs) StdoutLine: {'line': b'-- Up-to-date: /home/pi/work/maze_bot/programming/mbot_ws/install/mazebot_msgs/share/mazebot_msgs/cmake/ament_cmake_export_libraries-extras.cmake\n'}
[3.129693] (mazebot_msgs) StdoutLine: {'line': b'-- Up-to-date: /home/pi/work/maze_bot/programming/mbot_ws/install/mazebot_msgs/share/mazebot_msgs/cmake/ament_cmake_export_targets-extras.cmake\n'}
[3.130159] (mazebot_msgs) StdoutLine: {'line': b'-- Up-to-date: /home/pi/work/maze_bot/programming/mbot_ws/install/mazebot_msgs/share/mazebot_msgs/cmake/rosidl_cmake_export_typesupport_targets-extras.cmake\n'}
[3.130522] (mazebot_msgs) StdoutLine: {'line': b'-- Up-to-date: /home/pi/work/maze_bot/programming/mbot_ws/install/mazebot_msgs/share/mazebot_msgs/cmake/rosidl_cmake_export_typesupport_libraries-extras.cmake\n'}
[3.130882] (mazebot_msgs) StdoutLine: {'line': b'-- Up-to-date: /home/pi/work/maze_bot/programming/mbot_ws/install/mazebot_msgs/share/mazebot_msgs/cmake/mazebot_msgsConfig.cmake\n'}
[3.131276] (mazebot_msgs) StdoutLine: {'line': b'-- Up-to-date: /home/pi/work/maze_bot/programming/mbot_ws/install/mazebot_msgs/share/mazebot_msgs/cmake/mazebot_msgsConfig-version.cmake\n'}
[3.131703] (mazebot_msgs) StdoutLine: {'line': b'-- Up-to-date: /home/pi/work/maze_bot/programming/mbot_ws/install/mazebot_msgs/share/mazebot_msgs/package.xml\n'}
[3.132449] (-) TimerEvent: {}
[3.134627] (mazebot_msgs) CommandEnded: {'returncode': 0}
[3.232767] (-) TimerEvent: {}
[3.333220] (-) TimerEvent: {}
[3.433651] (-) TimerEvent: {}
[3.534022] (-) TimerEvent: {}
[3.634382] (-) TimerEvent: {}
[3.734789] (-) TimerEvent: {}
[3.754696] (mazebot_msgs) JobEnded: {'identifier': 'mazebot_msgs', 'rc': 0}
[3.763722] (robocup) JobStarted: {'identifier': 'robocup'}
[3.835053] (-) TimerEvent: {}
[3.935570] (-) TimerEvent: {}
[4.036010] (-) TimerEvent: {}
[4.136398] (-) TimerEvent: {}
[4.236781] (-) TimerEvent: {}
[4.337144] (-) TimerEvent: {}
[4.437504] (-) TimerEvent: {}
[4.537873] (-) TimerEvent: {}
[4.638263] (-) TimerEvent: {}
[4.738678] (-) TimerEvent: {}
[4.839107] (-) TimerEvent: {}
[4.939525] (-) TimerEvent: {}
[5.039991] (-) TimerEvent: {}
[5.140595] (-) TimerEvent: {}
[5.241029] (-) TimerEvent: {}
[5.341439] (-) TimerEvent: {}
[5.441903] (-) TimerEvent: {}
[5.542327] (-) TimerEvent: {}
[5.642717] (-) TimerEvent: {}
[5.743112] (-) TimerEvent: {}
[5.843695] (-) TimerEvent: {}
[5.944118] (-) TimerEvent: {}
[6.044499] (-) TimerEvent: {}
[6.144941] (-) TimerEvent: {}
[6.245403] (-) TimerEvent: {}
[6.345906] (-) TimerEvent: {}
[6.446323] (-) TimerEvent: {}
[6.546768] (-) TimerEvent: {}
[6.647153] (-) TimerEvent: {}
[6.747651] (-) TimerEvent: {}
[6.811925] (robocup) Command: {'cmd': ['/usr/bin/python3', 'setup.py', 'egg_info', '--egg-base', '../../build/robocup', 'build', '--build-base', '/home/pi/work/maze_bot/programming/mbot_ws/build/robocup/build', 'install', '--record', '/home/pi/work/maze_bot/programming/mbot_ws/build/robocup/install.log', '--single-version-externally-managed'], 'cwd': '/home/pi/work/maze_bot/programming/mbot_ws/src/robocup', 'env': {'SHLVL': '1', 'LD_LIBRARY_PATH': '/home/pi/work/maze_bot/programming/mbot_ws/install/mazebot_msgs/lib:/opt/ros/humble/opt/rviz_ogre_vendor/lib:/opt/ros/humble/lib/aarch64-linux-gnu:/opt/ros/humble/lib', 'OLDPWD': '/', 'ROS_PYTHON_VERSION': '3', 'SYSTEMD_EXEC_PID': '5394', 'COLCON_PREFIX_PATH': '/home/pi/work/maze_bot/programming/mbot_ws/install', 'ROS_DISTRO': 'humble', 'JOURNAL_STREAM': '8:36176', '_': '/usr/bin/colcon', 'ROS_VERSION': '2', 'ROS_LOCALHOST_ONLY': '0', 'PATH': '/opt/ros/humble/bin:/usr/local/sbin:/usr/local/bin:/usr/sbin:/usr/bin:/sbin:/bin:/snap/bin', 'INVOCATION_ID': '0deecae0de2343a0925270a373ece5fa', 'LANG': 'en_US.UTF-8', 'AMENT_PREFIX_PATH': '/home/pi/work/maze_bot/programming/mbot_ws/install/robocup:/home/pi/work/maze_bot/programming/mbot_ws/install/publisher:/home/pi/work/maze_bot/programming/mbot_ws/install/my_package:/home/pi/work/maze_bot/programming/mbot_ws/install/mazebot_v1:/home/pi/work/maze_bot/programming/mbot_ws/install/mazebot_msgs:/home/pi/work/maze_bot/programming/mbot_ws/install/hls_lfcd_lds_driver:/opt/ros/humble', 'PWD': '/home/pi/work/maze_bot/programming/mbot_ws/build/robocup', 'PYTHONPATH': '/home/pi/work/maze_bot/programming/mbot_ws/build/robocup/prefix_override:/home/pi/work/maze_bot/programming/mbot_ws/install/robocup/lib/python3.10/site-packages:/home/pi/work/maze_bot/programming/mbot_ws/install/robocup/lib/python3.10/site-packages:/home/kurzmann/mbot_ws/build/publisher:/home/pi/work/maze_bot/programming/mbot_ws/install/publisher/lib/python3.10/site-packages:/home/pi/work/maze_bot/programming/mbot_ws/install/my_package/lib/python3.10/site-packages:/home/kurzmann/mbot_ws/build/mazebot_v1:/home/pi/work/maze_bot/programming/mbot_ws/install/mazebot_v1/lib/python3.10/site-packages:/home/pi/work/maze_bot/programming/mbot_ws/install/mazebot_msgs/local/lib/python3.10/dist-packages:/opt/ros/humble/lib/python3.10/site-packages:/opt/ros/humble/local/lib/python3.10/dist-packages', 'COLCON': '1', 'CMAKE_PREFIX_PATH': '/home/pi/work/maze_bot/programming/mbot_ws/install/mazebot_msgs:/home/pi/work/maze_bot/programming/mbot_ws/install/hls_lfcd_lds_driver'}, 'shell': False}
[6.847828] (-) TimerEvent: {}
[6.948211] (-) TimerEvent: {}
[7.048606] (-) TimerEvent: {}
[7.148989] (-) TimerEvent: {}
[7.249374] (-) TimerEvent: {}
[7.349813] (-) TimerEvent: {}
[7.450213] (-) TimerEvent: {}
[7.550681] (-) TimerEvent: {}
[7.651115] (-) TimerEvent: {}
[7.751494] (-) TimerEvent: {}
[7.851899] (-) TimerEvent: {}
[7.952349] (-) TimerEvent: {}
[8.052758] (-) TimerEvent: {}
[8.067508] (robocup) StdoutLine: {'line': b'running egg_info\n'}
[8.070879] (robocup) StdoutLine: {'line': b'writing ../../build/robocup/robocup.egg-info/PKG-INFO\n'}
[8.072033] (robocup) StdoutLine: {'line': b'writing dependency_links to ../../build/robocup/robocup.egg-info/dependency_links.txt\n'}
[8.072953] (robocup) StdoutLine: {'line': b'writing entry points to ../../build/robocup/robocup.egg-info/entry_points.txt\n'}
[8.073765] (robocup) StdoutLine: {'line': b'writing requirements to ../../build/robocup/robocup.egg-info/requires.txt\n'}
[8.074665] (robocup) StdoutLine: {'line': b'writing top-level names to ../../build/robocup/robocup.egg-info/top_level.txt\n'}
[8.083607] (robocup) StdoutLine: {'line': b"reading manifest file '../../build/robocup/robocup.egg-info/SOURCES.txt'\n"}
[8.087848] (robocup) StdoutLine: {'line': b"writing manifest file '../../build/robocup/robocup.egg-info/SOURCES.txt'\n"}
[8.088728] (robocup) StdoutLine: {'line': b'running build\n'}
[8.089093] (robocup) StdoutLine: {'line': b'running build_py\n'}
[8.091666] (robocup) StdoutLine: {'line': b'running install\n'}
[8.093137] (robocup) StdoutLine: {'line': b'running install_lib\n'}
[8.099686] (robocup) StdoutLine: {'line': b'running install_data\n'}
[8.102442] (robocup) StdoutLine: {'line': b'running install_egg_info\n'}
[8.108903] (robocup) StdoutLine: {'line': b"removing '/home/pi/work/maze_bot/programming/mbot_ws/install/robocup/lib/python3.10/site-packages/robocup-0.0.0-py3.10.egg-info' (and everything under it)\n"}
[8.110725] (robocup) StdoutLine: {'line': b'Copying ../../build/robocup/robocup.egg-info to /home/pi/work/maze_bot/programming/mbot_ws/install/robocup/lib/python3.10/site-packages/robocup-0.0.0-py3.10.egg-info\n'}
[8.117578] (robocup) StdoutLine: {'line': b'running install_scripts\n'}
[8.152944] (-) TimerEvent: {}
[8.195026] (robocup) StdoutLine: {'line': b'Installing remote script to /home/pi/work/maze_bot/programming/mbot_ws/install/robocup/lib/robocup\n'}
[8.195968] (robocup) StdoutLine: {'line': b'Installing serial script to /home/pi/work/maze_bot/programming/mbot_ws/install/robocup/lib/robocup\n'}
[8.196879] (robocup) StdoutLine: {'line': b'Installing wall_det script to /home/pi/work/maze_bot/programming/mbot_ws/install/robocup/lib/robocup\n'}
[8.198698] (robocup) StdoutLine: {'line': b"writing list of installed files to '/home/pi/work/maze_bot/programming/mbot_ws/build/robocup/install.log'\n"}
[8.253192] (-) TimerEvent: {}
[8.328721] (robocup) CommandEnded: {'returncode': 0}
[8.353680] (-) TimerEvent: {}
[8.385771] (robocup) JobEnded: {'identifier': 'robocup', 'rc': 0}
[8.388873] (-) EventReactorShutdown: {}
