[0.515s] Invoking command in '/home/kurzmann/mbot_ws/src/my_package': PYTHONPATH=/home/kurzmann/mbot_ws/build/my_package/prefix_override:/home/kurzmann/mbot_ws/install/my_package/lib/python3.10/site-packages:${PYTHONPATH} /usr/bin/python3 setup.py egg_info --egg-base ../../build/my_package build --build-base /home/kurzmann/mbot_ws/build/my_package/build install --record /home/kurzmann/mbot_ws/build/my_package/install.log --single-version-externally-managed
[0.655s] running egg_info
[0.655s] creating ../../build/my_package/my_package.egg-info
[0.655s] writing ../../build/my_package/my_package.egg-info/PKG-INFO
[0.655s] writing dependency_links to ../../build/my_package/my_package.egg-info/dependency_links.txt
[0.655s] writing entry points to ../../build/my_package/my_package.egg-info/entry_points.txt
[0.655s] writing requirements to ../../build/my_package/my_package.egg-info/requires.txt
[0.655s] writing top-level names to ../../build/my_package/my_package.egg-info/top_level.txt
[0.655s] writing manifest file '../../build/my_package/my_package.egg-info/SOURCES.txt'
[0.656s] reading manifest file '../../build/my_package/my_package.egg-info/SOURCES.txt'
[0.657s] writing manifest file '../../build/my_package/my_package.egg-info/SOURCES.txt'
[0.657s] running build
[0.657s] running build_py
[0.657s] creating /home/kurzmann/mbot_ws/build/my_package/build
[0.657s] creating /home/kurzmann/mbot_ws/build/my_package/build/lib
[0.657s] creating /home/kurzmann/mbot_ws/build/my_package/build/lib/my_package
[0.657s] copying my_package/__init__.py -> /home/kurzmann/mbot_ws/build/my_package/build/lib/my_package
[0.657s] copying my_package/my_node.py -> /home/kurzmann/mbot_ws/build/my_package/build/lib/my_package
[0.657s] running install
[0.657s] /usr/lib/python3/dist-packages/setuptools/command/install.py:34: SetuptoolsDeprecationWarning: setup.py install is deprecated. Use build and pip and other standards-based tools.
[0.657s]   warnings.warn(
[0.657s] running install_lib
[0.658s] creating /home/kurzmann/mbot_ws/install/my_package/lib/python3.10/site-packages/my_package
[0.658s] copying /home/kurzmann/mbot_ws/build/my_package/build/lib/my_package/__init__.py -> /home/kurzmann/mbot_ws/install/my_package/lib/python3.10/site-packages/my_package
[0.658s] copying /home/kurzmann/mbot_ws/build/my_package/build/lib/my_package/my_node.py -> /home/kurzmann/mbot_ws/install/my_package/lib/python3.10/site-packages/my_package
[0.658s] byte-compiling /home/kurzmann/mbot_ws/install/my_package/lib/python3.10/site-packages/my_package/__init__.py to __init__.cpython-310.pyc
[0.658s] byte-compiling /home/kurzmann/mbot_ws/install/my_package/lib/python3.10/site-packages/my_package/my_node.py to my_node.cpython-310.pyc
[0.658s] running install_data
[0.658s] creating /home/kurzmann/mbot_ws/install/my_package/share/ament_index
[0.659s] creating /home/kurzmann/mbot_ws/install/my_package/share/ament_index/resource_index
[0.659s] creating /home/kurzmann/mbot_ws/install/my_package/share/ament_index/resource_index/packages
[0.659s] copying resource/my_package -> /home/kurzmann/mbot_ws/install/my_package/share/ament_index/resource_index/packages
[0.659s] copying package.xml -> /home/kurzmann/mbot_ws/install/my_package/share/my_package
[0.659s] running install_egg_info
[0.660s] Copying ../../build/my_package/my_package.egg-info to /home/kurzmann/mbot_ws/install/my_package/lib/python3.10/site-packages/my_package-0.0.0-py3.10.egg-info
[0.660s] running install_scripts
[0.672s] Installing my_node script to /home/kurzmann/mbot_ws/install/my_package/lib/my_package
[0.672s] writing list of installed files to '/home/kurzmann/mbot_ws/build/my_package/install.log'
[0.694s] Invoked command in '/home/kurzmann/mbot_ws/src/my_package' returned '0': PYTHONPATH=/home/kurzmann/mbot_ws/build/my_package/prefix_override:/home/kurzmann/mbot_ws/install/my_package/lib/python3.10/site-packages:${PYTHONPATH} /usr/bin/python3 setup.py egg_info --egg-base ../../build/my_package build --build-base /home/kurzmann/mbot_ws/build/my_package/build install --record /home/kurzmann/mbot_ws/build/my_package/install.log --single-version-externally-managed
