[0.251s] DEBUG:colcon:Command line arguments: ['/usr/bin/colcon', 'list', '-p', '--base-paths', '/home/kurzmann/mbot_ws']
[0.251s] DEBUG:colcon:Parsed command line arguments: Namespace(log_base=None, log_level=None, verb_name='list', build_base='build', ignore_user_meta=False, metas=['./colcon.meta'], base_paths=['/home/kurzmann/mbot_ws'], packages_ignore=None, packages_ignore_regex=None, paths=None, packages_up_to=None, packages_up_to_regex=None, packages_above=None, packages_above_and_dependencies=None, packages_above_depth=None, packages_select_by_dep=None, packages_skip_by_dep=None, packages_skip_up_to=None, packages_select_build_failed=False, packages_skip_build_finished=False, packages_select_test_failures=False, packages_skip_test_passed=False, packages_select=None, packages_skip=None, packages_select_regex=None, packages_skip_regex=None, packages_start=None, packages_end=None, allow_overriding=[], topological_order=False, names_only=False, paths_only=True, topological_graph=False, topological_graph_dot=False, topological_graph_density=False, topological_graph_legend=False, topological_graph_dot_cluster=False, topological_graph_dot_include_skipped=False, verb_parser=<colcon_defaults.argument_parser.defaults.DefaultArgumentsDecorator object at 0x7f3077ffeef0>, verb_extension=<colcon_package_information.verb.list.ListVerb object at 0x7f3077fb5ab0>, main=<bound method ListVerb.main of <colcon_package_information.verb.list.ListVerb object at 0x7f3077fb5ab0>>)
[0.284s] Level 1:colcon.colcon_core.package_discovery:discover_packages(colcon_meta) check parameters
[0.284s] Level 1:colcon.colcon_core.package_discovery:discover_packages(recursive) check parameters
[0.284s] Level 1:colcon.colcon_core.package_discovery:discover_packages(ignore) check parameters
[0.284s] Level 1:colcon.colcon_core.package_discovery:discover_packages(path) check parameters
[0.285s] Level 1:colcon.colcon_core.package_discovery:discover_packages(recursive) discover
[0.285s] INFO:colcon.colcon_core.package_discovery:Crawling recursively for packages in '/home/kurzmann/mbot_ws'
[0.285s] Level 1:colcon.colcon_core.package_identification:_identify(/home/kurzmann/mbot_ws) by extensions ['ignore', 'ignore_ament_install']
[0.285s] Level 1:colcon.colcon_core.package_identification:_identify(/home/kurzmann/mbot_ws) by extension 'ignore'
[0.285s] Level 1:colcon.colcon_core.package_identification:_identify(/home/kurzmann/mbot_ws) by extension 'ignore_ament_install'
[0.285s] Level 1:colcon.colcon_core.package_identification:_identify(/home/kurzmann/mbot_ws) by extensions ['colcon_pkg']
[0.285s] Level 1:colcon.colcon_core.package_identification:_identify(/home/kurzmann/mbot_ws) by extension 'colcon_pkg'
[0.285s] Level 1:colcon.colcon_core.package_identification:_identify(/home/kurzmann/mbot_ws) by extensions ['colcon_meta']
[0.285s] Level 1:colcon.colcon_core.package_identification:_identify(/home/kurzmann/mbot_ws) by extension 'colcon_meta'
[0.285s] Level 1:colcon.colcon_core.package_identification:_identify(/home/kurzmann/mbot_ws) by extensions ['ros']
[0.285s] Level 1:colcon.colcon_core.package_identification:_identify(/home/kurzmann/mbot_ws) by extension 'ros'
[0.292s] Level 1:colcon.colcon_core.package_identification:_identify(/home/kurzmann/mbot_ws) by extensions ['cmake', 'python']
[0.292s] Level 1:colcon.colcon_core.package_identification:_identify(/home/kurzmann/mbot_ws) by extension 'cmake'
[0.292s] Level 1:colcon.colcon_core.package_identification:_identify(/home/kurzmann/mbot_ws) by extension 'python'
[0.292s] Level 1:colcon.colcon_core.package_identification:_identify(/home/kurzmann/mbot_ws) by extensions ['python_setup_py']
[0.292s] Level 1:colcon.colcon_core.package_identification:_identify(/home/kurzmann/mbot_ws) by extension 'python_setup_py'
[0.292s] Level 1:colcon.colcon_core.package_identification:_identify(/home/kurzmann/mbot_ws/build) by extensions ['ignore', 'ignore_ament_install']
[0.293s] Level 1:colcon.colcon_core.package_identification:_identify(/home/kurzmann/mbot_ws/build) by extension 'ignore'
[0.293s] Level 1:colcon.colcon_core.package_identification:_identify(/home/kurzmann/mbot_ws/build) ignored
[0.293s] Level 1:colcon.colcon_core.package_identification:_identify(/home/kurzmann/mbot_ws/install) by extensions ['ignore', 'ignore_ament_install']
[0.293s] Level 1:colcon.colcon_core.package_identification:_identify(/home/kurzmann/mbot_ws/install) by extension 'ignore'
[0.293s] Level 1:colcon.colcon_core.package_identification:_identify(/home/kurzmann/mbot_ws/install) ignored
[0.293s] Level 1:colcon.colcon_core.package_identification:_identify(/home/kurzmann/mbot_ws/log) by extensions ['ignore', 'ignore_ament_install']
[0.293s] Level 1:colcon.colcon_core.package_identification:_identify(/home/kurzmann/mbot_ws/log) by extension 'ignore'
[0.293s] Level 1:colcon.colcon_core.package_identification:_identify(/home/kurzmann/mbot_ws/log) ignored
[0.293s] Level 1:colcon.colcon_core.package_identification:_identify(/home/kurzmann/mbot_ws/src) by extensions ['ignore', 'ignore_ament_install']
[0.293s] Level 1:colcon.colcon_core.package_identification:_identify(/home/kurzmann/mbot_ws/src) by extension 'ignore'
[0.293s] Level 1:colcon.colcon_core.package_identification:_identify(/home/kurzmann/mbot_ws/src) by extension 'ignore_ament_install'
[0.293s] Level 1:colcon.colcon_core.package_identification:_identify(/home/kurzmann/mbot_ws/src) by extensions ['colcon_pkg']
[0.293s] Level 1:colcon.colcon_core.package_identification:_identify(/home/kurzmann/mbot_ws/src) by extension 'colcon_pkg'
[0.293s] Level 1:colcon.colcon_core.package_identification:_identify(/home/kurzmann/mbot_ws/src) by extensions ['colcon_meta']
[0.293s] Level 1:colcon.colcon_core.package_identification:_identify(/home/kurzmann/mbot_ws/src) by extension 'colcon_meta'
[0.293s] Level 1:colcon.colcon_core.package_identification:_identify(/home/kurzmann/mbot_ws/src) by extensions ['ros']
[0.293s] Level 1:colcon.colcon_core.package_identification:_identify(/home/kurzmann/mbot_ws/src) by extension 'ros'
[0.293s] Level 1:colcon.colcon_core.package_identification:_identify(/home/kurzmann/mbot_ws/src) by extensions ['cmake', 'python']
[0.293s] Level 1:colcon.colcon_core.package_identification:_identify(/home/kurzmann/mbot_ws/src) by extension 'cmake'
[0.293s] Level 1:colcon.colcon_core.package_identification:_identify(/home/kurzmann/mbot_ws/src) by extension 'python'
[0.293s] Level 1:colcon.colcon_core.package_identification:_identify(/home/kurzmann/mbot_ws/src) by extensions ['python_setup_py']
[0.293s] Level 1:colcon.colcon_core.package_identification:_identify(/home/kurzmann/mbot_ws/src) by extension 'python_setup_py'
[0.293s] Level 1:colcon.colcon_core.package_identification:_identify(/home/kurzmann/mbot_ws/src/mazebot_v1) by extensions ['ignore', 'ignore_ament_install']
[0.293s] Level 1:colcon.colcon_core.package_identification:_identify(/home/kurzmann/mbot_ws/src/mazebot_v1) by extension 'ignore'
[0.293s] Level 1:colcon.colcon_core.package_identification:_identify(/home/kurzmann/mbot_ws/src/mazebot_v1) by extension 'ignore_ament_install'
[0.293s] Level 1:colcon.colcon_core.package_identification:_identify(/home/kurzmann/mbot_ws/src/mazebot_v1) by extensions ['colcon_pkg']
[0.293s] Level 1:colcon.colcon_core.package_identification:_identify(/home/kurzmann/mbot_ws/src/mazebot_v1) by extension 'colcon_pkg'
[0.293s] Level 1:colcon.colcon_core.package_identification:_identify(/home/kurzmann/mbot_ws/src/mazebot_v1) by extensions ['colcon_meta']
[0.294s] Level 1:colcon.colcon_core.package_identification:_identify(/home/kurzmann/mbot_ws/src/mazebot_v1) by extension 'colcon_meta'
[0.294s] Level 1:colcon.colcon_core.package_identification:_identify(/home/kurzmann/mbot_ws/src/mazebot_v1) by extensions ['ros']
[0.294s] Level 1:colcon.colcon_core.package_identification:_identify(/home/kurzmann/mbot_ws/src/mazebot_v1) by extension 'ros'
[0.296s] DEBUG:colcon.colcon_core.package_identification:Package '/home/kurzmann/mbot_ws/src/mazebot_v1' with type 'ros.ament_python' and name 'mazebot_v1'
[0.296s] Level 1:colcon.colcon_core.package_identification:_identify(/home/kurzmann/mbot_ws/src/publisher) by extensions ['ignore', 'ignore_ament_install']
[0.296s] Level 1:colcon.colcon_core.package_identification:_identify(/home/kurzmann/mbot_ws/src/publisher) by extension 'ignore'
[0.296s] Level 1:colcon.colcon_core.package_identification:_identify(/home/kurzmann/mbot_ws/src/publisher) by extension 'ignore_ament_install'
[0.296s] Level 1:colcon.colcon_core.package_identification:_identify(/home/kurzmann/mbot_ws/src/publisher) by extensions ['colcon_pkg']
[0.296s] Level 1:colcon.colcon_core.package_identification:_identify(/home/kurzmann/mbot_ws/src/publisher) by extension 'colcon_pkg'
[0.296s] Level 1:colcon.colcon_core.package_identification:_identify(/home/kurzmann/mbot_ws/src/publisher) by extensions ['colcon_meta']
[0.296s] Level 1:colcon.colcon_core.package_identification:_identify(/home/kurzmann/mbot_ws/src/publisher) by extension 'colcon_meta'
[0.296s] Level 1:colcon.colcon_core.package_identification:_identify(/home/kurzmann/mbot_ws/src/publisher) by extensions ['ros']
[0.296s] Level 1:colcon.colcon_core.package_identification:_identify(/home/kurzmann/mbot_ws/src/publisher) by extension 'ros'
[0.296s] DEBUG:colcon.colcon_core.package_identification:Package '/home/kurzmann/mbot_ws/src/publisher' with type 'ros.ament_python' and name 'publisher'
[0.296s] Level 1:colcon.colcon_core.package_discovery:discover_packages(recursive) using defaults
