running egg_info
creating ../build/mazebot_v1/mazebot_v1.egg-info
writing ../build/mazebot_v1/mazebot_v1.egg-info/PKG-INFO
writing dependency_links to ../build/mazebot_v1/mazebot_v1.egg-info/dependency_links.txt
writing entry points to ../build/mazebot_v1/mazebot_v1.egg-info/entry_points.txt
writing requirements to ../build/mazebot_v1/mazebot_v1.egg-info/requires.txt
writing top-level names to ../build/mazebot_v1/mazebot_v1.egg-info/top_level.txt
writing manifest file '../build/mazebot_v1/mazebot_v1.egg-info/SOURCES.txt'
reading manifest file '../build/mazebot_v1/mazebot_v1.egg-info/SOURCES.txt'
writing manifest file '../build/mazebot_v1/mazebot_v1.egg-info/SOURCES.txt'
running build
running build_py
creating /home/kurzmann/mbot_ws/build/mazebot_v1/build
creating /home/kurzmann/mbot_ws/build/mazebot_v1/build/lib
creating /home/kurzmann/mbot_ws/build/mazebot_v1/build/lib/mazebot_v1
copying mazebot_v1/__init__.py -> /home/kurzmann/mbot_ws/build/mazebot_v1/build/lib/mazebot_v1
running install
running install_lib
creating /home/kurzmann/mbot_ws/install/mazebot_v1/lib/python3.10/site-packages/mazebot_v1
copying /home/kurzmann/mbot_ws/build/mazebot_v1/build/lib/mazebot_v1/__init__.py -> /home/kurzmann/mbot_ws/install/mazebot_v1/lib/python3.10/site-packages/mazebot_v1
byte-compiling /home/kurzmann/mbot_ws/install/mazebot_v1/lib/python3.10/site-packages/mazebot_v1/__init__.py to __init__.cpython-310.pyc
running install_data
creating /home/kurzmann/mbot_ws/install/mazebot_v1/share/ament_index
creating /home/kurzmann/mbot_ws/install/mazebot_v1/share/ament_index/resource_index
creating /home/kurzmann/mbot_ws/install/mazebot_v1/share/ament_index/resource_index/packages
copying resource/mazebot_v1 -> /home/kurzmann/mbot_ws/install/mazebot_v1/share/ament_index/resource_index/packages
copying package.xml -> /home/kurzmann/mbot_ws/install/mazebot_v1/share/mazebot_v1
running install_egg_info
Copying ../build/mazebot_v1/mazebot_v1.egg-info to /home/kurzmann/mbot_ws/install/mazebot_v1/lib/python3.10/site-packages/mazebot_v1-0.0.0-py3.10.egg-info
running install_scripts
writing list of installed files to '/home/kurzmann/mbot_ws/build/mazebot_v1/install.log'
