running egg_info
writing ../../build/mazebot_v1/mazebot_v1.egg-info/PKG-INFO
writing dependency_links to ../../build/mazebot_v1/mazebot_v1.egg-info/dependency_links.txt
writing entry points to ../../build/mazebot_v1/mazebot_v1.egg-info/entry_points.txt
writing requirements to ../../build/mazebot_v1/mazebot_v1.egg-info/requires.txt
writing top-level names to ../../build/mazebot_v1/mazebot_v1.egg-info/top_level.txt
reading manifest file '../../build/mazebot_v1/mazebot_v1.egg-info/SOURCES.txt'
writing manifest file '../../build/mazebot_v1/mazebot_v1.egg-info/SOURCES.txt'
running build
running build_py
copying mazebot_v1/mazebot_master.py -> /home/kurzmann/mbot_ws/build/mazebot_v1/build/lib/mazebot_v1
copying mazebot_v1/motor_controller.py -> /home/kurzmann/mbot_ws/build/mazebot_v1/build/lib/mazebot_v1
running install
running install_lib
/usr/lib/python3/dist-packages/setuptools/command/install.py:34: SetuptoolsDeprecationWarning: setup.py install is deprecated. Use build and pip and other standards-based tools.
  warnings.warn(
copying /home/kurzmann/mbot_ws/build/mazebot_v1/build/lib/mazebot_v1/mazebot_master.py -> /home/kurzmann/mbot_ws/install/mazebot_v1/lib/python3.10/site-packages/mazebot_v1
copying /home/kurzmann/mbot_ws/build/mazebot_v1/build/lib/mazebot_v1/motor_controller.py -> /home/kurzmann/mbot_ws/install/mazebot_v1/lib/python3.10/site-packages/mazebot_v1
byte-compiling /home/kurzmann/mbot_ws/install/mazebot_v1/lib/python3.10/site-packages/mazebot_v1/mazebot_master.py to mazebot_master.cpython-310.pyc
byte-compiling /home/kurzmann/mbot_ws/install/mazebot_v1/lib/python3.10/site-packages/mazebot_v1/motor_controller.py to motor_controller.cpython-310.pyc
running install_data
running install_egg_info
removing '/home/kurzmann/mbot_ws/install/mazebot_v1/lib/python3.10/site-packages/mazebot_v1-0.0.0-py3.10.egg-info' (and everything under it)
Copying ../../build/mazebot_v1/mazebot_v1.egg-info to /home/kurzmann/mbot_ws/install/mazebot_v1/lib/python3.10/site-packages/mazebot_v1-0.0.0-py3.10.egg-info
running install_scripts
writing list of installed files to '/home/kurzmann/mbot_ws/build/mazebot_v1/install.log'
