[0.538s] Invoking command in '/home/kurzmann/mbot_ws/src/mazebot_v1': PYTHONPATH=/home/kurzmann/mbot_ws/build/mazebot_v1/prefix_override:/home/kurzmann/mbot_ws/install/mazebot_v1/lib/python3.10/site-packages:${PYTHONPATH} /usr/bin/python3 setup.py egg_info --egg-base ../../build/mazebot_v1 build --build-base /home/kurzmann/mbot_ws/build/mazebot_v1/build install --record /home/kurzmann/mbot_ws/build/mazebot_v1/install.log --single-version-externally-managed
[0.675s] running egg_info
[0.675s] writing ../../build/mazebot_v1/mazebot_v1.egg-info/PKG-INFO
[0.675s] writing dependency_links to ../../build/mazebot_v1/mazebot_v1.egg-info/dependency_links.txt
[0.675s] writing entry points to ../../build/mazebot_v1/mazebot_v1.egg-info/entry_points.txt
[0.675s] writing requirements to ../../build/mazebot_v1/mazebot_v1.egg-info/requires.txt
[0.675s] writing top-level names to ../../build/mazebot_v1/mazebot_v1.egg-info/top_level.txt
[0.676s] reading manifest file '../../build/mazebot_v1/mazebot_v1.egg-info/SOURCES.txt'
[0.679s] writing manifest file '../../build/mazebot_v1/mazebot_v1.egg-info/SOURCES.txt'
[0.679s] running build
[0.679s] running build_py
[0.679s] copying mazebot_v1/mazebot_master.py -> /home/kurzmann/mbot_ws/build/mazebot_v1/build/lib/mazebot_v1
[0.679s] copying mazebot_v1/motor_controller.py -> /home/kurzmann/mbot_ws/build/mazebot_v1/build/lib/mazebot_v1
[0.679s] running install
[0.680s] running install_lib
[0.680s] /usr/lib/python3/dist-packages/setuptools/command/install.py:34: SetuptoolsDeprecationWarning: setup.py install is deprecated. Use build and pip and other standards-based tools.
[0.680s]   warnings.warn(
[0.681s] copying /home/kurzmann/mbot_ws/build/mazebot_v1/build/lib/mazebot_v1/mazebot_master.py -> /home/kurzmann/mbot_ws/install/mazebot_v1/lib/python3.10/site-packages/mazebot_v1
[0.681s] copying /home/kurzmann/mbot_ws/build/mazebot_v1/build/lib/mazebot_v1/motor_controller.py -> /home/kurzmann/mbot_ws/install/mazebot_v1/lib/python3.10/site-packages/mazebot_v1
[0.681s] byte-compiling /home/kurzmann/mbot_ws/install/mazebot_v1/lib/python3.10/site-packages/mazebot_v1/mazebot_master.py to mazebot_master.cpython-310.pyc
[0.681s] byte-compiling /home/kurzmann/mbot_ws/install/mazebot_v1/lib/python3.10/site-packages/mazebot_v1/motor_controller.py to motor_controller.cpython-310.pyc
[0.681s] running install_data
[0.681s] running install_egg_info
[0.683s] removing '/home/kurzmann/mbot_ws/install/mazebot_v1/lib/python3.10/site-packages/mazebot_v1-0.0.0-py3.10.egg-info' (and everything under it)
[0.683s] Copying ../../build/mazebot_v1/mazebot_v1.egg-info to /home/kurzmann/mbot_ws/install/mazebot_v1/lib/python3.10/site-packages/mazebot_v1-0.0.0-py3.10.egg-info
[0.683s] running install_scripts
[0.695s] writing list of installed files to '/home/kurzmann/mbot_ws/build/mazebot_v1/install.log'
[0.721s] Invoked command in '/home/kurzmann/mbot_ws/src/mazebot_v1' returned '0': PYTHONPATH=/home/kurzmann/mbot_ws/build/mazebot_v1/prefix_override:/home/kurzmann/mbot_ws/install/mazebot_v1/lib/python3.10/site-packages:${PYTHONPATH} /usr/bin/python3 setup.py egg_info --egg-base ../../build/mazebot_v1 build --build-base /home/kurzmann/mbot_ws/build/mazebot_v1/build install --record /home/kurzmann/mbot_ws/build/mazebot_v1/install.log --single-version-externally-managed
