[1.633s] DEBUG:colcon:Command line arguments: ['/usr/bin/colcon', 'build']
[1.633s] DEBUG:colcon:Parsed command line arguments: Namespace(log_base=None, log_level=None, verb_name='build', build_base='build', install_base='install', merge_install=False, symlink_install=False, test_result_base=None, continue_on_error=False, executor='parallel', parallel_workers=4, event_handlers=None, ignore_user_meta=False, metas=['./colcon.meta'], base_paths=['.'], packages_ignore=None, packages_ignore_regex=None, paths=None, packages_up_to=None, packages_up_to_regex=None, packages_above=None, packages_above_and_dependencies=None, packages_above_depth=None, packages_select_by_dep=None, packages_skip_by_dep=None, packages_skip_up_to=None, packages_select_build_failed=False, packages_skip_build_finished=False, packages_select_test_failures=False, packages_skip_test_passed=False, packages_select=None, packages_skip=None, packages_select_regex=None, packages_skip_regex=None, packages_start=None, packages_end=None, allow_overriding=[], cmake_args=None, cmake_target=None, cmake_target_skip_unavailable=False, cmake_clean_cache=False, cmake_clean_first=False, cmake_force_configure=False, ament_cmake_args=None, catkin_cmake_args=None, catkin_skip_building_tests=False, verb_parser=<colcon_defaults.argument_parser.defaults.DefaultArgumentsDecorator object at 0xffff8afb7c70>, verb_extension=<colcon_core.verb.build.BuildVerb object at 0xffff8ad5ffd0>, main=<bound method BuildVerb.main of <colcon_core.verb.build.BuildVerb object at 0xffff8ad5ffd0>>)
[1.741s] Level 1:colcon.colcon_core.package_discovery:discover_packages(colcon_meta) check parameters
[1.741s] Level 1:colcon.colcon_core.package_discovery:discover_packages(recursive) check parameters
[1.742s] Level 1:colcon.colcon_core.package_discovery:discover_packages(ignore) check parameters
[1.742s] Level 1:colcon.colcon_core.package_discovery:discover_packages(path) check parameters
[1.742s] Level 1:colcon.colcon_core.package_discovery:discover_packages(colcon_meta) discover
[1.742s] Level 1:colcon.colcon_core.package_discovery:discover_packages(recursive) discover
[1.742s] INFO:colcon.colcon_core.package_discovery:Crawling recursively for packages in '/home/pi/work/maze_bot/programming/mbot_ws'
[1.743s] Level 1:colcon.colcon_core.package_identification:_identify(.) by extensions ['ignore', 'ignore_ament_install']
[1.743s] Level 1:colcon.colcon_core.package_identification:_identify(.) by extension 'ignore'
[1.743s] Level 1:colcon.colcon_core.package_identification:_identify(.) by extension 'ignore_ament_install'
[1.744s] Level 1:colcon.colcon_core.package_identification:_identify(.) by extensions ['colcon_pkg']
[1.744s] Level 1:colcon.colcon_core.package_identification:_identify(.) by extension 'colcon_pkg'
[1.744s] Level 1:colcon.colcon_core.package_identification:_identify(.) by extensions ['colcon_meta']
[1.744s] Level 1:colcon.colcon_core.package_identification:_identify(.) by extension 'colcon_meta'
[1.744s] Level 1:colcon.colcon_core.package_identification:_identify(.) by extensions ['ros']
[1.744s] Level 1:colcon.colcon_core.package_identification:_identify(.) by extension 'ros'
[1.795s] Level 1:colcon.colcon_core.package_identification:_identify(.) by extensions ['cmake', 'python']
[1.796s] Level 1:colcon.colcon_core.package_identification:_identify(.) by extension 'cmake'
[1.796s] Level 1:colcon.colcon_core.package_identification:_identify(.) by extension 'python'
[1.796s] Level 1:colcon.colcon_core.package_identification:_identify(.) by extensions ['python_setup_py']
[1.796s] Level 1:colcon.colcon_core.package_identification:_identify(.) by extension 'python_setup_py'
[1.797s] Level 1:colcon.colcon_core.package_identification:_identify(build) by extensions ['ignore', 'ignore_ament_install']
[1.797s] Level 1:colcon.colcon_core.package_identification:_identify(build) by extension 'ignore'
[1.798s] Level 1:colcon.colcon_core.package_identification:_identify(build) ignored
[1.798s] Level 1:colcon.colcon_core.package_identification:_identify(install) by extensions ['ignore', 'ignore_ament_install']
[1.799s] Level 1:colcon.colcon_core.package_identification:_identify(install) by extension 'ignore'
[1.799s] Level 1:colcon.colcon_core.package_identification:_identify(install) ignored
[1.800s] Level 1:colcon.colcon_core.package_identification:_identify(log) by extensions ['ignore', 'ignore_ament_install']
[1.800s] Level 1:colcon.colcon_core.package_identification:_identify(log) by extension 'ignore'
[1.800s] Level 1:colcon.colcon_core.package_identification:_identify(log) ignored
[1.801s] Level 1:colcon.colcon_core.package_identification:_identify(src) by extensions ['ignore', 'ignore_ament_install']
[1.801s] Level 1:colcon.colcon_core.package_identification:_identify(src) by extension 'ignore'
[1.802s] Level 1:colcon.colcon_core.package_identification:_identify(src) by extension 'ignore_ament_install'
[1.802s] Level 1:colcon.colcon_core.package_identification:_identify(src) by extensions ['colcon_pkg']
[1.802s] Level 1:colcon.colcon_core.package_identification:_identify(src) by extension 'colcon_pkg'
[1.802s] Level 1:colcon.colcon_core.package_identification:_identify(src) by extensions ['colcon_meta']
[1.802s] Level 1:colcon.colcon_core.package_identification:_identify(src) by extension 'colcon_meta'
[1.802s] Level 1:colcon.colcon_core.package_identification:_identify(src) by extensions ['ros']
[1.802s] Level 1:colcon.colcon_core.package_identification:_identify(src) by extension 'ros'
[1.803s] Level 1:colcon.colcon_core.package_identification:_identify(src) by extensions ['cmake', 'python']
[1.803s] Level 1:colcon.colcon_core.package_identification:_identify(src) by extension 'cmake'
[1.803s] Level 1:colcon.colcon_core.package_identification:_identify(src) by extension 'python'
[1.803s] Level 1:colcon.colcon_core.package_identification:_identify(src) by extensions ['python_setup_py']
[1.803s] Level 1:colcon.colcon_core.package_identification:_identify(src) by extension 'python_setup_py'
[1.804s] Level 1:colcon.colcon_core.package_identification:_identify(src/articubot_one) by extensions ['ignore', 'ignore_ament_install']
[1.804s] Level 1:colcon.colcon_core.package_identification:_identify(src/articubot_one) by extension 'ignore'
[1.804s] Level 1:colcon.colcon_core.package_identification:_identify(src/articubot_one) by extension 'ignore_ament_install'
[1.805s] Level 1:colcon.colcon_core.package_identification:_identify(src/articubot_one) by extensions ['colcon_pkg']
[1.805s] Level 1:colcon.colcon_core.package_identification:_identify(src/articubot_one) by extension 'colcon_pkg'
[1.805s] Level 1:colcon.colcon_core.package_identification:_identify(src/articubot_one) by extensions ['colcon_meta']
[1.805s] Level 1:colcon.colcon_core.package_identification:_identify(src/articubot_one) by extension 'colcon_meta'
[1.805s] Level 1:colcon.colcon_core.package_identification:_identify(src/articubot_one) by extensions ['ros']
[1.805s] Level 1:colcon.colcon_core.package_identification:_identify(src/articubot_one) by extension 'ros'
[1.806s] Level 1:colcon.colcon_core.package_identification:_identify(src/articubot_one) by extensions ['cmake', 'python']
[1.806s] Level 1:colcon.colcon_core.package_identification:_identify(src/articubot_one) by extension 'cmake'
[1.806s] Level 1:colcon.colcon_core.package_identification:_identify(src/articubot_one) by extension 'python'
[1.806s] Level 1:colcon.colcon_core.package_identification:_identify(src/articubot_one) by extensions ['python_setup_py']
[1.806s] Level 1:colcon.colcon_core.package_identification:_identify(src/articubot_one) by extension 'python_setup_py'
[1.807s] Level 1:colcon.colcon_core.package_identification:_identify(src/mazebot_msgs) by extensions ['ignore', 'ignore_ament_install']
[1.807s] Level 1:colcon.colcon_core.package_identification:_identify(src/mazebot_msgs) by extension 'ignore'
[1.807s] Level 1:colcon.colcon_core.package_identification:_identify(src/mazebot_msgs) by extension 'ignore_ament_install'
[1.808s] Level 1:colcon.colcon_core.package_identification:_identify(src/mazebot_msgs) by extensions ['colcon_pkg']
[1.808s] Level 1:colcon.colcon_core.package_identification:_identify(src/mazebot_msgs) by extension 'colcon_pkg'
[1.808s] Level 1:colcon.colcon_core.package_identification:_identify(src/mazebot_msgs) by extensions ['colcon_meta']
[1.808s] Level 1:colcon.colcon_core.package_identification:_identify(src/mazebot_msgs) by extension 'colcon_meta'
[1.808s] Level 1:colcon.colcon_core.package_identification:_identify(src/mazebot_msgs) by extensions ['ros']
[1.809s] Level 1:colcon.colcon_core.package_identification:_identify(src/mazebot_msgs) by extension 'ros'
[1.818s] DEBUG:colcon.colcon_core.package_identification:Package 'src/mazebot_msgs' with type 'ros.ament_cmake' and name 'mazebot_msgs'
[1.819s] Level 1:colcon.colcon_core.package_identification:_identify(src/robocup) by extensions ['ignore', 'ignore_ament_install']
[1.819s] Level 1:colcon.colcon_core.package_identification:_identify(src/robocup) by extension 'ignore'
[1.819s] Level 1:colcon.colcon_core.package_identification:_identify(src/robocup) by extension 'ignore_ament_install'
[1.820s] Level 1:colcon.colcon_core.package_identification:_identify(src/robocup) by extensions ['colcon_pkg']
[1.820s] Level 1:colcon.colcon_core.package_identification:_identify(src/robocup) by extension 'colcon_pkg'
[1.820s] Level 1:colcon.colcon_core.package_identification:_identify(src/robocup) by extensions ['colcon_meta']
[1.820s] Level 1:colcon.colcon_core.package_identification:_identify(src/robocup) by extension 'colcon_meta'
[1.820s] Level 1:colcon.colcon_core.package_identification:_identify(src/robocup) by extensions ['ros']
[1.821s] Level 1:colcon.colcon_core.package_identification:_identify(src/robocup) by extension 'ros'
[1.824s] DEBUG:colcon.colcon_core.package_identification:Package 'src/robocup' with type 'ros.ament_python' and name 'robocup'
[1.824s] Level 1:colcon.colcon_core.package_discovery:discover_packages(recursive) using defaults
[1.824s] Level 1:colcon.colcon_core.package_discovery:discover_packages(ignore) discover
[1.825s] Level 1:colcon.colcon_core.package_discovery:discover_packages(ignore) using defaults
[1.825s] Level 1:colcon.colcon_core.package_discovery:discover_packages(path) discover
[1.825s] Level 1:colcon.colcon_core.package_discovery:discover_packages(path) using defaults
[1.923s] Level 1:colcon.colcon_core.package_discovery:discover_packages(prefix_path) check parameters
[1.923s] Level 1:colcon.colcon_core.package_discovery:discover_packages(prefix_path) discover
[1.943s] DEBUG:colcon.colcon_installed_package_information.package_discovery:Found 5 installed packages in /home/pi/work/maze_bot/programming/mbot_ws/install
[1.950s] DEBUG:colcon.colcon_installed_package_information.package_discovery:Found 18 installed packages in /home/pi/work/ws_robu/install
[1.963s] DEBUG:colcon.colcon_installed_package_information.package_discovery:Found 308 installed packages in /opt/ros/humble
[1.970s] Level 1:colcon.colcon_core.package_discovery:discover_packages(prefix_path) using defaults
[2.253s] Level 5:colcon.colcon_core.verb:set package 'mazebot_msgs' build argument 'cmake_args' from command line to 'None'
[2.253s] Level 5:colcon.colcon_core.verb:set package 'mazebot_msgs' build argument 'cmake_target' from command line to 'None'
[2.254s] Level 5:colcon.colcon_core.verb:set package 'mazebot_msgs' build argument 'cmake_target_skip_unavailable' from command line to 'False'
[2.254s] Level 5:colcon.colcon_core.verb:set package 'mazebot_msgs' build argument 'cmake_clean_cache' from command line to 'False'
[2.254s] Level 5:colcon.colcon_core.verb:set package 'mazebot_msgs' build argument 'cmake_clean_first' from command line to 'False'
[2.254s] Level 5:colcon.colcon_core.verb:set package 'mazebot_msgs' build argument 'cmake_force_configure' from command line to 'False'
[2.254s] Level 5:colcon.colcon_core.verb:set package 'mazebot_msgs' build argument 'ament_cmake_args' from command line to 'None'
[2.254s] Level 5:colcon.colcon_core.verb:set package 'mazebot_msgs' build argument 'catkin_cmake_args' from command line to 'None'
[2.254s] Level 5:colcon.colcon_core.verb:set package 'mazebot_msgs' build argument 'catkin_skip_building_tests' from command line to 'False'
[2.254s] DEBUG:colcon.colcon_core.verb:Building package 'mazebot_msgs' with the following arguments: {'ament_cmake_args': None, 'build_base': '/home/pi/work/maze_bot/programming/mbot_ws/build/mazebot_msgs', 'catkin_cmake_args': None, 'catkin_skip_building_tests': False, 'cmake_args': None, 'cmake_clean_cache': False, 'cmake_clean_first': False, 'cmake_force_configure': False, 'cmake_target': None, 'cmake_target_skip_unavailable': False, 'install_base': '/home/pi/work/maze_bot/programming/mbot_ws/install/mazebot_msgs', 'merge_install': False, 'path': '/home/pi/work/maze_bot/programming/mbot_ws/src/mazebot_msgs', 'symlink_install': False, 'test_result_base': None}
[2.259s] Level 5:colcon.colcon_core.verb:set package 'robocup' build argument 'cmake_args' from command line to 'None'
[2.259s] Level 5:colcon.colcon_core.verb:set package 'robocup' build argument 'cmake_target' from command line to 'None'
[2.259s] Level 5:colcon.colcon_core.verb:set package 'robocup' build argument 'cmake_target_skip_unavailable' from command line to 'False'
[2.259s] Level 5:colcon.colcon_core.verb:set package 'robocup' build argument 'cmake_clean_cache' from command line to 'False'
[2.259s] Level 5:colcon.colcon_core.verb:set package 'robocup' build argument 'cmake_clean_first' from command line to 'False'
[2.260s] Level 5:colcon.colcon_core.verb:set package 'robocup' build argument 'cmake_force_configure' from command line to 'False'
[2.260s] Level 5:colcon.colcon_core.verb:set package 'robocup' build argument 'ament_cmake_args' from command line to 'None'
[2.260s] Level 5:colcon.colcon_core.verb:set package 'robocup' build argument 'catkin_cmake_args' from command line to 'None'
[2.260s] Level 5:colcon.colcon_core.verb:set package 'robocup' build argument 'catkin_skip_building_tests' from command line to 'False'
[2.260s] DEBUG:colcon.colcon_core.verb:Building package 'robocup' with the following arguments: {'ament_cmake_args': None, 'build_base': '/home/pi/work/maze_bot/programming/mbot_ws/build/robocup', 'catkin_cmake_args': None, 'catkin_skip_building_tests': False, 'cmake_args': None, 'cmake_clean_cache': False, 'cmake_clean_first': False, 'cmake_force_configure': False, 'cmake_target': None, 'cmake_target_skip_unavailable': False, 'install_base': '/home/pi/work/maze_bot/programming/mbot_ws/install/robocup', 'merge_install': False, 'path': '/home/pi/work/maze_bot/programming/mbot_ws/src/robocup', 'symlink_install': False, 'test_result_base': None}
[2.263s] INFO:colcon.colcon_core.executor:Executing jobs using 'parallel' executor
[2.276s] DEBUG:colcon.colcon_parallel_executor.executor.parallel:run_until_complete
[2.277s] INFO:colcon.colcon_ros.task.ament_cmake.build:Building ROS package in '/home/pi/work/maze_bot/programming/mbot_ws/src/mazebot_msgs' with build type 'ament_cmake'
[2.278s] INFO:colcon.colcon_cmake.task.cmake.build:Building CMake package in '/home/pi/work/maze_bot/programming/mbot_ws/src/mazebot_msgs'
[2.298s] INFO:colcon.colcon_core.plugin_system:Skipping extension 'colcon_core.shell.bat': Not used on non-Windows systems
[2.299s] INFO:colcon.colcon_core.shell:Skip shell extension 'powershell' for command environment: Not usable outside of PowerShell
[2.299s] DEBUG:colcon.colcon_core.shell:Skip shell extension 'dsv' for command environment
[2.337s] INFO:colcon.colcon_ros.task.ament_python.build:Building ROS package in '/home/pi/work/maze_bot/programming/mbot_ws/src/robocup' with build type 'ament_python'
[2.338s] Level 1:colcon.colcon_core.shell:create_environment_hook('robocup', 'ament_prefix_path')
[2.347s] INFO:colcon.colcon_core.shell:Creating environment hook '/home/pi/work/maze_bot/programming/mbot_ws/install/robocup/share/robocup/hook/ament_prefix_path.ps1'
[2.350s] INFO:colcon.colcon_core.shell:Creating environment descriptor '/home/pi/work/maze_bot/programming/mbot_ws/install/robocup/share/robocup/hook/ament_prefix_path.dsv'
[2.353s] INFO:colcon.colcon_core.shell:Creating environment hook '/home/pi/work/maze_bot/programming/mbot_ws/install/robocup/share/robocup/hook/ament_prefix_path.sh'
[2.362s] INFO:colcon.colcon_core.shell:Skip shell extension 'powershell' for command environment: Not usable outside of PowerShell
[2.362s] DEBUG:colcon.colcon_core.shell:Skip shell extension 'dsv' for command environment
[2.420s] DEBUG:colcon.colcon_core.event_handler.log_command:Invoking command in '/home/pi/work/maze_bot/programming/mbot_ws/build/mazebot_msgs': CMAKE_PREFIX_PATH=${CMAKE_PREFIX_PATH}:/home/pi/work/maze_bot/programming/mbot_ws/install/robocup:/home/pi/work/maze_bot/programming/mbot_ws/install/publisher:/home/pi/work/maze_bot/programming/mbot_ws/install/my_package:/home/pi/work/maze_bot/programming/mbot_ws/install/mazebot_v1:/home/pi/work/ws_robu/install/turtlebot3_teleop:/home/pi/work/ws_robu/install/turtlebot3_example:/home/pi/work/ws_robu/install/robocup:/opt/ros/humble /usr/bin/cmake --build /home/pi/work/maze_bot/programming/mbot_ws/build/mazebot_msgs -- -j4 -l4
[4.417s] INFO:colcon.colcon_core.task.python.build:Building Python package in '/home/pi/work/maze_bot/programming/mbot_ws/src/robocup'
[4.425s] INFO:colcon.colcon_core.shell:Skip shell extension 'powershell' for command environment: Not usable outside of PowerShell
[4.425s] DEBUG:colcon.colcon_core.shell:Skip shell extension 'dsv' for command environment
[5.048s] DEBUG:colcon.colcon_core.event_handler.log_command:Invoked command in '/home/pi/work/maze_bot/programming/mbot_ws/build/mazebot_msgs' returned '0': CMAKE_PREFIX_PATH=${CMAKE_PREFIX_PATH}:/home/pi/work/maze_bot/programming/mbot_ws/install/robocup:/home/pi/work/maze_bot/programming/mbot_ws/install/publisher:/home/pi/work/maze_bot/programming/mbot_ws/install/my_package:/home/pi/work/maze_bot/programming/mbot_ws/install/mazebot_v1:/home/pi/work/ws_robu/install/turtlebot3_teleop:/home/pi/work/ws_robu/install/turtlebot3_example:/home/pi/work/ws_robu/install/robocup:/opt/ros/humble /usr/bin/cmake --build /home/pi/work/maze_bot/programming/mbot_ws/build/mazebot_msgs -- -j4 -l4
[5.901s] DEBUG:colcon.colcon_core.event_handler.log_command:Invoking command in '/home/pi/work/maze_bot/programming/mbot_ws/build/mazebot_msgs': CMAKE_PREFIX_PATH=${CMAKE_PREFIX_PATH}:/home/pi/work/maze_bot/programming/mbot_ws/install/robocup:/home/pi/work/maze_bot/programming/mbot_ws/install/publisher:/home/pi/work/maze_bot/programming/mbot_ws/install/my_package:/home/pi/work/maze_bot/programming/mbot_ws/install/mazebot_v1:/home/pi/work/ws_robu/install/turtlebot3_teleop:/home/pi/work/ws_robu/install/turtlebot3_example:/home/pi/work/ws_robu/install/robocup:/opt/ros/humble /usr/bin/cmake --install /home/pi/work/maze_bot/programming/mbot_ws/build/mazebot_msgs
[6.345s] Level 1:colcon.colcon_core.environment:create_environment_scripts_only(mazebot_msgs)
[6.360s] DEBUG:colcon.colcon_core.event_handler.log_command:Invoked command in '/home/pi/work/maze_bot/programming/mbot_ws/build/mazebot_msgs' returned '0': CMAKE_PREFIX_PATH=${CMAKE_PREFIX_PATH}:/home/pi/work/maze_bot/programming/mbot_ws/install/robocup:/home/pi/work/maze_bot/programming/mbot_ws/install/publisher:/home/pi/work/maze_bot/programming/mbot_ws/install/my_package:/home/pi/work/maze_bot/programming/mbot_ws/install/mazebot_v1:/home/pi/work/ws_robu/install/turtlebot3_teleop:/home/pi/work/ws_robu/install/turtlebot3_example:/home/pi/work/ws_robu/install/robocup:/opt/ros/humble /usr/bin/cmake --install /home/pi/work/maze_bot/programming/mbot_ws/build/mazebot_msgs
[6.388s] Level 1:colcon.colcon_core.environment:checking '/home/pi/work/maze_bot/programming/mbot_ws/install/mazebot_msgs' for CMake module files
[6.394s] Level 1:colcon.colcon_core.environment:checking '/home/pi/work/maze_bot/programming/mbot_ws/install/mazebot_msgs' for CMake config files
[6.400s] Level 1:colcon.colcon_core.shell:create_environment_hook('mazebot_msgs', 'cmake_prefix_path')
[6.410s] INFO:colcon.colcon_core.shell:Creating environment hook '/home/pi/work/maze_bot/programming/mbot_ws/install/mazebot_msgs/share/mazebot_msgs/hook/cmake_prefix_path.ps1'
[6.415s] INFO:colcon.colcon_core.shell:Creating environment descriptor '/home/pi/work/maze_bot/programming/mbot_ws/install/mazebot_msgs/share/mazebot_msgs/hook/cmake_prefix_path.dsv'
[6.419s] INFO:colcon.colcon_core.shell:Creating environment hook '/home/pi/work/maze_bot/programming/mbot_ws/install/mazebot_msgs/share/mazebot_msgs/hook/cmake_prefix_path.sh'
[6.428s] Level 1:colcon.colcon_core.environment:checking '/home/pi/work/maze_bot/programming/mbot_ws/install/mazebot_msgs/lib'
[6.430s] Level 1:colcon.colcon_core.shell:create_environment_hook('mazebot_msgs', 'ld_library_path_lib')
[6.438s] INFO:colcon.colcon_core.shell:Creating environment hook '/home/pi/work/maze_bot/programming/mbot_ws/install/mazebot_msgs/share/mazebot_msgs/hook/ld_library_path_lib.ps1'
[6.441s] INFO:colcon.colcon_core.shell:Creating environment descriptor '/home/pi/work/maze_bot/programming/mbot_ws/install/mazebot_msgs/share/mazebot_msgs/hook/ld_library_path_lib.dsv'
[6.444s] INFO:colcon.colcon_core.shell:Creating environment hook '/home/pi/work/maze_bot/programming/mbot_ws/install/mazebot_msgs/share/mazebot_msgs/hook/ld_library_path_lib.sh'
[6.448s] Level 1:colcon.colcon_core.environment:checking '/home/pi/work/maze_bot/programming/mbot_ws/install/mazebot_msgs/bin'
[6.449s] Level 1:colcon.colcon_core.environment:checking '/home/pi/work/maze_bot/programming/mbot_ws/install/mazebot_msgs/lib/pkgconfig/mazebot_msgs.pc'
[6.451s] Level 1:colcon.colcon_core.environment:checking '/home/pi/work/maze_bot/programming/mbot_ws/install/mazebot_msgs/lib/python3.10/site-packages'
[6.453s] Level 1:colcon.colcon_core.environment:checking '/home/pi/work/maze_bot/programming/mbot_ws/install/mazebot_msgs/bin'
[6.464s] INFO:colcon.colcon_core.shell:Creating package script '/home/pi/work/maze_bot/programming/mbot_ws/install/mazebot_msgs/share/mazebot_msgs/package.ps1'
[6.470s] INFO:colcon.colcon_core.shell:Creating package descriptor '/home/pi/work/maze_bot/programming/mbot_ws/install/mazebot_msgs/share/mazebot_msgs/package.dsv'
[6.475s] INFO:colcon.colcon_core.shell:Creating package script '/home/pi/work/maze_bot/programming/mbot_ws/install/mazebot_msgs/share/mazebot_msgs/package.sh'
[6.481s] INFO:colcon.colcon_core.shell:Creating package script '/home/pi/work/maze_bot/programming/mbot_ws/install/mazebot_msgs/share/mazebot_msgs/package.bash'
[6.487s] INFO:colcon.colcon_core.shell:Creating package script '/home/pi/work/maze_bot/programming/mbot_ws/install/mazebot_msgs/share/mazebot_msgs/package.zsh'
[6.491s] Level 1:colcon.colcon_core.environment:create_file_with_runtime_dependencies(/home/pi/work/maze_bot/programming/mbot_ws/install/mazebot_msgs/share/colcon-core/packages/mazebot_msgs)
[6.554s] DEBUG:colcon.colcon_core.event_handler.log_command:Invoking command in '/home/pi/work/maze_bot/programming/mbot_ws/src/robocup': PYTHONPATH=/home/pi/work/maze_bot/programming/mbot_ws/build/robocup/prefix_override:/home/pi/work/maze_bot/programming/mbot_ws/install/robocup/lib/python3.10/site-packages:${PYTHONPATH} /usr/bin/python3 setup.py egg_info --egg-base ../../build/robocup build --build-base /home/pi/work/maze_bot/programming/mbot_ws/build/robocup/build install --record /home/pi/work/maze_bot/programming/mbot_ws/build/robocup/install.log --single-version-externally-managed
[7.329s] Level 1:colcon.colcon_core.environment:create_environment_scripts_only(mazebot_msgs)
[7.338s] Level 1:colcon.colcon_core.environment:checking '/home/pi/work/maze_bot/programming/mbot_ws/install/mazebot_msgs' for CMake module files
[7.344s] Level 1:colcon.colcon_core.environment:checking '/home/pi/work/maze_bot/programming/mbot_ws/install/mazebot_msgs' for CMake config files
[7.347s] Level 1:colcon.colcon_core.shell:create_environment_hook('mazebot_msgs', 'cmake_prefix_path')
[7.353s] INFO:colcon.colcon_core.shell:Creating environment hook '/home/pi/work/maze_bot/programming/mbot_ws/install/mazebot_msgs/share/mazebot_msgs/hook/cmake_prefix_path.ps1'
[7.355s] INFO:colcon.colcon_core.shell:Creating environment descriptor '/home/pi/work/maze_bot/programming/mbot_ws/install/mazebot_msgs/share/mazebot_msgs/hook/cmake_prefix_path.dsv'
[7.357s] INFO:colcon.colcon_core.shell:Creating environment hook '/home/pi/work/maze_bot/programming/mbot_ws/install/mazebot_msgs/share/mazebot_msgs/hook/cmake_prefix_path.sh'
[7.361s] Level 1:colcon.colcon_core.environment:checking '/home/pi/work/maze_bot/programming/mbot_ws/install/mazebot_msgs/lib'
[7.362s] Level 1:colcon.colcon_core.shell:create_environment_hook('mazebot_msgs', 'ld_library_path_lib')
[7.368s] INFO:colcon.colcon_core.shell:Creating environment hook '/home/pi/work/maze_bot/programming/mbot_ws/install/mazebot_msgs/share/mazebot_msgs/hook/ld_library_path_lib.ps1'
[7.370s] INFO:colcon.colcon_core.shell:Creating environment descriptor '/home/pi/work/maze_bot/programming/mbot_ws/install/mazebot_msgs/share/mazebot_msgs/hook/ld_library_path_lib.dsv'
[7.372s] INFO:colcon.colcon_core.shell:Creating environment hook '/home/pi/work/maze_bot/programming/mbot_ws/install/mazebot_msgs/share/mazebot_msgs/hook/ld_library_path_lib.sh'
[7.374s] Level 1:colcon.colcon_core.environment:checking '/home/pi/work/maze_bot/programming/mbot_ws/install/mazebot_msgs/bin'
[7.375s] Level 1:colcon.colcon_core.environment:checking '/home/pi/work/maze_bot/programming/mbot_ws/install/mazebot_msgs/lib/pkgconfig/mazebot_msgs.pc'
[7.376s] Level 1:colcon.colcon_core.environment:checking '/home/pi/work/maze_bot/programming/mbot_ws/install/mazebot_msgs/lib/python3.10/site-packages'
[7.377s] Level 1:colcon.colcon_core.environment:checking '/home/pi/work/maze_bot/programming/mbot_ws/install/mazebot_msgs/bin'
[7.383s] INFO:colcon.colcon_core.shell:Creating package script '/home/pi/work/maze_bot/programming/mbot_ws/install/mazebot_msgs/share/mazebot_msgs/package.ps1'
[7.386s] INFO:colcon.colcon_core.shell:Creating package descriptor '/home/pi/work/maze_bot/programming/mbot_ws/install/mazebot_msgs/share/mazebot_msgs/package.dsv'
[7.389s] INFO:colcon.colcon_core.shell:Creating package script '/home/pi/work/maze_bot/programming/mbot_ws/install/mazebot_msgs/share/mazebot_msgs/package.sh'
[7.391s] INFO:colcon.colcon_core.shell:Creating package script '/home/pi/work/maze_bot/programming/mbot_ws/install/mazebot_msgs/share/mazebot_msgs/package.bash'
[7.394s] INFO:colcon.colcon_core.shell:Creating package script '/home/pi/work/maze_bot/programming/mbot_ws/install/mazebot_msgs/share/mazebot_msgs/package.zsh'
[7.396s] Level 1:colcon.colcon_core.environment:create_file_with_runtime_dependencies(/home/pi/work/maze_bot/programming/mbot_ws/install/mazebot_msgs/share/colcon-core/packages/mazebot_msgs)
[8.278s] Level 1:colcon.colcon_core.environment:checking '/home/pi/work/maze_bot/programming/mbot_ws/install/robocup' for CMake module files
[8.281s] DEBUG:colcon.colcon_core.event_handler.log_command:Invoked command in '/home/pi/work/maze_bot/programming/mbot_ws/src/robocup' returned '0': PYTHONPATH=/home/pi/work/maze_bot/programming/mbot_ws/build/robocup/prefix_override:/home/pi/work/maze_bot/programming/mbot_ws/install/robocup/lib/python3.10/site-packages:${PYTHONPATH} /usr/bin/python3 setup.py egg_info --egg-base ../../build/robocup build --build-base /home/pi/work/maze_bot/programming/mbot_ws/build/robocup/build install --record /home/pi/work/maze_bot/programming/mbot_ws/build/robocup/install.log --single-version-externally-managed
[8.283s] Level 1:colcon.colcon_core.environment:checking '/home/pi/work/maze_bot/programming/mbot_ws/install/robocup' for CMake config files
[8.287s] Level 1:colcon.colcon_core.environment:checking '/home/pi/work/maze_bot/programming/mbot_ws/install/robocup/lib'
[8.288s] Level 1:colcon.colcon_core.environment:checking '/home/pi/work/maze_bot/programming/mbot_ws/install/robocup/bin'
[8.288s] Level 1:colcon.colcon_core.environment:checking '/home/pi/work/maze_bot/programming/mbot_ws/install/robocup/lib/pkgconfig/robocup.pc'
[8.289s] Level 1:colcon.colcon_core.environment:checking '/home/pi/work/maze_bot/programming/mbot_ws/install/robocup/lib/python3.10/site-packages'
[8.290s] Level 1:colcon.colcon_core.shell:create_environment_hook('robocup', 'pythonpath')
[8.298s] INFO:colcon.colcon_core.shell:Creating environment hook '/home/pi/work/maze_bot/programming/mbot_ws/install/robocup/share/robocup/hook/pythonpath.ps1'
[8.300s] INFO:colcon.colcon_core.shell:Creating environment descriptor '/home/pi/work/maze_bot/programming/mbot_ws/install/robocup/share/robocup/hook/pythonpath.dsv'
[8.302s] INFO:colcon.colcon_core.shell:Creating environment hook '/home/pi/work/maze_bot/programming/mbot_ws/install/robocup/share/robocup/hook/pythonpath.sh'
[8.306s] Level 1:colcon.colcon_core.environment:checking '/home/pi/work/maze_bot/programming/mbot_ws/install/robocup/bin'
[8.306s] Level 1:colcon.colcon_core.environment:create_environment_scripts_only(robocup)
[8.312s] INFO:colcon.colcon_core.shell:Creating package script '/home/pi/work/maze_bot/programming/mbot_ws/install/robocup/share/robocup/package.ps1'
[8.315s] INFO:colcon.colcon_core.shell:Creating package descriptor '/home/pi/work/maze_bot/programming/mbot_ws/install/robocup/share/robocup/package.dsv'
[8.317s] INFO:colcon.colcon_core.shell:Creating package script '/home/pi/work/maze_bot/programming/mbot_ws/install/robocup/share/robocup/package.sh'
[8.319s] INFO:colcon.colcon_core.shell:Creating package script '/home/pi/work/maze_bot/programming/mbot_ws/install/robocup/share/robocup/package.bash'
[8.321s] INFO:colcon.colcon_core.shell:Creating package script '/home/pi/work/maze_bot/programming/mbot_ws/install/robocup/share/robocup/package.zsh'
[8.323s] Level 1:colcon.colcon_core.environment:create_file_with_runtime_dependencies(/home/pi/work/maze_bot/programming/mbot_ws/install/robocup/share/colcon-core/packages/robocup)
[8.324s] DEBUG:colcon.colcon_parallel_executor.executor.parallel:closing loop
[8.325s] DEBUG:colcon.colcon_parallel_executor.executor.parallel:loop closed
[8.325s] DEBUG:colcon.colcon_parallel_executor.executor.parallel:run_until_complete finished with '0'
[8.325s] DEBUG:colcon.colcon_core.event_reactor:joining thread
[8.354s] INFO:colcon.colcon_core.plugin_system:Skipping extension 'colcon_notification.desktop_notification.terminal_notifier': Not used on non-Darwin systems
[8.354s] INFO:colcon.colcon_core.plugin_system:Skipping extension 'colcon_notification.desktop_notification.win32': Not used on non-Windows systems
[8.354s] INFO:colcon.colcon_notification.desktop_notification:Sending desktop notification using 'notify2'
[8.359s] DEBUG:colcon.colcon_notification.desktop_notification.notify2:Failed to initialize notify2: org.freedesktop.DBus.Error.ServiceUnknown: The name org.freedesktop.Notifications was not provided by any .service files
[8.360s] DEBUG:colcon.colcon_core.event_reactor:joined thread
[8.368s] INFO:colcon.colcon_core.shell:Creating prefix script '/home/pi/work/maze_bot/programming/mbot_ws/install/local_setup.ps1'
[8.373s] INFO:colcon.colcon_core.shell:Creating prefix util module '/home/pi/work/maze_bot/programming/mbot_ws/install/_local_setup_util_ps1.py'
[8.379s] INFO:colcon.colcon_core.shell:Creating prefix chain script '/home/pi/work/maze_bot/programming/mbot_ws/install/setup.ps1'
[8.391s] INFO:colcon.colcon_core.shell:Creating prefix script '/home/pi/work/maze_bot/programming/mbot_ws/install/local_setup.sh'
[8.394s] INFO:colcon.colcon_core.shell:Creating prefix util module '/home/pi/work/maze_bot/programming/mbot_ws/install/_local_setup_util_sh.py'
[8.396s] INFO:colcon.colcon_core.shell:Creating prefix chain script '/home/pi/work/maze_bot/programming/mbot_ws/install/setup.sh'
[8.408s] INFO:colcon.colcon_core.shell:Creating prefix script '/home/pi/work/maze_bot/programming/mbot_ws/install/local_setup.bash'
[8.410s] INFO:colcon.colcon_core.shell:Creating prefix chain script '/home/pi/work/maze_bot/programming/mbot_ws/install/setup.bash'
[8.422s] INFO:colcon.colcon_core.shell:Creating prefix script '/home/pi/work/maze_bot/programming/mbot_ws/install/local_setup.zsh'
[8.425s] INFO:colcon.colcon_core.shell:Creating prefix chain script '/home/pi/work/maze_bot/programming/mbot_ws/install/setup.zsh'
