[0.000000] (-) TimerEvent: {}
[0.000710] (hls_lfcd_lds_driver) JobQueued: {'identifier': 'hls_lfcd_lds_driver', 'dependencies': OrderedDict()}
[0.001601] (mazebot_msgs) JobQueued: {'identifier': 'mazebot_msgs', 'dependencies': OrderedDict()}
[0.002163] (robocup) JobQueued: {'identifier': 'robocup', 'dependencies': OrderedDict([('hls_lfcd_lds_driver', '/home/pi/work/maze_bot/programming/mbot_ws/install/hls_lfcd_lds_driver'), ('mazebot_msgs', '/home/pi/work/maze_bot/programming/mbot_ws/install/mazebot_msgs')])}
[0.003602] (hls_lfcd_lds_driver) JobStarted: {'identifier': 'hls_lfcd_lds_driver'}
[0.065978] (mazebot_msgs) JobStarted: {'identifier': 'mazebot_msgs'}
[0.100475] (-) TimerEvent: {}
[0.105994] (hls_lfcd_lds_driver) JobProgress: {'identifier': 'hls_lfcd_lds_driver', 'progress': 'cmake'}
[0.111109] (hls_lfcd_lds_driver) JobProgress: {'identifier': 'hls_lfcd_lds_driver', 'progress': 'build'}
[0.113768] (hls_lfcd_lds_driver) Command: {'cmd': ['/usr/bin/cmake', '--build', '/home/pi/work/maze_bot/programming/mbot_ws/build/hls_lfcd_lds_driver', '--', '-j4', '-l4'], 'cwd': '/home/pi/work/maze_bot/programming/mbot_ws/build/hls_lfcd_lds_driver', 'env': OrderedDict([('SHLVL', '1'), ('LD_LIBRARY_PATH', '/home/pi/work/maze_bot/programming/mbot_ws/install/mazebot_msgs/lib:/opt/ros/humble/opt/rviz_ogre_vendor/lib:/opt/ros/humble/lib/aarch64-linux-gnu:/opt/ros/humble/lib'), ('OLDPWD', '/'), ('ROS_PYTHON_VERSION', '3'), ('SYSTEMD_EXEC_PID', '3608'), ('COLCON_PREFIX_PATH', '/home/pi/work/maze_bot/programming/mbot_ws/install'), ('ROS_DISTRO', 'humble'), ('JOURNAL_STREAM', '8:32411'), ('_', '/usr/bin/colcon'), ('ROS_VERSION', '2'), ('ROS_LOCALHOST_ONLY', '0'), ('PATH', '/opt/ros/humble/bin:/usr/local/sbin:/usr/local/bin:/usr/sbin:/usr/bin:/sbin:/bin:/snap/bin'), ('INVOCATION_ID', 'f1b880146cad4409914aea5f23226693'), ('LANG', 'en_US.UTF-8'), ('AMENT_PREFIX_PATH', '/home/pi/work/maze_bot/programming/mbot_ws/install/robocup:/home/pi/work/maze_bot/programming/mbot_ws/install/publisher:/home/pi/work/maze_bot/programming/mbot_ws/install/my_package:/home/pi/work/maze_bot/programming/mbot_ws/install/mazebot_v1:/home/pi/work/maze_bot/programming/mbot_ws/install/mazebot_msgs:/home/pi/work/maze_bot/programming/mbot_ws/install/hls_lfcd_lds_driver:/opt/ros/humble'), ('PWD', '/home/pi/work/maze_bot/programming/mbot_ws/build/hls_lfcd_lds_driver'), ('PYTHONPATH', '/home/pi/work/maze_bot/programming/mbot_ws/install/robocup/lib/python3.10/site-packages:/home/kurzmann/mbot_ws/build/publisher:/home/pi/work/maze_bot/programming/mbot_ws/install/publisher/lib/python3.10/site-packages:/home/pi/work/maze_bot/programming/mbot_ws/install/my_package/lib/python3.10/site-packages:/home/kurzmann/mbot_ws/build/mazebot_v1:/home/pi/work/maze_bot/programming/mbot_ws/install/mazebot_v1/lib/python3.10/site-packages:/home/pi/work/maze_bot/programming/mbot_ws/install/mazebot_msgs/local/lib/python3.10/dist-packages:/opt/ros/humble/lib/python3.10/site-packages:/opt/ros/humble/local/lib/python3.10/dist-packages'), ('COLCON', '1'), ('CMAKE_PREFIX_PATH', '/home/pi/work/maze_bot/programming/mbot_ws/install/mazebot_msgs:/home/pi/work/maze_bot/programming/mbot_ws/install/hls_lfcd_lds_driver:/home/pi/work/maze_bot/programming/mbot_ws/install/robocup:/home/pi/work/maze_bot/programming/mbot_ws/install/publisher:/home/pi/work/maze_bot/programming/mbot_ws/install/my_package:/home/pi/work/maze_bot/programming/mbot_ws/install/mazebot_v1:/opt/ros/humble')]), 'shell': False}
[0.123950] (mazebot_msgs) JobProgress: {'identifier': 'mazebot_msgs', 'progress': 'cmake'}
[0.130849] (mazebot_msgs) JobProgress: {'identifier': 'mazebot_msgs', 'progress': 'build'}
[0.132206] (mazebot_msgs) Command: {'cmd': ['/usr/bin/cmake', '--build', '/home/pi/work/maze_bot/programming/mbot_ws/build/mazebot_msgs', '--', '-j4', '-l4'], 'cwd': '/home/pi/work/maze_bot/programming/mbot_ws/build/mazebot_msgs', 'env': OrderedDict([('SHLVL', '1'), ('LD_LIBRARY_PATH', '/home/pi/work/maze_bot/programming/mbot_ws/install/mazebot_msgs/lib:/opt/ros/humble/opt/rviz_ogre_vendor/lib:/opt/ros/humble/lib/aarch64-linux-gnu:/opt/ros/humble/lib'), ('OLDPWD', '/'), ('ROS_PYTHON_VERSION', '3'), ('SYSTEMD_EXEC_PID', '3608'), ('COLCON_PREFIX_PATH', '/home/pi/work/maze_bot/programming/mbot_ws/install'), ('ROS_DISTRO', 'humble'), ('JOURNAL_STREAM', '8:32411'), ('_', '/usr/bin/colcon'), ('ROS_VERSION', '2'), ('ROS_LOCALHOST_ONLY', '0'), ('PATH', '/opt/ros/humble/bin:/usr/local/sbin:/usr/local/bin:/usr/sbin:/usr/bin:/sbin:/bin:/snap/bin'), ('INVOCATION_ID', 'f1b880146cad4409914aea5f23226693'), ('LANG', 'en_US.UTF-8'), ('AMENT_PREFIX_PATH', '/home/pi/work/maze_bot/programming/mbot_ws/install/robocup:/home/pi/work/maze_bot/programming/mbot_ws/install/publisher:/home/pi/work/maze_bot/programming/mbot_ws/install/my_package:/home/pi/work/maze_bot/programming/mbot_ws/install/mazebot_v1:/home/pi/work/maze_bot/programming/mbot_ws/install/mazebot_msgs:/home/pi/work/maze_bot/programming/mbot_ws/install/hls_lfcd_lds_driver:/opt/ros/humble'), ('PWD', '/home/pi/work/maze_bot/programming/mbot_ws/build/mazebot_msgs'), ('PYTHONPATH', '/home/pi/work/maze_bot/programming/mbot_ws/install/robocup/lib/python3.10/site-packages:/home/kurzmann/mbot_ws/build/publisher:/home/pi/work/maze_bot/programming/mbot_ws/install/publisher/lib/python3.10/site-packages:/home/pi/work/maze_bot/programming/mbot_ws/install/my_package/lib/python3.10/site-packages:/home/kurzmann/mbot_ws/build/mazebot_v1:/home/pi/work/maze_bot/programming/mbot_ws/install/mazebot_v1/lib/python3.10/site-packages:/home/pi/work/maze_bot/programming/mbot_ws/install/mazebot_msgs/local/lib/python3.10/dist-packages:/opt/ros/humble/lib/python3.10/site-packages:/opt/ros/humble/local/lib/python3.10/dist-packages'), ('COLCON', '1'), ('CMAKE_PREFIX_PATH', '/home/pi/work/maze_bot/programming/mbot_ws/install/mazebot_msgs:/home/pi/work/maze_bot/programming/mbot_ws/install/hls_lfcd_lds_driver:/home/pi/work/maze_bot/programming/mbot_ws/install/robocup:/home/pi/work/maze_bot/programming/mbot_ws/install/publisher:/home/pi/work/maze_bot/programming/mbot_ws/install/my_package:/home/pi/work/maze_bot/programming/mbot_ws/install/mazebot_v1:/opt/ros/humble')]), 'shell': False}
[0.200719] (-) TimerEvent: {}
[0.301324] (-) TimerEvent: {}
[0.401955] (-) TimerEvent: {}
[0.502519] (-) TimerEvent: {}
[0.603068] (-) TimerEvent: {}
[0.672957] (mazebot_msgs) StdoutLine: {'line': b'[  2%] Built target mazebot_msgs__cpp\n'}
[0.703390] (-) TimerEvent: {}
[0.780725] (mazebot_msgs) StdoutLine: {'line': b'[  2%] Built target ament_cmake_python_copy_mazebot_msgs\n'}
[0.803588] (-) TimerEvent: {}
[0.807099] (mazebot_msgs) StdoutLine: {'line': b'[ 12%] Built target mazebot_msgs__rosidl_generator_c\n'}
[0.856683] (mazebot_msgs) StdoutLine: {'line': b'[ 23%] Built target mazebot_msgs__rosidl_typesupport_fastrtps_cpp\n'}
[0.857502] (mazebot_msgs) StdoutLine: {'line': b'[ 34%] Built target mazebot_msgs__rosidl_typesupport_cpp\n'}
[0.905747] (-) TimerEvent: {}
[0.979501] (mazebot_msgs) StdoutLine: {'line': b'[ 44%] Built target mazebot_msgs__rosidl_typesupport_introspection_cpp\n'}
[1.006616] (-) TimerEvent: {}
[1.053102] (mazebot_msgs) StdoutLine: {'line': b'[ 55%] Built target mazebot_msgs__rosidl_typesupport_fastrtps_c\n'}
[1.069522] (mazebot_msgs) StdoutLine: {'line': b'[ 65%] Built target mazebot_msgs__rosidl_typesupport_introspection_c\n'}
[1.106785] (-) TimerEvent: {}
[1.148057] (hls_lfcd_lds_driver) StdoutLine: {'line': b'[100%] Built target hlds_laser_publisher\n'}
[1.152660] (mazebot_msgs) StdoutLine: {'line': b'[ 76%] Built target mazebot_msgs__rosidl_typesupport_c\n'}
[1.197189] (hls_lfcd_lds_driver) CommandEnded: {'returncode': 0}
[1.207066] (-) TimerEvent: {}
[1.249474] (mazebot_msgs) StdoutLine: {'line': b'[ 76%] Built target mazebot_msgs\n'}
[1.307238] (-) TimerEvent: {}
[1.329459] (hls_lfcd_lds_driver) JobProgress: {'identifier': 'hls_lfcd_lds_driver', 'progress': 'install'}
[1.366178] (hls_lfcd_lds_driver) Command: {'cmd': ['/usr/bin/cmake', '--install', '/home/pi/work/maze_bot/programming/mbot_ws/build/hls_lfcd_lds_driver'], 'cwd': '/home/pi/work/maze_bot/programming/mbot_ws/build/hls_lfcd_lds_driver', 'env': OrderedDict([('SHLVL', '1'), ('LD_LIBRARY_PATH', '/home/pi/work/maze_bot/programming/mbot_ws/install/mazebot_msgs/lib:/opt/ros/humble/opt/rviz_ogre_vendor/lib:/opt/ros/humble/lib/aarch64-linux-gnu:/opt/ros/humble/lib'), ('OLDPWD', '/'), ('ROS_PYTHON_VERSION', '3'), ('SYSTEMD_EXEC_PID', '3608'), ('COLCON_PREFIX_PATH', '/home/pi/work/maze_bot/programming/mbot_ws/install'), ('ROS_DISTRO', 'humble'), ('JOURNAL_STREAM', '8:32411'), ('_', '/usr/bin/colcon'), ('ROS_VERSION', '2'), ('ROS_LOCALHOST_ONLY', '0'), ('PATH', '/opt/ros/humble/bin:/usr/local/sbin:/usr/local/bin:/usr/sbin:/usr/bin:/sbin:/bin:/snap/bin'), ('INVOCATION_ID', 'f1b880146cad4409914aea5f23226693'), ('LANG', 'en_US.UTF-8'), ('AMENT_PREFIX_PATH', '/home/pi/work/maze_bot/programming/mbot_ws/install/robocup:/home/pi/work/maze_bot/programming/mbot_ws/install/publisher:/home/pi/work/maze_bot/programming/mbot_ws/install/my_package:/home/pi/work/maze_bot/programming/mbot_ws/install/mazebot_v1:/home/pi/work/maze_bot/programming/mbot_ws/install/mazebot_msgs:/home/pi/work/maze_bot/programming/mbot_ws/install/hls_lfcd_lds_driver:/opt/ros/humble'), ('PWD', '/home/pi/work/maze_bot/programming/mbot_ws/build/hls_lfcd_lds_driver'), ('PYTHONPATH', '/home/pi/work/maze_bot/programming/mbot_ws/install/robocup/lib/python3.10/site-packages:/home/kurzmann/mbot_ws/build/publisher:/home/pi/work/maze_bot/programming/mbot_ws/install/publisher/lib/python3.10/site-packages:/home/pi/work/maze_bot/programming/mbot_ws/install/my_package/lib/python3.10/site-packages:/home/kurzmann/mbot_ws/build/mazebot_v1:/home/pi/work/maze_bot/programming/mbot_ws/install/mazebot_v1/lib/python3.10/site-packages:/home/pi/work/maze_bot/programming/mbot_ws/install/mazebot_msgs/local/lib/python3.10/dist-packages:/opt/ros/humble/lib/python3.10/site-packages:/opt/ros/humble/local/lib/python3.10/dist-packages'), ('COLCON', '1'), ('CMAKE_PREFIX_PATH', '/home/pi/work/maze_bot/programming/mbot_ws/install/mazebot_msgs:/home/pi/work/maze_bot/programming/mbot_ws/install/hls_lfcd_lds_driver:/home/pi/work/maze_bot/programming/mbot_ws/install/robocup:/home/pi/work/maze_bot/programming/mbot_ws/install/publisher:/home/pi/work/maze_bot/programming/mbot_ws/install/my_package:/home/pi/work/maze_bot/programming/mbot_ws/install/mazebot_v1:/opt/ros/humble')]), 'shell': False}
[1.371721] (mazebot_msgs) StdoutLine: {'line': b'[ 78%] Built target mazebot_msgs__py\n'}
[1.403453] (hls_lfcd_lds_driver) StdoutLine: {'line': b'-- Install configuration: ""\n'}
[1.407507] (-) TimerEvent: {}
[1.409686] (hls_lfcd_lds_driver) StdoutLine: {'line': b'-- Up-to-date: /home/pi/work/maze_bot/programming/mbot_ws/install/hls_lfcd_lds_driver/share/hls_lfcd_lds_driver/launch\n'}
[1.416565] (hls_lfcd_lds_driver) StdoutLine: {'line': b'-- Up-to-date: /home/pi/work/maze_bot/programming/mbot_ws/install/hls_lfcd_lds_driver/share/hls_lfcd_lds_driver/launch/view_hlds_laser.launch.py\n'}
[1.422461] (hls_lfcd_lds_driver) StdoutLine: {'line': b'-- Up-to-date: /home/pi/work/maze_bot/programming/mbot_ws/install/hls_lfcd_lds_driver/share/hls_lfcd_lds_driver/launch/hlds_laser.launch.py\n'}
[1.427530] (hls_lfcd_lds_driver) StdoutLine: {'line': b'-- Up-to-date: /home/pi/work/maze_bot/programming/mbot_ws/install/hls_lfcd_lds_driver/share/hls_lfcd_lds_driver/rviz\n'}
[1.433509] (hls_lfcd_lds_driver) StdoutLine: {'line': b'-- Up-to-date: /home/pi/work/maze_bot/programming/mbot_ws/install/hls_lfcd_lds_driver/share/hls_lfcd_lds_driver/rviz/hlds_laser.rviz\n'}
[1.444899] (hls_lfcd_lds_driver) StdoutLine: {'line': b'-- Up-to-date: /home/pi/work/maze_bot/programming/mbot_ws/install/hls_lfcd_lds_driver/lib/hls_lfcd_lds_driver/hlds_laser_publisher\n'}
[1.453013] (hls_lfcd_lds_driver) StdoutLine: {'line': b'-- Up-to-date: /home/pi/work/maze_bot/programming/mbot_ws/install/hls_lfcd_lds_driver/share/ament_index/resource_index/package_run_dependencies/hls_lfcd_lds_driver\n'}
[1.460593] (hls_lfcd_lds_driver) StdoutLine: {'line': b'-- Up-to-date: /home/pi/work/maze_bot/programming/mbot_ws/install/hls_lfcd_lds_driver/share/ament_index/resource_index/parent_prefix_path/hls_lfcd_lds_driver\n'}
[1.461190] (hls_lfcd_lds_driver) StdoutLine: {'line': b'-- Up-to-date: /home/pi/work/maze_bot/programming/mbot_ws/install/hls_lfcd_lds_driver/share/hls_lfcd_lds_driver/environment/ament_prefix_path.sh\n'}
[1.461823] (hls_lfcd_lds_driver) StdoutLine: {'line': b'-- Up-to-date: /home/pi/work/maze_bot/programming/mbot_ws/install/hls_lfcd_lds_driver/share/hls_lfcd_lds_driver/environment/ament_prefix_path.dsv\n'}
[1.462377] (hls_lfcd_lds_driver) StdoutLine: {'line': b'-- Up-to-date: /home/pi/work/maze_bot/programming/mbot_ws/install/hls_lfcd_lds_driver/share/hls_lfcd_lds_driver/environment/path.sh\n'}
[1.462983] (hls_lfcd_lds_driver) StdoutLine: {'line': b'-- Up-to-date: /home/pi/work/maze_bot/programming/mbot_ws/install/hls_lfcd_lds_driver/share/hls_lfcd_lds_driver/environment/path.dsv\n'}
[1.463497] (hls_lfcd_lds_driver) StdoutLine: {'line': b'-- Up-to-date: /home/pi/work/maze_bot/programming/mbot_ws/install/hls_lfcd_lds_driver/share/hls_lfcd_lds_driver/local_setup.bash\n'}
[1.464133] (hls_lfcd_lds_driver) StdoutLine: {'line': b'-- Up-to-date: /home/pi/work/maze_bot/programming/mbot_ws/install/hls_lfcd_lds_driver/share/hls_lfcd_lds_driver/local_setup.sh\n'}
[1.464780] (hls_lfcd_lds_driver) StdoutLine: {'line': b'-- Up-to-date: /home/pi/work/maze_bot/programming/mbot_ws/install/hls_lfcd_lds_driver/share/hls_lfcd_lds_driver/local_setup.zsh\n'}
[1.465279] (hls_lfcd_lds_driver) StdoutLine: {'line': b'-- Up-to-date: /home/pi/work/maze_bot/programming/mbot_ws/install/hls_lfcd_lds_driver/share/hls_lfcd_lds_driver/local_setup.dsv\n'}
[1.465779] (hls_lfcd_lds_driver) StdoutLine: {'line': b'-- Installing: /home/pi/work/maze_bot/programming/mbot_ws/install/hls_lfcd_lds_driver/share/hls_lfcd_lds_driver/package.dsv\n'}
[1.468039] (hls_lfcd_lds_driver) StdoutLine: {'line': b'-- Up-to-date: /home/pi/work/maze_bot/programming/mbot_ws/install/hls_lfcd_lds_driver/share/ament_index/resource_index/packages/hls_lfcd_lds_driver\n'}
[1.469314] (hls_lfcd_lds_driver) StdoutLine: {'line': b'-- Up-to-date: /home/pi/work/maze_bot/programming/mbot_ws/install/hls_lfcd_lds_driver/share/hls_lfcd_lds_driver/cmake/ament_cmake_export_dependencies-extras.cmake\n'}
[1.472272] (hls_lfcd_lds_driver) StdoutLine: {'line': b'-- Up-to-date: /home/pi/work/maze_bot/programming/mbot_ws/install/hls_lfcd_lds_driver/share/hls_lfcd_lds_driver/cmake/ament_cmake_export_include_directories-extras.cmake\n'}
[1.472973] (hls_lfcd_lds_driver) StdoutLine: {'line': b'-- Up-to-date: /home/pi/work/maze_bot/programming/mbot_ws/install/hls_lfcd_lds_driver/share/hls_lfcd_lds_driver/cmake/hls_lfcd_lds_driverConfig.cmake\n'}
[1.473391] (hls_lfcd_lds_driver) StdoutLine: {'line': b'-- Up-to-date: /home/pi/work/maze_bot/programming/mbot_ws/install/hls_lfcd_lds_driver/share/hls_lfcd_lds_driver/cmake/hls_lfcd_lds_driverConfig-version.cmake\n'}
[1.473794] (hls_lfcd_lds_driver) StdoutLine: {'line': b'-- Up-to-date: /home/pi/work/maze_bot/programming/mbot_ws/install/hls_lfcd_lds_driver/share/hls_lfcd_lds_driver/package.xml\n'}
[1.486165] (hls_lfcd_lds_driver) CommandEnded: {'returncode': 0}
[1.507702] (-) TimerEvent: {}
[1.608771] (-) TimerEvent: {}
[1.656790] (mazebot_msgs) StdoutLine: {'line': b'[ 87%] Built target mazebot_msgs__rosidl_generator_py\n'}
[1.699174] (mazebot_msgs) StdoutLine: {'line': b'[ 91%] Built target mazebot_msgs__rosidl_typesupport_fastrtps_c__pyext\n'}
[1.714507] (-) TimerEvent: {}
[1.723247] (mazebot_msgs) StdoutLine: {'line': b'[100%] Built target mazebot_msgs__rosidl_typesupport_c__pyext\n'}
[1.724063] (mazebot_msgs) StdoutLine: {'line': b'[ 95%] Built target mazebot_msgs__rosidl_typesupport_introspection_c__pyext\n'}
[1.814510] (-) TimerEvent: {}
[1.842108] (hls_lfcd_lds_driver) JobEnded: {'identifier': 'hls_lfcd_lds_driver', 'rc': 0}
[1.914662] (-) TimerEvent: {}
[2.015151] (-) TimerEvent: {}
[2.115669] (-) TimerEvent: {}
[2.216194] (-) TimerEvent: {}
[2.316672] (-) TimerEvent: {}
[2.417070] (-) TimerEvent: {}
[2.463589] (mazebot_msgs) StdoutLine: {'line': b'running egg_info\n'}
[2.466456] (mazebot_msgs) StdoutLine: {'line': b'writing mazebot_msgs.egg-info/PKG-INFO\n'}
[2.467603] (mazebot_msgs) StdoutLine: {'line': b'writing dependency_links to mazebot_msgs.egg-info/dependency_links.txt\n'}
[2.469005] (mazebot_msgs) StdoutLine: {'line': b'writing top-level names to mazebot_msgs.egg-info/top_level.txt\n'}
[2.482239] (mazebot_msgs) StdoutLine: {'line': b"reading manifest file 'mazebot_msgs.egg-info/SOURCES.txt'\n"}
[2.485868] (mazebot_msgs) StdoutLine: {'line': b"writing manifest file 'mazebot_msgs.egg-info/SOURCES.txt'\n"}
[2.517442] (-) TimerEvent: {}
[2.614194] (mazebot_msgs) StdoutLine: {'line': b'[100%] Built target ament_cmake_python_build_mazebot_msgs_egg\n'}
[2.617623] (-) TimerEvent: {}
[2.657432] (mazebot_msgs) CommandEnded: {'returncode': 0}
[2.717813] (-) TimerEvent: {}
[2.818272] (-) TimerEvent: {}
[2.918801] (-) TimerEvent: {}
[3.019547] (-) TimerEvent: {}
[3.119992] (-) TimerEvent: {}
[3.125930] (mazebot_msgs) JobProgress: {'identifier': 'mazebot_msgs', 'progress': 'install'}
[3.127141] (mazebot_msgs) Command: {'cmd': ['/usr/bin/cmake', '--install', '/home/pi/work/maze_bot/programming/mbot_ws/build/mazebot_msgs'], 'cwd': '/home/pi/work/maze_bot/programming/mbot_ws/build/mazebot_msgs', 'env': OrderedDict([('SHLVL', '1'), ('LD_LIBRARY_PATH', '/home/pi/work/maze_bot/programming/mbot_ws/install/mazebot_msgs/lib:/opt/ros/humble/opt/rviz_ogre_vendor/lib:/opt/ros/humble/lib/aarch64-linux-gnu:/opt/ros/humble/lib'), ('OLDPWD', '/'), ('ROS_PYTHON_VERSION', '3'), ('SYSTEMD_EXEC_PID', '3608'), ('COLCON_PREFIX_PATH', '/home/pi/work/maze_bot/programming/mbot_ws/install'), ('ROS_DISTRO', 'humble'), ('JOURNAL_STREAM', '8:32411'), ('_', '/usr/bin/colcon'), ('ROS_VERSION', '2'), ('ROS_LOCALHOST_ONLY', '0'), ('PATH', '/opt/ros/humble/bin:/usr/local/sbin:/usr/local/bin:/usr/sbin:/usr/bin:/sbin:/bin:/snap/bin'), ('INVOCATION_ID', 'f1b880146cad4409914aea5f23226693'), ('LANG', 'en_US.UTF-8'), ('AMENT_PREFIX_PATH', '/home/pi/work/maze_bot/programming/mbot_ws/install/robocup:/home/pi/work/maze_bot/programming/mbot_ws/install/publisher:/home/pi/work/maze_bot/programming/mbot_ws/install/my_package:/home/pi/work/maze_bot/programming/mbot_ws/install/mazebot_v1:/home/pi/work/maze_bot/programming/mbot_ws/install/mazebot_msgs:/home/pi/work/maze_bot/programming/mbot_ws/install/hls_lfcd_lds_driver:/opt/ros/humble'), ('PWD', '/home/pi/work/maze_bot/programming/mbot_ws/build/mazebot_msgs'), ('PYTHONPATH', '/home/pi/work/maze_bot/programming/mbot_ws/install/robocup/lib/python3.10/site-packages:/home/kurzmann/mbot_ws/build/publisher:/home/pi/work/maze_bot/programming/mbot_ws/install/publisher/lib/python3.10/site-packages:/home/pi/work/maze_bot/programming/mbot_ws/install/my_package/lib/python3.10/site-packages:/home/kurzmann/mbot_ws/build/mazebot_v1:/home/pi/work/maze_bot/programming/mbot_ws/install/mazebot_v1/lib/python3.10/site-packages:/home/pi/work/maze_bot/programming/mbot_ws/install/mazebot_msgs/local/lib/python3.10/dist-packages:/opt/ros/humble/lib/python3.10/site-packages:/opt/ros/humble/local/lib/python3.10/dist-packages'), ('COLCON', '1'), ('CMAKE_PREFIX_PATH', '/home/pi/work/maze_bot/programming/mbot_ws/install/mazebot_msgs:/home/pi/work/maze_bot/programming/mbot_ws/install/hls_lfcd_lds_driver:/home/pi/work/maze_bot/programming/mbot_ws/install/robocup:/home/pi/work/maze_bot/programming/mbot_ws/install/publisher:/home/pi/work/maze_bot/programming/mbot_ws/install/my_package:/home/pi/work/maze_bot/programming/mbot_ws/install/mazebot_v1:/opt/ros/humble')]), 'shell': False}
[3.165312] (mazebot_msgs) StdoutLine: {'line': b'-- Install configuration: ""\n'}
[3.166896] (mazebot_msgs) StdoutLine: {'line': b'-- Up-to-date: /home/pi/work/maze_bot/programming/mbot_ws/install/mazebot_msgs/share/ament_index/resource_index/rosidl_interfaces/mazebot_msgs\n'}
[3.167877] (mazebot_msgs) StdoutLine: {'line': b'-- Up-to-date: /home/pi/work/maze_bot/programming/mbot_ws/install/mazebot_msgs/include/mazebot_msgs/mazebot_msgs\n'}
[3.168956] (mazebot_msgs) StdoutLine: {'line': b'-- Up-to-date: /home/pi/work/maze_bot/programming/mbot_ws/install/mazebot_msgs/include/mazebot_msgs/mazebot_msgs/msg\n'}
[3.169633] (mazebot_msgs) StdoutLine: {'line': b'-- Up-to-date: /home/pi/work/maze_bot/programming/mbot_ws/install/mazebot_msgs/include/mazebot_msgs/mazebot_msgs/msg/mazebot_field_orientation.h\n'}
[3.170672] (mazebot_msgs) StdoutLine: {'line': b'-- Up-to-date: /home/pi/work/maze_bot/programming/mbot_ws/install/mazebot_msgs/include/mazebot_msgs/mazebot_msgs/msg/rosidl_generator_c__visibility_control.h\n'}
[3.172124] (mazebot_msgs) StdoutLine: {'line': b'-- Up-to-date: /home/pi/work/maze_bot/programming/mbot_ws/install/mazebot_msgs/include/mazebot_msgs/mazebot_msgs/msg/mazebot_neighboring_fields_wall_detection.h\n'}
[3.172978] (mazebot_msgs) StdoutLine: {'line': b'-- Up-to-date: /home/pi/work/maze_bot/programming/mbot_ws/install/mazebot_msgs/include/mazebot_msgs/mazebot_msgs/msg/lidar_scan_processed.h\n'}
[3.174123] (mazebot_msgs) StdoutLine: {'line': b'-- Up-to-date: /home/pi/work/maze_bot/programming/mbot_ws/install/mazebot_msgs/include/mazebot_msgs/mazebot_msgs/msg/detail\n'}
[3.175242] (mazebot_msgs) StdoutLine: {'line': b'-- Up-to-date: /home/pi/work/maze_bot/programming/mbot_ws/install/mazebot_msgs/include/mazebot_msgs/mazebot_msgs/msg/detail/mazebot_neighboring_fields_wall_detection__struct.h\n'}
[3.175685] (mazebot_msgs) StdoutLine: {'line': b'-- Up-to-date: /home/pi/work/maze_bot/programming/mbot_ws/install/mazebot_msgs/include/mazebot_msgs/mazebot_msgs/msg/detail/mazebot_field_orientation__functions.c\n'}
[3.176001] (mazebot_msgs) StdoutLine: {'line': b'-- Up-to-date: /home/pi/work/maze_bot/programming/mbot_ws/install/mazebot_msgs/include/mazebot_msgs/mazebot_msgs/msg/detail/mazebot_field_orientation__type_support.h\n'}
[3.176279] (mazebot_msgs) StdoutLine: {'line': b'-- Up-to-date: /home/pi/work/maze_bot/programming/mbot_ws/install/mazebot_msgs/include/mazebot_msgs/mazebot_msgs/msg/detail/mazebot_neighboring_fields_wall_detection__functions.c\n'}
[3.176556] (mazebot_msgs) StdoutLine: {'line': b'-- Up-to-date: /home/pi/work/maze_bot/programming/mbot_ws/install/mazebot_msgs/include/mazebot_msgs/mazebot_msgs/msg/detail/lidar_scan_processed__functions.c\n'}
[3.176830] (mazebot_msgs) StdoutLine: {'line': b'-- Up-to-date: /home/pi/work/maze_bot/programming/mbot_ws/install/mazebot_msgs/include/mazebot_msgs/mazebot_msgs/msg/detail/mazebot_neighboring_fields_wall_detection__functions.h\n'}
[3.177103] (mazebot_msgs) StdoutLine: {'line': b'-- Up-to-date: /home/pi/work/maze_bot/programming/mbot_ws/install/mazebot_msgs/include/mazebot_msgs/mazebot_msgs/msg/detail/mazebot_field_orientation__functions.h\n'}
[3.177374] (mazebot_msgs) StdoutLine: {'line': b'-- Up-to-date: /home/pi/work/maze_bot/programming/mbot_ws/install/mazebot_msgs/include/mazebot_msgs/mazebot_msgs/msg/detail/lidar_scan_processed__functions.h\n'}
[3.177648] (mazebot_msgs) StdoutLine: {'line': b'-- Up-to-date: /home/pi/work/maze_bot/programming/mbot_ws/install/mazebot_msgs/include/mazebot_msgs/mazebot_msgs/msg/detail/mazebot_field_orientation__struct.h\n'}
[3.177921] (mazebot_msgs) StdoutLine: {'line': b'-- Up-to-date: /home/pi/work/maze_bot/programming/mbot_ws/install/mazebot_msgs/include/mazebot_msgs/mazebot_msgs/msg/detail/mazebot_neighboring_fields_wall_detection__type_support.h\n'}
[3.178204] (mazebot_msgs) StdoutLine: {'line': b'-- Up-to-date: /home/pi/work/maze_bot/programming/mbot_ws/install/mazebot_msgs/include/mazebot_msgs/mazebot_msgs/msg/detail/lidar_scan_processed__type_support.h\n'}
[3.178700] (mazebot_msgs) StdoutLine: {'line': b'-- Up-to-date: /home/pi/work/maze_bot/programming/mbot_ws/install/mazebot_msgs/include/mazebot_msgs/mazebot_msgs/msg/detail/lidar_scan_processed__struct.h\n'}
[3.179071] (mazebot_msgs) StdoutLine: {'line': b'-- Up-to-date: /home/pi/work/maze_bot/programming/mbot_ws/install/mazebot_msgs/share/mazebot_msgs/environment/library_path.sh\n'}
[3.179462] (mazebot_msgs) StdoutLine: {'line': b'-- Up-to-date: /home/pi/work/maze_bot/programming/mbot_ws/install/mazebot_msgs/share/mazebot_msgs/environment/library_path.dsv\n'}
[3.180487] (mazebot_msgs) StdoutLine: {'line': b'-- Up-to-date: /home/pi/work/maze_bot/programming/mbot_ws/install/mazebot_msgs/lib/libmazebot_msgs__rosidl_generator_c.so\n'}
[3.181890] (mazebot_msgs) StdoutLine: {'line': b'-- Up-to-date: /home/pi/work/maze_bot/programming/mbot_ws/install/mazebot_msgs/include/mazebot_msgs/mazebot_msgs\n'}
[3.183189] (mazebot_msgs) StdoutLine: {'line': b'-- Up-to-date: /home/pi/work/maze_bot/programming/mbot_ws/install/mazebot_msgs/include/mazebot_msgs/mazebot_msgs/msg\n'}
[3.183974] (mazebot_msgs) StdoutLine: {'line': b'-- Up-to-date: /home/pi/work/maze_bot/programming/mbot_ws/install/mazebot_msgs/include/mazebot_msgs/mazebot_msgs/msg/rosidl_typesupport_fastrtps_c__visibility_control.h\n'}
[3.184879] (mazebot_msgs) StdoutLine: {'line': b'-- Up-to-date: /home/pi/work/maze_bot/programming/mbot_ws/install/mazebot_msgs/include/mazebot_msgs/mazebot_msgs/msg/detail\n'}
[3.185238] (mazebot_msgs) StdoutLine: {'line': b'-- Up-to-date: /home/pi/work/maze_bot/programming/mbot_ws/install/mazebot_msgs/include/mazebot_msgs/mazebot_msgs/msg/detail/mazebot_field_orientation__rosidl_typesupport_fastrtps_c.h\n'}
[3.185562] (mazebot_msgs) StdoutLine: {'line': b'-- Up-to-date: /home/pi/work/maze_bot/programming/mbot_ws/install/mazebot_msgs/include/mazebot_msgs/mazebot_msgs/msg/detail/lidar_scan_processed__rosidl_typesupport_fastrtps_c.h\n'}
[3.185881] (mazebot_msgs) StdoutLine: {'line': b'-- Up-to-date: /home/pi/work/maze_bot/programming/mbot_ws/install/mazebot_msgs/include/mazebot_msgs/mazebot_msgs/msg/detail/mazebot_neighboring_fields_wall_detection__rosidl_typesupport_fastrtps_c.h\n'}
[3.187571] (mazebot_msgs) StdoutLine: {'line': b'-- Up-to-date: /home/pi/work/maze_bot/programming/mbot_ws/install/mazebot_msgs/lib/libmazebot_msgs__rosidl_typesupport_fastrtps_c.so\n'}
[3.188904] (mazebot_msgs) StdoutLine: {'line': b'-- Up-to-date: /home/pi/work/maze_bot/programming/mbot_ws/install/mazebot_msgs/include/mazebot_msgs/mazebot_msgs\n'}
[3.189945] (mazebot_msgs) StdoutLine: {'line': b'-- Up-to-date: /home/pi/work/maze_bot/programming/mbot_ws/install/mazebot_msgs/include/mazebot_msgs/mazebot_msgs/msg\n'}
[3.190422] (mazebot_msgs) StdoutLine: {'line': b'-- Up-to-date: /home/pi/work/maze_bot/programming/mbot_ws/install/mazebot_msgs/include/mazebot_msgs/mazebot_msgs/msg/mazebot_field_orientation.hpp\n'}
[3.191505] (mazebot_msgs) StdoutLine: {'line': b'-- Up-to-date: /home/pi/work/maze_bot/programming/mbot_ws/install/mazebot_msgs/include/mazebot_msgs/mazebot_msgs/msg/detail\n'}
[3.192405] (mazebot_msgs) StdoutLine: {'line': b'-- Up-to-date: /home/pi/work/maze_bot/programming/mbot_ws/install/mazebot_msgs/include/mazebot_msgs/mazebot_msgs/msg/detail/lidar_scan_processed__builder.hpp\n'}
[3.193376] (mazebot_msgs) StdoutLine: {'line': b'-- Up-to-date: /home/pi/work/maze_bot/programming/mbot_ws/install/mazebot_msgs/include/mazebot_msgs/mazebot_msgs/msg/detail/lidar_scan_processed__traits.hpp\n'}
[3.194485] (mazebot_msgs) StdoutLine: {'line': b'-- Up-to-date: /home/pi/work/maze_bot/programming/mbot_ws/install/mazebot_msgs/include/mazebot_msgs/mazebot_msgs/msg/detail/mazebot_neighboring_fields_wall_detection__builder.hpp\n'}
[3.195389] (mazebot_msgs) StdoutLine: {'line': b'-- Up-to-date: /home/pi/work/maze_bot/programming/mbot_ws/install/mazebot_msgs/include/mazebot_msgs/mazebot_msgs/msg/detail/mazebot_field_orientation__builder.hpp\n'}
[3.196204] (mazebot_msgs) StdoutLine: {'line': b'-- Up-to-date: /home/pi/work/maze_bot/programming/mbot_ws/install/mazebot_msgs/include/mazebot_msgs/mazebot_msgs/msg/detail/lidar_scan_processed__struct.hpp\n'}
[3.197146] (mazebot_msgs) StdoutLine: {'line': b'-- Up-to-date: /home/pi/work/maze_bot/programming/mbot_ws/install/mazebot_msgs/include/mazebot_msgs/mazebot_msgs/msg/detail/mazebot_field_orientation__traits.hpp\n'}
[3.197532] (mazebot_msgs) StdoutLine: {'line': b'-- Up-to-date: /home/pi/work/maze_bot/programming/mbot_ws/install/mazebot_msgs/include/mazebot_msgs/mazebot_msgs/msg/detail/mazebot_neighboring_fields_wall_detection__traits.hpp\n'}
[3.197862] (mazebot_msgs) StdoutLine: {'line': b'-- Up-to-date: /home/pi/work/maze_bot/programming/mbot_ws/install/mazebot_msgs/include/mazebot_msgs/mazebot_msgs/msg/detail/mazebot_neighboring_fields_wall_detection__struct.hpp\n'}
[3.198192] (mazebot_msgs) StdoutLine: {'line': b'-- Up-to-date: /home/pi/work/maze_bot/programming/mbot_ws/install/mazebot_msgs/include/mazebot_msgs/mazebot_msgs/msg/detail/mazebot_field_orientation__struct.hpp\n'}
[3.198505] (mazebot_msgs) StdoutLine: {'line': b'-- Up-to-date: /home/pi/work/maze_bot/programming/mbot_ws/install/mazebot_msgs/include/mazebot_msgs/mazebot_msgs/msg/lidar_scan_processed.hpp\n'}
[3.198778] (mazebot_msgs) StdoutLine: {'line': b'-- Up-to-date: /home/pi/work/maze_bot/programming/mbot_ws/install/mazebot_msgs/include/mazebot_msgs/mazebot_msgs/msg/mazebot_neighboring_fields_wall_detection.hpp\n'}
[3.199112] (mazebot_msgs) StdoutLine: {'line': b'-- Up-to-date: /home/pi/work/maze_bot/programming/mbot_ws/install/mazebot_msgs/include/mazebot_msgs/mazebot_msgs\n'}
[3.199372] (mazebot_msgs) StdoutLine: {'line': b'-- Up-to-date: /home/pi/work/maze_bot/programming/mbot_ws/install/mazebot_msgs/include/mazebot_msgs/mazebot_msgs/msg\n'}
[3.199624] (mazebot_msgs) StdoutLine: {'line': b'-- Up-to-date: /home/pi/work/maze_bot/programming/mbot_ws/install/mazebot_msgs/include/mazebot_msgs/mazebot_msgs/msg/rosidl_typesupport_fastrtps_cpp__visibility_control.h\n'}
[3.199883] (mazebot_msgs) StdoutLine: {'line': b'-- Up-to-date: /home/pi/work/maze_bot/programming/mbot_ws/install/mazebot_msgs/include/mazebot_msgs/mazebot_msgs/msg/detail\n'}
[3.200162] (mazebot_msgs) StdoutLine: {'line': b'-- Up-to-date: /home/pi/work/maze_bot/programming/mbot_ws/install/mazebot_msgs/include/mazebot_msgs/mazebot_msgs/msg/detail/mazebot_neighboring_fields_wall_detection__rosidl_typesupport_fastrtps_cpp.hpp\n'}
[3.200416] (mazebot_msgs) StdoutLine: {'line': b'-- Up-to-date: /home/pi/work/maze_bot/programming/mbot_ws/install/mazebot_msgs/include/mazebot_msgs/mazebot_msgs/msg/detail/lidar_scan_processed__rosidl_typesupport_fastrtps_cpp.hpp\n'}
[3.200694] (mazebot_msgs) StdoutLine: {'line': b'-- Up-to-date: /home/pi/work/maze_bot/programming/mbot_ws/install/mazebot_msgs/include/mazebot_msgs/mazebot_msgs/msg/detail/mazebot_field_orientation__rosidl_typesupport_fastrtps_cpp.hpp\n'}
[3.200998] (mazebot_msgs) StdoutLine: {'line': b'-- Up-to-date: /home/pi/work/maze_bot/programming/mbot_ws/install/mazebot_msgs/include/mazebot_msgs/mazebot_msgs/msg/detail/dds_fastrtps\n'}
[3.202798] (mazebot_msgs) StdoutLine: {'line': b'-- Up-to-date: /home/pi/work/maze_bot/programming/mbot_ws/install/mazebot_msgs/lib/libmazebot_msgs__rosidl_typesupport_fastrtps_cpp.so\n'}
[3.204089] (mazebot_msgs) StdoutLine: {'line': b'-- Up-to-date: /home/pi/work/maze_bot/programming/mbot_ws/install/mazebot_msgs/include/mazebot_msgs/mazebot_msgs\n'}
[3.204715] (mazebot_msgs) StdoutLine: {'line': b'-- Up-to-date: /home/pi/work/maze_bot/programming/mbot_ws/install/mazebot_msgs/include/mazebot_msgs/mazebot_msgs/msg\n'}
[3.205495] (mazebot_msgs) StdoutLine: {'line': b'-- Up-to-date: /home/pi/work/maze_bot/programming/mbot_ws/install/mazebot_msgs/include/mazebot_msgs/mazebot_msgs/msg/rosidl_typesupport_introspection_c__visibility_control.h\n'}
[3.206332] (mazebot_msgs) StdoutLine: {'line': b'-- Up-to-date: /home/pi/work/maze_bot/programming/mbot_ws/install/mazebot_msgs/include/mazebot_msgs/mazebot_msgs/msg/detail\n'}
[3.207248] (mazebot_msgs) StdoutLine: {'line': b'-- Up-to-date: /home/pi/work/maze_bot/programming/mbot_ws/install/mazebot_msgs/include/mazebot_msgs/mazebot_msgs/msg/detail/mazebot_field_orientation__rosidl_typesupport_introspection_c.h\n'}
[3.208037] (mazebot_msgs) StdoutLine: {'line': b'-- Up-to-date: /home/pi/work/maze_bot/programming/mbot_ws/install/mazebot_msgs/include/mazebot_msgs/mazebot_msgs/msg/detail/mazebot_field_orientation__type_support.c\n'}
[3.208382] (mazebot_msgs) StdoutLine: {'line': b'-- Up-to-date: /home/pi/work/maze_bot/programming/mbot_ws/install/mazebot_msgs/include/mazebot_msgs/mazebot_msgs/msg/detail/mazebot_neighboring_fields_wall_detection__rosidl_typesupport_introspection_c.h\n'}
[3.208663] (mazebot_msgs) StdoutLine: {'line': b'-- Up-to-date: /home/pi/work/maze_bot/programming/mbot_ws/install/mazebot_msgs/include/mazebot_msgs/mazebot_msgs/msg/detail/lidar_scan_processed__rosidl_typesupport_introspection_c.h\n'}
[3.208984] (mazebot_msgs) StdoutLine: {'line': b'-- Up-to-date: /home/pi/work/maze_bot/programming/mbot_ws/install/mazebot_msgs/include/mazebot_msgs/mazebot_msgs/msg/detail/lidar_scan_processed__type_support.c\n'}
[3.209245] (mazebot_msgs) StdoutLine: {'line': b'-- Up-to-date: /home/pi/work/maze_bot/programming/mbot_ws/install/mazebot_msgs/include/mazebot_msgs/mazebot_msgs/msg/detail/mazebot_neighboring_fields_wall_detection__type_support.c\n'}
[3.212763] (mazebot_msgs) StdoutLine: {'line': b'-- Up-to-date: /home/pi/work/maze_bot/programming/mbot_ws/install/mazebot_msgs/lib/libmazebot_msgs__rosidl_typesupport_introspection_c.so\n'}
[3.215647] (mazebot_msgs) StdoutLine: {'line': b'-- Up-to-date: /home/pi/work/maze_bot/programming/mbot_ws/install/mazebot_msgs/lib/libmazebot_msgs__rosidl_typesupport_c.so\n'}
[3.216796] (mazebot_msgs) StdoutLine: {'line': b'-- Up-to-date: /home/pi/work/maze_bot/programming/mbot_ws/install/mazebot_msgs/include/mazebot_msgs/mazebot_msgs\n'}
[3.217649] (mazebot_msgs) StdoutLine: {'line': b'-- Up-to-date: /home/pi/work/maze_bot/programming/mbot_ws/install/mazebot_msgs/include/mazebot_msgs/mazebot_msgs/msg\n'}
[3.218218] (mazebot_msgs) StdoutLine: {'line': b'-- Up-to-date: /home/pi/work/maze_bot/programming/mbot_ws/install/mazebot_msgs/include/mazebot_msgs/mazebot_msgs/msg/detail\n'}
[3.219093] (mazebot_msgs) StdoutLine: {'line': b'-- Up-to-date: /home/pi/work/maze_bot/programming/mbot_ws/install/mazebot_msgs/include/mazebot_msgs/mazebot_msgs/msg/detail/mazebot_neighboring_fields_wall_detection__rosidl_typesupport_introspection_cpp.hpp\n'}
[3.220161] (-) TimerEvent: {}
[3.220282] (mazebot_msgs) StdoutLine: {'line': b'-- Up-to-date: /home/pi/work/maze_bot/programming/mbot_ws/install/mazebot_msgs/include/mazebot_msgs/mazebot_msgs/msg/detail/mazebot_neighboring_fields_wall_detection__type_support.cpp\n'}
[3.220659] (mazebot_msgs) StdoutLine: {'line': b'-- Up-to-date: /home/pi/work/maze_bot/programming/mbot_ws/install/mazebot_msgs/include/mazebot_msgs/mazebot_msgs/msg/detail/mazebot_field_orientation__type_support.cpp\n'}
[3.221080] (mazebot_msgs) StdoutLine: {'line': b'-- Up-to-date: /home/pi/work/maze_bot/programming/mbot_ws/install/mazebot_msgs/include/mazebot_msgs/mazebot_msgs/msg/detail/lidar_scan_processed__type_support.cpp\n'}
[3.221563] (mazebot_msgs) StdoutLine: {'line': b'-- Up-to-date: /home/pi/work/maze_bot/programming/mbot_ws/install/mazebot_msgs/include/mazebot_msgs/mazebot_msgs/msg/detail/mazebot_field_orientation__rosidl_typesupport_introspection_cpp.hpp\n'}
[3.222253] (mazebot_msgs) StdoutLine: {'line': b'-- Up-to-date: /home/pi/work/maze_bot/programming/mbot_ws/install/mazebot_msgs/include/mazebot_msgs/mazebot_msgs/msg/detail/lidar_scan_processed__rosidl_typesupport_introspection_cpp.hpp\n'}
[3.224672] (mazebot_msgs) StdoutLine: {'line': b'-- Up-to-date: /home/pi/work/maze_bot/programming/mbot_ws/install/mazebot_msgs/lib/libmazebot_msgs__rosidl_typesupport_introspection_cpp.so\n'}
[3.227923] (mazebot_msgs) StdoutLine: {'line': b'-- Up-to-date: /home/pi/work/maze_bot/programming/mbot_ws/install/mazebot_msgs/lib/libmazebot_msgs__rosidl_typesupport_cpp.so\n'}
[3.229179] (mazebot_msgs) StdoutLine: {'line': b'-- Up-to-date: /home/pi/work/maze_bot/programming/mbot_ws/install/mazebot_msgs/share/mazebot_msgs/environment/pythonpath.sh\n'}
[3.230183] (mazebot_msgs) StdoutLine: {'line': b'-- Up-to-date: /home/pi/work/maze_bot/programming/mbot_ws/install/mazebot_msgs/share/mazebot_msgs/environment/pythonpath.dsv\n'}
[3.230900] (mazebot_msgs) StdoutLine: {'line': b'-- Up-to-date: /home/pi/work/maze_bot/programming/mbot_ws/install/mazebot_msgs/local/lib/python3.10/dist-packages/mazebot_msgs-1.0.0-py3.10.egg-info\n'}
[3.231244] (mazebot_msgs) StdoutLine: {'line': b'-- Installing: /home/pi/work/maze_bot/programming/mbot_ws/install/mazebot_msgs/local/lib/python3.10/dist-packages/mazebot_msgs-1.0.0-py3.10.egg-info/PKG-INFO\n'}
[3.232081] (mazebot_msgs) StdoutLine: {'line': b'-- Installing: /home/pi/work/maze_bot/programming/mbot_ws/install/mazebot_msgs/local/lib/python3.10/dist-packages/mazebot_msgs-1.0.0-py3.10.egg-info/top_level.txt\n'}
[3.233514] (mazebot_msgs) StdoutLine: {'line': b'-- Installing: /home/pi/work/maze_bot/programming/mbot_ws/install/mazebot_msgs/local/lib/python3.10/dist-packages/mazebot_msgs-1.0.0-py3.10.egg-info/SOURCES.txt\n'}
[3.234919] (mazebot_msgs) StdoutLine: {'line': b'-- Installing: /home/pi/work/maze_bot/programming/mbot_ws/install/mazebot_msgs/local/lib/python3.10/dist-packages/mazebot_msgs-1.0.0-py3.10.egg-info/dependency_links.txt\n'}
[3.236488] (mazebot_msgs) StdoutLine: {'line': b'-- Up-to-date: /home/pi/work/maze_bot/programming/mbot_ws/install/mazebot_msgs/local/lib/python3.10/dist-packages/mazebot_msgs\n'}
[3.237394] (mazebot_msgs) StdoutLine: {'line': b'-- Up-to-date: /home/pi/work/maze_bot/programming/mbot_ws/install/mazebot_msgs/local/lib/python3.10/dist-packages/mazebot_msgs/_mazebot_msgs_s.ep.rosidl_typesupport_introspection_c.c\n'}
[3.238001] (mazebot_msgs) StdoutLine: {'line': b'-- Up-to-date: /home/pi/work/maze_bot/programming/mbot_ws/install/mazebot_msgs/local/lib/python3.10/dist-packages/mazebot_msgs/mazebot_msgs_s__rosidl_typesupport_fastrtps_c.cpython-310-aarch64-linux-gnu.so\n'}
[3.239257] (mazebot_msgs) StdoutLine: {'line': b'-- Up-to-date: /home/pi/work/maze_bot/programming/mbot_ws/install/mazebot_msgs/local/lib/python3.10/dist-packages/mazebot_msgs/msg\n'}
[3.240276] (mazebot_msgs) StdoutLine: {'line': b'-- Up-to-date: /home/pi/work/maze_bot/programming/mbot_ws/install/mazebot_msgs/local/lib/python3.10/dist-packages/mazebot_msgs/msg/_mazebot_neighboring_fields_wall_detection.py\n'}
[3.241246] (mazebot_msgs) StdoutLine: {'line': b'-- Up-to-date: /home/pi/work/maze_bot/programming/mbot_ws/install/mazebot_msgs/local/lib/python3.10/dist-packages/mazebot_msgs/msg/_mazebot_field_orientation_s.c\n'}
[3.241995] (mazebot_msgs) StdoutLine: {'line': b'-- Up-to-date: /home/pi/work/maze_bot/programming/mbot_ws/install/mazebot_msgs/local/lib/python3.10/dist-packages/mazebot_msgs/msg/__init__.py\n'}
[3.242778] (mazebot_msgs) StdoutLine: {'line': b'-- Up-to-date: /home/pi/work/maze_bot/programming/mbot_ws/install/mazebot_msgs/local/lib/python3.10/dist-packages/mazebot_msgs/msg/_lidar_scan_processed_s.c\n'}
[3.243156] (mazebot_msgs) StdoutLine: {'line': b'-- Up-to-date: /home/pi/work/maze_bot/programming/mbot_ws/install/mazebot_msgs/local/lib/python3.10/dist-packages/mazebot_msgs/msg/_mazebot_neighboring_fields_wall_detection_s.c\n'}
[3.243499] (mazebot_msgs) StdoutLine: {'line': b'-- Up-to-date: /home/pi/work/maze_bot/programming/mbot_ws/install/mazebot_msgs/local/lib/python3.10/dist-packages/mazebot_msgs/msg/_mazebot_field_orientation.py\n'}
[3.243882] (mazebot_msgs) StdoutLine: {'line': b'-- Up-to-date: /home/pi/work/maze_bot/programming/mbot_ws/install/mazebot_msgs/local/lib/python3.10/dist-packages/mazebot_msgs/msg/_lidar_scan_processed.py\n'}
[3.244213] (mazebot_msgs) StdoutLine: {'line': b'-- Up-to-date: /home/pi/work/maze_bot/programming/mbot_ws/install/mazebot_msgs/local/lib/python3.10/dist-packages/mazebot_msgs/_mazebot_msgs_s.ep.rosidl_typesupport_fastrtps_c.c\n'}
[3.244476] (mazebot_msgs) StdoutLine: {'line': b'-- Up-to-date: /home/pi/work/maze_bot/programming/mbot_ws/install/mazebot_msgs/local/lib/python3.10/dist-packages/mazebot_msgs/__init__.py\n'}
[3.244804] (mazebot_msgs) StdoutLine: {'line': b'-- Up-to-date: /home/pi/work/maze_bot/programming/mbot_ws/install/mazebot_msgs/local/lib/python3.10/dist-packages/mazebot_msgs/mazebot_msgs_s__rosidl_typesupport_c.cpython-310-aarch64-linux-gnu.so\n'}
[3.245309] (mazebot_msgs) StdoutLine: {'line': b'-- Up-to-date: /home/pi/work/maze_bot/programming/mbot_ws/install/mazebot_msgs/local/lib/python3.10/dist-packages/mazebot_msgs/libmazebot_msgs__rosidl_generator_py.so\n'}
[3.245682] (mazebot_msgs) StdoutLine: {'line': b'-- Up-to-date: /home/pi/work/maze_bot/programming/mbot_ws/install/mazebot_msgs/local/lib/python3.10/dist-packages/mazebot_msgs/_mazebot_msgs_s.ep.rosidl_typesupport_c.c\n'}
[3.245965] (mazebot_msgs) StdoutLine: {'line': b'-- Up-to-date: /home/pi/work/maze_bot/programming/mbot_ws/install/mazebot_msgs/local/lib/python3.10/dist-packages/mazebot_msgs/mazebot_msgs_s__rosidl_typesupport_introspection_c.cpython-310-aarch64-linux-gnu.so\n'}
[3.322586] (-) TimerEvent: {}
[3.423158] (-) TimerEvent: {}
[3.424841] (mazebot_msgs) StdoutLine: {'line': b"Listing '/home/pi/work/maze_bot/programming/mbot_ws/install/mazebot_msgs/local/lib/python3.10/dist-packages/mazebot_msgs'...\n"}
[3.426540] (mazebot_msgs) StdoutLine: {'line': b"Listing '/home/pi/work/maze_bot/programming/mbot_ws/install/mazebot_msgs/local/lib/python3.10/dist-packages/mazebot_msgs/msg'...\n"}
[3.455731] (mazebot_msgs) StdoutLine: {'line': b'-- Up-to-date: /home/pi/work/maze_bot/programming/mbot_ws/install/mazebot_msgs/local/lib/python3.10/dist-packages/mazebot_msgs/mazebot_msgs_s__rosidl_typesupport_fastrtps_c.cpython-310-aarch64-linux-gnu.so\n'}
[3.459659] (mazebot_msgs) StdoutLine: {'line': b'-- Up-to-date: /home/pi/work/maze_bot/programming/mbot_ws/install/mazebot_msgs/local/lib/python3.10/dist-packages/mazebot_msgs/mazebot_msgs_s__rosidl_typesupport_introspection_c.cpython-310-aarch64-linux-gnu.so\n'}
[3.463499] (mazebot_msgs) StdoutLine: {'line': b'-- Up-to-date: /home/pi/work/maze_bot/programming/mbot_ws/install/mazebot_msgs/local/lib/python3.10/dist-packages/mazebot_msgs/mazebot_msgs_s__rosidl_typesupport_c.cpython-310-aarch64-linux-gnu.so\n'}
[3.470104] (mazebot_msgs) StdoutLine: {'line': b'-- Up-to-date: /home/pi/work/maze_bot/programming/mbot_ws/install/mazebot_msgs/lib/libmazebot_msgs__rosidl_generator_py.so\n'}
[3.473083] (mazebot_msgs) StdoutLine: {'line': b'-- Up-to-date: /home/pi/work/maze_bot/programming/mbot_ws/install/mazebot_msgs/share/mazebot_msgs/msg/LidarScanProcessed.idl\n'}
[3.476421] (mazebot_msgs) StdoutLine: {'line': b'-- Up-to-date: /home/pi/work/maze_bot/programming/mbot_ws/install/mazebot_msgs/share/mazebot_msgs/msg/MazebotFieldOrientation.idl\n'}
[3.479969] (mazebot_msgs) StdoutLine: {'line': b'-- Up-to-date: /home/pi/work/maze_bot/programming/mbot_ws/install/mazebot_msgs/share/mazebot_msgs/msg/MazebotNeighboringFieldsWallDetection.idl\n'}
[3.482172] (mazebot_msgs) StdoutLine: {'line': b'-- Up-to-date: /home/pi/work/maze_bot/programming/mbot_ws/install/mazebot_msgs/share/mazebot_msgs/msg/LidarScanProcessed.msg\n'}
[3.482683] (mazebot_msgs) StdoutLine: {'line': b'-- Up-to-date: /home/pi/work/maze_bot/programming/mbot_ws/install/mazebot_msgs/share/mazebot_msgs/msg/MazebotFieldOrientation.msg\n'}
[3.483062] (mazebot_msgs) StdoutLine: {'line': b'-- Up-to-date: /home/pi/work/maze_bot/programming/mbot_ws/install/mazebot_msgs/share/mazebot_msgs/msg/MazebotNeighboringFieldsWallDetection.msg\n'}
[3.483396] (mazebot_msgs) StdoutLine: {'line': b'-- Up-to-date: /home/pi/work/maze_bot/programming/mbot_ws/install/mazebot_msgs/share/ament_index/resource_index/package_run_dependencies/mazebot_msgs\n'}
[3.483741] (mazebot_msgs) StdoutLine: {'line': b'-- Up-to-date: /home/pi/work/maze_bot/programming/mbot_ws/install/mazebot_msgs/share/ament_index/resource_index/parent_prefix_path/mazebot_msgs\n'}
[3.484097] (mazebot_msgs) StdoutLine: {'line': b'-- Up-to-date: /home/pi/work/maze_bot/programming/mbot_ws/install/mazebot_msgs/share/mazebot_msgs/environment/ament_prefix_path.sh\n'}
[3.484633] (mazebot_msgs) StdoutLine: {'line': b'-- Up-to-date: /home/pi/work/maze_bot/programming/mbot_ws/install/mazebot_msgs/share/mazebot_msgs/environment/ament_prefix_path.dsv\n'}
[3.485083] (mazebot_msgs) StdoutLine: {'line': b'-- Up-to-date: /home/pi/work/maze_bot/programming/mbot_ws/install/mazebot_msgs/share/mazebot_msgs/environment/path.sh\n'}
[3.485922] (mazebot_msgs) StdoutLine: {'line': b'-- Up-to-date: /home/pi/work/maze_bot/programming/mbot_ws/install/mazebot_msgs/share/mazebot_msgs/environment/path.dsv\n'}
[3.487032] (mazebot_msgs) StdoutLine: {'line': b'-- Up-to-date: /home/pi/work/maze_bot/programming/mbot_ws/install/mazebot_msgs/share/mazebot_msgs/local_setup.bash\n'}
[3.487906] (mazebot_msgs) StdoutLine: {'line': b'-- Up-to-date: /home/pi/work/maze_bot/programming/mbot_ws/install/mazebot_msgs/share/mazebot_msgs/local_setup.sh\n'}
[3.488584] (mazebot_msgs) StdoutLine: {'line': b'-- Up-to-date: /home/pi/work/maze_bot/programming/mbot_ws/install/mazebot_msgs/share/mazebot_msgs/local_setup.zsh\n'}
[3.489132] (mazebot_msgs) StdoutLine: {'line': b'-- Up-to-date: /home/pi/work/maze_bot/programming/mbot_ws/install/mazebot_msgs/share/mazebot_msgs/local_setup.dsv\n'}
[3.489622] (mazebot_msgs) StdoutLine: {'line': b'-- Installing: /home/pi/work/maze_bot/programming/mbot_ws/install/mazebot_msgs/share/mazebot_msgs/package.dsv\n'}
[3.490042] (mazebot_msgs) StdoutLine: {'line': b'-- Up-to-date: /home/pi/work/maze_bot/programming/mbot_ws/install/mazebot_msgs/share/ament_index/resource_index/packages/mazebot_msgs\n'}
[3.494919] (mazebot_msgs) StdoutLine: {'line': b'-- Up-to-date: /home/pi/work/maze_bot/programming/mbot_ws/install/mazebot_msgs/share/mazebot_msgs/cmake/export_mazebot_msgs__rosidl_generator_cExport.cmake\n'}
[3.499471] (mazebot_msgs) StdoutLine: {'line': b'-- Up-to-date: /home/pi/work/maze_bot/programming/mbot_ws/install/mazebot_msgs/share/mazebot_msgs/cmake/export_mazebot_msgs__rosidl_generator_cExport-noconfig.cmake\n'}
[3.500154] (mazebot_msgs) StdoutLine: {'line': b'-- Up-to-date: /home/pi/work/maze_bot/programming/mbot_ws/install/mazebot_msgs/share/mazebot_msgs/cmake/export_mazebot_msgs__rosidl_typesupport_fastrtps_cExport.cmake\n'}
[3.500738] (mazebot_msgs) StdoutLine: {'line': b'-- Up-to-date: /home/pi/work/maze_bot/programming/mbot_ws/install/mazebot_msgs/share/mazebot_msgs/cmake/export_mazebot_msgs__rosidl_typesupport_fastrtps_cExport-noconfig.cmake\n'}
[3.504402] (mazebot_msgs) StdoutLine: {'line': b'-- Up-to-date: /home/pi/work/maze_bot/programming/mbot_ws/install/mazebot_msgs/share/mazebot_msgs/cmake/export_mazebot_msgs__rosidl_generator_cppExport.cmake\n'}
[3.509024] (mazebot_msgs) StdoutLine: {'line': b'-- Up-to-date: /home/pi/work/maze_bot/programming/mbot_ws/install/mazebot_msgs/share/mazebot_msgs/cmake/export_mazebot_msgs__rosidl_typesupport_fastrtps_cppExport.cmake\n'}
[3.509768] (mazebot_msgs) StdoutLine: {'line': b'-- Up-to-date: /home/pi/work/maze_bot/programming/mbot_ws/install/mazebot_msgs/share/mazebot_msgs/cmake/export_mazebot_msgs__rosidl_typesupport_fastrtps_cppExport-noconfig.cmake\n'}
[3.513864] (mazebot_msgs) StdoutLine: {'line': b'-- Up-to-date: /home/pi/work/maze_bot/programming/mbot_ws/install/mazebot_msgs/share/mazebot_msgs/cmake/mazebot_msgs__rosidl_typesupport_introspection_cExport.cmake\n'}
[3.514746] (mazebot_msgs) StdoutLine: {'line': b'-- Up-to-date: /home/pi/work/maze_bot/programming/mbot_ws/install/mazebot_msgs/share/mazebot_msgs/cmake/mazebot_msgs__rosidl_typesupport_introspection_cExport-noconfig.cmake\n'}
[3.519091] (mazebot_msgs) StdoutLine: {'line': b'-- Up-to-date: /home/pi/work/maze_bot/programming/mbot_ws/install/mazebot_msgs/share/mazebot_msgs/cmake/mazebot_msgs__rosidl_typesupport_cExport.cmake\n'}
[3.520661] (mazebot_msgs) StdoutLine: {'line': b'-- Up-to-date: /home/pi/work/maze_bot/programming/mbot_ws/install/mazebot_msgs/share/mazebot_msgs/cmake/mazebot_msgs__rosidl_typesupport_cExport-noconfig.cmake\n'}
[3.523698] (mazebot_msgs) StdoutLine: {'line': b'-- Up-to-date: /home/pi/work/maze_bot/programming/mbot_ws/install/mazebot_msgs/share/mazebot_msgs/cmake/mazebot_msgs__rosidl_typesupport_introspection_cppExport.cmake\n'}
[3.525037] (-) TimerEvent: {}
[3.525431] (mazebot_msgs) StdoutLine: {'line': b'-- Up-to-date: /home/pi/work/maze_bot/programming/mbot_ws/install/mazebot_msgs/share/mazebot_msgs/cmake/mazebot_msgs__rosidl_typesupport_introspection_cppExport-noconfig.cmake\n'}
[3.527414] (mazebot_msgs) StdoutLine: {'line': b'-- Up-to-date: /home/pi/work/maze_bot/programming/mbot_ws/install/mazebot_msgs/share/mazebot_msgs/cmake/mazebot_msgs__rosidl_typesupport_cppExport.cmake\n'}
[3.529182] (mazebot_msgs) StdoutLine: {'line': b'-- Up-to-date: /home/pi/work/maze_bot/programming/mbot_ws/install/mazebot_msgs/share/mazebot_msgs/cmake/mazebot_msgs__rosidl_typesupport_cppExport-noconfig.cmake\n'}
[3.531251] (mazebot_msgs) StdoutLine: {'line': b'-- Up-to-date: /home/pi/work/maze_bot/programming/mbot_ws/install/mazebot_msgs/share/mazebot_msgs/cmake/export_mazebot_msgs__rosidl_generator_pyExport.cmake\n'}
[3.532644] (mazebot_msgs) StdoutLine: {'line': b'-- Up-to-date: /home/pi/work/maze_bot/programming/mbot_ws/install/mazebot_msgs/share/mazebot_msgs/cmake/export_mazebot_msgs__rosidl_generator_pyExport-noconfig.cmake\n'}
[3.535496] (mazebot_msgs) StdoutLine: {'line': b'-- Up-to-date: /home/pi/work/maze_bot/programming/mbot_ws/install/mazebot_msgs/share/mazebot_msgs/cmake/rosidl_cmake-extras.cmake\n'}
[3.539803] (mazebot_msgs) StdoutLine: {'line': b'-- Up-to-date: /home/pi/work/maze_bot/programming/mbot_ws/install/mazebot_msgs/share/mazebot_msgs/cmake/ament_cmake_export_dependencies-extras.cmake\n'}
[3.540655] (mazebot_msgs) StdoutLine: {'line': b'-- Up-to-date: /home/pi/work/maze_bot/programming/mbot_ws/install/mazebot_msgs/share/mazebot_msgs/cmake/ament_cmake_export_include_directories-extras.cmake\n'}
[3.541418] (mazebot_msgs) StdoutLine: {'line': b'-- Up-to-date: /home/pi/work/maze_bot/programming/mbot_ws/install/mazebot_msgs/share/mazebot_msgs/cmake/ament_cmake_export_libraries-extras.cmake\n'}
[3.542262] (mazebot_msgs) StdoutLine: {'line': b'-- Up-to-date: /home/pi/work/maze_bot/programming/mbot_ws/install/mazebot_msgs/share/mazebot_msgs/cmake/ament_cmake_export_targets-extras.cmake\n'}
[3.542928] (mazebot_msgs) StdoutLine: {'line': b'-- Up-to-date: /home/pi/work/maze_bot/programming/mbot_ws/install/mazebot_msgs/share/mazebot_msgs/cmake/rosidl_cmake_export_typesupport_targets-extras.cmake\n'}
[3.543498] (mazebot_msgs) StdoutLine: {'line': b'-- Up-to-date: /home/pi/work/maze_bot/programming/mbot_ws/install/mazebot_msgs/share/mazebot_msgs/cmake/rosidl_cmake_export_typesupport_libraries-extras.cmake\n'}
[3.544528] (mazebot_msgs) StdoutLine: {'line': b'-- Up-to-date: /home/pi/work/maze_bot/programming/mbot_ws/install/mazebot_msgs/share/mazebot_msgs/cmake/mazebot_msgsConfig.cmake\n'}
[3.545063] (mazebot_msgs) StdoutLine: {'line': b'-- Up-to-date: /home/pi/work/maze_bot/programming/mbot_ws/install/mazebot_msgs/share/mazebot_msgs/cmake/mazebot_msgsConfig-version.cmake\n'}
[3.545563] (mazebot_msgs) StdoutLine: {'line': b'-- Up-to-date: /home/pi/work/maze_bot/programming/mbot_ws/install/mazebot_msgs/share/mazebot_msgs/package.xml\n'}
[3.573627] (mazebot_msgs) CommandEnded: {'returncode': 0}
[3.625330] (-) TimerEvent: {}
[3.725760] (-) TimerEvent: {}
[3.826557] (-) TimerEvent: {}
[3.927989] (-) TimerEvent: {}
[4.028989] (-) TimerEvent: {}
[4.129424] (-) TimerEvent: {}
[4.220190] (mazebot_msgs) JobEnded: {'identifier': 'mazebot_msgs', 'rc': 0}
[4.223115] (robocup) JobStarted: {'identifier': 'robocup'}
[4.229919] (-) TimerEvent: {}
[4.330612] (-) TimerEvent: {}
[4.431081] (-) TimerEvent: {}
[4.531555] (-) TimerEvent: {}
[4.631975] (-) TimerEvent: {}
[4.732415] (-) TimerEvent: {}
[4.832971] (-) TimerEvent: {}
[4.933505] (-) TimerEvent: {}
[5.033956] (-) TimerEvent: {}
[5.134466] (-) TimerEvent: {}
[5.234894] (-) TimerEvent: {}
[5.335290] (-) TimerEvent: {}
[5.435706] (-) TimerEvent: {}
[5.536124] (-) TimerEvent: {}
[5.636540] (-) TimerEvent: {}
[5.736941] (-) TimerEvent: {}
[5.837472] (-) TimerEvent: {}
[5.938414] (-) TimerEvent: {}
[6.038832] (-) TimerEvent: {}
[6.139234] (-) TimerEvent: {}
[6.239718] (-) TimerEvent: {}
[6.340293] (-) TimerEvent: {}
[6.440901] (-) TimerEvent: {}
[6.541285] (-) TimerEvent: {}
[6.641664] (-) TimerEvent: {}
[6.742037] (-) TimerEvent: {}
[6.842447] (-) TimerEvent: {}
[6.942838] (-) TimerEvent: {}
[7.043207] (-) TimerEvent: {}
[7.143584] (-) TimerEvent: {}
[7.243982] (-) TimerEvent: {}
[7.344422] (-) TimerEvent: {}
[7.444872] (-) TimerEvent: {}
[7.545369] (-) TimerEvent: {}
[7.645967] (-) TimerEvent: {}
[7.746804] (-) TimerEvent: {}
[7.802245] (robocup) Command: {'cmd': ['/usr/bin/python3', 'setup.py', 'egg_info', '--egg-base', '../../build/robocup', 'build', '--build-base', '/home/pi/work/maze_bot/programming/mbot_ws/build/robocup/build', 'install', '--record', '/home/pi/work/maze_bot/programming/mbot_ws/build/robocup/install.log', '--single-version-externally-managed'], 'cwd': '/home/pi/work/maze_bot/programming/mbot_ws/src/robocup', 'env': {'SHLVL': '1', 'LD_LIBRARY_PATH': '/home/pi/work/maze_bot/programming/mbot_ws/install/mazebot_msgs/lib:/opt/ros/humble/opt/rviz_ogre_vendor/lib:/opt/ros/humble/lib/aarch64-linux-gnu:/opt/ros/humble/lib', 'OLDPWD': '/', 'ROS_PYTHON_VERSION': '3', 'SYSTEMD_EXEC_PID': '3608', 'COLCON_PREFIX_PATH': '/home/pi/work/maze_bot/programming/mbot_ws/install', 'ROS_DISTRO': 'humble', 'JOURNAL_STREAM': '8:32411', '_': '/usr/bin/colcon', 'ROS_VERSION': '2', 'ROS_LOCALHOST_ONLY': '0', 'PATH': '/opt/ros/humble/bin:/usr/local/sbin:/usr/local/bin:/usr/sbin:/usr/bin:/sbin:/bin:/snap/bin', 'INVOCATION_ID': 'f1b880146cad4409914aea5f23226693', 'LANG': 'en_US.UTF-8', 'AMENT_PREFIX_PATH': '/home/pi/work/maze_bot/programming/mbot_ws/install/robocup:/home/pi/work/maze_bot/programming/mbot_ws/install/publisher:/home/pi/work/maze_bot/programming/mbot_ws/install/my_package:/home/pi/work/maze_bot/programming/mbot_ws/install/mazebot_v1:/home/pi/work/maze_bot/programming/mbot_ws/install/mazebot_msgs:/home/pi/work/maze_bot/programming/mbot_ws/install/hls_lfcd_lds_driver:/opt/ros/humble', 'PWD': '/home/pi/work/maze_bot/programming/mbot_ws/build/robocup', 'PYTHONPATH': '/home/pi/work/maze_bot/programming/mbot_ws/build/robocup/prefix_override:/home/pi/work/maze_bot/programming/mbot_ws/install/robocup/lib/python3.10/site-packages:/home/pi/work/maze_bot/programming/mbot_ws/install/robocup/lib/python3.10/site-packages:/home/kurzmann/mbot_ws/build/publisher:/home/pi/work/maze_bot/programming/mbot_ws/install/publisher/lib/python3.10/site-packages:/home/pi/work/maze_bot/programming/mbot_ws/install/my_package/lib/python3.10/site-packages:/home/kurzmann/mbot_ws/build/mazebot_v1:/home/pi/work/maze_bot/programming/mbot_ws/install/mazebot_v1/lib/python3.10/site-packages:/home/pi/work/maze_bot/programming/mbot_ws/install/mazebot_msgs/local/lib/python3.10/dist-packages:/opt/ros/humble/lib/python3.10/site-packages:/opt/ros/humble/local/lib/python3.10/dist-packages', 'COLCON': '1', 'CMAKE_PREFIX_PATH': '/home/pi/work/maze_bot/programming/mbot_ws/install/mazebot_msgs:/home/pi/work/maze_bot/programming/mbot_ws/install/hls_lfcd_lds_driver'}, 'shell': False}
[7.846959] (-) TimerEvent: {}
[7.947385] (-) TimerEvent: {}
[8.047785] (-) TimerEvent: {}
[8.148197] (-) TimerEvent: {}
[8.248635] (-) TimerEvent: {}
[8.349042] (-) TimerEvent: {}
[8.449435] (-) TimerEvent: {}
[8.549823] (-) TimerEvent: {}
[8.650261] (-) TimerEvent: {}
[8.750689] (-) TimerEvent: {}
[8.851056] (-) TimerEvent: {}
[8.951441] (-) TimerEvent: {}
[9.029636] (robocup) StdoutLine: {'line': b'running egg_info\n'}
[9.032815] (robocup) StdoutLine: {'line': b'writing ../../build/robocup/robocup.egg-info/PKG-INFO\n'}
[9.033948] (robocup) StdoutLine: {'line': b'writing dependency_links to ../../build/robocup/robocup.egg-info/dependency_links.txt\n'}
[9.034992] (robocup) StdoutLine: {'line': b'writing entry points to ../../build/robocup/robocup.egg-info/entry_points.txt\n'}
[9.035812] (robocup) StdoutLine: {'line': b'writing requirements to ../../build/robocup/robocup.egg-info/requires.txt\n'}
[9.037056] (robocup) StdoutLine: {'line': b'writing top-level names to ../../build/robocup/robocup.egg-info/top_level.txt\n'}
[9.044848] (robocup) StdoutLine: {'line': b"reading manifest file '../../build/robocup/robocup.egg-info/SOURCES.txt'\n"}
[9.050099] (robocup) StdoutLine: {'line': b"writing manifest file '../../build/robocup/robocup.egg-info/SOURCES.txt'\n"}
[9.051064] (robocup) StdoutLine: {'line': b'running build\n'}
[9.051492] (-) TimerEvent: {}
[9.051585] (robocup) StdoutLine: {'line': b'running build_py\n'}
[9.053284] (robocup) StdoutLine: {'line': b'running install\n'}
[9.054573] (robocup) StdoutLine: {'line': b'running install_lib\n'}
[9.061182] (robocup) StdoutLine: {'line': b'running install_data\n'}
[9.063951] (robocup) StdoutLine: {'line': b'running install_egg_info\n'}
[9.070543] (robocup) StdoutLine: {'line': b"removing '/home/pi/work/maze_bot/programming/mbot_ws/install/robocup/lib/python3.10/site-packages/robocup-0.0.0-py3.10.egg-info' (and everything under it)\n"}
[9.072261] (robocup) StdoutLine: {'line': b'Copying ../../build/robocup/robocup.egg-info to /home/pi/work/maze_bot/programming/mbot_ws/install/robocup/lib/python3.10/site-packages/robocup-0.0.0-py3.10.egg-info\n'}
[9.082378] (robocup) StdoutLine: {'line': b'running install_scripts\n'}
[9.151720] (-) TimerEvent: {}
[9.160901] (robocup) StdoutLine: {'line': b'Installing remote script to /home/pi/work/maze_bot/programming/mbot_ws/install/robocup/lib/robocup\n'}
[9.161783] (robocup) StdoutLine: {'line': b'Installing serial script to /home/pi/work/maze_bot/programming/mbot_ws/install/robocup/lib/robocup\n'}
[9.162737] (robocup) StdoutLine: {'line': b'Installing wall_det script to /home/pi/work/maze_bot/programming/mbot_ws/install/robocup/lib/robocup\n'}
[9.164739] (robocup) StdoutLine: {'line': b"writing list of installed files to '/home/pi/work/maze_bot/programming/mbot_ws/build/robocup/install.log'\n"}
[9.252123] (-) TimerEvent: {}
[9.299609] (robocup) CommandEnded: {'returncode': 0}
[9.346885] (robocup) JobEnded: {'identifier': 'robocup', 'rc': 0}
[9.349402] (-) EventReactorShutdown: {}
