[4.545s] Invoking command in '/home/pi/work/maze_bot/programming/mbot_ws/src/robocup': PYTHONPATH=/home/pi/work/maze_bot/programming/mbot_ws/build/robocup/prefix_override:/home/pi/work/maze_bot/programming/mbot_ws/install/robocup/lib/python3.10/site-packages:${PYTHONPATH} /usr/bin/python3 setup.py egg_info --egg-base ../../build/robocup build --build-base /home/pi/work/maze_bot/programming/mbot_ws/build/robocup/build install --record /home/pi/work/maze_bot/programming/mbot_ws/build/robocup/install.log --single-version-externally-managed
[6.068s] running egg_info
[6.071s] writing ../../build/robocup/robocup.egg-info/PKG-INFO
[6.072s] writing dependency_links to ../../build/robocup/robocup.egg-info/dependency_links.txt
[6.073s] writing entry points to ../../build/robocup/robocup.egg-info/entry_points.txt
[6.073s] writing requirements to ../../build/robocup/robocup.egg-info/requires.txt
[6.074s] writing top-level names to ../../build/robocup/robocup.egg-info/top_level.txt
[6.083s] reading manifest file '../../build/robocup/robocup.egg-info/SOURCES.txt'
[6.089s] writing manifest file '../../build/robocup/robocup.egg-info/SOURCES.txt'
[6.090s] running build
[6.091s] running build_py
[6.093s] running install
[6.094s] running install_lib
[6.101s] running install_data
[6.104s] running install_egg_info
[6.110s] removing '/home/pi/work/maze_bot/programming/mbot_ws/install/robocup/lib/python3.10/site-packages/robocup-0.0.0-py3.10.egg-info' (and everything under it)
[6.112s] Copying ../../build/robocup/robocup.egg-info to /home/pi/work/maze_bot/programming/mbot_ws/install/robocup/lib/python3.10/site-packages/robocup-0.0.0-py3.10.egg-info
[6.122s] running install_scripts
[6.206s] Installing remote script to /home/pi/work/maze_bot/programming/mbot_ws/install/robocup/lib/robocup
[6.207s] Installing serial script to /home/pi/work/maze_bot/programming/mbot_ws/install/robocup/lib/robocup
[6.209s] writing list of installed files to '/home/pi/work/maze_bot/programming/mbot_ws/build/robocup/install.log'
[6.356s] Invoked command in '/home/pi/work/maze_bot/programming/mbot_ws/src/robocup' returned '0': PYTHONPATH=/home/pi/work/maze_bot/programming/mbot_ws/build/robocup/prefix_override:/home/pi/work/maze_bot/programming/mbot_ws/install/robocup/lib/python3.10/site-packages:${PYTHONPATH} /usr/bin/python3 setup.py egg_info --egg-base ../../build/robocup build --build-base /home/pi/work/maze_bot/programming/mbot_ws/build/robocup/build install --record /home/pi/work/maze_bot/programming/mbot_ws/build/robocup/install.log --single-version-externally-managed
