[0.212s] DEBUG:colcon:Command line arguments: ['/usr/bin/colcon', 'build']
[0.212s] DEBUG:colcon:Parsed command line arguments: Namespace(log_base=None, log_level=None, verb_name='build', build_base='build', install_base='install', merge_install=False, symlink_install=False, test_result_base=None, continue_on_error=False, executor='parallel', parallel_workers=16, event_handlers=None, ignore_user_meta=False, metas=['./colcon.meta'], base_paths=['.'], packages_ignore=None, packages_ignore_regex=None, paths=None, packages_up_to=None, packages_up_to_regex=None, packages_above=None, packages_above_and_dependencies=None, packages_above_depth=None, packages_select_by_dep=None, packages_skip_by_dep=None, packages_skip_up_to=None, packages_select_build_failed=False, packages_skip_build_finished=False, packages_select_test_failures=False, packages_skip_test_passed=False, packages_select=None, packages_skip=None, packages_select_regex=None, packages_skip_regex=None, packages_start=None, packages_end=None, allow_overriding=[], cmake_args=None, cmake_target=None, cmake_target_skip_unavailable=False, cmake_clean_cache=False, cmake_clean_first=False, cmake_force_configure=False, ament_cmake_args=None, catkin_cmake_args=None, catkin_skip_building_tests=False, verb_parser=<colcon_defaults.argument_parser.defaults.DefaultArgumentsDecorator object at 0x7fe8fc3ed5d0>, verb_extension=<colcon_core.verb.build.BuildVerb object at 0x7fe8fc3ed0f0>, main=<bound method BuildVerb.main of <colcon_core.verb.build.BuildVerb object at 0x7fe8fc3ed0f0>>)
[0.233s] Level 1:colcon.colcon_core.package_discovery:discover_packages(colcon_meta) check parameters
[0.233s] Level 1:colcon.colcon_core.package_discovery:discover_packages(recursive) check parameters
[0.233s] Level 1:colcon.colcon_core.package_discovery:discover_packages(ignore) check parameters
[0.233s] Level 1:colcon.colcon_core.package_discovery:discover_packages(path) check parameters
[0.233s] Level 1:colcon.colcon_core.package_discovery:discover_packages(colcon_meta) discover
[0.233s] Level 1:colcon.colcon_core.package_discovery:discover_packages(recursive) discover
[0.233s] INFO:colcon.colcon_core.package_discovery:Crawling recursively for packages in '/home/kurzmann/maze_bot/programming/mbot_ws'
[0.233s] Level 1:colcon.colcon_core.package_identification:_identify(.) by extensions ['ignore', 'ignore_ament_install']
[0.233s] Level 1:colcon.colcon_core.package_identification:_identify(.) by extension 'ignore'
[0.233s] Level 1:colcon.colcon_core.package_identification:_identify(.) by extension 'ignore_ament_install'
[0.233s] Level 1:colcon.colcon_core.package_identification:_identify(.) by extensions ['colcon_pkg']
[0.233s] Level 1:colcon.colcon_core.package_identification:_identify(.) by extension 'colcon_pkg'
[0.233s] Level 1:colcon.colcon_core.package_identification:_identify(.) by extensions ['colcon_meta']
[0.233s] Level 1:colcon.colcon_core.package_identification:_identify(.) by extension 'colcon_meta'
[0.233s] Level 1:colcon.colcon_core.package_identification:_identify(.) by extensions ['ros']
[0.233s] Level 1:colcon.colcon_core.package_identification:_identify(.) by extension 'ros'
[0.241s] Level 1:colcon.colcon_core.package_identification:_identify(.) by extensions ['cmake', 'python']
[0.241s] Level 1:colcon.colcon_core.package_identification:_identify(.) by extension 'cmake'
[0.241s] Level 1:colcon.colcon_core.package_identification:_identify(.) by extension 'python'
[0.241s] Level 1:colcon.colcon_core.package_identification:_identify(.) by extensions ['python_setup_py']
[0.241s] Level 1:colcon.colcon_core.package_identification:_identify(.) by extension 'python_setup_py'
[0.241s] Level 1:colcon.colcon_core.package_identification:_identify(build) by extensions ['ignore', 'ignore_ament_install']
[0.241s] Level 1:colcon.colcon_core.package_identification:_identify(build) by extension 'ignore'
[0.241s] Level 1:colcon.colcon_core.package_identification:_identify(build) ignored
[0.241s] Level 1:colcon.colcon_core.package_identification:_identify(install) by extensions ['ignore', 'ignore_ament_install']
[0.241s] Level 1:colcon.colcon_core.package_identification:_identify(install) by extension 'ignore'
[0.241s] Level 1:colcon.colcon_core.package_identification:_identify(install) ignored
[0.242s] Level 1:colcon.colcon_core.package_identification:_identify(log) by extensions ['ignore', 'ignore_ament_install']
[0.242s] Level 1:colcon.colcon_core.package_identification:_identify(log) by extension 'ignore'
[0.242s] Level 1:colcon.colcon_core.package_identification:_identify(log) ignored
[0.242s] Level 1:colcon.colcon_core.package_identification:_identify(src) by extensions ['ignore', 'ignore_ament_install']
[0.242s] Level 1:colcon.colcon_core.package_identification:_identify(src) by extension 'ignore'
[0.242s] Level 1:colcon.colcon_core.package_identification:_identify(src) by extension 'ignore_ament_install'
[0.242s] Level 1:colcon.colcon_core.package_identification:_identify(src) by extensions ['colcon_pkg']
[0.242s] Level 1:colcon.colcon_core.package_identification:_identify(src) by extension 'colcon_pkg'
[0.242s] Level 1:colcon.colcon_core.package_identification:_identify(src) by extensions ['colcon_meta']
[0.242s] Level 1:colcon.colcon_core.package_identification:_identify(src) by extension 'colcon_meta'
[0.242s] Level 1:colcon.colcon_core.package_identification:_identify(src) by extensions ['ros']
[0.242s] Level 1:colcon.colcon_core.package_identification:_identify(src) by extension 'ros'
[0.242s] Level 1:colcon.colcon_core.package_identification:_identify(src) by extensions ['cmake', 'python']
[0.242s] Level 1:colcon.colcon_core.package_identification:_identify(src) by extension 'cmake'
[0.242s] Level 1:colcon.colcon_core.package_identification:_identify(src) by extension 'python'
[0.242s] Level 1:colcon.colcon_core.package_identification:_identify(src) by extensions ['python_setup_py']
[0.242s] Level 1:colcon.colcon_core.package_identification:_identify(src) by extension 'python_setup_py'
[0.242s] Level 1:colcon.colcon_core.package_identification:_identify(src/mazebot_v1) by extensions ['ignore', 'ignore_ament_install']
[0.242s] Level 1:colcon.colcon_core.package_identification:_identify(src/mazebot_v1) by extension 'ignore'
[0.242s] Level 1:colcon.colcon_core.package_identification:_identify(src/mazebot_v1) by extension 'ignore_ament_install'
[0.242s] Level 1:colcon.colcon_core.package_identification:_identify(src/mazebot_v1) by extensions ['colcon_pkg']
[0.242s] Level 1:colcon.colcon_core.package_identification:_identify(src/mazebot_v1) by extension 'colcon_pkg'
[0.242s] Level 1:colcon.colcon_core.package_identification:_identify(src/mazebot_v1) by extensions ['colcon_meta']
[0.242s] Level 1:colcon.colcon_core.package_identification:_identify(src/mazebot_v1) by extension 'colcon_meta'
[0.242s] Level 1:colcon.colcon_core.package_identification:_identify(src/mazebot_v1) by extensions ['ros']
[0.242s] Level 1:colcon.colcon_core.package_identification:_identify(src/mazebot_v1) by extension 'ros'
[0.244s] DEBUG:colcon.colcon_core.package_identification:Package 'src/mazebot_v1' with type 'ros.ament_python' and name 'mazebot_v1'
[0.244s] Level 1:colcon.colcon_core.package_identification:_identify(src/publisher) by extensions ['ignore', 'ignore_ament_install']
[0.244s] Level 1:colcon.colcon_core.package_identification:_identify(src/publisher) by extension 'ignore'
[0.244s] Level 1:colcon.colcon_core.package_identification:_identify(src/publisher) by extension 'ignore_ament_install'
[0.244s] Level 1:colcon.colcon_core.package_identification:_identify(src/publisher) by extensions ['colcon_pkg']
[0.244s] Level 1:colcon.colcon_core.package_identification:_identify(src/publisher) by extension 'colcon_pkg'
[0.244s] Level 1:colcon.colcon_core.package_identification:_identify(src/publisher) by extensions ['colcon_meta']
[0.244s] Level 1:colcon.colcon_core.package_identification:_identify(src/publisher) by extension 'colcon_meta'
[0.244s] Level 1:colcon.colcon_core.package_identification:_identify(src/publisher) by extensions ['ros']
[0.244s] Level 1:colcon.colcon_core.package_identification:_identify(src/publisher) by extension 'ros'
[0.244s] DEBUG:colcon.colcon_core.package_identification:Package 'src/publisher' with type 'ros.ament_python' and name 'publisher'
[0.244s] Level 1:colcon.colcon_core.package_discovery:discover_packages(recursive) using defaults
[0.244s] Level 1:colcon.colcon_core.package_discovery:discover_packages(ignore) discover
[0.244s] Level 1:colcon.colcon_core.package_discovery:discover_packages(ignore) using defaults
[0.244s] Level 1:colcon.colcon_core.package_discovery:discover_packages(path) discover
[0.244s] Level 1:colcon.colcon_core.package_discovery:discover_packages(path) using defaults
[0.258s] Level 1:colcon.colcon_core.package_discovery:discover_packages(prefix_path) check parameters
[0.258s] Level 1:colcon.colcon_core.package_discovery:discover_packages(prefix_path) discover
[0.260s] DEBUG:colcon.colcon_installed_package_information.package_discovery:Found 378 installed packages in /opt/ros/humble
[0.262s] Level 1:colcon.colcon_core.package_discovery:discover_packages(prefix_path) using defaults
[0.303s] Level 5:colcon.colcon_core.verb:set package 'mazebot_v1' build argument 'cmake_args' from command line to 'None'
[0.303s] Level 5:colcon.colcon_core.verb:set package 'mazebot_v1' build argument 'cmake_target' from command line to 'None'
[0.303s] Level 5:colcon.colcon_core.verb:set package 'mazebot_v1' build argument 'cmake_target_skip_unavailable' from command line to 'False'
[0.303s] Level 5:colcon.colcon_core.verb:set package 'mazebot_v1' build argument 'cmake_clean_cache' from command line to 'False'
[0.303s] Level 5:colcon.colcon_core.verb:set package 'mazebot_v1' build argument 'cmake_clean_first' from command line to 'False'
[0.303s] Level 5:colcon.colcon_core.verb:set package 'mazebot_v1' build argument 'cmake_force_configure' from command line to 'False'
[0.303s] Level 5:colcon.colcon_core.verb:set package 'mazebot_v1' build argument 'ament_cmake_args' from command line to 'None'
[0.303s] Level 5:colcon.colcon_core.verb:set package 'mazebot_v1' build argument 'catkin_cmake_args' from command line to 'None'
[0.303s] Level 5:colcon.colcon_core.verb:set package 'mazebot_v1' build argument 'catkin_skip_building_tests' from command line to 'False'
[0.303s] DEBUG:colcon.colcon_core.verb:Building package 'mazebot_v1' with the following arguments: {'ament_cmake_args': None, 'build_base': '/home/kurzmann/maze_bot/programming/mbot_ws/build/mazebot_v1', 'catkin_cmake_args': None, 'catkin_skip_building_tests': False, 'cmake_args': None, 'cmake_clean_cache': False, 'cmake_clean_first': False, 'cmake_force_configure': False, 'cmake_target': None, 'cmake_target_skip_unavailable': False, 'install_base': '/home/kurzmann/maze_bot/programming/mbot_ws/install/mazebot_v1', 'merge_install': False, 'path': '/home/kurzmann/maze_bot/programming/mbot_ws/src/mazebot_v1', 'symlink_install': False, 'test_result_base': None}
[0.304s] Level 5:colcon.colcon_core.verb:set package 'publisher' build argument 'cmake_args' from command line to 'None'
[0.304s] Level 5:colcon.colcon_core.verb:set package 'publisher' build argument 'cmake_target' from command line to 'None'
[0.304s] Level 5:colcon.colcon_core.verb:set package 'publisher' build argument 'cmake_target_skip_unavailable' from command line to 'False'
[0.304s] Level 5:colcon.colcon_core.verb:set package 'publisher' build argument 'cmake_clean_cache' from command line to 'False'
[0.304s] Level 5:colcon.colcon_core.verb:set package 'publisher' build argument 'cmake_clean_first' from command line to 'False'
[0.304s] Level 5:colcon.colcon_core.verb:set package 'publisher' build argument 'cmake_force_configure' from command line to 'False'
[0.304s] Level 5:colcon.colcon_core.verb:set package 'publisher' build argument 'ament_cmake_args' from command line to 'None'
[0.304s] Level 5:colcon.colcon_core.verb:set package 'publisher' build argument 'catkin_cmake_args' from command line to 'None'
[0.304s] Level 5:colcon.colcon_core.verb:set package 'publisher' build argument 'catkin_skip_building_tests' from command line to 'False'
[0.304s] DEBUG:colcon.colcon_core.verb:Building package 'publisher' with the following arguments: {'ament_cmake_args': None, 'build_base': '/home/kurzmann/maze_bot/programming/mbot_ws/build/publisher', 'catkin_cmake_args': None, 'catkin_skip_building_tests': False, 'cmake_args': None, 'cmake_clean_cache': False, 'cmake_clean_first': False, 'cmake_force_configure': False, 'cmake_target': None, 'cmake_target_skip_unavailable': False, 'install_base': '/home/kurzmann/maze_bot/programming/mbot_ws/install/publisher', 'merge_install': False, 'path': '/home/kurzmann/maze_bot/programming/mbot_ws/src/publisher', 'symlink_install': False, 'test_result_base': None}
[0.304s] INFO:colcon.colcon_core.executor:Executing jobs using 'parallel' executor
[0.306s] DEBUG:colcon.colcon_parallel_executor.executor.parallel:run_until_complete
[0.306s] INFO:colcon.colcon_ros.task.ament_python.build:Building ROS package in '/home/kurzmann/maze_bot/programming/mbot_ws/src/mazebot_v1' with build type 'ament_python'
[0.307s] Level 1:colcon.colcon_core.shell:create_environment_hook('mazebot_v1', 'ament_prefix_path')
[0.309s] INFO:colcon.colcon_core.plugin_system:Skipping extension 'colcon_core.shell.bat': Not used on non-Windows systems
[0.309s] INFO:colcon.colcon_core.shell:Creating environment hook '/home/kurzmann/maze_bot/programming/mbot_ws/install/mazebot_v1/share/mazebot_v1/hook/ament_prefix_path.ps1'
[0.310s] INFO:colcon.colcon_core.shell:Creating environment descriptor '/home/kurzmann/maze_bot/programming/mbot_ws/install/mazebot_v1/share/mazebot_v1/hook/ament_prefix_path.dsv'
[0.310s] INFO:colcon.colcon_core.shell:Creating environment hook '/home/kurzmann/maze_bot/programming/mbot_ws/install/mazebot_v1/share/mazebot_v1/hook/ament_prefix_path.sh'
[0.311s] INFO:colcon.colcon_core.shell:Skip shell extension 'powershell' for command environment: Not usable outside of PowerShell
[0.311s] DEBUG:colcon.colcon_core.shell:Skip shell extension 'dsv' for command environment
[0.313s] INFO:colcon.colcon_ros.task.ament_python.build:Building ROS package in '/home/kurzmann/maze_bot/programming/mbot_ws/src/publisher' with build type 'ament_python'
[0.313s] Level 1:colcon.colcon_core.shell:create_environment_hook('publisher', 'ament_prefix_path')
[0.314s] INFO:colcon.colcon_core.shell:Creating environment hook '/home/kurzmann/maze_bot/programming/mbot_ws/install/publisher/share/publisher/hook/ament_prefix_path.ps1'
[0.314s] INFO:colcon.colcon_core.shell:Creating environment descriptor '/home/kurzmann/maze_bot/programming/mbot_ws/install/publisher/share/publisher/hook/ament_prefix_path.dsv'
[0.314s] INFO:colcon.colcon_core.shell:Creating environment hook '/home/kurzmann/maze_bot/programming/mbot_ws/install/publisher/share/publisher/hook/ament_prefix_path.sh'
[0.315s] INFO:colcon.colcon_core.shell:Skip shell extension 'powershell' for command environment: Not usable outside of PowerShell
[0.315s] DEBUG:colcon.colcon_core.shell:Skip shell extension 'dsv' for command environment
[0.481s] INFO:colcon.colcon_core.task.python.build:Building Python package in '/home/kurzmann/maze_bot/programming/mbot_ws/src/mazebot_v1'
[0.482s] INFO:colcon.colcon_core.shell:Skip shell extension 'powershell' for command environment: Not usable outside of PowerShell
[0.482s] DEBUG:colcon.colcon_core.shell:Skip shell extension 'dsv' for command environment
[0.650s] INFO:colcon.colcon_core.task.python.build:Building Python package in '/home/kurzmann/maze_bot/programming/mbot_ws/src/publisher'
[0.651s] INFO:colcon.colcon_core.shell:Skip shell extension 'powershell' for command environment: Not usable outside of PowerShell
[0.651s] DEBUG:colcon.colcon_core.shell:Skip shell extension 'dsv' for command environment
[0.881s] DEBUG:colcon.colcon_core.event_handler.log_command:Invoking command in '/home/kurzmann/maze_bot/programming/mbot_ws/build/mazebot_v1': PYTHONPATH=/home/kurzmann/maze_bot/programming/mbot_ws/build/mazebot_v1/prefix_override:/home/kurzmann/maze_bot/programming/mbot_ws/install/mazebot_v1/lib/python3.10/site-packages:${PYTHONPATH} /usr/bin/python3 setup.py develop --uninstall --editable --build-directory /home/kurzmann/maze_bot/programming/mbot_ws/build/mazebot_v1/build
[0.883s] DEBUG:colcon.colcon_core.event_handler.log_command:Invoking command in '/home/kurzmann/maze_bot/programming/mbot_ws/build/publisher': PYTHONPATH=/home/kurzmann/maze_bot/programming/mbot_ws/build/publisher/prefix_override:/home/kurzmann/maze_bot/programming/mbot_ws/install/publisher/lib/python3.10/site-packages:${PYTHONPATH} /usr/bin/python3 setup.py develop --uninstall --editable --build-directory /home/kurzmann/maze_bot/programming/mbot_ws/build/publisher/build
[0.894s] DEBUG:colcon.colcon_core.event_handler.log_command:Invoked command in '/home/kurzmann/maze_bot/programming/mbot_ws/build/mazebot_v1' returned '2': PYTHONPATH=/home/kurzmann/maze_bot/programming/mbot_ws/build/mazebot_v1/prefix_override:/home/kurzmann/maze_bot/programming/mbot_ws/install/mazebot_v1/lib/python3.10/site-packages:${PYTHONPATH} /usr/bin/python3 setup.py develop --uninstall --editable --build-directory /home/kurzmann/maze_bot/programming/mbot_ws/build/mazebot_v1/build
[0.905s] DEBUG:colcon.colcon_parallel_executor.executor.parallel:closing loop
[0.905s] DEBUG:colcon.colcon_parallel_executor.executor.parallel:loop closed
[0.905s] DEBUG:colcon.colcon_parallel_executor.executor.parallel:run_until_complete finished with '2'
[0.905s] DEBUG:colcon.colcon_core.event_reactor:joining thread
[0.909s] INFO:colcon.colcon_core.plugin_system:Skipping extension 'colcon_notification.desktop_notification.terminal_notifier': Not used on non-Darwin systems
[0.909s] INFO:colcon.colcon_core.plugin_system:Skipping extension 'colcon_notification.desktop_notification.win32': Not used on non-Windows systems
[0.909s] INFO:colcon.colcon_notification.desktop_notification:Sending desktop notification using 'notify2'
[0.917s] DEBUG:colcon.colcon_core.event_reactor:joined thread
[0.918s] INFO:colcon.colcon_core.shell:Creating prefix script '/home/kurzmann/maze_bot/programming/mbot_ws/install/local_setup.ps1'
[0.919s] INFO:colcon.colcon_core.shell:Creating prefix util module '/home/kurzmann/maze_bot/programming/mbot_ws/install/_local_setup_util_ps1.py'
[0.920s] INFO:colcon.colcon_core.shell:Creating prefix chain script '/home/kurzmann/maze_bot/programming/mbot_ws/install/setup.ps1'
[0.922s] INFO:colcon.colcon_core.shell:Creating prefix script '/home/kurzmann/maze_bot/programming/mbot_ws/install/local_setup.sh'
[0.922s] INFO:colcon.colcon_core.shell:Creating prefix util module '/home/kurzmann/maze_bot/programming/mbot_ws/install/_local_setup_util_sh.py'
[0.923s] INFO:colcon.colcon_core.shell:Creating prefix chain script '/home/kurzmann/maze_bot/programming/mbot_ws/install/setup.sh'
[0.924s] INFO:colcon.colcon_core.shell:Creating prefix script '/home/kurzmann/maze_bot/programming/mbot_ws/install/local_setup.bash'
[0.924s] INFO:colcon.colcon_core.shell:Creating prefix chain script '/home/kurzmann/maze_bot/programming/mbot_ws/install/setup.bash'
[0.926s] INFO:colcon.colcon_core.shell:Creating prefix script '/home/kurzmann/maze_bot/programming/mbot_ws/install/local_setup.zsh'
[0.926s] INFO:colcon.colcon_core.shell:Creating prefix chain script '/home/kurzmann/maze_bot/programming/mbot_ws/install/setup.zsh'
